[2021-01-08 10:45:28,772] [INFO] [READ>] [https://10.51.51.34:8443/axl/]
<SOAP-ENV:Envelope xmlns:SOAP-ENV="http://schemas.xmlsoap.org/soap/envelope/" xmlns:xsi="http://www.w3.org/2001/XMLSchema-instance" xmlns:xsd="http://www.w3.org/2001/XMLSchema">
	<SOAP-ENV:Body>
		<axl:executeSQLQuery xmlns:axl="http://www.cisco.com/AXL/API/10.0" sequence="1">
			<sql>SELECT c.paramvalue FROM ProcessConfig c INNER JOIN typeservice s ON s.enum=c.tkservice WHERE s.name='Cisco Extension Mobility' AND c.paramname='clearCallLogs'</sql>
		</axl:executeSQLQuery>
	</SOAP-ENV:Body>
</SOAP-ENV:Envelope>


[2021-01-08 10:45:29,001] [INFO] [>RESPONSE] [200]
<?xml version='1.0' encoding='UTF-8'?><soapenv:Envelope xmlns:soapenv="http://schemas.xmlsoap.org/soap/envelope/"><soapenv:Body><ns:executeSQLQueryResponse xmlns:ns="http://www.cisco.com/AXL/API/10.0"><return><row><paramvalue>F</paramvalue>
</row>
</return>
</ns:executeSQLQueryResponse>
</soapenv:Body>
</soapenv:Envelope>


[2021-01-08 10:45:29,609] [INFO] [READ>] [https://10.51.51.34:8443/axl/]
<SOAP-ENV:Envelope xmlns:SOAP-ENV="http://schemas.xmlsoap.org/soap/envelope/" xmlns:xsi="http://www.w3.org/2001/XMLSchema-instance" xmlns:xsd="http://www.w3.org/2001/XMLSchema">
	<SOAP-ENV:Body>
		<axl:getLdapSystem xmlns:axl="http://www.cisco.com/AXL/API/10.0" sequence="1">
			
		</axl:getLdapSystem>
	</SOAP-ENV:Body>
</SOAP-ENV:Envelope>


[2021-01-08 10:45:29,637] [INFO] [>RESPONSE] [200]
<?xml version='1.0' encoding='UTF-8'?><soapenv:Envelope xmlns:soapenv="http://schemas.xmlsoap.org/soap/envelope/"><soapenv:Body><ns:getLdapSystemResponse xmlns:ns="http://www.cisco.com/AXL/API/10.0"><return><ldapSystem><syncEnabled>true</syncEnabled>
<ldapServer>Microsoft Active Directory</ldapServer>
<userIdAttribute>mail</userIdAttribute>
</ldapSystem>
</return>
</ns:getLdapSystemResponse>
</soapenv:Body>
</soapenv:Envelope>


[2021-01-08 10:45:33,104] [INFO] [READ>] [https://10.51.51.34:8443/axl/]
<SOAP-ENV:Envelope xmlns:SOAP-ENV="http://schemas.xmlsoap.org/soap/envelope/" xmlns:xsi="http://www.w3.org/2001/XMLSchema-instance" xmlns:xsd="http://www.w3.org/2001/XMLSchema">
	<SOAP-ENV:Body>
		<axl:executeSQLQuery xmlns:axl="http://www.cisco.com/AXL/API/10.0" sequence="1">
			<sql>SELECT d.Name AS devicename FROM Device d, TypeClass tc WHERE d.tkClass = tc.Enum AND tc.Name = 'Phone'</sql>
		</axl:executeSQLQuery>
	</SOAP-ENV:Body>
</SOAP-ENV:Envelope>


[2021-01-08 10:45:33,142] [INFO] [>RESPONSE] [200]
<?xml version='1.0' encoding='UTF-8'?><soapenv:Envelope xmlns:soapenv="http://schemas.xmlsoap.org/soap/envelope/"><soapenv:Body><ns:executeSQLQueryResponse xmlns:ns="http://www.cisco.com/AXL/API/10.0"><return><row><devicename>Sample Device Template with TAG usage examples</devicename>
</row>
<row><devicename>Auto-registration Template</devicename>
</row>
<row><devicename>AQjaber</devicename>
</row>
<row><devicename>SEP006440B57729</devicename>
</row>
<row><devicename>SEP00155D12862A</devicename>
</row>
<row><devicename>SEP110000009101</devicename>
</row>
<row><devicename>SEP110000009100</devicename>
</row>
<row><devicename>SEP64A0E714F271</devicename>
</row>
<row><devicename>CSFFToth9110</devicename>
</row>
<row><devicename>SEPAC7E8AB6AF37</devicename>
</row>
<row><devicename>SEPA45630BB1748</devicename>
</row>
<row><devicename>SEPA45630401BDA</devicename>
</row>
<row><devicename>CSFFTOTH9111</devicename>
</row>
<row><devicename>SEPD4BED9682094</devicename>
</row>
<row><devicename>SEP00155D1250B2</devicename>
</row>
<row><devicename>SEP00155D121296</devicename>
</row>
<row><devicename>SEP00155D124FF8</devicename>
</row>
<row><devicename>SEP00155D124703</devicename>
</row>
<row><devicename>SEPDCCEC1155AAD</devicename>
</row>
<row><devicename>SEP0021A02BB2DD</devicename>
</row>
<row><devicename>SEPFCFBFBCA04B8</devicename>
</row>
<row><devicename>SEP00155D1268B2</devicename>
</row>
<row><devicename>SEP100000009031</devicename>
</row>
<row><devicename>SEP001EF7C345BB</devicename>
</row>
<row><devicename>SEPEC44761F83FC</devicename>
</row>
<row><devicename>SEP34BDC8C7FD96</devicename>
</row>
<row><devicename>SEP100000009098</devicename>
</row>
<row><devicename>SEP100000009100</devicename>
</row>
<row><devicename>SEP110000009300</devicename>
</row>
<row><devicename>SEP110000009102</devicename>
</row>
<row><devicename>SEP110000009301</devicename>
</row>
</return>
</ns:executeSQLQueryResponse>
</soapenv:Body>
</soapenv:Envelope>


[2021-01-08 10:46:14,398] [INFO] [READ>] [https://10.51.51.34:8443/axl/]
<SOAP-ENV:Envelope xmlns:SOAP-ENV="http://schemas.xmlsoap.org/soap/envelope/" xmlns:xsi="http://www.w3.org/2001/XMLSchema-instance" xmlns:xsd="http://www.w3.org/2001/XMLSchema">
	<SOAP-ENV:Body>
		<axl:doAuthenticateUser xmlns:axl="http://www.cisco.com/AXL/API/10.0" sequence="1">
			<userid>admin</userid><password>andphone</password>
		</axl:doAuthenticateUser>
	</SOAP-ENV:Body>
</SOAP-ENV:Envelope>


[2021-01-08 10:46:14,473] [INFO] [>RESPONSE] [200]
<?xml version='1.0' encoding='UTF-8'?><soapenv:Envelope xmlns:soapenv="http://schemas.xmlsoap.org/soap/envelope/"><soapenv:Body><ns:doAuthenticateUserResponse xmlns:ns="http://www.cisco.com/AXL/API/10.0"><return><userAuthenticated>false</userAuthenticated>
<code>1</code>
<daysToExpiry>0</daysToExpiry>
</return>
</ns:doAuthenticateUserResponse>
</soapenv:Body>
</soapenv:Envelope>


[2021-01-08 10:46:16,173] [INFO] [READ>] [https://10.51.51.34:8443/axl/]
<SOAP-ENV:Envelope xmlns:SOAP-ENV="http://schemas.xmlsoap.org/soap/envelope/" xmlns:xsi="http://www.w3.org/2001/XMLSchema-instance" xmlns:xsd="http://www.w3.org/2001/XMLSchema">
	<SOAP-ENV:Body>
		<axl:getCCMVersion xmlns:axl="http://www.cisco.com/AXL/API/10.0" sequence="1">
			
		</axl:getCCMVersion>
	</SOAP-ENV:Body>
</SOAP-ENV:Envelope>


[2021-01-08 10:46:16,187] [INFO] [>RESPONSE] [200]
<?xml version='1.0' encoding='UTF-8'?><soapenv:Envelope xmlns:soapenv="http://schemas.xmlsoap.org/soap/envelope/"><soapenv:Body><ns:getCCMVersionResponse xmlns:ns="http://www.cisco.com/AXL/API/10.0"><return><componentVersion><version>11.5.1.11900(27)</version>
</componentVersion>
</return>
</ns:getCCMVersionResponse>
</soapenv:Body>
</soapenv:Envelope>


[2021-01-08 10:46:45,863] [INFO] [READ>] [https://10.51.51.34:8443/axl/]
<SOAP-ENV:Envelope xmlns:SOAP-ENV="http://schemas.xmlsoap.org/soap/envelope/" xmlns:xsi="http://www.w3.org/2001/XMLSchema-instance" xmlns:xsd="http://www.w3.org/2001/XMLSchema">
	<SOAP-ENV:Body>
		<axl:getCCMVersion xmlns:axl="http://www.cisco.com/AXL/API/10.0" sequence="1">
			
		</axl:getCCMVersion>
	</SOAP-ENV:Body>
</SOAP-ENV:Envelope>


[2021-01-08 10:46:45,878] [INFO] [>RESPONSE] [200]
<?xml version='1.0' encoding='UTF-8'?><soapenv:Envelope xmlns:soapenv="http://schemas.xmlsoap.org/soap/envelope/"><soapenv:Body><ns:getCCMVersionResponse xmlns:ns="http://www.cisco.com/AXL/API/10.0"><return><componentVersion><version>11.5.1.11900(27)</version>
</componentVersion>
</return>
</ns:getCCMVersionResponse>
</soapenv:Body>
</soapenv:Envelope>


[2021-01-08 10:47:16,065] [INFO] [READ>] [https://10.51.51.34:8443/axl/]
<SOAP-ENV:Envelope xmlns:SOAP-ENV="http://schemas.xmlsoap.org/soap/envelope/" xmlns:xsi="http://www.w3.org/2001/XMLSchema-instance" xmlns:xsd="http://www.w3.org/2001/XMLSchema">
	<SOAP-ENV:Body>
		<axl:getCCMVersion xmlns:axl="http://www.cisco.com/AXL/API/10.0" sequence="1">
			
		</axl:getCCMVersion>
	</SOAP-ENV:Body>
</SOAP-ENV:Envelope>


[2021-01-08 10:47:16,087] [INFO] [>RESPONSE] [200]
<?xml version='1.0' encoding='UTF-8'?><soapenv:Envelope xmlns:soapenv="http://schemas.xmlsoap.org/soap/envelope/"><soapenv:Body><ns:getCCMVersionResponse xmlns:ns="http://www.cisco.com/AXL/API/10.0"><return><componentVersion><version>11.5.1.11900(27)</version>
</componentVersion>
</return>
</ns:getCCMVersionResponse>
</soapenv:Body>
</soapenv:Envelope>


[2021-01-08 10:47:46,284] [INFO] [READ>] [https://10.51.51.34:8443/axl/]
<SOAP-ENV:Envelope xmlns:SOAP-ENV="http://schemas.xmlsoap.org/soap/envelope/" xmlns:xsi="http://www.w3.org/2001/XMLSchema-instance" xmlns:xsd="http://www.w3.org/2001/XMLSchema">
	<SOAP-ENV:Body>
		<axl:getCCMVersion xmlns:axl="http://www.cisco.com/AXL/API/10.0" sequence="1">
			
		</axl:getCCMVersion>
	</SOAP-ENV:Body>
</SOAP-ENV:Envelope>


[2021-01-08 10:47:46,338] [INFO] [>RESPONSE] [200]
<?xml version='1.0' encoding='UTF-8'?><soapenv:Envelope xmlns:soapenv="http://schemas.xmlsoap.org/soap/envelope/"><soapenv:Body><ns:getCCMVersionResponse xmlns:ns="http://www.cisco.com/AXL/API/10.0"><return><componentVersion><version>11.5.1.11900(27)</version>
</componentVersion>
</return>
</ns:getCCMVersionResponse>
</soapenv:Body>
</soapenv:Envelope>


[2021-01-08 10:47:47,942] [INFO] [READ>] [https://10.51.51.34:8443/axl/]
<SOAP-ENV:Envelope xmlns:SOAP-ENV="http://schemas.xmlsoap.org/soap/envelope/" xmlns:xsi="http://www.w3.org/2001/XMLSchema-instance" xmlns:xsd="http://www.w3.org/2001/XMLSchema">
	<SOAP-ENV:Body>
		<axl:doAuthenticateUser xmlns:axl="http://www.cisco.com/AXL/API/10.0" sequence="1">
			<userid>ftoth</userid><password>12345</password>
		</axl:doAuthenticateUser>
	</SOAP-ENV:Body>
</SOAP-ENV:Envelope>


[2021-01-08 10:47:48,026] [INFO] [>RESPONSE] [200]
<?xml version='1.0' encoding='UTF-8'?><soapenv:Envelope xmlns:soapenv="http://schemas.xmlsoap.org/soap/envelope/"><soapenv:Body><ns:doAuthenticateUserResponse xmlns:ns="http://www.cisco.com/AXL/API/10.0"><return><userAuthenticated>true</userAuthenticated>
<code>0</code>
<daysToExpiry>0</daysToExpiry>
</return>
</ns:doAuthenticateUserResponse>
</soapenv:Body>
</soapenv:Envelope>


[2021-01-08 10:47:48,045] [INFO] [READ>] [https://10.51.51.34:8443/axl/]
<SOAP-ENV:Envelope xmlns:SOAP-ENV="http://schemas.xmlsoap.org/soap/envelope/" xmlns:xsi="http://www.w3.org/2001/XMLSchema-instance" xmlns:xsd="http://www.w3.org/2001/XMLSchema">
	<SOAP-ENV:Body>
		<axl:executeSQLQuery xmlns:axl="http://www.cisco.com/AXL/API/10.0" sequence="1">
			<sql>SELECT * FROM enduser WHERE (1=1) AND LOWER(userID)='ftoth'</sql>
		</axl:executeSQLQuery>
	</SOAP-ENV:Body>
</SOAP-ENV:Envelope>


[2021-01-08 10:47:48,072] [INFO] [>RESPONSE] [200]
<?xml version='1.0' encoding='UTF-8'?><soapenv:Envelope xmlns:soapenv="http://schemas.xmlsoap.org/soap/envelope/"><soapenv:Body><ns:executeSQLQueryResponse xmlns:ns="http://www.cisco.com/AXL/API/10.0"><return><row><pkid>e7cd6c35-6a65-7f77-8a3f-6dab99549a42</pkid>
<assocpc/><firstname>Ferenc</firstname>
<middlename/><lastname>Toth</lastname>
<userid>ftoth</userid>
<manager/><department/><telephonenumber/><tkuserlocale/><mailid/><status>1</status>
<facsimiletelephonenumber/><mobile/><pager/><homephone/><title/><building/><site/><fkdirectorypluginconfig/><uniqueidentifier/><nickname/><deletedtimestamp/><passwordreverse>09dd647837c454153cbbd8cf23bbba44aeb7c0e2f09e7aa0d3c60b67dc5f7ca2</passwordreverse>
<fkmatrix_presence>ad243d17-98b4-4118-8feb-5ff2e1b781ac</fkmatrix_presence>
<tkuserprofile>1</tkuserprofile>
<fkcallingsearchspace_restrict/><allowcticontrolflag>t</allowcticontrolflag>
<enablemobilevoice>f</enablemobilevoice>
<maxdeskpickupwaittime>10000</maxdeskpickupwaittime>
<enablemobility>f</enablemobility>
<remotedestinationlimit>4</remotedestinationlimit>
<ocsprimaryuseraddress/><enableemcc>f</enableemcc>
<fkucserviceprofile/><directoryuri/><islocaluser>t</islocaluser>
<fkucuserprofile/><enablecalendarpresence>f</enablecalendarpresence>
<enablecups>f</enablecups>
<primarynodeid/><keypadenteredalternateidentifier/><discoveryuseridentity/><displayname>FToth</displayname>
<enableusertohostconferencenow>f</enableusertohostconferencenow>
<conferencenowaccesscode/><userrank>1</userrank>
</row>
</return>
</ns:executeSQLQueryResponse>
</soapenv:Body>
</soapenv:Envelope>


[2021-01-08 10:47:48,145] [INFO] [READ>] [https://10.51.51.34:8443/axl/]
<SOAP-ENV:Envelope xmlns:SOAP-ENV="http://schemas.xmlsoap.org/soap/envelope/" xmlns:xsi="http://www.w3.org/2001/XMLSchema-instance" xmlns:xsd="http://www.w3.org/2001/XMLSchema">
	<SOAP-ENV:Body>
		<axl:getUser xmlns:axl="http://www.cisco.com/AXL/API/10.0" sequence="1">
			<userid>ftoth</userid>
		</axl:getUser>
	</SOAP-ENV:Body>
</SOAP-ENV:Envelope>


[2021-01-08 10:47:48,171] [INFO] [>RESPONSE] [200]
<?xml version='1.0' encoding='UTF-8'?><soapenv:Envelope xmlns:soapenv="http://schemas.xmlsoap.org/soap/envelope/"><soapenv:Body><ns:getUserResponse xmlns:ns="http://www.cisco.com/AXL/API/10.0"><return><user uuid="{E7CD6C35-6A65-7F77-8A3F-6DAB99549A42}"><firstName>Ferenc</firstName>
<middleName/><lastName>Toth</lastName>
<userid>ftoth</userid>
<password/><pin/><mailid/><department/><manager/><userLocale /><associatedDevices><device>SEP64A0E714F271</device>
<device>SEPA45630BB1748</device>
<device>SEP110000009100</device>
<device>CSFFToth9110</device>
<device>SEP006440B57729</device>
</associatedDevices>
<primaryExtension/><associatedPc/><associatedGroups/><enableCti>true</enableCti>
<digestCredentials/><phoneProfiles><profileName uuid="6d545b9f-5182-7877-8271-1bd874d11806">FTOTH_EM_9200</profileName>
</phoneProfiles>
<defaultProfile/><presenceGroupName uuid="{AD243D17-98B4-4118-8FEB-5FF2E1B781AC}">Standard Presence group</presenceGroupName>
<subscribeCallingSearchSpaceName/><enableMobility>false</enableMobility>
<enableMobileVoiceAccess>false</enableMobileVoiceAccess>
<maxDeskPickupWaitTime>10000</maxDeskPickupWaitTime>
<remoteDestinationLimit>4</remoteDestinationLimit>
<associatedRemoteDestinationProfiles/><passwordCredentials><pwdCredPolicyName>Default Credential Policy</pwdCredPolicyName>
<pwdCredUserCantChange>false</pwdCredUserCantChange>
<pwdCredUserMustChange>false</pwdCredUserMustChange>
<pwdCredDoesNotExpire>false</pwdCredDoesNotExpire>
<pwdCredTimeChanged>March 01, 2019 08:20:24 GMT</pwdCredTimeChanged>
<pwdCredTimeAdminLockout/><pwdCredLockedByAdministrator>false</pwdCredLockedByAdministrator>
</passwordCredentials>
<pinCredentials><pinCredPolicyName>Default Credential Policy</pinCredPolicyName>
<pinCredUserCantChange>false</pinCredUserCantChange>
<pinCredUserMustChange>false</pinCredUserMustChange>
<pinCredDoesNotExpire>false</pinCredDoesNotExpire>
<pinCredTimeChanged>March 01, 2019 08:20:24 GMT</pinCredTimeChanged>
<pinCredTimeAdminLockout/><pinCredLockedByAdministrator>false</pinCredLockedByAdministrator>
</pinCredentials>
<associatedTodAccess/><status>1</status>
<enableEmcc>false</enableEmcc>
<associatedCapfProfiles/><ctiControlledDeviceProfiles/><patternPrecedence /><numericUserId /><mlppPassword /><customUserFields/><homeCluster>true</homeCluster>
<imAndPresenceEnable>false</imAndPresenceEnable>
<serviceProfile uuid="{1A11B091-8D3B-530F-C1C3-A34C029FEC28}">FTOTH-Jabber</serviceProfile>
<lineAppearanceAssociationForPresences><lineAppearanceAssociationForPresence uuid="{4A480D66-9288-4208-B547-71DA1F0B40DE}"><laapAssociate>f</laapAssociate>
<laapProductType>Cisco 7965</laapProductType>
<laapDeviceName>SEP64A0E714F271</laapDeviceName>
<laapDirectory>\+36110009000</laapDirectory>
<laapPartition>FTOTH_Phones</laapPartition>
<laapDescription>9000</laapDescription>
</lineAppearanceAssociationForPresence>
<lineAppearanceAssociationForPresence uuid="{11DDBBEF-D8B8-4194-8D7D-42E9F2282F5E}"><laapAssociate>f</laapAssociate>
<laapProductType>Cisco 9971</laapProductType>
<laapDeviceName>SEPA45630BB1748</laapDeviceName>
<laapDirectory>\+36110009020</laapDirectory>
<laapPartition>FTOTH_Phones</laapPartition>
<laapDescription>9020</laapDescription>
</lineAppearanceAssociationForPresence>
<lineAppearanceAssociationForPresence uuid="{0FF1A6DB-9506-3151-9D4A-445C077FD4B4}"><laapAssociate>f</laapAssociate>
<laapProductType>Cisco IP Communicator</laapProductType>
<laapDeviceName>SEP110000009100</laapDeviceName>
<laapDirectory>\+36110009100</laapDirectory>
<laapPartition>FTOTH_Phones</laapPartition>
<laapDescription>IP Communicator 9100</laapDescription>
</lineAppearanceAssociationForPresence>
<lineAppearanceAssociationForPresence uuid="{17309577-3467-C1DB-583C-1E0F9572F6C2}"><laapAssociate>f</laapAssociate>
<laapProductType>Cisco IP Communicator</laapProductType>
<laapDeviceName>SEP110000009100</laapDeviceName>
<laapDirectory>\+36112220009100</laapDirectory>
<laapPartition>FTOTH_Phones</laapPartition>
<laapDescription>IP Communicator 9100</laapDescription>
</lineAppearanceAssociationForPresence>
<lineAppearanceAssociationForPresence uuid="{16308CAB-5E8F-F1A4-341F-65F09E9D0395}"><laapAssociate>f</laapAssociate>
<laapProductType>Third-party SIP Device (Basic)</laapProductType>
<laapDeviceName>SEP110000009101</laapDeviceName>
<laapDirectory>\+36110009101</laapDirectory>
<laapPartition>FTOTH_Phones</laapPartition>
<laapDescription>SIP 9101</laapDescription>
</lineAppearanceAssociationForPresence>
<lineAppearanceAssociationForPresence uuid="{1592DE8F-BA2B-262C-F311-353F18BB5CF8}"><laapAssociate>f</laapAssociate>
<laapProductType>Cisco Unified Client Services Framework</laapProductType>
<laapDeviceName>CSFFToth9110</laapDeviceName>
<laapDirectory>\+36110009110</laapDirectory>
<laapPartition>FTOTH_Phones</laapPartition>
<laapDescription>Jabber for ftothjab 9110/35</laapDescription>
</lineAppearanceAssociationForPresence>
<lineAppearanceAssociationForPresence uuid="{D15D56D9-A39B-4BED-8309-F46B60D75B74}"><laapAssociate>f</laapAssociate>
<laapProductType>Cisco 9971</laapProductType>
<laapDeviceName>SEP006440B57729</laapDeviceName>
<laapDirectory>\+36110009010</laapDirectory>
<laapPartition>FTOTH_Phones</laapPartition>
<laapDescription>9010</laapDescription>
</lineAppearanceAssociationForPresence>
<lineAppearanceAssociationForPresence uuid="{B2BF18A3-0480-9EBF-554C-3B5E9ADB21D5}"><laapAssociate>f</laapAssociate>
<laapProductType>Cisco IP Communicator</laapProductType>
<laapDeviceName>FTOTH_EM_9200</laapDeviceName>
<laapDirectory>\+36110009200</laapDirectory>
<laapPartition>FTOTH_Phones</laapPartition>
<laapDescription>FToth EM (Cisco Comm) for line 9200</laapDescription>
</lineAppearanceAssociationForPresence>
</lineAppearanceAssociationForPresences>
<directoryUri/><telephoneNumber/><title/><mobileNumber/><homeNumber/><pagerNumber/><extensionsInfo/><selfService /><userProfile/><calendarPresence>false</calendarPresence>
<ldapDirectoryName/><userIdentity/><nameDialing/><ipccExtension/><convertUserAccount/></user>
</return>
</ns:getUserResponse>
</soapenv:Body>
</soapenv:Envelope>


[2021-01-08 10:47:48,246] [INFO] [READ>] [https://10.51.51.34:8443/axl/]
<SOAP-ENV:Envelope xmlns:SOAP-ENV="http://schemas.xmlsoap.org/soap/envelope/" xmlns:xsi="http://www.w3.org/2001/XMLSchema-instance" xmlns:xsd="http://www.w3.org/2001/XMLSchema">
	<SOAP-ENV:Body>
		<axl:executeSQLQuery xmlns:axl="http://www.cisco.com/AXL/API/10.0" sequence="1">
			<sql>SELECT * from extensionmobilitydynamic where fkdevice_currentloginprofile = '6d545b9f-5182-7877-8271-1bd874d11806'</sql>
		</axl:executeSQLQuery>
	</SOAP-ENV:Body>
</SOAP-ENV:Envelope>


[2021-01-08 10:47:48,255] [INFO] [>RESPONSE] [200]
<?xml version='1.0' encoding='UTF-8'?><soapenv:Envelope xmlns:soapenv="http://schemas.xmlsoap.org/soap/envelope/"><soapenv:Body><ns:executeSQLQueryResponse xmlns:ns="http://www.cisco.com/AXL/API/10.0"><return/></ns:executeSQLQueryResponse>
</soapenv:Body>
</soapenv:Envelope>


[2021-01-08 10:47:48,350] [INFO] [READ>] [https://10.51.51.34:8443/axl/]
<SOAP-ENV:Envelope xmlns:SOAP-ENV="http://schemas.xmlsoap.org/soap/envelope/" xmlns:xsi="http://www.w3.org/2001/XMLSchema-instance" xmlns:xsd="http://www.w3.org/2001/XMLSchema">
	<SOAP-ENV:Body>
		<axl:getUser xmlns:axl="http://www.cisco.com/AXL/API/10.0" sequence="1">
			<userid>ftoth</userid>
		</axl:getUser>
	</SOAP-ENV:Body>
</SOAP-ENV:Envelope>


[2021-01-08 10:47:48,376] [INFO] [>RESPONSE] [200]
<?xml version='1.0' encoding='UTF-8'?><soapenv:Envelope xmlns:soapenv="http://schemas.xmlsoap.org/soap/envelope/"><soapenv:Body><ns:getUserResponse xmlns:ns="http://www.cisco.com/AXL/API/10.0"><return><user uuid="{E7CD6C35-6A65-7F77-8A3F-6DAB99549A42}"><firstName>Ferenc</firstName>
<middleName/><lastName>Toth</lastName>
<userid>ftoth</userid>
<password/><pin/><mailid/><department/><manager/><userLocale /><associatedDevices><device>SEP64A0E714F271</device>
<device>SEPA45630BB1748</device>
<device>SEP110000009100</device>
<device>CSFFToth9110</device>
<device>SEP006440B57729</device>
</associatedDevices>
<primaryExtension/><associatedPc/><associatedGroups/><enableCti>true</enableCti>
<digestCredentials/><phoneProfiles><profileName uuid="6d545b9f-5182-7877-8271-1bd874d11806">FTOTH_EM_9200</profileName>
</phoneProfiles>
<defaultProfile/><presenceGroupName uuid="{AD243D17-98B4-4118-8FEB-5FF2E1B781AC}">Standard Presence group</presenceGroupName>
<subscribeCallingSearchSpaceName/><enableMobility>false</enableMobility>
<enableMobileVoiceAccess>false</enableMobileVoiceAccess>
<maxDeskPickupWaitTime>10000</maxDeskPickupWaitTime>
<remoteDestinationLimit>4</remoteDestinationLimit>
<associatedRemoteDestinationProfiles/><passwordCredentials><pwdCredPolicyName>Default Credential Policy</pwdCredPolicyName>
<pwdCredUserCantChange>false</pwdCredUserCantChange>
<pwdCredUserMustChange>false</pwdCredUserMustChange>
<pwdCredDoesNotExpire>false</pwdCredDoesNotExpire>
<pwdCredTimeChanged>March 01, 2019 08:20:24 GMT</pwdCredTimeChanged>
<pwdCredTimeAdminLockout/><pwdCredLockedByAdministrator>false</pwdCredLockedByAdministrator>
</passwordCredentials>
<pinCredentials><pinCredPolicyName>Default Credential Policy</pinCredPolicyName>
<pinCredUserCantChange>false</pinCredUserCantChange>
<pinCredUserMustChange>false</pinCredUserMustChange>
<pinCredDoesNotExpire>false</pinCredDoesNotExpire>
<pinCredTimeChanged>March 01, 2019 08:20:24 GMT</pinCredTimeChanged>
<pinCredTimeAdminLockout/><pinCredLockedByAdministrator>false</pinCredLockedByAdministrator>
</pinCredentials>
<associatedTodAccess/><status>1</status>
<enableEmcc>false</enableEmcc>
<associatedCapfProfiles/><ctiControlledDeviceProfiles/><patternPrecedence /><numericUserId /><mlppPassword /><customUserFields/><homeCluster>true</homeCluster>
<imAndPresenceEnable>false</imAndPresenceEnable>
<serviceProfile uuid="{1A11B091-8D3B-530F-C1C3-A34C029FEC28}">FTOTH-Jabber</serviceProfile>
<lineAppearanceAssociationForPresences><lineAppearanceAssociationForPresence uuid="{4A480D66-9288-4208-B547-71DA1F0B40DE}"><laapAssociate>f</laapAssociate>
<laapProductType>Cisco 7965</laapProductType>
<laapDeviceName>SEP64A0E714F271</laapDeviceName>
<laapDirectory>\+36110009000</laapDirectory>
<laapPartition>FTOTH_Phones</laapPartition>
<laapDescription>9000</laapDescription>
</lineAppearanceAssociationForPresence>
<lineAppearanceAssociationForPresence uuid="{11DDBBEF-D8B8-4194-8D7D-42E9F2282F5E}"><laapAssociate>f</laapAssociate>
<laapProductType>Cisco 9971</laapProductType>
<laapDeviceName>SEPA45630BB1748</laapDeviceName>
<laapDirectory>\+36110009020</laapDirectory>
<laapPartition>FTOTH_Phones</laapPartition>
<laapDescription>9020</laapDescription>
</lineAppearanceAssociationForPresence>
<lineAppearanceAssociationForPresence uuid="{0FF1A6DB-9506-3151-9D4A-445C077FD4B4}"><laapAssociate>f</laapAssociate>
<laapProductType>Cisco IP Communicator</laapProductType>
<laapDeviceName>SEP110000009100</laapDeviceName>
<laapDirectory>\+36110009100</laapDirectory>
<laapPartition>FTOTH_Phones</laapPartition>
<laapDescription>IP Communicator 9100</laapDescription>
</lineAppearanceAssociationForPresence>
<lineAppearanceAssociationForPresence uuid="{17309577-3467-C1DB-583C-1E0F9572F6C2}"><laapAssociate>f</laapAssociate>
<laapProductType>Cisco IP Communicator</laapProductType>
<laapDeviceName>SEP110000009100</laapDeviceName>
<laapDirectory>\+36112220009100</laapDirectory>
<laapPartition>FTOTH_Phones</laapPartition>
<laapDescription>IP Communicator 9100</laapDescription>
</lineAppearanceAssociationForPresence>
<lineAppearanceAssociationForPresence uuid="{16308CAB-5E8F-F1A4-341F-65F09E9D0395}"><laapAssociate>f</laapAssociate>
<laapProductType>Third-party SIP Device (Basic)</laapProductType>
<laapDeviceName>SEP110000009101</laapDeviceName>
<laapDirectory>\+36110009101</laapDirectory>
<laapPartition>FTOTH_Phones</laapPartition>
<laapDescription>SIP 9101</laapDescription>
</lineAppearanceAssociationForPresence>
<lineAppearanceAssociationForPresence uuid="{1592DE8F-BA2B-262C-F311-353F18BB5CF8}"><laapAssociate>f</laapAssociate>
<laapProductType>Cisco Unified Client Services Framework</laapProductType>
<laapDeviceName>CSFFToth9110</laapDeviceName>
<laapDirectory>\+36110009110</laapDirectory>
<laapPartition>FTOTH_Phones</laapPartition>
<laapDescription>Jabber for ftothjab 9110/35</laapDescription>
</lineAppearanceAssociationForPresence>
<lineAppearanceAssociationForPresence uuid="{D15D56D9-A39B-4BED-8309-F46B60D75B74}"><laapAssociate>f</laapAssociate>
<laapProductType>Cisco 9971</laapProductType>
<laapDeviceName>SEP006440B57729</laapDeviceName>
<laapDirectory>\+36110009010</laapDirectory>
<laapPartition>FTOTH_Phones</laapPartition>
<laapDescription>9010</laapDescription>
</lineAppearanceAssociationForPresence>
<lineAppearanceAssociationForPresence uuid="{B2BF18A3-0480-9EBF-554C-3B5E9ADB21D5}"><laapAssociate>f</laapAssociate>
<laapProductType>Cisco IP Communicator</laapProductType>
<laapDeviceName>FTOTH_EM_9200</laapDeviceName>
<laapDirectory>\+36110009200</laapDirectory>
<laapPartition>FTOTH_Phones</laapPartition>
<laapDescription>FToth EM (Cisco Comm) for line 9200</laapDescription>
</lineAppearanceAssociationForPresence>
</lineAppearanceAssociationForPresences>
<directoryUri/><telephoneNumber/><title/><mobileNumber/><homeNumber/><pagerNumber/><extensionsInfo/><selfService /><userProfile/><calendarPresence>false</calendarPresence>
<ldapDirectoryName/><userIdentity/><nameDialing/><ipccExtension/><convertUserAccount/></user>
</return>
</ns:getUserResponse>
</soapenv:Body>
</soapenv:Envelope>


[2021-01-08 10:47:48,451] [INFO] [READ>] [https://10.51.51.34:8443/axl/]
<SOAP-ENV:Envelope xmlns:SOAP-ENV="http://schemas.xmlsoap.org/soap/envelope/" xmlns:xsi="http://www.w3.org/2001/XMLSchema-instance" xmlns:xsd="http://www.w3.org/2001/XMLSchema">
	<SOAP-ENV:Body>
		<axl:executeSQLQuery xmlns:axl="http://www.cisco.com/AXL/API/10.0" sequence="1">
			<sql>SELECT * from extensionmobilitydynamic where fkdevice_currentloginprofile = '6d545b9f-5182-7877-8271-1bd874d11806'</sql>
		</axl:executeSQLQuery>
	</SOAP-ENV:Body>
</SOAP-ENV:Envelope>


[2021-01-08 10:47:48,459] [INFO] [>RESPONSE] [200]
<?xml version='1.0' encoding='UTF-8'?><soapenv:Envelope xmlns:soapenv="http://schemas.xmlsoap.org/soap/envelope/"><soapenv:Body><ns:executeSQLQueryResponse xmlns:ns="http://www.cisco.com/AXL/API/10.0"><return/></ns:executeSQLQueryResponse>
</soapenv:Body>
</soapenv:Envelope>


[2021-01-08 10:47:48,552] [INFO] [READ>] [https://10.51.51.34:8443/axl/]
<SOAP-ENV:Envelope xmlns:SOAP-ENV="http://schemas.xmlsoap.org/soap/envelope/" xmlns:xsi="http://www.w3.org/2001/XMLSchema-instance" xmlns:xsd="http://www.w3.org/2001/XMLSchema">
	<SOAP-ENV:Body>
		<axl:getUser xmlns:axl="http://www.cisco.com/AXL/API/10.0" sequence="1">
			<userid>ftoth</userid>
		</axl:getUser>
	</SOAP-ENV:Body>
</SOAP-ENV:Envelope>


[2021-01-08 10:47:48,576] [INFO] [>RESPONSE] [200]
<?xml version='1.0' encoding='UTF-8'?><soapenv:Envelope xmlns:soapenv="http://schemas.xmlsoap.org/soap/envelope/"><soapenv:Body><ns:getUserResponse xmlns:ns="http://www.cisco.com/AXL/API/10.0"><return><user uuid="{E7CD6C35-6A65-7F77-8A3F-6DAB99549A42}"><firstName>Ferenc</firstName>
<middleName/><lastName>Toth</lastName>
<userid>ftoth</userid>
<password/><pin/><mailid/><department/><manager/><userLocale /><associatedDevices><device>SEP64A0E714F271</device>
<device>SEPA45630BB1748</device>
<device>SEP110000009100</device>
<device>CSFFToth9110</device>
<device>SEP006440B57729</device>
</associatedDevices>
<primaryExtension/><associatedPc/><associatedGroups/><enableCti>true</enableCti>
<digestCredentials/><phoneProfiles><profileName uuid="6d545b9f-5182-7877-8271-1bd874d11806">FTOTH_EM_9200</profileName>
</phoneProfiles>
<defaultProfile/><presenceGroupName uuid="{AD243D17-98B4-4118-8FEB-5FF2E1B781AC}">Standard Presence group</presenceGroupName>
<subscribeCallingSearchSpaceName/><enableMobility>false</enableMobility>
<enableMobileVoiceAccess>false</enableMobileVoiceAccess>
<maxDeskPickupWaitTime>10000</maxDeskPickupWaitTime>
<remoteDestinationLimit>4</remoteDestinationLimit>
<associatedRemoteDestinationProfiles/><passwordCredentials><pwdCredPolicyName>Default Credential Policy</pwdCredPolicyName>
<pwdCredUserCantChange>false</pwdCredUserCantChange>
<pwdCredUserMustChange>false</pwdCredUserMustChange>
<pwdCredDoesNotExpire>false</pwdCredDoesNotExpire>
<pwdCredTimeChanged>March 01, 2019 08:20:24 GMT</pwdCredTimeChanged>
<pwdCredTimeAdminLockout/><pwdCredLockedByAdministrator>false</pwdCredLockedByAdministrator>
</passwordCredentials>
<pinCredentials><pinCredPolicyName>Default Credential Policy</pinCredPolicyName>
<pinCredUserCantChange>false</pinCredUserCantChange>
<pinCredUserMustChange>false</pinCredUserMustChange>
<pinCredDoesNotExpire>false</pinCredDoesNotExpire>
<pinCredTimeChanged>March 01, 2019 08:20:24 GMT</pinCredTimeChanged>
<pinCredTimeAdminLockout/><pinCredLockedByAdministrator>false</pinCredLockedByAdministrator>
</pinCredentials>
<associatedTodAccess/><status>1</status>
<enableEmcc>false</enableEmcc>
<associatedCapfProfiles/><ctiControlledDeviceProfiles/><patternPrecedence /><numericUserId /><mlppPassword /><customUserFields/><homeCluster>true</homeCluster>
<imAndPresenceEnable>false</imAndPresenceEnable>
<serviceProfile uuid="{1A11B091-8D3B-530F-C1C3-A34C029FEC28}">FTOTH-Jabber</serviceProfile>
<lineAppearanceAssociationForPresences><lineAppearanceAssociationForPresence uuid="{4A480D66-9288-4208-B547-71DA1F0B40DE}"><laapAssociate>f</laapAssociate>
<laapProductType>Cisco 7965</laapProductType>
<laapDeviceName>SEP64A0E714F271</laapDeviceName>
<laapDirectory>\+36110009000</laapDirectory>
<laapPartition>FTOTH_Phones</laapPartition>
<laapDescription>9000</laapDescription>
</lineAppearanceAssociationForPresence>
<lineAppearanceAssociationForPresence uuid="{11DDBBEF-D8B8-4194-8D7D-42E9F2282F5E}"><laapAssociate>f</laapAssociate>
<laapProductType>Cisco 9971</laapProductType>
<laapDeviceName>SEPA45630BB1748</laapDeviceName>
<laapDirectory>\+36110009020</laapDirectory>
<laapPartition>FTOTH_Phones</laapPartition>
<laapDescription>9020</laapDescription>
</lineAppearanceAssociationForPresence>
<lineAppearanceAssociationForPresence uuid="{0FF1A6DB-9506-3151-9D4A-445C077FD4B4}"><laapAssociate>f</laapAssociate>
<laapProductType>Cisco IP Communicator</laapProductType>
<laapDeviceName>SEP110000009100</laapDeviceName>
<laapDirectory>\+36110009100</laapDirectory>
<laapPartition>FTOTH_Phones</laapPartition>
<laapDescription>IP Communicator 9100</laapDescription>
</lineAppearanceAssociationForPresence>
<lineAppearanceAssociationForPresence uuid="{17309577-3467-C1DB-583C-1E0F9572F6C2}"><laapAssociate>f</laapAssociate>
<laapProductType>Cisco IP Communicator</laapProductType>
<laapDeviceName>SEP110000009100</laapDeviceName>
<laapDirectory>\+36112220009100</laapDirectory>
<laapPartition>FTOTH_Phones</laapPartition>
<laapDescription>IP Communicator 9100</laapDescription>
</lineAppearanceAssociationForPresence>
<lineAppearanceAssociationForPresence uuid="{16308CAB-5E8F-F1A4-341F-65F09E9D0395}"><laapAssociate>f</laapAssociate>
<laapProductType>Third-party SIP Device (Basic)</laapProductType>
<laapDeviceName>SEP110000009101</laapDeviceName>
<laapDirectory>\+36110009101</laapDirectory>
<laapPartition>FTOTH_Phones</laapPartition>
<laapDescription>SIP 9101</laapDescription>
</lineAppearanceAssociationForPresence>
<lineAppearanceAssociationForPresence uuid="{1592DE8F-BA2B-262C-F311-353F18BB5CF8}"><laapAssociate>f</laapAssociate>
<laapProductType>Cisco Unified Client Services Framework</laapProductType>
<laapDeviceName>CSFFToth9110</laapDeviceName>
<laapDirectory>\+36110009110</laapDirectory>
<laapPartition>FTOTH_Phones</laapPartition>
<laapDescription>Jabber for ftothjab 9110/35</laapDescription>
</lineAppearanceAssociationForPresence>
<lineAppearanceAssociationForPresence uuid="{D15D56D9-A39B-4BED-8309-F46B60D75B74}"><laapAssociate>f</laapAssociate>
<laapProductType>Cisco 9971</laapProductType>
<laapDeviceName>SEP006440B57729</laapDeviceName>
<laapDirectory>\+36110009010</laapDirectory>
<laapPartition>FTOTH_Phones</laapPartition>
<laapDescription>9010</laapDescription>
</lineAppearanceAssociationForPresence>
<lineAppearanceAssociationForPresence uuid="{B2BF18A3-0480-9EBF-554C-3B5E9ADB21D5}"><laapAssociate>f</laapAssociate>
<laapProductType>Cisco IP Communicator</laapProductType>
<laapDeviceName>FTOTH_EM_9200</laapDeviceName>
<laapDirectory>\+36110009200</laapDirectory>
<laapPartition>FTOTH_Phones</laapPartition>
<laapDescription>FToth EM (Cisco Comm) for line 9200</laapDescription>
</lineAppearanceAssociationForPresence>
</lineAppearanceAssociationForPresences>
<directoryUri/><telephoneNumber/><title/><mobileNumber/><homeNumber/><pagerNumber/><extensionsInfo/><selfService /><userProfile/><calendarPresence>false</calendarPresence>
<ldapDirectoryName/><userIdentity/><nameDialing/><ipccExtension/><convertUserAccount/></user>
</return>
</ns:getUserResponse>
</soapenv:Body>
</soapenv:Envelope>


[2021-01-08 10:47:48,651] [INFO] [READ>] [https://10.51.51.34:8443/axl/]
<SOAP-ENV:Envelope xmlns:SOAP-ENV="http://schemas.xmlsoap.org/soap/envelope/" xmlns:xsi="http://www.w3.org/2001/XMLSchema-instance" xmlns:xsd="http://www.w3.org/2001/XMLSchema">
	<SOAP-ENV:Body>
		<axl:executeSQLQuery xmlns:axl="http://www.cisco.com/AXL/API/10.0" sequence="1">
			<sql>SELECT * from extensionmobilitydynamic where fkdevice_currentloginprofile = '6d545b9f-5182-7877-8271-1bd874d11806'</sql>
		</axl:executeSQLQuery>
	</SOAP-ENV:Body>
</SOAP-ENV:Envelope>


[2021-01-08 10:47:48,659] [INFO] [>RESPONSE] [200]
<?xml version='1.0' encoding='UTF-8'?><soapenv:Envelope xmlns:soapenv="http://schemas.xmlsoap.org/soap/envelope/"><soapenv:Body><ns:executeSQLQueryResponse xmlns:ns="http://www.cisco.com/AXL/API/10.0"><return/></ns:executeSQLQueryResponse>
</soapenv:Body>
</soapenv:Envelope>


[2021-01-08 10:47:48,752] [INFO] [READ>] [https://10.51.51.34:8443/axl/]
<SOAP-ENV:Envelope xmlns:SOAP-ENV="http://schemas.xmlsoap.org/soap/envelope/" xmlns:xsi="http://www.w3.org/2001/XMLSchema-instance" xmlns:xsd="http://www.w3.org/2001/XMLSchema">
	<SOAP-ENV:Body>
		<axl:getUser xmlns:axl="http://www.cisco.com/AXL/API/10.0" sequence="1">
			<userid>ftoth</userid>
		</axl:getUser>
	</SOAP-ENV:Body>
</SOAP-ENV:Envelope>


[2021-01-08 10:47:48,777] [INFO] [>RESPONSE] [200]
<?xml version='1.0' encoding='UTF-8'?><soapenv:Envelope xmlns:soapenv="http://schemas.xmlsoap.org/soap/envelope/"><soapenv:Body><ns:getUserResponse xmlns:ns="http://www.cisco.com/AXL/API/10.0"><return><user uuid="{E7CD6C35-6A65-7F77-8A3F-6DAB99549A42}"><firstName>Ferenc</firstName>
<middleName/><lastName>Toth</lastName>
<userid>ftoth</userid>
<password/><pin/><mailid/><department/><manager/><userLocale /><associatedDevices><device>SEP64A0E714F271</device>
<device>SEPA45630BB1748</device>
<device>SEP110000009100</device>
<device>CSFFToth9110</device>
<device>SEP006440B57729</device>
</associatedDevices>
<primaryExtension/><associatedPc/><associatedGroups/><enableCti>true</enableCti>
<digestCredentials/><phoneProfiles><profileName uuid="6d545b9f-5182-7877-8271-1bd874d11806">FTOTH_EM_9200</profileName>
</phoneProfiles>
<defaultProfile/><presenceGroupName uuid="{AD243D17-98B4-4118-8FEB-5FF2E1B781AC}">Standard Presence group</presenceGroupName>
<subscribeCallingSearchSpaceName/><enableMobility>false</enableMobility>
<enableMobileVoiceAccess>false</enableMobileVoiceAccess>
<maxDeskPickupWaitTime>10000</maxDeskPickupWaitTime>
<remoteDestinationLimit>4</remoteDestinationLimit>
<associatedRemoteDestinationProfiles/><passwordCredentials><pwdCredPolicyName>Default Credential Policy</pwdCredPolicyName>
<pwdCredUserCantChange>false</pwdCredUserCantChange>
<pwdCredUserMustChange>false</pwdCredUserMustChange>
<pwdCredDoesNotExpire>false</pwdCredDoesNotExpire>
<pwdCredTimeChanged>March 01, 2019 08:20:24 GMT</pwdCredTimeChanged>
<pwdCredTimeAdminLockout/><pwdCredLockedByAdministrator>false</pwdCredLockedByAdministrator>
</passwordCredentials>
<pinCredentials><pinCredPolicyName>Default Credential Policy</pinCredPolicyName>
<pinCredUserCantChange>false</pinCredUserCantChange>
<pinCredUserMustChange>false</pinCredUserMustChange>
<pinCredDoesNotExpire>false</pinCredDoesNotExpire>
<pinCredTimeChanged>March 01, 2019 08:20:24 GMT</pinCredTimeChanged>
<pinCredTimeAdminLockout/><pinCredLockedByAdministrator>false</pinCredLockedByAdministrator>
</pinCredentials>
<associatedTodAccess/><status>1</status>
<enableEmcc>false</enableEmcc>
<associatedCapfProfiles/><ctiControlledDeviceProfiles/><patternPrecedence /><numericUserId /><mlppPassword /><customUserFields/><homeCluster>true</homeCluster>
<imAndPresenceEnable>false</imAndPresenceEnable>
<serviceProfile uuid="{1A11B091-8D3B-530F-C1C3-A34C029FEC28}">FTOTH-Jabber</serviceProfile>
<lineAppearanceAssociationForPresences><lineAppearanceAssociationForPresence uuid="{4A480D66-9288-4208-B547-71DA1F0B40DE}"><laapAssociate>f</laapAssociate>
<laapProductType>Cisco 7965</laapProductType>
<laapDeviceName>SEP64A0E714F271</laapDeviceName>
<laapDirectory>\+36110009000</laapDirectory>
<laapPartition>FTOTH_Phones</laapPartition>
<laapDescription>9000</laapDescription>
</lineAppearanceAssociationForPresence>
<lineAppearanceAssociationForPresence uuid="{11DDBBEF-D8B8-4194-8D7D-42E9F2282F5E}"><laapAssociate>f</laapAssociate>
<laapProductType>Cisco 9971</laapProductType>
<laapDeviceName>SEPA45630BB1748</laapDeviceName>
<laapDirectory>\+36110009020</laapDirectory>
<laapPartition>FTOTH_Phones</laapPartition>
<laapDescription>9020</laapDescription>
</lineAppearanceAssociationForPresence>
<lineAppearanceAssociationForPresence uuid="{0FF1A6DB-9506-3151-9D4A-445C077FD4B4}"><laapAssociate>f</laapAssociate>
<laapProductType>Cisco IP Communicator</laapProductType>
<laapDeviceName>SEP110000009100</laapDeviceName>
<laapDirectory>\+36110009100</laapDirectory>
<laapPartition>FTOTH_Phones</laapPartition>
<laapDescription>IP Communicator 9100</laapDescription>
</lineAppearanceAssociationForPresence>
<lineAppearanceAssociationForPresence uuid="{17309577-3467-C1DB-583C-1E0F9572F6C2}"><laapAssociate>f</laapAssociate>
<laapProductType>Cisco IP Communicator</laapProductType>
<laapDeviceName>SEP110000009100</laapDeviceName>
<laapDirectory>\+36112220009100</laapDirectory>
<laapPartition>FTOTH_Phones</laapPartition>
<laapDescription>IP Communicator 9100</laapDescription>
</lineAppearanceAssociationForPresence>
<lineAppearanceAssociationForPresence uuid="{16308CAB-5E8F-F1A4-341F-65F09E9D0395}"><laapAssociate>f</laapAssociate>
<laapProductType>Third-party SIP Device (Basic)</laapProductType>
<laapDeviceName>SEP110000009101</laapDeviceName>
<laapDirectory>\+36110009101</laapDirectory>
<laapPartition>FTOTH_Phones</laapPartition>
<laapDescription>SIP 9101</laapDescription>
</lineAppearanceAssociationForPresence>
<lineAppearanceAssociationForPresence uuid="{1592DE8F-BA2B-262C-F311-353F18BB5CF8}"><laapAssociate>f</laapAssociate>
<laapProductType>Cisco Unified Client Services Framework</laapProductType>
<laapDeviceName>CSFFToth9110</laapDeviceName>
<laapDirectory>\+36110009110</laapDirectory>
<laapPartition>FTOTH_Phones</laapPartition>
<laapDescription>Jabber for ftothjab 9110/35</laapDescription>
</lineAppearanceAssociationForPresence>
<lineAppearanceAssociationForPresence uuid="{D15D56D9-A39B-4BED-8309-F46B60D75B74}"><laapAssociate>f</laapAssociate>
<laapProductType>Cisco 9971</laapProductType>
<laapDeviceName>SEP006440B57729</laapDeviceName>
<laapDirectory>\+36110009010</laapDirectory>
<laapPartition>FTOTH_Phones</laapPartition>
<laapDescription>9010</laapDescription>
</lineAppearanceAssociationForPresence>
<lineAppearanceAssociationForPresence uuid="{B2BF18A3-0480-9EBF-554C-3B5E9ADB21D5}"><laapAssociate>f</laapAssociate>
<laapProductType>Cisco IP Communicator</laapProductType>
<laapDeviceName>FTOTH_EM_9200</laapDeviceName>
<laapDirectory>\+36110009200</laapDirectory>
<laapPartition>FTOTH_Phones</laapPartition>
<laapDescription>FToth EM (Cisco Comm) for line 9200</laapDescription>
</lineAppearanceAssociationForPresence>
</lineAppearanceAssociationForPresences>
<directoryUri/><telephoneNumber/><title/><mobileNumber/><homeNumber/><pagerNumber/><extensionsInfo/><selfService /><userProfile/><calendarPresence>false</calendarPresence>
<ldapDirectoryName/><userIdentity/><nameDialing/><ipccExtension/><convertUserAccount/></user>
</return>
</ns:getUserResponse>
</soapenv:Body>
</soapenv:Envelope>


[2021-01-08 10:47:48,852] [INFO] [READ>] [https://10.51.51.34:8443/axl/]
<SOAP-ENV:Envelope xmlns:SOAP-ENV="http://schemas.xmlsoap.org/soap/envelope/" xmlns:xsi="http://www.w3.org/2001/XMLSchema-instance" xmlns:xsd="http://www.w3.org/2001/XMLSchema">
	<SOAP-ENV:Body>
		<axl:getPhone xmlns:axl="http://www.cisco.com/AXL/API/10.0" sequence="1">
			<name>SEPA45630BB1748</name>
		</axl:getPhone>
	</SOAP-ENV:Body>
</SOAP-ENV:Envelope>


[2021-01-08 10:47:48,902] [INFO] [>RESPONSE] [200]
<?xml version='1.0' encoding='UTF-8'?><soapenv:Envelope xmlns:soapenv="http://schemas.xmlsoap.org/soap/envelope/"><soapenv:Body><ns:getPhoneResponse xmlns:ns="http://www.cisco.com/AXL/API/10.0"><return><phone ctiid="18" uuid="{F6B78649-C8D2-4948-8D4D-36C13BE76F47}"><name>SEPA45630BB1748</name>
<description>9020</description>
<product>Cisco 9971</product>
<model>Cisco 9971</model>
<class>Phone</class>
<protocol>SIP</protocol>
<protocolSide>User</protocolSide>
<callingSearchSpaceName/><devicePoolName uuid="{1B1B9EB6-7803-11D3-BDF0-00108302EAD1}">Default</devicePoolName>
<commonDeviceConfigName/><commonPhoneConfigName uuid="{AC243D17-98B4-4118-8FEB-5FF2E1B781AC}">Standard Common Phone Profile</commonPhoneConfigName>
<networkLocation>Use System Default</networkLocation>
<locationName uuid="{29C5C1C4-8871-4D1E-8394-0B9181E8C54D}">Hub_None</locationName>
<mediaResourceListName/><networkHoldMohAudioSourceId /><userHoldMohAudioSourceId /><automatedAlternateRoutingCssName/><aarNeighborhoodName/><loadInformation special="false">sip9971.9-4-2SR2-2</loadInformation>
<vendorConfig><disableSpeaker>false</disableSpeaker>
<disableSpeakerAndHeadset>false</disableSpeakerAndHeadset>
<pcPort>0</pcPort>
<garp>1</garp>
<voiceVlanAccess>0</voiceVlanAccess>
<webAccess>0</webAccess>
<allCallsOnPrimary>0</allCallsOnPrimary>
<spanToPCPort>1</spanToPCPort>
<loggingDisplay>0</loggingDisplay>
<recordingTone>0</recordingTone>
<recordingToneLocalVolume>100</recordingToneLocalVolume>
<recordingToneRemoteVolume>50</recordingToneRemoteVolume>
<g722CodecSupport>0</g722CodecSupport>
<headsetWidebandUIControl>0</headsetWidebandUIControl>
<headsetWidebandEnable>0</headsetWidebandEnable>
<powerPriority>0</powerPriority>
<restrictDataRates>0</restrictDataRates>
<showRemotePrivacyCalls>0</showRemotePrivacyCalls>
<logCallForRemotePrivateCalls>1</logCallForRemotePrivateCalls>
</vendorConfig>
<versionStamp>{1597406313-A27808B5-3A49-4627-ABD2-BF388CA6F16A}</versionStamp>
<traceFlag>false</traceFlag>
<mlppDomainId /><mlppIndicationStatus>Default</mlppIndicationStatus>
<preemption>Default</preemption>
<useTrustedRelayPoint>Default</useTrustedRelayPoint>
<retryVideoCallAsAudio>true</retryVideoCallAsAudio>
<securityProfileName uuid="{1CD2CB25-C9F6-4786-A38F-1CF02DE290EE}">Universal Device Template - Model-independent Security Profile</securityProfileName>
<sipProfileName uuid="{FCBC7581-4D8D-48F3-917E-00B09FB39213}">Standard SIP Profile</sipProfileName>
<cgpnTransformationCssName/><useDevicePoolCgpnTransformCss>true</useDevicePoolCgpnTransformCss>
<geoLocationName/><geoLocationFilterName/><sendGeoLocation>false</sendGeoLocation>
<lines><line uuid="{11DDBBEF-D8B8-4194-8D7D-42E9F2282F5E}"><index>1</index>
<label/><display/><dirn uuid="{40D16E4D-5A9A-DFBC-B1B9-B3EEED778E5F}"><pattern>\+36110009020</pattern>
<routePartitionName uuid="{ACDF7B40-B405-D6EF-DD65-6E8B11EC835C}">FTOTH_Phones</routePartitionName>
</dirn>
<ringSetting>Ring</ringSetting>
<consecutiveRingSetting>Use System Default</consecutiveRingSetting>
<ringSettingIdlePickupAlert>Use System Default</ringSettingIdlePickupAlert>
<ringSettingActivePickupAlert>Use System Default</ringSettingActivePickupAlert>
<displayAscii/><e164Mask/><dialPlanWizardId /><mwlPolicy>Use System Policy</mwlPolicy>
<maxNumCalls>4</maxNumCalls>
<busyTrigger>2</busyTrigger>
<callInfoDisplay><callerName>true</callerName>
<callerNumber>false</callerNumber>
<redirectedNumber>false</redirectedNumber>
<dialedNumber>true</dialedNumber>
</callInfoDisplay>
<recordingProfileName uuid="6417f156-2283-94e4-3863-050842cc7c71">FTOTH2_REC_PROF</recordingProfileName>
<monitoringCssName/><recordingFlag>Automatic Call Recording Enabled</recordingFlag>
<audibleMwi>Default</audibleMwi>
<speedDial /><partitionUsage>General</partitionUsage>
<associatedEndusers/><missedCallLogging>true</missedCallLogging>
<recordingMediaSource>Gateway Preferred</recordingMediaSource>
</line>
</lines>
<numberOfButtons>114</numberOfButtons>
<phoneTemplateName uuid="{B18A11B6-B86C-4E7A-9EAE-FDD020B5301D}">SEPA45630BB1748-SIP-Individual Template</phoneTemplateName>
<speeddials/><busyLampFields/><primaryPhoneName/><ringSettingIdleBlfAudibleAlert>Default</ringSettingIdleBlfAudibleAlert>
<ringSettingBusyBlfAudibleAlert>Default</ringSettingBusyBlfAudibleAlert>
<blfDirectedCallParks/><addOnModules/><userLocale /><networkLocale /><idleTimeout>1</idleTimeout>
<authenticationUrl/><directoryUrl/><idleUrl/><informationUrl/><messagesUrl/><proxyServerUrl/><servicesUrl/><services><service><telecasterServiceName uuid="{77445ED3-D5FD-576A-7FCD-F92A2F7DF5A4}">FTOTH2_RecStartStop</telecasterServiceName>
<name>FTOTH2_RecStartStop</name>
<url>http://10.51.51.122:8080/andphone/Recorder?page=ondemand&amp;dev=#DEVICENAME#</url>
<urlButtonIndex>1</urlButtonIndex>
<urlLabel>Rec</urlLabel>
<serviceNameAscii/><phoneService>Standard IP Phone Service</phoneService>
<phoneServiceCategory>XML Service</phoneServiceCategory>
<vendor/><version/><priority>50</priority>
</service>
</services>
<softkeyTemplateName/><loginUserId /><defaultProfileName/><enableExtensionMobility>false</enableExtensionMobility>
<currentProfileName/><loginTime /><loginDuration /><currentConfig><userHoldMohAudioSourceId /><phoneTemplateName uuid="{B18A11B6-B86C-4E7A-9EAE-FDD020B5301D}">SEPA45630BB1748-SIP-Individual Template</phoneTemplateName>
<mlppDomainId /><mlppIndicationStatus>Default</mlppIndicationStatus>
<preemption>Default</preemption>
<softkeyTemplateName/><ignorePresentationIndicators>false</ignorePresentationIndicators>
<singleButtonBarge>Off</singleButtonBarge>
<joinAcrossLines>Off</joinAcrossLines>
<callInfoPrivacyStatus>Default</callInfoPrivacyStatus>
<dndStatus /><dndRingSetting /><dndOption>Use Common Phone Profile Setting</dndOption>
<alwaysUsePrimeLine>Default</alwaysUsePrimeLine>
<alwaysUsePrimeLineForVoiceMessage>Default</alwaysUsePrimeLineForVoiceMessage>
<emccCallingSearchSpaceName xsi:nil="true" uuid="" xmlns:xsi="http://www.w3.org/2001/XMLSchema-instance"/><deviceName/><model/><product/><deviceProtocol/><class/><addressMode/><allowAutoConfig/><remoteSrstOption/><remoteSrstIp/><remoteSrstPort/><remoteSipSrstIp/><remoteSipSrstPort/><geolocationInfo/><remoteLocationName/></currentConfig>
<singleButtonBarge>Off</singleButtonBarge>
<joinAcrossLines>Off</joinAcrossLines>
<builtInBridgeStatus>On</builtInBridgeStatus>
<callInfoPrivacyStatus>Default</callInfoPrivacyStatus>
<hlogStatus>On</hlogStatus>
<ownerUserName uuid="e7cd6c35-6a65-7f77-8a3f-6dab99549a42">ftoth</ownerUserName>
<ignorePresentationIndicators>false</ignorePresentationIndicators>
<packetCaptureMode>None</packetCaptureMode>
<packetCaptureDuration>0</packetCaptureDuration>
<subscribeCallingSearchSpaceName/><rerouteCallingSearchSpaceName/><allowCtiControlFlag>true</allowCtiControlFlag>
<presenceGroupName uuid="{AD243D17-98B4-4118-8FEB-5FF2E1B781AC}">Standard Presence group</presenceGroupName>
<unattendedPort>false</unattendedPort>
<requireDtmfReception>false</requireDtmfReception>
<rfc2833Disabled>false</rfc2833Disabled>
<certificateOperation>No Pending Operation</certificateOperation>
<certificateStatus>None</certificateStatus>
<upgradeFinishTime /><deviceMobilityMode>Default</deviceMobilityMode>
<remoteDevice>false</remoteDevice>
<dndOption>Use Common Phone Profile Setting</dndOption>
<dndRingSetting /><dndStatus>false</dndStatus>
<isActive>true</isActive>
<isDualMode>false</isDualMode>
<mobilityUserIdName/><phoneSuite>Default</phoneSuite>
<phoneServiceDisplay>Default</phoneServiceDisplay>
<isProtected>false</isProtected>
<mtpRequired>false</mtpRequired>
<mtpPreferedCodec>711ulaw</mtpPreferedCodec>
<dialRulesName/><sshUserId>admin</sshUserId>
<digestUser/><outboundCallRollover>No Rollover</outboundCallRollover>
<hotlineDevice>false</hotlineDevice>
<secureInformationUrl/><secureDirectoryUrl/><secureMessageUrl/><secureServicesUrl/><secureAuthenticationUrl/><secureIdleUrl/><alwaysUsePrimeLine>Default</alwaysUsePrimeLine>
<alwaysUsePrimeLineForVoiceMessage>Default</alwaysUsePrimeLineForVoiceMessage>
<featureControlPolicy/><deviceTrustMode>Not Trusted</deviceTrustMode>
<confidentialAccess><confidentialAccessMode /><confidentialAccessLevel>-1</confidentialAccessLevel>
</confidentialAccess>
<requireOffPremiseLocation>false</requireOffPremiseLocation>
<cgpnIngressDN/><useDevicePoolCgpnIngressDN>true</useDevicePoolCgpnIngressDN>
<msisdn /><enableCallRoutingToRdWhenNoneIsActive>false</enableCallRoutingToRdWhenNoneIsActive>
<wifiHotspotProfile/><wirelessLanProfileGroup/></phone>
</return>
</ns:getPhoneResponse>
</soapenv:Body>
</soapenv:Envelope>


[2021-01-08 10:47:48,960] [INFO] [READ>] [https://10.51.51.34:8443/axl/]
<SOAP-ENV:Envelope xmlns:SOAP-ENV="http://schemas.xmlsoap.org/soap/envelope/" xmlns:xsi="http://www.w3.org/2001/XMLSchema-instance" xmlns:xsd="http://www.w3.org/2001/XMLSchema">
	<SOAP-ENV:Body>
		<axl:executeSQLQuery xmlns:axl="http://www.cisco.com/AXL/API/10.0" sequence="1">
			<sql>SELECT * from extensionmobilitydynamic where fkdevice_currentloginprofile = '6d545b9f-5182-7877-8271-1bd874d11806'</sql>
		</axl:executeSQLQuery>
	</SOAP-ENV:Body>
</SOAP-ENV:Envelope>


[2021-01-08 10:47:48,979] [INFO] [>RESPONSE] [200]
<?xml version='1.0' encoding='UTF-8'?><soapenv:Envelope xmlns:soapenv="http://schemas.xmlsoap.org/soap/envelope/"><soapenv:Body><ns:executeSQLQueryResponse xmlns:ns="http://www.cisco.com/AXL/API/10.0"><return/></ns:executeSQLQueryResponse>
</soapenv:Body>
</soapenv:Envelope>


[2021-01-08 10:47:49,062] [INFO] [READ>] [https://10.51.51.34:8443/axl/]
<SOAP-ENV:Envelope xmlns:SOAP-ENV="http://schemas.xmlsoap.org/soap/envelope/" xmlns:xsi="http://www.w3.org/2001/XMLSchema-instance" xmlns:xsd="http://www.w3.org/2001/XMLSchema">
	<SOAP-ENV:Body>
		<axl:getLine xmlns:axl="http://www.cisco.com/AXL/API/10.0" sequence="1">
			<uuid>{40D16E4D-5A9A-DFBC-B1B9-B3EEED778E5F}</uuid>
		</axl:getLine>
	</SOAP-ENV:Body>
</SOAP-ENV:Envelope>


[2021-01-08 10:47:49,097] [INFO] [>RESPONSE] [200]
<?xml version='1.0' encoding='UTF-8'?><soapenv:Envelope xmlns:soapenv="http://schemas.xmlsoap.org/soap/envelope/"><soapenv:Body><ns:getLineResponse xmlns:ns="http://www.cisco.com/AXL/API/10.0"><return><line uuid="{40D16E4D-5A9A-DFBC-B1B9-B3EEED778E5F}"><pattern>\+36110009020</pattern>
<description/><usage>Device</usage>
<routePartitionName uuid="{ACDF7B40-B405-D6EF-DD65-6E8B11EC835C}">FTOTH_Phones</routePartitionName>
<aarNeighborhoodName/><aarDestinationMask/><aarKeepCallHistory>true</aarKeepCallHistory>
<aarVoiceMailEnabled>false</aarVoiceMailEnabled>
<callForwardAll><forwardToVoiceMail>false</forwardToVoiceMail>
<callingSearchSpaceName xsi:nil="true" uuid="" xmlns:xsi="http://www.w3.org/2001/XMLSchema-instance"/><secondaryCallingSearchSpaceName xsi:nil="true" uuid="" xmlns:xsi="http://www.w3.org/2001/XMLSchema-instance"/><destination/></callForwardAll>
<callForwardBusy><forwardToVoiceMail>false</forwardToVoiceMail>
<callingSearchSpaceName xsi:nil="true" uuid="" xmlns:xsi="http://www.w3.org/2001/XMLSchema-instance"/><destination/></callForwardBusy>
<callForwardBusyInt><forwardToVoiceMail>false</forwardToVoiceMail>
<callingSearchSpaceName xsi:nil="true" uuid="" xmlns:xsi="http://www.w3.org/2001/XMLSchema-instance"/><destination/></callForwardBusyInt>
<callForwardNoAnswer><forwardToVoiceMail>false</forwardToVoiceMail>
<callingSearchSpaceName xsi:nil="true" uuid="" xmlns:xsi="http://www.w3.org/2001/XMLSchema-instance"/><destination/><duration /></callForwardNoAnswer>
<callForwardNoAnswerInt><forwardToVoiceMail>false</forwardToVoiceMail>
<callingSearchSpaceName xsi:nil="true" uuid="" xmlns:xsi="http://www.w3.org/2001/XMLSchema-instance"/><destination/><duration /></callForwardNoAnswerInt>
<callForwardNoCoverage><forwardToVoiceMail>false</forwardToVoiceMail>
<callingSearchSpaceName xsi:nil="true" uuid="" xmlns:xsi="http://www.w3.org/2001/XMLSchema-instance"/><destination/></callForwardNoCoverage>
<callForwardNoCoverageInt><forwardToVoiceMail>false</forwardToVoiceMail>
<callingSearchSpaceName xsi:nil="true" uuid="" xmlns:xsi="http://www.w3.org/2001/XMLSchema-instance"/><destination/></callForwardNoCoverageInt>
<callForwardOnFailure><forwardToVoiceMail>false</forwardToVoiceMail>
<callingSearchSpaceName xsi:nil="true" uuid="" xmlns:xsi="http://www.w3.org/2001/XMLSchema-instance"/><destination/></callForwardOnFailure>
<callForwardAlternateParty><callingSearchSpaceName xsi:nil="true" uuid="" xmlns:xsi="http://www.w3.org/2001/XMLSchema-instance"/><destination/><duration /></callForwardAlternateParty>
<callForwardNotRegistered><forwardToVoiceMail>false</forwardToVoiceMail>
<callingSearchSpaceName xsi:nil="true" uuid="" xmlns:xsi="http://www.w3.org/2001/XMLSchema-instance"/><destination/></callForwardNotRegistered>
<callForwardNotRegisteredInt><forwardToVoiceMail>false</forwardToVoiceMail>
<callingSearchSpaceName xsi:nil="true" uuid="" xmlns:xsi="http://www.w3.org/2001/XMLSchema-instance"/><destination/></callForwardNotRegisteredInt>
<callPickupGroupName xsi:nil="true" uuid="" xmlns:xsi="http://www.w3.org/2001/XMLSchema-instance"/><autoAnswer>Auto Answer Off</autoAnswer>
<networkHoldMohAudioSourceId /><userHoldMohAudioSourceId /><alertingName/><asciiAlertingName/><presenceGroupName uuid="{AD243D17-98B4-4118-8FEB-5FF2E1B781AC}">Standard Presence group</presenceGroupName>
<shareLineAppearanceCssName uuid="{FC388259-31FB-1909-9D57-7BC177D475E5}">FTOTH_CSS_Phones</shareLineAppearanceCssName>
<voiceMailProfileName/><patternPrecedence>Default</patternPrecedence>
<releaseClause>No Error</releaseClause>
<hrDuration /><hrInterval /><cfaCssPolicy>Use System Default</cfaCssPolicy>
<defaultActivatedDeviceName/><parkMonForwardNoRetrieveDn/><parkMonForwardNoRetrieveIntDn/><parkMonForwardNoRetrieveVmEnabled>false</parkMonForwardNoRetrieveVmEnabled>
<parkMonForwardNoRetrieveIntVmEnabled>false</parkMonForwardNoRetrieveIntVmEnabled>
<parkMonForwardNoRetrieveCssName/><parkMonForwardNoRetrieveIntCssName/><parkMonReversionTimer /><partyEntranceTone>Default</partyEntranceTone>
<directoryURIs/><allowCtiControlFlag>true</allowCtiControlFlag>
<rejectAnonymousCall>false</rejectAnonymousCall>
<patternUrgency>false</patternUrgency>
<confidentialAccess><confidentialAccessMode /><confidentialAccessLevel>-1</confidentialAccessLevel>
</confidentialAccess>
<externalCallControlProfile/><enterpriseAltNum><numMask /><isUrgent>f</isUrgent>
<addLocalRoutePartition>f</addLocalRoutePartition>
<routePartition/><advertiseGloballyIls>f</advertiseGloballyIls>
</enterpriseAltNum>
<e164AltNum><numMask /><isUrgent>f</isUrgent>
<addLocalRoutePartition>f</addLocalRoutePartition>
<routePartition/><advertiseGloballyIls>f</advertiseGloballyIls>
</e164AltNum>
<pstnFailover /><callControlAgentProfile /><associatedDevices><device>SEPA45630BB1748</device>
</associatedDevices>
<useEnterpriseAltNum>false</useEnterpriseAltNum>
<useE164AltNum>false</useE164AltNum>
<active>true</active>
</line>
</return>
</ns:getLineResponse>
</soapenv:Body>
</soapenv:Envelope>


[2021-01-08 10:47:49,163] [INFO] [READ>] [https://10.51.51.34:8443/axl/]
<SOAP-ENV:Envelope xmlns:SOAP-ENV="http://schemas.xmlsoap.org/soap/envelope/" xmlns:xsi="http://www.w3.org/2001/XMLSchema-instance" xmlns:xsd="http://www.w3.org/2001/XMLSchema">
	<SOAP-ENV:Body>
		<axl:getRoutePartition xmlns:axl="http://www.cisco.com/AXL/API/10.0" sequence="1">
			<uuid>{ACDF7B40-B405-D6EF-DD65-6E8B11EC835C}</uuid>
		</axl:getRoutePartition>
	</SOAP-ENV:Body>
</SOAP-ENV:Envelope>


[2021-01-08 10:47:49,173] [INFO] [>RESPONSE] [200]
<?xml version='1.0' encoding='UTF-8'?><soapenv:Envelope xmlns:soapenv="http://schemas.xmlsoap.org/soap/envelope/"><soapenv:Body><ns:getRoutePartitionResponse xmlns:ns="http://www.cisco.com/AXL/API/10.0"><return><routePartition uuid="{ACDF7B40-B405-D6EF-DD65-6E8B11EC835C}"><name>FTOTH_Phones</name>
<description>FTOTH_Phones</description>
<dialPlanWizardGenId /><timeScheduleIdName/><useOriginatingDeviceTimeZone>true</useOriginatingDeviceTimeZone>
<timeZone>Etc/GMT</timeZone>
<partitionUsage>General</partitionUsage>
</routePartition>
</return>
</ns:getRoutePartitionResponse>
</soapenv:Body>
</soapenv:Envelope>


[2021-01-08 10:48:16,676] [INFO] [READ>] [https://10.51.51.34:8443/axl/]
<SOAP-ENV:Envelope xmlns:SOAP-ENV="http://schemas.xmlsoap.org/soap/envelope/" xmlns:xsi="http://www.w3.org/2001/XMLSchema-instance" xmlns:xsd="http://www.w3.org/2001/XMLSchema">
	<SOAP-ENV:Body>
		<axl:getCCMVersion xmlns:axl="http://www.cisco.com/AXL/API/10.0" sequence="1">
			
		</axl:getCCMVersion>
	</SOAP-ENV:Body>
</SOAP-ENV:Envelope>


[2021-01-08 10:48:16,694] [INFO] [>RESPONSE] [200]
<?xml version='1.0' encoding='UTF-8'?><soapenv:Envelope xmlns:soapenv="http://schemas.xmlsoap.org/soap/envelope/"><soapenv:Body><ns:getCCMVersionResponse xmlns:ns="http://www.cisco.com/AXL/API/10.0"><return><componentVersion><version>11.5.1.11900(27)</version>
</componentVersion>
</return>
</ns:getCCMVersionResponse>
</soapenv:Body>
</soapenv:Envelope>


[2021-01-08 10:48:47,566] [INFO] [READ>] [https://10.51.51.34:8443/axl/]
<SOAP-ENV:Envelope xmlns:SOAP-ENV="http://schemas.xmlsoap.org/soap/envelope/" xmlns:xsi="http://www.w3.org/2001/XMLSchema-instance" xmlns:xsd="http://www.w3.org/2001/XMLSchema">
	<SOAP-ENV:Body>
		<axl:getCCMVersion xmlns:axl="http://www.cisco.com/AXL/API/10.0" sequence="1">
			
		</axl:getCCMVersion>
	</SOAP-ENV:Body>
</SOAP-ENV:Envelope>


[2021-01-08 10:48:47,600] [INFO] [>RESPONSE] [200]
<?xml version='1.0' encoding='UTF-8'?><soapenv:Envelope xmlns:soapenv="http://schemas.xmlsoap.org/soap/envelope/"><soapenv:Body><ns:getCCMVersionResponse xmlns:ns="http://www.cisco.com/AXL/API/10.0"><return><componentVersion><version>11.5.1.11900(27)</version>
</componentVersion>
</return>
</ns:getCCMVersionResponse>
</soapenv:Body>
</soapenv:Envelope>


[2021-01-08 10:49:18,503] [INFO] [READ>] [https://10.51.51.34:8443/axl/]
<SOAP-ENV:Envelope xmlns:SOAP-ENV="http://schemas.xmlsoap.org/soap/envelope/" xmlns:xsi="http://www.w3.org/2001/XMLSchema-instance" xmlns:xsd="http://www.w3.org/2001/XMLSchema">
	<SOAP-ENV:Body>
		<axl:getCCMVersion xmlns:axl="http://www.cisco.com/AXL/API/10.0" sequence="1">
			
		</axl:getCCMVersion>
	</SOAP-ENV:Body>
</SOAP-ENV:Envelope>


[2021-01-08 10:49:18,522] [INFO] [>RESPONSE] [200]
<?xml version='1.0' encoding='UTF-8'?><soapenv:Envelope xmlns:soapenv="http://schemas.xmlsoap.org/soap/envelope/"><soapenv:Body><ns:getCCMVersionResponse xmlns:ns="http://www.cisco.com/AXL/API/10.0"><return><componentVersion><version>11.5.1.11900(27)</version>
</componentVersion>
</return>
</ns:getCCMVersionResponse>
</soapenv:Body>
</soapenv:Envelope>


[2021-01-08 10:49:49,499] [INFO] [READ>] [https://10.51.51.34:8443/axl/]
<SOAP-ENV:Envelope xmlns:SOAP-ENV="http://schemas.xmlsoap.org/soap/envelope/" xmlns:xsi="http://www.w3.org/2001/XMLSchema-instance" xmlns:xsd="http://www.w3.org/2001/XMLSchema">
	<SOAP-ENV:Body>
		<axl:getCCMVersion xmlns:axl="http://www.cisco.com/AXL/API/10.0" sequence="1">
			
		</axl:getCCMVersion>
	</SOAP-ENV:Body>
</SOAP-ENV:Envelope>


[2021-01-08 10:49:49,512] [INFO] [>RESPONSE] [200]
<?xml version='1.0' encoding='UTF-8'?><soapenv:Envelope xmlns:soapenv="http://schemas.xmlsoap.org/soap/envelope/"><soapenv:Body><ns:getCCMVersionResponse xmlns:ns="http://www.cisco.com/AXL/API/10.0"><return><componentVersion><version>11.5.1.11900(27)</version>
</componentVersion>
</return>
</ns:getCCMVersionResponse>
</soapenv:Body>
</soapenv:Envelope>


[2021-01-08 10:50:20,501] [INFO] [READ>] [https://10.51.51.34:8443/axl/]
<SOAP-ENV:Envelope xmlns:SOAP-ENV="http://schemas.xmlsoap.org/soap/envelope/" xmlns:xsi="http://www.w3.org/2001/XMLSchema-instance" xmlns:xsd="http://www.w3.org/2001/XMLSchema">
	<SOAP-ENV:Body>
		<axl:getCCMVersion xmlns:axl="http://www.cisco.com/AXL/API/10.0" sequence="1">
			
		</axl:getCCMVersion>
	</SOAP-ENV:Body>
</SOAP-ENV:Envelope>


[2021-01-08 10:50:20,519] [INFO] [>RESPONSE] [200]
<?xml version='1.0' encoding='UTF-8'?><soapenv:Envelope xmlns:soapenv="http://schemas.xmlsoap.org/soap/envelope/"><soapenv:Body><ns:getCCMVersionResponse xmlns:ns="http://www.cisco.com/AXL/API/10.0"><return><componentVersion><version>11.5.1.11900(27)</version>
</componentVersion>
</return>
</ns:getCCMVersionResponse>
</soapenv:Body>
</soapenv:Envelope>


[2021-01-08 10:50:51,504] [INFO] [READ>] [https://10.51.51.34:8443/axl/]
<SOAP-ENV:Envelope xmlns:SOAP-ENV="http://schemas.xmlsoap.org/soap/envelope/" xmlns:xsi="http://www.w3.org/2001/XMLSchema-instance" xmlns:xsd="http://www.w3.org/2001/XMLSchema">
	<SOAP-ENV:Body>
		<axl:getCCMVersion xmlns:axl="http://www.cisco.com/AXL/API/10.0" sequence="1">
			
		</axl:getCCMVersion>
	</SOAP-ENV:Body>
</SOAP-ENV:Envelope>


[2021-01-08 10:50:51,563] [INFO] [>RESPONSE] [200]
<?xml version='1.0' encoding='UTF-8'?><soapenv:Envelope xmlns:soapenv="http://schemas.xmlsoap.org/soap/envelope/"><soapenv:Body><ns:getCCMVersionResponse xmlns:ns="http://www.cisco.com/AXL/API/10.0"><return><componentVersion><version>11.5.1.11900(27)</version>
</componentVersion>
</return>
</ns:getCCMVersionResponse>
</soapenv:Body>
</soapenv:Envelope>


[2021-01-08 10:51:22,503] [INFO] [READ>] [https://10.51.51.34:8443/axl/]
<SOAP-ENV:Envelope xmlns:SOAP-ENV="http://schemas.xmlsoap.org/soap/envelope/" xmlns:xsi="http://www.w3.org/2001/XMLSchema-instance" xmlns:xsd="http://www.w3.org/2001/XMLSchema">
	<SOAP-ENV:Body>
		<axl:getCCMVersion xmlns:axl="http://www.cisco.com/AXL/API/10.0" sequence="1">
			
		</axl:getCCMVersion>
	</SOAP-ENV:Body>
</SOAP-ENV:Envelope>


[2021-01-08 10:51:22,516] [INFO] [>RESPONSE] [200]
<?xml version='1.0' encoding='UTF-8'?><soapenv:Envelope xmlns:soapenv="http://schemas.xmlsoap.org/soap/envelope/"><soapenv:Body><ns:getCCMVersionResponse xmlns:ns="http://www.cisco.com/AXL/API/10.0"><return><componentVersion><version>11.5.1.11900(27)</version>
</componentVersion>
</return>
</ns:getCCMVersionResponse>
</soapenv:Body>
</soapenv:Envelope>


[2021-01-08 10:51:52,667] [INFO] [READ>] [https://10.51.51.34:8443/axl/]
<SOAP-ENV:Envelope xmlns:SOAP-ENV="http://schemas.xmlsoap.org/soap/envelope/" xmlns:xsi="http://www.w3.org/2001/XMLSchema-instance" xmlns:xsd="http://www.w3.org/2001/XMLSchema">
	<SOAP-ENV:Body>
		<axl:getCCMVersion xmlns:axl="http://www.cisco.com/AXL/API/10.0" sequence="1">
			
		</axl:getCCMVersion>
	</SOAP-ENV:Body>
</SOAP-ENV:Envelope>


[2021-01-08 10:51:52,683] [INFO] [>RESPONSE] [200]
<?xml version='1.0' encoding='UTF-8'?><soapenv:Envelope xmlns:soapenv="http://schemas.xmlsoap.org/soap/envelope/"><soapenv:Body><ns:getCCMVersionResponse xmlns:ns="http://www.cisco.com/AXL/API/10.0"><return><componentVersion><version>11.5.1.11900(27)</version>
</componentVersion>
</return>
</ns:getCCMVersionResponse>
</soapenv:Body>
</soapenv:Envelope>


[2021-01-08 10:52:22,870] [INFO] [READ>] [https://10.51.51.34:8443/axl/]
<SOAP-ENV:Envelope xmlns:SOAP-ENV="http://schemas.xmlsoap.org/soap/envelope/" xmlns:xsi="http://www.w3.org/2001/XMLSchema-instance" xmlns:xsd="http://www.w3.org/2001/XMLSchema">
	<SOAP-ENV:Body>
		<axl:getCCMVersion xmlns:axl="http://www.cisco.com/AXL/API/10.0" sequence="1">
			
		</axl:getCCMVersion>
	</SOAP-ENV:Body>
</SOAP-ENV:Envelope>


[2021-01-08 10:52:22,888] [INFO] [>RESPONSE] [200]
<?xml version='1.0' encoding='UTF-8'?><soapenv:Envelope xmlns:soapenv="http://schemas.xmlsoap.org/soap/envelope/"><soapenv:Body><ns:getCCMVersionResponse xmlns:ns="http://www.cisco.com/AXL/API/10.0"><return><componentVersion><version>11.5.1.11900(27)</version>
</componentVersion>
</return>
</ns:getCCMVersionResponse>
</soapenv:Body>
</soapenv:Envelope>


[2021-01-08 10:52:53,086] [INFO] [READ>] [https://10.51.51.34:8443/axl/]
<SOAP-ENV:Envelope xmlns:SOAP-ENV="http://schemas.xmlsoap.org/soap/envelope/" xmlns:xsi="http://www.w3.org/2001/XMLSchema-instance" xmlns:xsd="http://www.w3.org/2001/XMLSchema">
	<SOAP-ENV:Body>
		<axl:getCCMVersion xmlns:axl="http://www.cisco.com/AXL/API/10.0" sequence="1">
			
		</axl:getCCMVersion>
	</SOAP-ENV:Body>
</SOAP-ENV:Envelope>


[2021-01-08 10:52:53,105] [INFO] [>RESPONSE] [200]
<?xml version='1.0' encoding='UTF-8'?><soapenv:Envelope xmlns:soapenv="http://schemas.xmlsoap.org/soap/envelope/"><soapenv:Body><ns:getCCMVersionResponse xmlns:ns="http://www.cisco.com/AXL/API/10.0"><return><componentVersion><version>11.5.1.11900(27)</version>
</componentVersion>
</return>
</ns:getCCMVersionResponse>
</soapenv:Body>
</soapenv:Envelope>


[2021-01-08 10:53:36,461] [INFO] [READ>] [https://10.51.51.34:8443/axl/]
<SOAP-ENV:Envelope xmlns:SOAP-ENV="http://schemas.xmlsoap.org/soap/envelope/" xmlns:xsi="http://www.w3.org/2001/XMLSchema-instance" xmlns:xsd="http://www.w3.org/2001/XMLSchema">
	<SOAP-ENV:Body>
		<axl:getCCMVersion xmlns:axl="http://www.cisco.com/AXL/API/10.0" sequence="1">
			
		</axl:getCCMVersion>
	</SOAP-ENV:Body>
</SOAP-ENV:Envelope>


[2021-01-08 10:53:36,521] [INFO] [>RESPONSE] [200]
<?xml version='1.0' encoding='UTF-8'?><soapenv:Envelope xmlns:soapenv="http://schemas.xmlsoap.org/soap/envelope/"><soapenv:Body><ns:getCCMVersionResponse xmlns:ns="http://www.cisco.com/AXL/API/10.0"><return><componentVersion><version>11.5.1.11900(27)</version>
</componentVersion>
</return>
</ns:getCCMVersionResponse>
</soapenv:Body>
</soapenv:Envelope>


[2021-01-08 10:54:06,664] [INFO] [READ>] [https://10.51.51.34:8443/axl/]
<SOAP-ENV:Envelope xmlns:SOAP-ENV="http://schemas.xmlsoap.org/soap/envelope/" xmlns:xsi="http://www.w3.org/2001/XMLSchema-instance" xmlns:xsd="http://www.w3.org/2001/XMLSchema">
	<SOAP-ENV:Body>
		<axl:getCCMVersion xmlns:axl="http://www.cisco.com/AXL/API/10.0" sequence="1">
			
		</axl:getCCMVersion>
	</SOAP-ENV:Body>
</SOAP-ENV:Envelope>


[2021-01-08 10:54:06,681] [INFO] [>RESPONSE] [200]
<?xml version='1.0' encoding='UTF-8'?><soapenv:Envelope xmlns:soapenv="http://schemas.xmlsoap.org/soap/envelope/"><soapenv:Body><ns:getCCMVersionResponse xmlns:ns="http://www.cisco.com/AXL/API/10.0"><return><componentVersion><version>11.5.1.11900(27)</version>
</componentVersion>
</return>
</ns:getCCMVersionResponse>
</soapenv:Body>
</soapenv:Envelope>


[2021-01-08 10:54:37,502] [INFO] [READ>] [https://10.51.51.34:8443/axl/]
<SOAP-ENV:Envelope xmlns:SOAP-ENV="http://schemas.xmlsoap.org/soap/envelope/" xmlns:xsi="http://www.w3.org/2001/XMLSchema-instance" xmlns:xsd="http://www.w3.org/2001/XMLSchema">
	<SOAP-ENV:Body>
		<axl:getCCMVersion xmlns:axl="http://www.cisco.com/AXL/API/10.0" sequence="1">
			
		</axl:getCCMVersion>
	</SOAP-ENV:Body>
</SOAP-ENV:Envelope>


[2021-01-08 10:54:37,514] [INFO] [>RESPONSE] [200]
<?xml version='1.0' encoding='UTF-8'?><soapenv:Envelope xmlns:soapenv="http://schemas.xmlsoap.org/soap/envelope/"><soapenv:Body><ns:getCCMVersionResponse xmlns:ns="http://www.cisco.com/AXL/API/10.0"><return><componentVersion><version>11.5.1.11900(27)</version>
</componentVersion>
</return>
</ns:getCCMVersionResponse>
</soapenv:Body>
</soapenv:Envelope>


[2021-01-08 10:55:08,502] [INFO] [READ>] [https://10.51.51.34:8443/axl/]
<SOAP-ENV:Envelope xmlns:SOAP-ENV="http://schemas.xmlsoap.org/soap/envelope/" xmlns:xsi="http://www.w3.org/2001/XMLSchema-instance" xmlns:xsd="http://www.w3.org/2001/XMLSchema">
	<SOAP-ENV:Body>
		<axl:getCCMVersion xmlns:axl="http://www.cisco.com/AXL/API/10.0" sequence="1">
			
		</axl:getCCMVersion>
	</SOAP-ENV:Body>
</SOAP-ENV:Envelope>


[2021-01-08 10:55:08,517] [INFO] [>RESPONSE] [200]
<?xml version='1.0' encoding='UTF-8'?><soapenv:Envelope xmlns:soapenv="http://schemas.xmlsoap.org/soap/envelope/"><soapenv:Body><ns:getCCMVersionResponse xmlns:ns="http://www.cisco.com/AXL/API/10.0"><return><componentVersion><version>11.5.1.11900(27)</version>
</componentVersion>
</return>
</ns:getCCMVersionResponse>
</soapenv:Body>
</soapenv:Envelope>


[2021-01-08 10:55:39,514] [INFO] [READ>] [https://10.51.51.34:8443/axl/]
<SOAP-ENV:Envelope xmlns:SOAP-ENV="http://schemas.xmlsoap.org/soap/envelope/" xmlns:xsi="http://www.w3.org/2001/XMLSchema-instance" xmlns:xsd="http://www.w3.org/2001/XMLSchema">
	<SOAP-ENV:Body>
		<axl:getCCMVersion xmlns:axl="http://www.cisco.com/AXL/API/10.0" sequence="1">
			
		</axl:getCCMVersion>
	</SOAP-ENV:Body>
</SOAP-ENV:Envelope>


[2021-01-08 10:55:39,533] [INFO] [>RESPONSE] [200]
<?xml version='1.0' encoding='UTF-8'?><soapenv:Envelope xmlns:soapenv="http://schemas.xmlsoap.org/soap/envelope/"><soapenv:Body><ns:getCCMVersionResponse xmlns:ns="http://www.cisco.com/AXL/API/10.0"><return><componentVersion><version>11.5.1.11900(27)</version>
</componentVersion>
</return>
</ns:getCCMVersionResponse>
</soapenv:Body>
</soapenv:Envelope>


[2021-01-08 10:56:10,499] [INFO] [READ>] [https://10.51.51.34:8443/axl/]
<SOAP-ENV:Envelope xmlns:SOAP-ENV="http://schemas.xmlsoap.org/soap/envelope/" xmlns:xsi="http://www.w3.org/2001/XMLSchema-instance" xmlns:xsd="http://www.w3.org/2001/XMLSchema">
	<SOAP-ENV:Body>
		<axl:getCCMVersion xmlns:axl="http://www.cisco.com/AXL/API/10.0" sequence="1">
			
		</axl:getCCMVersion>
	</SOAP-ENV:Body>
</SOAP-ENV:Envelope>


[2021-01-08 10:56:10,517] [INFO] [>RESPONSE] [200]
<?xml version='1.0' encoding='UTF-8'?><soapenv:Envelope xmlns:soapenv="http://schemas.xmlsoap.org/soap/envelope/"><soapenv:Body><ns:getCCMVersionResponse xmlns:ns="http://www.cisco.com/AXL/API/10.0"><return><componentVersion><version>11.5.1.11900(27)</version>
</componentVersion>
</return>
</ns:getCCMVersionResponse>
</soapenv:Body>
</soapenv:Envelope>


[2021-01-08 10:56:41,499] [INFO] [READ>] [https://10.51.51.34:8443/axl/]
<SOAP-ENV:Envelope xmlns:SOAP-ENV="http://schemas.xmlsoap.org/soap/envelope/" xmlns:xsi="http://www.w3.org/2001/XMLSchema-instance" xmlns:xsd="http://www.w3.org/2001/XMLSchema">
	<SOAP-ENV:Body>
		<axl:getCCMVersion xmlns:axl="http://www.cisco.com/AXL/API/10.0" sequence="1">
			
		</axl:getCCMVersion>
	</SOAP-ENV:Body>
</SOAP-ENV:Envelope>


[2021-01-08 10:56:41,556] [INFO] [>RESPONSE] [200]
<?xml version='1.0' encoding='UTF-8'?><soapenv:Envelope xmlns:soapenv="http://schemas.xmlsoap.org/soap/envelope/"><soapenv:Body><ns:getCCMVersionResponse xmlns:ns="http://www.cisco.com/AXL/API/10.0"><return><componentVersion><version>11.5.1.11900(27)</version>
</componentVersion>
</return>
</ns:getCCMVersionResponse>
</soapenv:Body>
</soapenv:Envelope>


[2021-01-08 10:57:12,501] [INFO] [READ>] [https://10.51.51.34:8443/axl/]
<SOAP-ENV:Envelope xmlns:SOAP-ENV="http://schemas.xmlsoap.org/soap/envelope/" xmlns:xsi="http://www.w3.org/2001/XMLSchema-instance" xmlns:xsd="http://www.w3.org/2001/XMLSchema">
	<SOAP-ENV:Body>
		<axl:getCCMVersion xmlns:axl="http://www.cisco.com/AXL/API/10.0" sequence="1">
			
		</axl:getCCMVersion>
	</SOAP-ENV:Body>
</SOAP-ENV:Envelope>


[2021-01-08 10:57:12,520] [INFO] [>RESPONSE] [200]
<?xml version='1.0' encoding='UTF-8'?><soapenv:Envelope xmlns:soapenv="http://schemas.xmlsoap.org/soap/envelope/"><soapenv:Body><ns:getCCMVersionResponse xmlns:ns="http://www.cisco.com/AXL/API/10.0"><return><componentVersion><version>11.5.1.11900(27)</version>
</componentVersion>
</return>
</ns:getCCMVersionResponse>
</soapenv:Body>
</soapenv:Envelope>


[2021-01-08 10:57:43,498] [INFO] [READ>] [https://10.51.51.34:8443/axl/]
<SOAP-ENV:Envelope xmlns:SOAP-ENV="http://schemas.xmlsoap.org/soap/envelope/" xmlns:xsi="http://www.w3.org/2001/XMLSchema-instance" xmlns:xsd="http://www.w3.org/2001/XMLSchema">
	<SOAP-ENV:Body>
		<axl:getCCMVersion xmlns:axl="http://www.cisco.com/AXL/API/10.0" sequence="1">
			
		</axl:getCCMVersion>
	</SOAP-ENV:Body>
</SOAP-ENV:Envelope>


[2021-01-08 10:57:43,513] [INFO] [>RESPONSE] [200]
<?xml version='1.0' encoding='UTF-8'?><soapenv:Envelope xmlns:soapenv="http://schemas.xmlsoap.org/soap/envelope/"><soapenv:Body><ns:getCCMVersionResponse xmlns:ns="http://www.cisco.com/AXL/API/10.0"><return><componentVersion><version>11.5.1.11900(27)</version>
</componentVersion>
</return>
</ns:getCCMVersionResponse>
</soapenv:Body>
</soapenv:Envelope>


[2021-01-08 10:58:14,501] [INFO] [READ>] [https://10.51.51.34:8443/axl/]
<SOAP-ENV:Envelope xmlns:SOAP-ENV="http://schemas.xmlsoap.org/soap/envelope/" xmlns:xsi="http://www.w3.org/2001/XMLSchema-instance" xmlns:xsd="http://www.w3.org/2001/XMLSchema">
	<SOAP-ENV:Body>
		<axl:getCCMVersion xmlns:axl="http://www.cisco.com/AXL/API/10.0" sequence="1">
			
		</axl:getCCMVersion>
	</SOAP-ENV:Body>
</SOAP-ENV:Envelope>


[2021-01-08 10:58:14,520] [INFO] [>RESPONSE] [200]
<?xml version='1.0' encoding='UTF-8'?><soapenv:Envelope xmlns:soapenv="http://schemas.xmlsoap.org/soap/envelope/"><soapenv:Body><ns:getCCMVersionResponse xmlns:ns="http://www.cisco.com/AXL/API/10.0"><return><componentVersion><version>11.5.1.11900(27)</version>
</componentVersion>
</return>
</ns:getCCMVersionResponse>
</soapenv:Body>
</soapenv:Envelope>


[2021-01-08 10:58:45,501] [INFO] [READ>] [https://10.51.51.34:8443/axl/]
<SOAP-ENV:Envelope xmlns:SOAP-ENV="http://schemas.xmlsoap.org/soap/envelope/" xmlns:xsi="http://www.w3.org/2001/XMLSchema-instance" xmlns:xsd="http://www.w3.org/2001/XMLSchema">
	<SOAP-ENV:Body>
		<axl:getCCMVersion xmlns:axl="http://www.cisco.com/AXL/API/10.0" sequence="1">
			
		</axl:getCCMVersion>
	</SOAP-ENV:Body>
</SOAP-ENV:Envelope>


[2021-01-08 10:58:45,515] [INFO] [>RESPONSE] [200]
<?xml version='1.0' encoding='UTF-8'?><soapenv:Envelope xmlns:soapenv="http://schemas.xmlsoap.org/soap/envelope/"><soapenv:Body><ns:getCCMVersionResponse xmlns:ns="http://www.cisco.com/AXL/API/10.0"><return><componentVersion><version>11.5.1.11900(27)</version>
</componentVersion>
</return>
</ns:getCCMVersionResponse>
</soapenv:Body>
</soapenv:Envelope>


[2021-01-08 10:59:16,509] [INFO] [READ>] [https://10.51.51.34:8443/axl/]
<SOAP-ENV:Envelope xmlns:SOAP-ENV="http://schemas.xmlsoap.org/soap/envelope/" xmlns:xsi="http://www.w3.org/2001/XMLSchema-instance" xmlns:xsd="http://www.w3.org/2001/XMLSchema">
	<SOAP-ENV:Body>
		<axl:getCCMVersion xmlns:axl="http://www.cisco.com/AXL/API/10.0" sequence="1">
			
		</axl:getCCMVersion>
	</SOAP-ENV:Body>
</SOAP-ENV:Envelope>


[2021-01-08 10:59:16,526] [INFO] [>RESPONSE] [200]
<?xml version='1.0' encoding='UTF-8'?><soapenv:Envelope xmlns:soapenv="http://schemas.xmlsoap.org/soap/envelope/"><soapenv:Body><ns:getCCMVersionResponse xmlns:ns="http://www.cisco.com/AXL/API/10.0"><return><componentVersion><version>11.5.1.11900(27)</version>
</componentVersion>
</return>
</ns:getCCMVersionResponse>
</soapenv:Body>
</soapenv:Envelope>


[2021-01-08 10:59:47,506] [INFO] [READ>] [https://10.51.51.34:8443/axl/]
<SOAP-ENV:Envelope xmlns:SOAP-ENV="http://schemas.xmlsoap.org/soap/envelope/" xmlns:xsi="http://www.w3.org/2001/XMLSchema-instance" xmlns:xsd="http://www.w3.org/2001/XMLSchema">
	<SOAP-ENV:Body>
		<axl:getCCMVersion xmlns:axl="http://www.cisco.com/AXL/API/10.0" sequence="1">
			
		</axl:getCCMVersion>
	</SOAP-ENV:Body>
</SOAP-ENV:Envelope>


[2021-01-08 10:59:47,557] [INFO] [>RESPONSE] [200]
<?xml version='1.0' encoding='UTF-8'?><soapenv:Envelope xmlns:soapenv="http://schemas.xmlsoap.org/soap/envelope/"><soapenv:Body><ns:getCCMVersionResponse xmlns:ns="http://www.cisco.com/AXL/API/10.0"><return><componentVersion><version>11.5.1.11900(27)</version>
</componentVersion>
</return>
</ns:getCCMVersionResponse>
</soapenv:Body>
</soapenv:Envelope>


[2021-01-08 11:00:18,499] [INFO] [READ>] [https://10.51.51.34:8443/axl/]
<SOAP-ENV:Envelope xmlns:SOAP-ENV="http://schemas.xmlsoap.org/soap/envelope/" xmlns:xsi="http://www.w3.org/2001/XMLSchema-instance" xmlns:xsd="http://www.w3.org/2001/XMLSchema">
	<SOAP-ENV:Body>
		<axl:getCCMVersion xmlns:axl="http://www.cisco.com/AXL/API/10.0" sequence="1">
			
		</axl:getCCMVersion>
	</SOAP-ENV:Body>
</SOAP-ENV:Envelope>


[2021-01-08 11:00:18,511] [INFO] [>RESPONSE] [200]
<?xml version='1.0' encoding='UTF-8'?><soapenv:Envelope xmlns:soapenv="http://schemas.xmlsoap.org/soap/envelope/"><soapenv:Body><ns:getCCMVersionResponse xmlns:ns="http://www.cisco.com/AXL/API/10.0"><return><componentVersion><version>11.5.1.11900(27)</version>
</componentVersion>
</return>
</ns:getCCMVersionResponse>
</soapenv:Body>
</soapenv:Envelope>


[2021-01-08 11:00:49,501] [INFO] [READ>] [https://10.51.51.34:8443/axl/]
<SOAP-ENV:Envelope xmlns:SOAP-ENV="http://schemas.xmlsoap.org/soap/envelope/" xmlns:xsi="http://www.w3.org/2001/XMLSchema-instance" xmlns:xsd="http://www.w3.org/2001/XMLSchema">
	<SOAP-ENV:Body>
		<axl:getCCMVersion xmlns:axl="http://www.cisco.com/AXL/API/10.0" sequence="1">
			
		</axl:getCCMVersion>
	</SOAP-ENV:Body>
</SOAP-ENV:Envelope>


[2021-01-08 11:00:49,518] [INFO] [>RESPONSE] [200]
<?xml version='1.0' encoding='UTF-8'?><soapenv:Envelope xmlns:soapenv="http://schemas.xmlsoap.org/soap/envelope/"><soapenv:Body><ns:getCCMVersionResponse xmlns:ns="http://www.cisco.com/AXL/API/10.0"><return><componentVersion><version>11.5.1.11900(27)</version>
</componentVersion>
</return>
</ns:getCCMVersionResponse>
</soapenv:Body>
</soapenv:Envelope>


[2021-01-08 11:01:20,502] [INFO] [READ>] [https://10.51.51.34:8443/axl/]
<SOAP-ENV:Envelope xmlns:SOAP-ENV="http://schemas.xmlsoap.org/soap/envelope/" xmlns:xsi="http://www.w3.org/2001/XMLSchema-instance" xmlns:xsd="http://www.w3.org/2001/XMLSchema">
	<SOAP-ENV:Body>
		<axl:getCCMVersion xmlns:axl="http://www.cisco.com/AXL/API/10.0" sequence="1">
			
		</axl:getCCMVersion>
	</SOAP-ENV:Body>
</SOAP-ENV:Envelope>


[2021-01-08 11:01:20,519] [INFO] [>RESPONSE] [200]
<?xml version='1.0' encoding='UTF-8'?><soapenv:Envelope xmlns:soapenv="http://schemas.xmlsoap.org/soap/envelope/"><soapenv:Body><ns:getCCMVersionResponse xmlns:ns="http://www.cisco.com/AXL/API/10.0"><return><componentVersion><version>11.5.1.11900(27)</version>
</componentVersion>
</return>
</ns:getCCMVersionResponse>
</soapenv:Body>
</soapenv:Envelope>


