Java HotSpot(TM) 64-Bit Server VM warning: ignoring option PermSize=256m; support was removed in 8.0
Java HotSpot(TM) 64-Bit Server VM warning: ignoring option MaxPermSize=256m; support was removed in 8.0
Java HotSpot(TM) 64-Bit Server VM warning: ignoring option PermSize=256m; support was removed in 8.0
Java HotSpot(TM) 64-Bit Server VM warning: ignoring option MaxPermSize=256m; support was removed in 8.0
2021-01-08 10:42:48,465 WARNING [main] org.apache.catalina.startup.SetAllPropertiesRule.begin [SetAllPropertiesRule]{Server/Service/Connector} Setting property 'compressibleMimeType' to 'text/css,text/javascript,application/x-javascript,application/javascript,application/json' did not find a matching property.
2021-01-08 10:42:48,468 WARNING [main] org.apache.catalina.startup.SetAllPropertiesRule.begin [SetAllPropertiesRule]{Server/Service/Connector} Setting property 'compressibleMimeType' to 'text/css,text/javascript,application/x-javascript,application/javascript,application/json' did not find a matching property.
2021-01-08 10:42:48,509 INFO [main] org.apache.catalina.startup.VersionLoggerListener.log Server version:        Apache Tomcat/8.0.35
2021-01-08 10:42:48,510 INFO [main] org.apache.catalina.startup.VersionLoggerListener.log Server built:          2016-05-11 21:57:48,510 UTC
2021-01-08 10:42:48,510 INFO [main] org.apache.catalina.startup.VersionLoggerListener.log Server number:         8.0.35.0
2021-01-08 10:42:48,510 INFO [main] org.apache.catalina.startup.VersionLoggerListener.log OS Name:               Linux
2021-01-08 10:42:48,510 INFO [main] org.apache.catalina.startup.VersionLoggerListener.log OS Version:            3.10.0-514.21.1.el7.x86_64
2021-01-08 10:42:48,510 INFO [main] org.apache.catalina.startup.VersionLoggerListener.log Architecture:          amd64
2021-01-08 10:42:48,511 INFO [main] org.apache.catalina.startup.VersionLoggerListener.log Java Home:             /usr/java/jdk1.8.0_144/jre
2021-01-08 10:42:48,511 INFO [main] org.apache.catalina.startup.VersionLoggerListener.log JVM Version:           1.8.0_144-b01
2021-01-08 10:42:48,511 INFO [main] org.apache.catalina.startup.VersionLoggerListener.log JVM Vendor:            Oracle Corporation
2021-01-08 10:42:48,511 INFO [main] org.apache.catalina.startup.VersionLoggerListener.log CATALINA_BASE:         /usr/share/tomcat
2021-01-08 10:42:48,511 INFO [main] org.apache.catalina.startup.VersionLoggerListener.log CATALINA_HOME:         /usr/share/tomcat
2021-01-08 10:42:48,511 INFO [main] org.apache.catalina.startup.VersionLoggerListener.log Command line argument: -Xmx1895M
2021-01-08 10:42:48,511 INFO [main] org.apache.catalina.startup.VersionLoggerListener.log Command line argument: -XX:NewSize=256m
2021-01-08 10:42:48,512 INFO [main] org.apache.catalina.startup.VersionLoggerListener.log Command line argument: -XX:MaxNewSize=256m
2021-01-08 10:42:48,512 INFO [main] org.apache.catalina.startup.VersionLoggerListener.log Command line argument: -XX:PermSize=256m
2021-01-08 10:42:48,512 INFO [main] org.apache.catalina.startup.VersionLoggerListener.log Command line argument: -XX:MaxPermSize=256m
2021-01-08 10:42:48,512 INFO [main] org.apache.catalina.startup.VersionLoggerListener.log Command line argument: -XX:+DisableExplicitGC
2021-01-08 10:42:48,512 INFO [main] org.apache.catalina.startup.VersionLoggerListener.log Command line argument: -Dname=tomcat
2021-01-08 10:42:48,512 INFO [main] org.apache.catalina.startup.VersionLoggerListener.log Command line argument: -Dcom.sun.management.jmxremote
2021-01-08 10:42:48,512 INFO [main] org.apache.catalina.startup.VersionLoggerListener.log Command line argument: -Dcom.sun.management.jmxremote.port=9004
2021-01-08 10:42:48,512 INFO [main] org.apache.catalina.startup.VersionLoggerListener.log Command line argument: -Dcom.sun.management.jmxremote.ssl=false
2021-01-08 10:42:48,512 INFO [main] org.apache.catalina.startup.VersionLoggerListener.log Command line argument: -Dcom.sun.management.jmxremote.authenticate=true
2021-01-08 10:42:48,512 INFO [main] org.apache.catalina.startup.VersionLoggerListener.log Command line argument: -Dcom.sun.management.jmxremote.password.file=/usr/share/tomcat/conf/jmxremote.password
2021-01-08 10:42:48,513 INFO [main] org.apache.catalina.startup.VersionLoggerListener.log Command line argument: -Dcom.sun.management.jmxremote.access.file=/usr/share/tomcat/conf/jmxremote.access
2021-01-08 10:42:48,513 INFO [main] org.apache.catalina.startup.VersionLoggerListener.log Command line argument: -Dcatalina.base=/usr/share/tomcat
2021-01-08 10:42:48,513 INFO [main] org.apache.catalina.startup.VersionLoggerListener.log Command line argument: -Dcatalina.home=/usr/share/tomcat
2021-01-08 10:42:48,513 INFO [main] org.apache.catalina.startup.VersionLoggerListener.log Command line argument: -Djava.endorsed.dirs=
2021-01-08 10:42:48,513 INFO [main] org.apache.catalina.startup.VersionLoggerListener.log Command line argument: -Djava.io.tmpdir=/var/cache/tomcat/temp
2021-01-08 10:42:48,513 INFO [main] org.apache.catalina.startup.VersionLoggerListener.log Command line argument: -Djava.util.logging.config.file=/usr/share/tomcat/conf/logging.properties
2021-01-08 10:42:48,513 INFO [main] org.apache.catalina.startup.VersionLoggerListener.log Command line argument: -Djava.util.logging.manager=org.apache.juli.ClassLoaderLogManager
2021-01-08 10:42:48,513 INFO [main] org.apache.catalina.core.AprLifecycleListener.lifecycleEvent The APR based Apache Tomcat Native library which allows optimal performance in production environments was not found on the java.library.path: /usr/java/packages/lib/amd64:/usr/lib64:/lib64:/lib:/usr/lib
2021-01-08 10:42:48,717 INFO [main] org.apache.coyote.AbstractProtocol.init Initializing ProtocolHandler ["http-nio-8080"]
2021-01-08 10:42:48,733 INFO [main] org.apache.tomcat.util.net.NioSelectorPool.getSharedSelector Using a shared selector for servlet write/read
2021-01-08 10:42:48,735 INFO [main] org.apache.coyote.AbstractProtocol.init Initializing ProtocolHandler ["http-nio-8443"]
2021-01-08 10:42:49,030 INFO [main] org.apache.tomcat.util.net.NioSelectorPool.getSharedSelector Using a shared selector for servlet write/read
2021-01-08 10:42:49,035 INFO [main] org.apache.catalina.startup.Catalina.load Initialization processed in 886 ms
2021-01-08 10:42:49,074 INFO [main] org.apache.catalina.core.StandardService.startInternal Starting service Catalina
2021-01-08 10:42:49,075 INFO [main] org.apache.catalina.core.StandardEngine.startInternal Starting Servlet Engine: Apache Tomcat/8.0.35
2021-01-08 10:42:49,107 INFO [localhost-startStop-1] org.apache.catalina.startup.HostConfig.deployDirectory Deploying web application directory /var/lib/tomcat/webapps/ROOT
2021-01-08 10:42:50,882 INFO [localhost-startStop-1] org.apache.jasper.servlet.TldScanner.scanJars At least one JAR was scanned for TLDs yet contained no TLDs. Enable debug logging for this logger for a complete list of JARs that were scanned but no TLDs were found in them. Skipping unneeded JARs during scanning can improve startup time and JSP compilation time.
2021-01-08 10:44:51,687 INFO [localhost-startStop-1] org.apache.catalina.util.SessionIdGeneratorBase.createSecureRandom Creation of SecureRandom instance for session ID generation using [SHA1PRNG] took [120,770] milliseconds.
2021-01-08 10:44:51,706 INFO [localhost-startStop-1] org.apache.catalina.startup.HostConfig.deployDirectory Deployment of web application directory /var/lib/tomcat/webapps/ROOT has finished in 122,600 ms
2021-01-08 10:44:51,706 INFO [localhost-startStop-1] org.apache.catalina.startup.HostConfig.deployDirectory Deploying web application directory /var/lib/tomcat/webapps/andguard
2021-01-08 10:44:52,910 INFO [localhost-startStop-1] org.apache.jasper.servlet.TldScanner.scanJars At least one JAR was scanned for TLDs yet contained no TLDs. Enable debug logging for this logger for a complete list of JARs that were scanned but no TLDs were found in them. Skipping unneeded JARs during scanning can improve startup time and JSP compilation time.
2021-01-08 10:44:52,912 INFO [localhost-startStop-1] org.apache.catalina.startup.HostConfig.deployDirectory Deployment of web application directory /var/lib/tomcat/webapps/andguard has finished in 1,206 ms
2021-01-08 10:44:52,912 INFO [localhost-startStop-1] org.apache.catalina.startup.HostConfig.deployDirectory Deploying web application directory /var/lib/tomcat/webapps/andphone
2021-01-08 10:45:06,808 INFO [localhost-startStop-1] org.apache.jasper.servlet.TldScanner.scanJars At least one JAR was scanned for TLDs yet contained no TLDs. Enable debug logging for this logger for a complete list of JARs that were scanned but no TLDs were found in them. Skipping unneeded JARs during scanning can improve startup time and JSP compilation time.
Loading class `com.mysql.jdbc.Driver'. This is deprecated. The new driver class is `com.mysql.cj.jdbc.Driver'. The driver is automatically registered via the SPI and manual loading of the driver class is generally unnecessary.
2021-01-08 10:45:12,609 SEVERE [localhost-startStop-1] com.avaje.ebean.config.PropertyMapLoader.load ebean.properties not found
2021-01-08 10:45:12,657 WARNING [localhost-startStop-1] com.avaje.ebeaninternal.server.core.DefaultServerFactory.checkDataSource DataSource [apas_db] has autoCommit defaulting to true!
2021-01-08 10:45:12,672 INFO [localhost-startStop-1] com.avaje.ebeaninternal.server.core.DefaultServerFactory.setDatabasePlatform DatabasePlatform name:apas_db platform:postgres
2021-01-08 10:45:12,693 INFO [localhost-startStop-1] com.avaje.ebeaninternal.server.subclass.SubClassManager$1.run SubClassFactory parent ClassLoader [org.apache.catalina.loader.WebappClassLoader]
2021-01-08 10:45:12,771 INFO [localhost-startStop-1] com.avaje.ebeaninternal.server.resource.ResourceManagerFactory.createFileSource ResourceManager initialised: type[file] [/usr/share/tomcat/webapps/ROOT/WEB-INF]
2021-01-08 10:45:13,012 WARNING [localhost-startStop-1] com.avaje.ebeaninternal.server.deploy.BeanDescriptorManager.setIdGeneration Bean [com.andtek.andphone.mcast2.impl.BroadcastParameter] has no unique id set
2021-01-08 10:45:13,057 INFO [localhost-startStop-1] com.avaje.ebeaninternal.server.deploy.BeanDescriptorManager.logStatus Entities enhanced[0] subclassed[7]
2021-01-08 10:45:16,639 WARNING [localhost-startStop-1] com.avaje.ebeaninternal.server.core.DefaultServerFactory.checkDataSource DataSource [db_apas] has autoCommit defaulting to true!
2021-01-08 10:45:16,641 INFO [localhost-startStop-1] com.avaje.ebeaninternal.server.core.DefaultServerFactory.setDatabasePlatform DatabasePlatform name:db_apas platform:postgres
2021-01-08 10:45:16,641 INFO [localhost-startStop-1] com.avaje.ebeaninternal.server.subclass.SubClassManager$1.run SubClassFactory parent ClassLoader [org.apache.catalina.loader.WebappClassLoader]
2021-01-08 10:45:16,643 INFO [localhost-startStop-1] com.avaje.ebeaninternal.server.resource.ResourceManagerFactory.createFileSource ResourceManager initialised: type[file] [/usr/share/tomcat/webapps/ROOT/WEB-INF]
2021-01-08 10:45:16,655 INFO [localhost-startStop-1] com.avaje.ebeaninternal.server.deploy.BeanDescriptorManager.logStatus Entities enhanced[0] subclassed[1]
2021-01-08 10:45:23,312 INFO [localhost-startStop-1] org.apache.catalina.startup.HostConfig.deployDirectory Deployment of web application directory /var/lib/tomcat/webapps/andphone has finished in 30,400 ms
2021-01-08 10:45:23,320 INFO [main] org.apache.coyote.AbstractProtocol.start Starting ProtocolHandler ["http-nio-8080"]
2021-01-08 10:45:23,330 INFO [main] org.apache.coyote.AbstractProtocol.start Starting ProtocolHandler ["http-nio-8443"]
2021-01-08 10:45:23,331 INFO [main] org.apache.catalina.startup.Catalina.start Server startup in 154296 ms
SSL ON
2021-01-08T10:45:43,873|INFO |APAS-JTAPIThread|de.dfki.lt.tools.tokenizer.JTok|loading language resources for de from jtok/de
2021-01-08T10:45:44,541|INFO |APAS-JTAPIThread|de.dfki.lt.tools.tokenizer.JTok|loading language resources for en from jtok/en
2021-01-08T10:45:47,700|INFO |APAS-JTAPIThread|de.dfki.lt.tools.tokenizer.JTok|loading language resources for en from jtok/en
