[2021-01-08 10:45:07,798] [INFO] [localhost-startStop-1] [Config.java:120] - #--------------------------------------------------------------
[2021-01-08 10:45:07,800] [INFO] [localhost-startStop-1] [Config.java:121] - Reading CONFIGURATION from DB
[2021-01-08 10:45:07,800] [INFO] [localhost-startStop-1] [Config.java:122] - #--------------------------------------------------------------
[2021-01-08 10:45:07,807] [INFO] [localhost-startStop-1] [Config.java:358] - APASBase is APAS_6.0.0a_LINUX_SEL7.3_x86-64
[2021-01-08 10:45:08,936] [INFO] [localhost-startStop-1] [Config.java:1166] - MIDLET: MIDLET_FILES_URI=/midlets, MIDLET_FILES_PATH=/var/lib/tomcat/webapps/andphone/midlets
[2021-01-08 10:45:08,938] [INFO] [localhost-startStop-1] [Config.java:1333] - Got parameter from perl config file: SNMP_trapcommunity = public
[2021-01-08 10:45:08,938] [INFO] [localhost-startStop-1] [Config.java:1333] - Got parameter from perl config file: SNMP_trapserver = 
[2021-01-08 10:45:09,469] [INFO] [localhost-startStop-1] [Config.java:1608] - Config in DB is currently: 
got version: global:6310

[2021-01-08 10:45:09,535] [INFO] [localhost-startStop-1] [Config.java:143] - CONFIGURATION created/read.
[2021-01-08 10:45:19,037] [INFO] [APAS-JTAPIThread] [JTAPIThread.java:330] - #--------------------------------------------------------------
[2021-01-08 10:45:19,041] [INFO] [APAS-JTAPIThread] [JTAPIThread.java:331] - # APAS START UP ...
[2021-01-08 10:45:19,042] [INFO] [APAS-JTAPIThread] [JTAPIThread.java:332] - #   Version: 6.3.1-13581
[2021-01-08 10:45:19,042] [INFO] [APAS-JTAPIThread] [JTAPIThread.java:333] - #--------------------------------------------------------------
[2021-01-08 10:45:19,271] [INFO] [APAS-JTAPIThread] [JTAPIThread.java:3571] - log directory is /var/log/apas
[2021-01-08 10:45:19,271] [INFO] [APAS-JTAPIThread] [JTAPIThread.java:3572] - keystore is /var/lib/tomcat/.keystore
[2021-01-08 10:45:19,350] [INFO] [APAS-JTAPIThread] [JTAPIThread.java:3584] - #--------------------------------------------------------------
[2021-01-08 10:45:19,350] [INFO] [APAS-JTAPIThread] [JTAPIThread.java:3585] - Initalizing JMF...
[2021-01-08 10:45:19,350] [INFO] [APAS-JTAPIThread] [JTAPIThread.java:3586] - #--------------------------------------------------------------
[2021-01-08 10:45:19,879] [INFO] [APAS-JTAPIThread] [JTAPIThread.java:3593] - #--------------------------------------------------------------
[2021-01-08 10:45:19,879] [INFO] [APAS-JTAPIThread] [JTAPIThread.java:3594] - Setting up syslog ...
[2021-01-08 10:45:19,879] [INFO] [APAS-JTAPIThread] [JTAPIThread.java:3595] - #--------------------------------------------------------------
[2021-01-08 10:45:20,588] [INFO] [APAS-JTAPIThread] [JTAPIThread.java:3624] - #--------------------------------------------------------------
[2021-01-08 10:45:20,588] [INFO] [APAS-JTAPIThread] [JTAPIThread.java:3625] - Performing database migration/Updating schema...
[2021-01-08 10:45:20,588] [INFO] [APAS-JTAPIThread] [JTAPIThread.java:3626] - #--------------------------------------------------------------
[2021-01-08 10:45:23,052] [INFO] [APAS-JTAPIThread] [ModuleDB.java:45] - Starting to migrate mcast database schema
[2021-01-08 10:45:23,230] [INFO] [APAS-JTAPIThread] [ModuleDB.java:48] - Starting to migrate recorder database schema
[2021-01-08 10:45:23,418] [FATAL] [APAS-JTAPIThread] [ModuleDB.java:42] - Failed to migrate or create the recorder database schema!
com.googlecode.flyway.core.api.FlywayException: Unable to determine URL for classpath location: com/andtek/andphone/recorder/migrations (ClassLoader: WebappClassLoader
  context: andphone
  delegate: false
----------> Parent Classloader:
java.net.URLClassLoader@515f550a
)
	at com.googlecode.flyway.core.util.scanner.classpath.ClassPathScanner.getLocationUrlsForPath(ClassPathScanner.java:179) ~[flyway-core-2.1.1.jar:?]
	at com.googlecode.flyway.core.util.scanner.classpath.ClassPathScanner.findResourceNames(ClassPathScanner.java:135) ~[flyway-core-2.1.1.jar:?]
	at com.googlecode.flyway.core.util.scanner.classpath.ClassPathScanner.scanForResources(ClassPathScanner.java:60) ~[flyway-core-2.1.1.jar:?]
	at com.googlecode.flyway.core.resolver.sql.SqlMigrationResolver.resolveMigrations(SqlMigrationResolver.java:90) ~[flyway-core-2.1.1.jar:?]
	at com.googlecode.flyway.core.resolver.CompositeMigrationResolver.collectMigrations(CompositeMigrationResolver.java:158) ~[flyway-core-2.1.1.jar:?]
	at com.googlecode.flyway.core.resolver.CompositeMigrationResolver.doFindAvailableMigrations(CompositeMigrationResolver.java:140) ~[flyway-core-2.1.1.jar:?]
	at com.googlecode.flyway.core.resolver.CompositeMigrationResolver.resolveMigrations(CompositeMigrationResolver.java:112) ~[flyway-core-2.1.1.jar:?]
	at com.googlecode.flyway.core.info.MigrationInfoServiceImpl.refresh(MigrationInfoServiceImpl.java:87) ~[flyway-core-2.1.1.jar:?]
	at com.googlecode.flyway.core.command.DbMigrate$1.doInTransaction(DbMigrate.java:144) ~[flyway-core-2.1.1.jar:?]
	at com.googlecode.flyway.core.command.DbMigrate$1.doInTransaction(DbMigrate.java:138) ~[flyway-core-2.1.1.jar:?]
	at com.googlecode.flyway.core.util.jdbc.TransactionTemplate.execute(TransactionTemplate.java:54) ~[flyway-core-2.1.1.jar:?]
	at com.googlecode.flyway.core.command.DbMigrate.migrate(DbMigrate.java:137) ~[flyway-core-2.1.1.jar:?]
	at com.googlecode.flyway.core.Flyway$1.execute(Flyway.java:862) ~[flyway-core-2.1.1.jar:?]
	at com.googlecode.flyway.core.Flyway$1.execute(Flyway.java:815) ~[flyway-core-2.1.1.jar:?]
	at com.googlecode.flyway.core.Flyway.execute(Flyway.java:1177) ~[flyway-core-2.1.1.jar:?]
	at com.googlecode.flyway.core.Flyway.migrate(Flyway.java:815) ~[flyway-core-2.1.1.jar:?]
	at com.andtek.andphone.utils.db.FlywayUtil.initModule(FlywayUtil.java:38) ~[classes/:?]
	at com.andtek.andphone.recorder.ModuleDB.internalCreate(ModuleDB.java:50) ~[classes/:?]
	at com.andtek.andphone.recorder.ModuleDB.create(ModuleDB.java:40) [classes/:?]
	at com.andtek.andphone.utils.ModuleDBUtils.createDB(ModuleDBUtils.java:977) [classes/:?]
	at com.andtek.andphone.JTAPIThread.loadConfig(JTAPIThread.java:3627) [classes/:?]
	at com.andtek.andphone.JTAPIThread.run(JTAPIThread.java:364) [classes/:?]
[2021-01-08 10:45:23,421] [INFO] [APAS-JTAPIThread] [ModuleDB.java:36] - Starting to migrate recordermgmt database schema
[2021-01-08 10:45:24,015] [INFO] [APAS-JTAPIThread] [ModuleDB.java:52] - Starting to migrate communicator database schema
[2021-01-08 10:45:28,514] [INFO] [APAS-JTAPIThread] [JTAPIThread.java:3628] - Database schema update done.
[2021-01-08 10:45:28,762] [INFO] [APAS-JTAPIThread] [Modules.java:1043] - Setting up default AXL server group
[2021-01-08 10:45:28,762] [INFO] [APAS-JTAPIThread] [JTAPIThread.java:3691] - #--------------------------------------------------------------
[2021-01-08 10:45:28,763] [INFO] [APAS-JTAPIThread] [JTAPIThread.java:3692] - Starting JTAPI updater thread...
[2021-01-08 10:45:28,763] [INFO] [APAS-JTAPIThread] [JTAPIThread.java:3693] - #--------------------------------------------------------------
[2021-01-08 10:45:28,765] [INFO] [APAS-JTAPIThread] [JTAPIThread.java:3696] - #--------------------------------------------------------------
[2021-01-08 10:45:28,765] [INFO] [APAS-JTAPIThread] [JTAPIThread.java:3697] - Initalizing AXL...
[2021-01-08 10:45:28,765] [INFO] [APAS-JTAPIThread] [JTAPIThread.java:3698] - #--------------------------------------------------------------
[2021-01-08 10:45:29,126] [INFO] [APAS-JTAPIThread] [JTAPIThread.java:3714] - #--------------------------------------------------------------
[2021-01-08 10:45:29,126] [INFO] [APAS-JTAPIThread] [JTAPIThread.java:3715] - Initalizing Group Module ...
[2021-01-08 10:45:29,126] [INFO] [APAS-JTAPIThread] [JTAPIThread.java:3716] - #--------------------------------------------------------------
[2021-01-08 10:45:29,128] [INFO] [APAS-JTAPIThread] [JTAPIThread.java:369] - #--------------------------------------------------------------
[2021-01-08 10:45:29,128] [INFO] [APAS-JTAPIThread] [JTAPIThread.java:370] - Reading blacklists ...
[2021-01-08 10:45:29,128] [INFO] [APAS-JTAPIThread] [JTAPIThread.java:371] - #--------------------------------------------------------------
[2021-01-08 10:45:29,130] [INFO] [APAS-JTAPIThread] [JTAPIThread.java:377] - Blacklist initialized
[2021-01-08 10:45:29,130] [INFO] [APAS-JTAPIThread] [JTAPIThread.java:380] - #--------------------------------------------------------------
[2021-01-08 10:45:29,131] [INFO] [APAS-JTAPIThread] [JTAPIThread.java:381] - Initializing modules ...
[2021-01-08 10:45:29,131] [INFO] [APAS-JTAPIThread] [JTAPIThread.java:382] - #--------------------------------------------------------------
[2021-01-08 10:45:29,206] [INFO] [APAS-JTAPIThread] [Modules.java:1043] - Initialization of module global
[2021-01-08 10:45:29,314] [INFO] [APAS-JTAPIThread] [Modules.java:1043] - Setting up authentication servers
[2021-01-08 10:45:29,327] [INFO] [APAS-JTAPIThread] [Modules.java:1043] - Loading monitor servers from DB
[2021-01-08 10:45:29,329] [INFO] [APAS-JTAPIThread] [Modules.java:1043] - Loading pools from DB
[2021-01-08 10:45:29,334] [INFO] [APAS-JTAPIThread] [Modules.java:1043] - Loading schedules from DB
[2021-01-08 10:45:29,335] [INFO] [APAS-JTAPIThread] [Modules.java:1043] - Loading regexs from DB
[2021-01-08 10:45:29,336] [INFO] [APAS-JTAPIThread] [Modules.java:1043] - Loading locales from DB
[2021-01-08 10:45:29,338] [INFO] [APAS-JTAPIThread] [Modules.java:1043] - Loading AD authentication info from DB
[2021-01-08 10:45:29,339] [INFO] [APAS-JTAPIThread] [Modules.java:1043] - Setting up firewall rules
[2021-01-08 10:45:29,389] [INFO] [APAS-JTAPIThread] [Modules.java:1043] - Cleanup support directory
[2021-01-08 10:45:29,390] [INFO] [APAS-JTAPIThread] [Modules.java:1043] - Starting SNMP Agent
[2021-01-08 10:45:29,684] [INFO] [APAS-JTAPIThread] [Modules.java:1043] - Initialization of module global done.
[2021-01-08 10:45:29,684] [INFO] [APAS-JTAPIThread] [Modules.java:1043] - Initialization of module lockout
[2021-01-08 10:45:29,722] [INFO] [APAS-JTAPIThread] [Modules.java:1043] - Initialization of module lockout done.
[2021-01-08 10:45:29,722] [INFO] [APAS-JTAPIThread] [Modules.java:1043] - Initialization of module partner
[2021-01-08 10:45:29,725] [INFO] [APAS-JTAPIThread] [Modules.java:1043] - Initialization of module partner done.
[2021-01-08 10:45:29,726] [INFO] [APAS-JTAPIThread] [Modules.java:1043] - Initialization of module ldap
[2021-01-08 10:45:29,728] [INFO] [APAS-JTAPIThread] [Modules.java:1043] - Initialization of module ldap done.
[2021-01-08 10:45:29,728] [INFO] [APAS-JTAPIThread] [Modules.java:1043] - Initialization of module mcast
[2021-01-08 10:45:29,728] [INFO] [APAS-JTAPIThread] [Modules.java:1043] - Initialization of module mcast done.
[2021-01-08 10:45:29,729] [INFO] [APAS-JTAPIThread] [Modules.java:1043] - Initialization of module recorder
[2021-01-08 10:45:29,955] [INFO] [APAS-JTAPIThread] [Modules.java:1043] - Initialization of module recorder done.
[2021-01-08 10:45:29,955] [INFO] [APAS-JTAPIThread] [Modules.java:1043] - Initialization of module recordermgmt
[2021-01-08 10:45:29,994] [INFO] [APAS-JTAPIThread] [Modules.java:1043] - Initialization of module recordermgmt done.
[2021-01-08 10:45:29,995] [INFO] [APAS-JTAPIThread] [Modules.java:1043] - Initialization of module client
[2021-01-08 10:45:29,995] [INFO] [APAS-JTAPIThread] [Modules.java:1043] - Initialization of module client done.
[2021-01-08 10:45:29,995] [INFO] [APAS-JTAPIThread] [Modules.java:1043] - Initialization of module dialer
[2021-01-08 10:45:29,995] [INFO] [APAS-JTAPIThread] [Modules.java:1043] - Initialization of module dialer done.
[2021-01-08 10:45:29,995] [INFO] [APAS-JTAPIThread] [Modules.java:1043] - Initialization of module observer
[2021-01-08 10:45:29,995] [INFO] [APAS-JTAPIThread] [Modules.java:1043] - Initialization of module observer done.
[2021-01-08 10:45:29,995] [INFO] [APAS-JTAPIThread] [Modules.java:1043] - Initialization of module testing
[2021-01-08 10:45:29,995] [INFO] [APAS-JTAPIThread] [Modules.java:1043] - Initialization of module testing done.
[2021-01-08 10:45:29,995] [INFO] [APAS-JTAPIThread] [Modules.java:1043] - Initialization of module settings
[2021-01-08 10:45:29,999] [INFO] [APAS-JTAPIThread] [Modules.java:1043] - Initialization of module settings done.
[2021-01-08 10:45:29,999] [INFO] [APAS-JTAPIThread] [Modules.java:1043] - Initialization of module attendant
[2021-01-08 10:45:29,999] [INFO] [APAS-JTAPIThread] [Modules.java:1043] - Initialization of module attendant done.
[2021-01-08 10:45:29,999] [INFO] [APAS-JTAPIThread] [Modules.java:1043] - Initialization of module io
[2021-01-08 10:45:29,999] [INFO] [APAS-JTAPIThread] [Modules.java:1043] - Initialization of module io done.
[2021-01-08 10:45:29,999] [INFO] [APAS-JTAPIThread] [Modules.java:1043] - Initialization of module blacklist
[2021-01-08 10:45:30,000] [INFO] [APAS-JTAPIThread] [Modules.java:1043] - Initialization of module blacklist done.
[2021-01-08 10:45:30,000] [INFO] [APAS-JTAPIThread] [Modules.java:1043] - Initialization of module provisioning
[2021-01-08 10:45:31,448] [INFO] [APAS-JTAPIThread] [Modules.java:1043] - Initialization of module provisioning done.
[2021-01-08 10:45:31,448] [INFO] [APAS-JTAPIThread] [Modules.java:1043] - Initialization of module monitoring
[2021-01-08 10:45:31,448] [INFO] [APAS-JTAPIThread] [Modules.java:1043] - Initialization of module monitoring done.
[2021-01-08 10:45:31,448] [INFO] [APAS-JTAPIThread] [Modules.java:1043] - Initialization of module apps
[2021-01-08 10:45:31,449] [INFO] [APAS-JTAPIThread] [Modules.java:1043] - Initialization of module apps done.
[2021-01-08 10:45:31,449] [INFO] [APAS-JTAPIThread] [Modules.java:1043] - Initialization of module desktop
[2021-01-08 10:45:31,449] [INFO] [APAS-JTAPIThread] [Modules.java:1043] - Initialization of module desktop done.
[2021-01-08 10:45:31,449] [INFO] [APAS-JTAPIThread] [Modules.java:1043] - Initialization of module groupma
[2021-01-08 10:45:31,449] [INFO] [APAS-JTAPIThread] [Modules.java:1043] - Initialization of module groupma done.
[2021-01-08 10:45:31,449] [INFO] [APAS-JTAPIThread] [Modules.java:1043] - Initialization of module dect
[2021-01-08 10:45:31,449] [INFO] [APAS-JTAPIThread] [Modules.java:1043] - Initialization of module dect done.
[2021-01-08 10:45:31,449] [INFO] [APAS-JTAPIThread] [Modules.java:1043] - Initialization of module highavailability
[2021-01-08 10:45:31,482] [INFO] [APAS-JTAPIThread] [Modules.java:1043] - Initialization of module highavailability done.
[2021-01-08 10:45:31,482] [INFO] [APAS-JTAPIThread] [Modules.java:1043] - Initialization of module callrouting
[2021-01-08 10:45:31,493] [INFO] [APAS-JTAPIThread] [Modules.java:1043] - Initialization of module callrouting done.
[2021-01-08 10:45:31,493] [INFO] [APAS-JTAPIThread] [Modules.java:1043] - Initialization of module communicator
[2021-01-08 10:45:31,628] [INFO] [APAS-JTAPIThread] [Modules.java:1043] - Initialization of module communicator done.
[2021-01-08 10:45:31,628] [INFO] [APAS-JTAPIThread] [Modules.java:1043] - Initialization of module groupacd
[2021-01-08 10:45:31,749] [INFO] [APAS-JTAPIThread] [Modules.java:1043] - Initialization of module groupacd done.
[2021-01-08 10:45:31,749] [INFO] [APAS-JTAPIThread] [Modules.java:1043] - Initialization of module ivr
[2021-01-08 10:45:31,749] [INFO] [APAS-JTAPIThread] [Modules.java:1043] - Initialization of module ivr done.
[2021-01-08 10:45:31,749] [INFO] [APAS-JTAPIThread] [Modules.java:1043] - Initialization of module reports
[2021-01-08 10:45:31,754] [INFO] [APAS-JTAPIThread] [Modules.java:1043] - Initialization of module reports done.
[2021-01-08 10:45:31,754] [INFO] [APAS-JTAPIThread] [Modules.java:1043] - Initialization of module phonemenu
[2021-01-08 10:45:31,756] [INFO] [APAS-JTAPIThread] [Modules.java:1043] - Initialization of module phonemenu done.
[2021-01-08 10:45:31,756] [INFO] [APAS-JTAPIThread] [Modules.java:1043] - Initialization of module calllist
[2021-01-08 10:45:31,757] [INFO] [APAS-JTAPIThread] [Modules.java:1043] - Initialization of module calllist done.
[2021-01-08 10:45:31,757] [INFO] [APAS-JTAPIThread] [Modules.java:1043] - Initialization of module inout
[2021-01-08 10:45:31,757] [INFO] [APAS-JTAPIThread] [Modules.java:1043] - Initialization of module inout done.
[2021-01-08 10:45:31,757] [INFO] [APAS-JTAPIThread] [Modules.java:1043] - Initialization of module reserved
[2021-01-08 10:45:31,757] [INFO] [APAS-JTAPIThread] [Modules.java:1043] - Initialization of module reserved done.
[2021-01-08 10:45:31,757] [INFO] [APAS-JTAPIThread] [Modules.java:1043] - Initialization of module andmobile
[2021-01-08 10:45:31,758] [INFO] [APAS-JTAPIThread] [Modules.java:1043] - Initialization of module andmobile done.
[2021-01-08 10:45:31,758] [INFO] [APAS-JTAPIThread] [Modules.java:1043] - Initialization of module swus
[2021-01-08 10:45:31,758] [INFO] [APAS-JTAPIThread] [Modules.java:1043] - Initialization of module swus done.
[2021-01-08 10:45:31,758] [INFO] [APAS-JTAPIThread] [Modules.java:1043] - Initialization of module desktopctd
[2021-01-08 10:45:31,758] [INFO] [APAS-JTAPIThread] [Modules.java:1043] - Initialization of module desktopctd done.
[2021-01-08 10:45:31,758] [INFO] [APAS-JTAPIThread] [Modules.java:1043] - Initialization of module desktopcti
[2021-01-08 10:45:31,758] [INFO] [APAS-JTAPIThread] [Modules.java:1043] - Initialization of module desktopcti done.
[2021-01-08 10:45:31,758] [INFO] [APAS-JTAPIThread] [Modules.java:1043] - Initialization of module desktopac
[2021-01-08 10:45:31,758] [INFO] [APAS-JTAPIThread] [Modules.java:1043] - Initialization of module desktopac done.
[2021-01-08 10:45:31,758] [INFO] [APAS-JTAPIThread] [Modules.java:1043] - Initialization of module recorderha
[2021-01-08 10:45:31,758] [INFO] [APAS-JTAPIThread] [Modules.java:1043] - Initialization of module recorderha done.
[2021-01-08 10:45:31,759] [INFO] [APAS-JTAPIThread] [Modules.java:1043] - Initialization of module base
[2021-01-08 10:45:31,759] [INFO] [APAS-JTAPIThread] [Modules.java:1043] - Initialization of module base done.
[2021-01-08 10:45:31,759] [INFO] [APAS-JTAPIThread] [Modules.java:1043] - Initialization of module metadirectory
[2021-01-08 10:45:31,761] [INFO] [APAS-JTAPIThread] [Modules.java:1043] - Initialization of module metadirectory done.
[2021-01-08 10:45:31,761] [INFO] [APAS-JTAPIThread] [Modules.java:1043] - Initialization of module webclient
[2021-01-08 10:45:31,762] [INFO] [APAS-JTAPIThread] [Modules.java:1043] - Initialization of module webclient done.
[2021-01-08 10:45:31,762] [INFO] [APAS-JTAPIThread] [Modules.java:1043] - Initialization of module midlet
[2021-01-08 10:45:31,762] [INFO] [APAS-JTAPIThread] [Modules.java:1043] - Initialization of module midlet done.
[2021-01-08 10:45:31,762] [INFO] [APAS-JTAPIThread] [Modules.java:1043] - Initialization of module presence
[2021-01-08 10:45:31,768] [INFO] [APAS-JTAPIThread] [Modules.java:1043] - Initialization of module presence done.
[2021-01-08 10:45:31,768] [INFO] [APAS-JTAPIThread] [Modules.java:1043] - Initialization of module desktopcc
[2021-01-08 10:45:31,768] [INFO] [APAS-JTAPIThread] [Modules.java:1043] - Initialization of module desktopcc done.
[2021-01-08 10:45:31,768] [INFO] [APAS-JTAPIThread] [Modules.java:1043] - Initialization of module desktopsv
[2021-01-08 10:45:31,768] [INFO] [APAS-JTAPIThread] [Modules.java:1043] - Initialization of module desktopsv done.
[2021-01-08 10:45:31,768] [INFO] [APAS-JTAPIThread] [Modules.java:1043] - Initialization of module android
[2021-01-08 10:45:31,769] [INFO] [APAS-JTAPIThread] [Modules.java:1043] - Initialization of module android done.
[2021-01-08 10:45:31,769] [INFO] [APAS-JTAPIThread] [Modules.java:1043] - Initialization of module directorylight
[2021-01-08 10:45:31,769] [INFO] [APAS-JTAPIThread] [Modules.java:1043] - Initialization of module directorylight done.
[2021-01-08 10:45:31,769] [INFO] [APAS-JTAPIThread] [Modules.java:1043] - Initialization of module andguard
[2021-01-08 10:45:32,063] [INFO] [APAS-JTAPIThread] [Modules.java:1043] - Initialization of module andguard done.
[2021-01-08 10:45:32,063] [INFO] [APAS-JTAPIThread] [Modules.java:1043] - Initialization of module andguardredirect
[2021-01-08 10:45:32,063] [INFO] [APAS-JTAPIThread] [Modules.java:1043] - Initialization of module andguardredirect done.
[2021-01-08 10:45:32,063] [INFO] [APAS-JTAPIThread] [Modules.java:1043] - Initialization of module andguardlockout
[2021-01-08 10:45:32,063] [INFO] [APAS-JTAPIThread] [Modules.java:1043] - Initialization of module andguardlockout done.
[2021-01-08 10:45:32,063] [INFO] [APAS-JTAPIThread] [Modules.java:1043] - Initialization of module andguardwhitelist
[2021-01-08 10:45:32,064] [INFO] [APAS-JTAPIThread] [Modules.java:1043] - Initialization of module andguardwhitelist done.
[2021-01-08 10:45:32,064] [INFO] [APAS-JTAPIThread] [Modules.java:1043] - Initialization of module webattendant
[2021-01-08 10:45:32,066] [INFO] [APAS-JTAPIThread] [Modules.java:1043] - Initialization of module webattendant done.
[2021-01-08 10:45:32,067] [INFO] [APAS-JTAPIThread] [Modules.java:1043] - Initialization of module emergencymapping
[2021-01-08 10:45:32,067] [INFO] [APAS-JTAPIThread] [Modules.java:1043] - Initialization of module emergencymapping done.
[2021-01-08 10:45:32,067] [INFO] [APAS-JTAPIThread] [JTAPIThread.java:384] - Modules initialized.
[2021-01-08 10:45:32,067] [INFO] [APAS-JTAPIThread] [JTAPIThread.java:387] - #--------------------------------------------------------------
[2021-01-08 10:45:32,067] [INFO] [APAS-JTAPIThread] [JTAPIThread.java:388] - RRD setup for all modules ...
[2021-01-08 10:45:32,067] [INFO] [APAS-JTAPIThread] [JTAPIThread.java:389] - #--------------------------------------------------------------
[2021-01-08 10:45:32,135] [INFO] [APAS-JTAPIThread] [JTAPIThread.java:391] - RRD initialized.
[2021-01-08 10:45:32,135] [INFO] [APAS-JTAPIThread] [JTAPIThread.java:394] - #--------------------------------------------------------------
[2021-01-08 10:45:32,136] [INFO] [APAS-JTAPIThread] [JTAPIThread.java:395] - Initializing JTAPI ...
[2021-01-08 10:45:32,136] [INFO] [APAS-JTAPIThread] [JTAPIThread.java:396] - #--------------------------------------------------------------
[2021-01-08 10:45:32,228] [INFO] [APAS-JTAPIThread] [JTAPIThread.java:2625] - Opening 10.51.51.34;login=FTOTH_APAS2;passwd=XXXXXX;appinfo=ANDPhone;InstanceID=andphone1...
[2021-01-08 10:45:32,416] [INFO] [APAS-JTAPIThread] [JTAPIThread.java:2637] - Enabled JTAPI support for hunt list
[2021-01-08 10:45:33,044] [INFO] [APAS-JTAPIThread] [JTAPIThread.java:2665] - initJtapi(): starting
[2021-01-08 10:45:33,049] [INFO] [APAS-JTAPIThread] [JTAPIThread.java:2672] - Provider name: 10.51.51.34

[2021-01-08 10:45:33,102] [INFO] [APAS-JTAPIThread] [Modules.java:1043] - Initializing DeviceListX cache and executing ScanForNewDevices.
[2021-01-08 10:45:43,112] [INFO] [APAS-JTAPIThread] [Modules.java:1043] - JTAPI initialization of module global
[2021-01-08 10:45:43,112] [INFO] [APAS-JTAPIThread] [Modules.java:1043] - JTAPI initialization of module global done.
[2021-01-08 10:45:43,112] [INFO] [APAS-JTAPIThread] [Modules.java:1043] - JTAPI initialization of module lockout
[2021-01-08 10:45:43,112] [INFO] [APAS-JTAPIThread] [Modules.java:1043] - JTAPI initialization of module lockout done.
[2021-01-08 10:45:43,112] [INFO] [APAS-JTAPIThread] [Modules.java:1043] - JTAPI initialization of module partner
[2021-01-08 10:45:43,113] [INFO] [APAS-JTAPIThread] [Modules.java:1043] - initJTAPI - initializing Manager RPs and Group RPs
[2021-01-08 10:45:43,114] [INFO] [APAS-JTAPIThread] [Modules.java:1043] - initJTAPI - initializing Group Members
[2021-01-08 10:45:43,116] [INFO] [APAS-JTAPIThread] [Modules.java:1043] - JTAPI initialization of module partner done.
[2021-01-08 10:45:43,116] [INFO] [APAS-JTAPIThread] [Modules.java:1043] - JTAPI initialization of module ldap
[2021-01-08 10:45:43,120] [INFO] [APAS-JTAPIThread] [Modules.java:1043] - JTAPI initialization of module ldap done.
[2021-01-08 10:45:43,120] [INFO] [APAS-JTAPIThread] [Modules.java:1043] - JTAPI initialization of module mcast
[2021-01-08 10:45:43,123] [INFO] [APAS-JTAPIThread] [Modules.java:1043] - JTAPI initialization of module mcast done.
[2021-01-08 10:45:43,123] [INFO] [APAS-JTAPIThread] [Modules.java:1043] - JTAPI initialization of module recorder
[2021-01-08 10:45:43,208] [INFO] [APAS-JTAPIThread] [Modules.java:1043] - JTAPI initialization of module recorder done.
[2021-01-08 10:45:43,208] [INFO] [APAS-JTAPIThread] [Modules.java:1043] - JTAPI initialization of module recordermgmt
[2021-01-08 10:45:43,208] [INFO] [APAS-JTAPIThread] [Modules.java:1043] - JTAPI initialization of module recordermgmt done.
[2021-01-08 10:45:43,208] [INFO] [APAS-JTAPIThread] [Modules.java:1043] - JTAPI initialization of module client
[2021-01-08 10:45:43,208] [INFO] [APAS-JTAPIThread] [Modules.java:1043] - JTAPI initialization of module client done.
[2021-01-08 10:45:43,208] [INFO] [APAS-JTAPIThread] [Modules.java:1043] - JTAPI initialization of module dialer
[2021-01-08 10:45:43,208] [INFO] [APAS-JTAPIThread] [Modules.java:1043] - JTAPI initialization of module dialer done.
[2021-01-08 10:45:43,208] [INFO] [APAS-JTAPIThread] [Modules.java:1043] - JTAPI initialization of module observer
[2021-01-08 10:45:43,209] [INFO] [APAS-JTAPIThread] [Modules.java:1043] - JTAPI initialization of module observer done.
[2021-01-08 10:45:43,209] [INFO] [APAS-JTAPIThread] [Modules.java:1043] - JTAPI initialization of module testing
[2021-01-08 10:45:43,209] [INFO] [APAS-JTAPIThread] [Modules.java:1043] - JTAPI initialization of module testing done.
[2021-01-08 10:45:43,209] [INFO] [APAS-JTAPIThread] [Modules.java:1043] - JTAPI initialization of module settings
[2021-01-08 10:45:43,209] [INFO] [APAS-JTAPIThread] [Modules.java:1043] - JTAPI initialization of module settings done.
[2021-01-08 10:45:43,209] [INFO] [APAS-JTAPIThread] [Modules.java:1043] - JTAPI initialization of module attendant
[2021-01-08 10:45:43,209] [INFO] [APAS-JTAPIThread] [Modules.java:1043] - JTAPI initialization of module attendant done.
[2021-01-08 10:45:43,209] [INFO] [APAS-JTAPIThread] [Modules.java:1043] - JTAPI initialization of module io
[2021-01-08 10:45:43,209] [INFO] [APAS-JTAPIThread] [Modules.java:1043] - JTAPI initialization of module io done.
[2021-01-08 10:45:43,209] [INFO] [APAS-JTAPIThread] [Modules.java:1043] - JTAPI initialization of module blacklist
[2021-01-08 10:45:43,220] [INFO] [APAS-JTAPIThread] [Modules.java:1043] - JTAPI initialization of module blacklist done.
[2021-01-08 10:45:43,220] [INFO] [APAS-JTAPIThread] [Modules.java:1043] - JTAPI initialization of module provisioning
[2021-01-08 10:45:43,221] [INFO] [APAS-JTAPIThread] [Modules.java:1043] - JTAPI initialization of module provisioning done.
[2021-01-08 10:45:43,221] [INFO] [APAS-JTAPIThread] [Modules.java:1043] - JTAPI initialization of module monitoring
[2021-01-08 10:45:43,221] [INFO] [APAS-JTAPIThread] [Modules.java:1043] - JTAPI initialization of module monitoring done.
[2021-01-08 10:45:43,221] [INFO] [APAS-JTAPIThread] [Modules.java:1043] - JTAPI initialization of module apps
[2021-01-08 10:45:43,221] [INFO] [APAS-JTAPIThread] [Modules.java:1043] - JTAPI initialization of module apps done.
[2021-01-08 10:45:43,221] [INFO] [APAS-JTAPIThread] [Modules.java:1043] - JTAPI initialization of module desktop
[2021-01-08 10:45:43,221] [INFO] [APAS-JTAPIThread] [Modules.java:1043] - JTAPI initialization of module desktop done.
[2021-01-08 10:45:43,221] [INFO] [APAS-JTAPIThread] [Modules.java:1043] - JTAPI initialization of module groupma
[2021-01-08 10:45:43,221] [INFO] [APAS-JTAPIThread] [Modules.java:1043] - JTAPI initialization of module groupma done.
[2021-01-08 10:45:43,222] [INFO] [APAS-JTAPIThread] [Modules.java:1043] - JTAPI initialization of module dect
[2021-01-08 10:45:43,222] [INFO] [APAS-JTAPIThread] [Modules.java:1043] - JTAPI initialization of module dect done.
[2021-01-08 10:45:43,222] [INFO] [APAS-JTAPIThread] [Modules.java:1043] - JTAPI initialization of module highavailability
[2021-01-08 10:45:43,222] [INFO] [APAS-JTAPIThread] [Modules.java:1043] - JTAPI initialization of module highavailability done.
[2021-01-08 10:45:43,222] [INFO] [APAS-JTAPIThread] [Modules.java:1043] - JTAPI initialization of module callrouting
[2021-01-08 10:45:43,232] [ERROR] [APAS-JTAPIThread] [Modules.java:769] - Exception while initializing JTAPI for module callrouting
com.cisco.jtapi.InvalidArgumentExceptionImpl: Terminal  is not in provider's domain.
	at com.cisco.jtapi.ProviderImpl.getTerminal(CTQF) ~[jtapi.jar:11.5(1.10000)-1 Release]
	at com.andtek.andphone.ccm.AndtekProvider.getTerminal(AndtekProvider.java:500) ~[classes/:?]
	at com.andtek.andphone.ccm.CCMPhone.getTerminal(CCMPhone.java:1989) ~[classes/:?]
	at com.andtek.andphone.callrouting.CTIPortObserver.observe(CTIPortObserver.java:164) ~[classes/:?]
	at com.andtek.andphone.callrouting.Module.initJTAPI(Module.java:677) ~[classes/:?]
	at com.andtek.andphone.utils.Modules.initJTAPI(Modules.java:765) [classes/:?]
	at com.andtek.andphone.utils.Modules.initJTAPI(Modules.java:750) [classes/:?]
	at com.andtek.andphone.JTAPIThread.doInitJtapi(JTAPIThread.java:2784) [classes/:?]
	at com.andtek.andphone.JTAPIThread.initJtapi(JTAPIThread.java:2537) [classes/:?]
	at com.andtek.andphone.JTAPIThread.run(JTAPIThread.java:397) [classes/:?]
[2021-01-08 10:45:43,233] [INFO] [APAS-JTAPIThread] [Modules.java:1043] - JTAPI initialization of module callrouting done.
[2021-01-08 10:45:43,233] [INFO] [APAS-JTAPIThread] [Modules.java:1043] - JTAPI initialization of module communicator
[2021-01-08 10:45:43,234] [ERROR] [APAS-JTAPIThread] [Modules.java:769] - Exception while initializing JTAPI for module communicator
com.cisco.jtapi.InvalidArgumentExceptionImpl: Terminal APH_RP_COMM is not in provider's domain.
	at com.cisco.jtapi.ProviderImpl.getTerminal(CTQF) ~[jtapi.jar:11.5(1.10000)-1 Release]
	at com.andtek.andphone.ccm.AndtekProvider.getTerminal(AndtekProvider.java:500) ~[classes/:?]
	at com.andtek.andphone.communicator.Module.setupRouteCallBack(Module.java:437) ~[classes/:?]
	at com.andtek.andphone.communicator.Module.initJTAPI(Module.java:718) ~[classes/:?]
	at com.andtek.andphone.utils.Modules.initJTAPI(Modules.java:765) [classes/:?]
	at com.andtek.andphone.utils.Modules.initJTAPI(Modules.java:750) [classes/:?]
	at com.andtek.andphone.JTAPIThread.doInitJtapi(JTAPIThread.java:2784) [classes/:?]
	at com.andtek.andphone.JTAPIThread.initJtapi(JTAPIThread.java:2537) [classes/:?]
	at com.andtek.andphone.JTAPIThread.run(JTAPIThread.java:397) [classes/:?]
[2021-01-08 10:45:43,235] [INFO] [APAS-JTAPIThread] [Modules.java:1043] - JTAPI initialization of module communicator done.
[2021-01-08 10:45:43,235] [INFO] [APAS-JTAPIThread] [Modules.java:1043] - JTAPI initialization of module groupacd
[2021-01-08 10:45:43,240] [INFO] [APAS-JTAPIThread] [Modules.java:1043] - JTAPI initialization of module groupacd done.
[2021-01-08 10:45:43,240] [INFO] [APAS-JTAPIThread] [Modules.java:1043] - JTAPI initialization of module ivr
[2021-01-08 10:45:43,240] [INFO] [APAS-JTAPIThread] [Modules.java:1043] - JTAPI initialization of module ivr done.
[2021-01-08 10:45:43,240] [INFO] [APAS-JTAPIThread] [Modules.java:1043] - JTAPI initialization of module reports
[2021-01-08 10:45:43,240] [INFO] [APAS-JTAPIThread] [Modules.java:1043] - JTAPI initialization of module reports done.
[2021-01-08 10:45:43,240] [INFO] [APAS-JTAPIThread] [Modules.java:1043] - JTAPI initialization of module phonemenu
[2021-01-08 10:45:43,241] [ERROR] [APAS-JTAPIThread] [Modules.java:769] - Exception while initializing JTAPI for module phonemenu
com.cisco.jtapi.InvalidArgumentExceptionImpl: Terminal APH_RP_MENU is not in provider's domain.
	at com.cisco.jtapi.ProviderImpl.getTerminal(CTQF) ~[jtapi.jar:11.5(1.10000)-1 Release]
	at com.andtek.andphone.ccm.AndtekProvider.getTerminal(AndtekProvider.java:500) ~[classes/:?]
	at com.andtek.andphone.phonemenu.Module.initJTAPI(Module.java:52) ~[classes/:?]
	at com.andtek.andphone.utils.Modules.initJTAPI(Modules.java:765) [classes/:?]
	at com.andtek.andphone.utils.Modules.initJTAPI(Modules.java:750) [classes/:?]
	at com.andtek.andphone.JTAPIThread.doInitJtapi(JTAPIThread.java:2784) [classes/:?]
	at com.andtek.andphone.JTAPIThread.initJtapi(JTAPIThread.java:2537) [classes/:?]
	at com.andtek.andphone.JTAPIThread.run(JTAPIThread.java:397) [classes/:?]
[2021-01-08 10:45:43,241] [INFO] [APAS-JTAPIThread] [Modules.java:1043] - JTAPI initialization of module phonemenu done.
[2021-01-08 10:45:43,241] [INFO] [APAS-JTAPIThread] [Modules.java:1043] - JTAPI initialization of module calllist
[2021-01-08 10:45:43,241] [INFO] [APAS-JTAPIThread] [Modules.java:1043] - JTAPI initialization of module calllist done.
[2021-01-08 10:45:43,241] [INFO] [APAS-JTAPIThread] [Modules.java:1043] - JTAPI initialization of module inout
[2021-01-08 10:45:43,242] [INFO] [APAS-JTAPIThread] [Modules.java:1043] - JTAPI initialization of module inout done.
[2021-01-08 10:45:43,242] [INFO] [APAS-JTAPIThread] [Modules.java:1043] - JTAPI initialization of module reserved
[2021-01-08 10:45:43,242] [INFO] [APAS-JTAPIThread] [Modules.java:1043] - JTAPI initialization of module reserved done.
[2021-01-08 10:45:43,242] [INFO] [APAS-JTAPIThread] [Modules.java:1043] - JTAPI initialization of module andmobile
[2021-01-08 10:45:43,246] [ERROR] [APAS-JTAPIThread] [Modules.java:769] - Exception while initializing JTAPI for module andmobile
com.cisco.jtapi.InvalidArgumentExceptionImpl: Terminal APH_CP_MOBILE is not in provider's domain.
	at com.cisco.jtapi.ProviderImpl.getTerminal(CTQF) ~[jtapi.jar:11.5(1.10000)-1 Release]
	at com.andtek.andphone.ccm.AndtekProvider.getTerminal(AndtekProvider.java:500) ~[classes/:?]
	at com.andtek.andphone.ccm.CCMPhone.getTerminal(CCMPhone.java:1989) ~[classes/:?]
	at com.andtek.andphone.andmobile.CTIPortObserver.observe(CTIPortObserver.java:185) ~[classes/:?]
	at com.andtek.andphone.andmobile.Module.initJTAPI(Module.java:108) ~[classes/:?]
	at com.andtek.andphone.utils.Modules.initJTAPI(Modules.java:765) [classes/:?]
	at com.andtek.andphone.utils.Modules.initJTAPI(Modules.java:750) [classes/:?]
	at com.andtek.andphone.JTAPIThread.doInitJtapi(JTAPIThread.java:2784) [classes/:?]
	at com.andtek.andphone.JTAPIThread.initJtapi(JTAPIThread.java:2537) [classes/:?]
	at com.andtek.andphone.JTAPIThread.run(JTAPIThread.java:397) [classes/:?]
[2021-01-08 10:45:43,246] [INFO] [APAS-JTAPIThread] [Modules.java:1043] - JTAPI initialization of module andmobile done.
[2021-01-08 10:45:43,246] [INFO] [APAS-JTAPIThread] [Modules.java:1043] - JTAPI initialization of module swus
[2021-01-08 10:45:43,246] [INFO] [APAS-JTAPIThread] [Modules.java:1043] - JTAPI initialization of module swus done.
[2021-01-08 10:45:43,247] [INFO] [APAS-JTAPIThread] [Modules.java:1043] - JTAPI initialization of module desktopctd
[2021-01-08 10:45:43,247] [INFO] [APAS-JTAPIThread] [Modules.java:1043] - JTAPI initialization of module desktopctd done.
[2021-01-08 10:45:43,247] [INFO] [APAS-JTAPIThread] [Modules.java:1043] - JTAPI initialization of module desktopcti
[2021-01-08 10:45:43,247] [INFO] [APAS-JTAPIThread] [Modules.java:1043] - JTAPI initialization of module desktopcti done.
[2021-01-08 10:45:43,247] [INFO] [APAS-JTAPIThread] [Modules.java:1043] - JTAPI initialization of module desktopac
[2021-01-08 10:45:43,247] [INFO] [APAS-JTAPIThread] [Modules.java:1043] - JTAPI initialization of module desktopac done.
[2021-01-08 10:45:43,247] [INFO] [APAS-JTAPIThread] [Modules.java:1043] - JTAPI initialization of module recorderha
[2021-01-08 10:45:43,248] [INFO] [APAS-JTAPIThread] [Modules.java:1043] - JTAPI initialization of module recorderha done.
[2021-01-08 10:45:43,248] [INFO] [APAS-JTAPIThread] [Modules.java:1043] - JTAPI initialization of module base
[2021-01-08 10:45:43,248] [INFO] [APAS-JTAPIThread] [Modules.java:1043] - JTAPI initialization of module base done.
[2021-01-08 10:45:43,248] [INFO] [APAS-JTAPIThread] [Modules.java:1043] - JTAPI initialization of module metadirectory
[2021-01-08 10:45:43,248] [INFO] [APAS-JTAPIThread] [Modules.java:1043] - JTAPI initialization of module metadirectory done.
[2021-01-08 10:45:43,248] [INFO] [APAS-JTAPIThread] [Modules.java:1043] - JTAPI initialization of module webclient
[2021-01-08 10:45:43,249] [INFO] [APAS-JTAPIThread] [Modules.java:1043] - JTAPI initialization of module webclient done.
[2021-01-08 10:45:43,249] [INFO] [APAS-JTAPIThread] [Modules.java:1043] - JTAPI initialization of module midlet
[2021-01-08 10:45:43,249] [INFO] [APAS-JTAPIThread] [Modules.java:1043] - JTAPI initialization of module midlet done.
[2021-01-08 10:45:43,249] [INFO] [APAS-JTAPIThread] [Modules.java:1043] - JTAPI initialization of module presence
[2021-01-08 10:45:43,249] [INFO] [APAS-JTAPIThread] [Modules.java:1043] - JTAPI initialization of module presence done.
[2021-01-08 10:45:43,250] [INFO] [APAS-JTAPIThread] [Modules.java:1043] - JTAPI initialization of module desktopcc
[2021-01-08 10:45:43,250] [INFO] [APAS-JTAPIThread] [Modules.java:1043] - JTAPI initialization of module desktopcc done.
[2021-01-08 10:45:43,250] [INFO] [APAS-JTAPIThread] [Modules.java:1043] - JTAPI initialization of module desktopsv
[2021-01-08 10:45:43,250] [INFO] [APAS-JTAPIThread] [Modules.java:1043] - JTAPI initialization of module desktopsv done.
[2021-01-08 10:45:43,250] [INFO] [APAS-JTAPIThread] [Modules.java:1043] - JTAPI initialization of module android
[2021-01-08 10:45:43,250] [INFO] [APAS-JTAPIThread] [Modules.java:1043] - JTAPI initialization of module android done.
[2021-01-08 10:45:43,250] [INFO] [APAS-JTAPIThread] [Modules.java:1043] - JTAPI initialization of module directorylight
[2021-01-08 10:45:43,250] [INFO] [APAS-JTAPIThread] [Modules.java:1043] - JTAPI initialization of module directorylight done.
[2021-01-08 10:45:43,250] [INFO] [APAS-JTAPIThread] [Modules.java:1043] - JTAPI initialization of module andguard
[2021-01-08 10:45:43,251] [INFO] [APAS-JTAPIThread] [Modules.java:1043] - JTAPI initialization of module andguard done.
[2021-01-08 10:45:43,251] [INFO] [APAS-JTAPIThread] [Modules.java:1043] - JTAPI initialization of module andguardredirect
[2021-01-08 10:45:43,251] [INFO] [APAS-JTAPIThread] [Modules.java:1043] - JTAPI initialization of module andguardredirect done.
[2021-01-08 10:45:43,251] [INFO] [APAS-JTAPIThread] [Modules.java:1043] - JTAPI initialization of module andguardlockout
[2021-01-08 10:45:43,251] [INFO] [APAS-JTAPIThread] [Modules.java:1043] - JTAPI initialization of module andguardlockout done.
[2021-01-08 10:45:43,251] [INFO] [APAS-JTAPIThread] [Modules.java:1043] - JTAPI initialization of module andguardwhitelist
[2021-01-08 10:45:43,251] [INFO] [APAS-JTAPIThread] [Modules.java:1043] - JTAPI initialization of module andguardwhitelist done.
[2021-01-08 10:45:43,251] [INFO] [APAS-JTAPIThread] [Modules.java:1043] - JTAPI initialization of module webattendant
[2021-01-08 10:45:43,251] [INFO] [APAS-JTAPIThread] [Modules.java:1043] - JTAPI initialization of module webattendant done.
[2021-01-08 10:45:43,251] [INFO] [APAS-JTAPIThread] [Modules.java:1043] - JTAPI initialization of module emergencymapping
[2021-01-08 10:45:43,251] [INFO] [APAS-JTAPIThread] [Modules.java:1043] - JTAPI initialization of module emergencymapping done.
[2021-01-08 10:45:43,252] [INFO] [APAS-JTAPIThread] [JTAPIThread.java:2841] - Setting up SIPTrunkMA ...
[2021-01-08 10:45:43,259] [INFO] [APAS-JTAPIThread] [JTAPIThread.java:2849] - Done: Setting up SIPTrunkMA
[2021-01-08 10:45:43,265] [INFO] [APAS-JTAPIThread] [JTAPIThread.java:2810] - initJtapi(): done in 10 seconds and 3 AXL requests
[2021-01-08 10:45:43,265] [INFO] [APAS-JTAPIThread] [JTAPIThread.java:398] - JTAPI initialized.
[2021-01-08 10:45:43,477] [INFO] [APAS-JTAPIThread] [JTAPIThread.java:411] - #--------------------------------------------------------------
[2021-01-08 10:45:43,477] [INFO] [APAS-JTAPIThread] [JTAPIThread.java:412] - Initializing Mary TTS ...
[2021-01-08 10:45:43,477] [INFO] [APAS-JTAPIThread] [JTAPIThread.java:413] - #--------------------------------------------------------------
[2021-01-08 10:45:47,718] [INFO] [APAS-JTAPIThread] [JTAPIThread.java:415] - Mary Text to Speech system initialized.
[2021-01-08 10:45:47,718] [INFO] [APAS-JTAPIThread] [JTAPIThread.java:426] - #--------------------------------------------------------------
[2021-01-08 10:45:47,718] [INFO] [APAS-JTAPIThread] [JTAPIThread.java:427] -  APAS STARTUP COMPLETED. NOW ENTERING RUN LOOP...
[2021-01-08 10:45:47,718] [INFO] [APAS-JTAPIThread] [JTAPIThread.java:428] - #--------------------------------------------------------------
[2021-01-08 10:45:47,719] [INFO] [APAS-JTAPIThread] [JTAPIThread.java:532] - New thread count maximum reached: 246
[2021-01-08 10:45:47,720] [WARN] [APAS-JTAPIThread] [JTAPIThread.java:526] - Provider went out of service 1
