[2020-04-24 15:04:39,764] [DEBUG] [http-nio-8080-exec-8] [ExchangeSoapProxy.java:187] - EXCHANGE_SOAP: port number: 443
[2020-04-24 15:04:39,764] [DEBUG] [http-nio-8080-exec-8] [ExchangeSoapProxy.java:265] - EXCHANGE_SOAP: com.andtek.andphone.msews.ExchangeSoapProxy@32490970: Header: SOAPAction="http://schemas.microsoft.com/exchange/services/2006/messages/FindFolder"
[2020-04-24 15:04:39,764] [DEBUG] [http-nio-8080-exec-8] [ExchangeSoapProxy.java:265] - EXCHANGE_SOAP: com.andtek.andphone.msews.ExchangeSoapProxy@32490970: Header: User-Agent=Jakarta Commons-HttpClient/3.1
[2020-04-24 15:04:39,765] [DEBUG] [http-nio-8080-exec-8] [ExchangeSoapProxy.java:265] - EXCHANGE_SOAP: com.andtek.andphone.msews.ExchangeSoapProxy@32490970: Header: Content-Type=text/xml; charset=utf-8
[2020-04-24 15:04:40,105] [DEBUG] [http-nio-8080-exec-8] [ExchangeSoapProxy.java:275] - EXCHANGE_SOAP: com.andtek.andphone.msews.ExchangeSoapProxy@32490970: send xml: 
<soapenv:Envelope xmlns:soapenv="http://schemas.xmlsoap.org/soap/envelope/" xmlns:typ="http://schemas.microsoft.com/exchange/services/2006/types" xmlns:mes="http://schemas.microsoft.com/exchange/services/2006/messages">
<soapenv:Header>
<typ:RequestServerVersion Version="Exchange2013_SP1"/>
</soapenv:Header>
<soapenv:Body>
<mes:FindFolder Traversal="Shallow">
<mes:FolderShape>
<typ:BaseShape>Default</typ:BaseShape>
</mes:FolderShape>
<mes:ParentFolderIds>
<typ:DistinguishedFolderId Id="publicfoldersroot" />
</mes:ParentFolderIds>
</mes:FindFolder>
</soapenv:Body>
</soapenv:Envelope>


[2020-04-24 15:04:40,278] [DEBUG] [http-nio-8080-exec-8] [ExchangeSoapProxy.java:287] - EXCHANGE_SOAP: com.andtek.andphone.msews.ExchangeSoapProxy@32490970: encoded=utf-8
[2020-04-24 15:04:40,278] [DEBUG] [http-nio-8080-exec-8] [ExchangeSoapProxy.java:288] - EXCHANGE_SOAP: com.andtek.andphone.msews.ExchangeSoapProxy@32490970: HTTP response code: 200, response message: OK
[2020-04-24 15:04:40,279] [DEBUG] [http-nio-8080-exec-8] [ExchangeSoapProxy.java:330] - EXCHANGE_SOAP: com.andtek.andphone.msews.ExchangeSoapProxy@32490970: response XML message: 
<?xml version="1.0" encoding="utf-8"?><s:Envelope xmlns:s="http://schemas.xmlsoap.org/soap/envelope/"><s:Header><h:ServerVersionInfo MajorVersion="15" MinorVersion="2" MajorBuildNumber="595" MinorBuildNumber="3" Version="V2017_07_11" xmlns:h="http://schemas.microsoft.com/exchange/services/2006/types" xmlns="http://schemas.microsoft.com/exchange/services/2006/types" xmlns:xsd="http://www.w3.org/2001/XMLSchema" xmlns:xsi="http://www.w3.org/2001/XMLSchema-instance"/></s:Header>
<s:Body xmlns:xsi="http://www.w3.org/2001/XMLSchema-instance" xmlns:xsd="http://www.w3.org/2001/XMLSchema"><m:FindFolderResponse xmlns:m="http://schemas.microsoft.com/exchange/services/2006/messages" xmlns:t="http://schemas.microsoft.com/exchange/services/2006/types"><m:ResponseMessages><m:FindFolderResponseMessage ResponseClass="Success"><m:ResponseCode>NoError</m:ResponseCode>
<m:RootFolder TotalItemsInView="2" IncludesLastItemInRange="true"><t:Folders><t:Folder><t:FolderId Id="AQEuAAADGkRzkKpmEc2byACqAC/EWgMAv760XHAwGk2hy4rGDUq87gAAAyIAAAA=" ChangeKey="AQAAABYAAAC/vrRccDAaTaHLisYNSrzuAAAAAATv"/><t:DisplayName>customers</t:DisplayName>
<t:TotalCount>0</t:TotalCount>
<t:ChildFolderCount>0</t:ChildFolderCount>
<t:UnreadCount>0</t:UnreadCount>
</t:Folder>
<t:Folder><t:FolderId Id="AQEuAAADGkRzkKpmEc2byACqAC/EWgMAv760XHAwGk2hy4rGDUq87gAAAyAAAAA=" ChangeKey="AQAAABYAAAC/vrRccDAaTaHLisYNSrzuAAAAAATl"/><t:DisplayName>workers</t:DisplayName>
<t:TotalCount>0</t:TotalCount>
<t:ChildFolderCount>1</t:ChildFolderCount>
<t:UnreadCount>0</t:UnreadCount>
</t:Folder>
</t:Folders>
</m:RootFolder>
</m:FindFolderResponseMessage>
</m:ResponseMessages>
</m:FindFolderResponse>
</s:Body>
</s:Envelope>

[2020-04-24 15:04:40,280] [DEBUG] [http-nio-8080-exec-8] [ExchangeSoapProxy.java:353] - EXCHANGE_SOAP: xmlns:s=http://schemas.xmlsoap.org/soap/envelope/, http://www.w3.org/2000/xmlns/
[2020-04-24 15:04:40,281] [DEBUG] [http-nio-8080-exec-8] [ExchangeSoapServiceImpl.java:520] - EXCHANGE_SOAP: Starting to parse response XML message [command=FindFolder].
[2020-04-24 15:04:40,281] [DEBUG] [http-nio-8080-exec-8] [ExchangeSoapServiceImpl.java:527] - EXCHANGE_SOAP: RootNode: Envelope,s:Envelope
[2020-04-24 15:04:40,281] [DEBUG] [http-nio-8080-exec-8] [ExchangeSoapProxy.java:683] - EXCHANGE_SOAP: Node: Envelope, s:Envelope
[2020-04-24 15:04:40,281] [DEBUG] [http-nio-8080-exec-8] [ExchangeSoapProxy.java:688] - EXCHANGE_SOAP: xmlns:s=http://schemas.xmlsoap.org/soap/envelope/, http://www.w3.org/2000/xmlns/
[2020-04-24 15:04:40,281] [DEBUG] [http-nio-8080-exec-8] [ExchangeSoapProxy.java:703] - EXCHANGE_SOAP: ENVELOPE namespace=s:
[2020-04-24 15:04:40,282] [DEBUG] [http-nio-8080-exec-8] [ExchangeSoapServiceImpl.java:532] - EXCHANGE_SOAP: Body node: Body,s:Body
[2020-04-24 15:04:40,282] [DEBUG] [http-nio-8080-exec-8] [ExchangeSoapServiceImpl.java:100] - xmlns:m=http://schemas.microsoft.com/exchange/services/2006/messages, http://www.w3.org/2000/xmlns/
[2020-04-24 15:04:40,282] [DEBUG] [http-nio-8080-exec-8] [ExchangeSoapServiceImpl.java:111] - EXCHANGE_SOAP: prefix=m
[2020-04-24 15:04:40,282] [DEBUG] [http-nio-8080-exec-8] [ExchangeSoapServiceImpl.java:117] - EXCHANGE_SOAP: msgPrefix=m:
[2020-04-24 15:04:40,282] [DEBUG] [http-nio-8080-exec-8] [ExchangeSoapServiceImpl.java:100] - xmlns:t=http://schemas.microsoft.com/exchange/services/2006/types, http://www.w3.org/2000/xmlns/
[2020-04-24 15:04:40,282] [DEBUG] [http-nio-8080-exec-8] [ExchangeSoapServiceImpl.java:111] - EXCHANGE_SOAP: prefix=t
[2020-04-24 15:04:40,282] [DEBUG] [http-nio-8080-exec-8] [ExchangeSoapServiceImpl.java:113] - EXCHANGE_SOAP: typePrefix=t:
[2020-04-24 15:04:40,283] [DEBUG] [http-nio-8080-exec-8] [ExchangeSoapServiceImpl.java:626] - EXCHANGE_SOAP: FolderId=AQEuAAADGkRzkKpmEc2byACqAC/EWgMAv760XHAwGk2hy4rGDUq87gAAAyIAAAA= [Folder]
[2020-04-24 15:04:40,283] [DEBUG] [http-nio-8080-exec-8] [ExchangeSoapServiceImpl.java:620] - EXCHANGE_SOAP: DisplayName=customers [Folder]
[2020-04-24 15:04:40,283] [DEBUG] [http-nio-8080-exec-8] [ExchangeSoapServiceImpl.java:626] - EXCHANGE_SOAP: FolderId=AQEuAAADGkRzkKpmEc2byACqAC/EWgMAv760XHAwGk2hy4rGDUq87gAAAyAAAAA= [Folder]
[2020-04-24 15:04:40,283] [DEBUG] [http-nio-8080-exec-8] [ExchangeSoapServiceImpl.java:620] - EXCHANGE_SOAP: DisplayName=workers [Folder]
[2020-04-24 15:04:40,283] [DEBUG] [http-nio-8080-exec-8] [ExchangeSoapProxy.java:187] - EXCHANGE_SOAP: port number: 443
[2020-04-24 15:04:40,283] [DEBUG] [http-nio-8080-exec-8] [ExchangeSoapProxy.java:265] - EXCHANGE_SOAP: com.andtek.andphone.msews.ExchangeSoapProxy@32490970: Header: SOAPAction="http://schemas.microsoft.com/exchange/services/2006/messages/FindFolder"
[2020-04-24 15:04:40,283] [DEBUG] [http-nio-8080-exec-8] [ExchangeSoapProxy.java:265] - EXCHANGE_SOAP: com.andtek.andphone.msews.ExchangeSoapProxy@32490970: Header: User-Agent=Jakarta Commons-HttpClient/3.1
[2020-04-24 15:04:40,284] [DEBUG] [http-nio-8080-exec-8] [ExchangeSoapProxy.java:265] - EXCHANGE_SOAP: com.andtek.andphone.msews.ExchangeSoapProxy@32490970: Header: Content-Type=text/xml; charset=utf-8
[2020-04-24 15:04:40,652] [DEBUG] [http-nio-8080-exec-8] [ExchangeSoapProxy.java:275] - EXCHANGE_SOAP: com.andtek.andphone.msews.ExchangeSoapProxy@32490970: send xml: 
<soapenv:Envelope xmlns:soapenv="http://schemas.xmlsoap.org/soap/envelope/" xmlns:typ="http://schemas.microsoft.com/exchange/services/2006/types" xmlns:mes="http://schemas.microsoft.com/exchange/services/2006/messages">
<soapenv:Header>
<typ:RequestServerVersion Version="Exchange2013_SP1"/>
</soapenv:Header>
<soapenv:Body>
<mes:FindFolder Traversal="Shallow">
<mes:FolderShape>
<typ:BaseShape>Default</typ:BaseShape>
</mes:FolderShape>
<mes:ParentFolderIds>
<typ:FolderId Id="AQEuAAADGkRzkKpmEc2byACqAC/EWgMAv760XHAwGk2hy4rGDUq87gAAAyAAAAA=" />
</mes:ParentFolderIds>
</mes:FindFolder>
</soapenv:Body>
</soapenv:Envelope>


[2020-04-24 15:04:40,824] [DEBUG] [http-nio-8080-exec-8] [ExchangeSoapProxy.java:287] - EXCHANGE_SOAP: com.andtek.andphone.msews.ExchangeSoapProxy@32490970: encoded=utf-8
[2020-04-24 15:04:40,824] [DEBUG] [http-nio-8080-exec-8] [ExchangeSoapProxy.java:288] - EXCHANGE_SOAP: com.andtek.andphone.msews.ExchangeSoapProxy@32490970: HTTP response code: 200, response message: OK
[2020-04-24 15:04:40,824] [DEBUG] [http-nio-8080-exec-8] [ExchangeSoapProxy.java:330] - EXCHANGE_SOAP: com.andtek.andphone.msews.ExchangeSoapProxy@32490970: response XML message: 
<?xml version="1.0" encoding="utf-8"?><s:Envelope xmlns:s="http://schemas.xmlsoap.org/soap/envelope/"><s:Header><h:ServerVersionInfo MajorVersion="15" MinorVersion="2" MajorBuildNumber="595" MinorBuildNumber="3" Version="V2017_07_11" xmlns:h="http://schemas.microsoft.com/exchange/services/2006/types" xmlns="http://schemas.microsoft.com/exchange/services/2006/types" xmlns:xsd="http://www.w3.org/2001/XMLSchema" xmlns:xsi="http://www.w3.org/2001/XMLSchema-instance"/></s:Header>
<s:Body xmlns:xsi="http://www.w3.org/2001/XMLSchema-instance" xmlns:xsd="http://www.w3.org/2001/XMLSchema"><m:FindFolderResponse xmlns:m="http://schemas.microsoft.com/exchange/services/2006/messages" xmlns:t="http://schemas.microsoft.com/exchange/services/2006/types"><m:ResponseMessages><m:FindFolderResponseMessage ResponseClass="Success"><m:ResponseCode>NoError</m:ResponseCode>
<m:RootFolder TotalItemsInView="1" IncludesLastItemInRange="true"><t:Folders><t:ContactsFolder><t:FolderId Id="AQEuAAADGkRzkKpmEc2byACqAC/EWgMAv760XHAwGk2hy4rGDUq87gAAAyYAAAA=" ChangeKey="AwAAABYAAAC/vrRccDAaTaHLisYNSrzuAAAAAAj0"/><t:DisplayName>diggers</t:DisplayName>
<t:TotalCount>1</t:TotalCount>
<t:ChildFolderCount>0</t:ChildFolderCount>
</t:ContactsFolder>
</t:Folders>
</m:RootFolder>
</m:FindFolderResponseMessage>
</m:ResponseMessages>
</m:FindFolderResponse>
</s:Body>
</s:Envelope>

[2020-04-24 15:04:40,825] [DEBUG] [http-nio-8080-exec-8] [ExchangeSoapProxy.java:353] - EXCHANGE_SOAP: xmlns:s=http://schemas.xmlsoap.org/soap/envelope/, http://www.w3.org/2000/xmlns/
[2020-04-24 15:04:40,826] [DEBUG] [http-nio-8080-exec-8] [ExchangeSoapServiceImpl.java:520] - EXCHANGE_SOAP: Starting to parse response XML message [command=FindFolder].
[2020-04-24 15:04:40,826] [DEBUG] [http-nio-8080-exec-8] [ExchangeSoapServiceImpl.java:527] - EXCHANGE_SOAP: RootNode: Envelope,s:Envelope
[2020-04-24 15:04:40,826] [DEBUG] [http-nio-8080-exec-8] [ExchangeSoapProxy.java:683] - EXCHANGE_SOAP: Node: Envelope, s:Envelope
[2020-04-24 15:04:40,826] [DEBUG] [http-nio-8080-exec-8] [ExchangeSoapProxy.java:688] - EXCHANGE_SOAP: xmlns:s=http://schemas.xmlsoap.org/soap/envelope/, http://www.w3.org/2000/xmlns/
[2020-04-24 15:04:40,826] [DEBUG] [http-nio-8080-exec-8] [ExchangeSoapProxy.java:703] - EXCHANGE_SOAP: ENVELOPE namespace=s:
[2020-04-24 15:04:40,826] [DEBUG] [http-nio-8080-exec-8] [ExchangeSoapServiceImpl.java:532] - EXCHANGE_SOAP: Body node: Body,s:Body
[2020-04-24 15:04:40,827] [DEBUG] [http-nio-8080-exec-8] [ExchangeSoapServiceImpl.java:100] - xmlns:m=http://schemas.microsoft.com/exchange/services/2006/messages, http://www.w3.org/2000/xmlns/
[2020-04-24 15:04:40,827] [DEBUG] [http-nio-8080-exec-8] [ExchangeSoapServiceImpl.java:111] - EXCHANGE_SOAP: prefix=m
[2020-04-24 15:04:40,827] [DEBUG] [http-nio-8080-exec-8] [ExchangeSoapServiceImpl.java:117] - EXCHANGE_SOAP: msgPrefix=m:
[2020-04-24 15:04:40,827] [DEBUG] [http-nio-8080-exec-8] [ExchangeSoapServiceImpl.java:100] - xmlns:t=http://schemas.microsoft.com/exchange/services/2006/types, http://www.w3.org/2000/xmlns/
[2020-04-24 15:04:40,827] [DEBUG] [http-nio-8080-exec-8] [ExchangeSoapServiceImpl.java:111] - EXCHANGE_SOAP: prefix=t
[2020-04-24 15:04:40,827] [DEBUG] [http-nio-8080-exec-8] [ExchangeSoapServiceImpl.java:113] - EXCHANGE_SOAP: typePrefix=t:
[2020-04-24 15:04:40,828] [DEBUG] [http-nio-8080-exec-8] [ExchangeSoapServiceImpl.java:574] - EXCHANGE_SOAP: FolderId=AQEuAAADGkRzkKpmEc2byACqAC/EWgMAv760XHAwGk2hy4rGDUq87gAAAyYAAAA= [ContactsFolder]
[2020-04-24 15:04:40,828] [DEBUG] [http-nio-8080-exec-8] [ExchangeSoapServiceImpl.java:568] - EXCHANGE_SOAP: DisplayName=diggers [ContactsFolder]
[2020-04-24 15:04:40,828] [DEBUG] [http-nio-8080-exec-8] [ExchangeSoapServiceImpl.java:588] - EXCHANGE_SOAP: added public ContactsFolder (diggers). folderId: AQEuAAADGkRzkKpmEc2byACqAC/EWgMAv760XHAwGk2hy4rGDUq87gAAAyYAAAA=
[2020-04-24 15:04:40,828] [DEBUG] [http-nio-8080-exec-8] [ExchangeSoapServiceImpl.java:1795] - EXCHANGE_SOAP: Public Contact Folder Id=AQEuAAADGkRzkKpmEc2byACqAC/EWgMAv760XHAwGk2hy4rGDUq87gAAAyYAAAA=
[2020-04-24 15:04:40,828] [DEBUG] [http-nio-8080-exec-8] [ExchangeSoapProxy.java:187] - EXCHANGE_SOAP: port number: 443
[2020-04-24 15:04:40,829] [DEBUG] [http-nio-8080-exec-8] [ExchangeSoapProxy.java:265] - EXCHANGE_SOAP: com.andtek.andphone.msews.ExchangeSoapProxy@32490970: Header: SOAPAction="http://schemas.microsoft.com/exchange/services/2006/messages/FindItem"
[2020-04-24 15:04:40,829] [DEBUG] [http-nio-8080-exec-8] [ExchangeSoapProxy.java:265] - EXCHANGE_SOAP: com.andtek.andphone.msews.ExchangeSoapProxy@32490970: Header: User-Agent=Jakarta Commons-HttpClient/3.1
[2020-04-24 15:04:40,829] [DEBUG] [http-nio-8080-exec-8] [ExchangeSoapProxy.java:265] - EXCHANGE_SOAP: com.andtek.andphone.msews.ExchangeSoapProxy@32490970: Header: Content-Type=text/xml; charset=utf-8
[2020-04-24 15:04:41,446] [DEBUG] [http-nio-8080-exec-8] [ExchangeSoapProxy.java:275] - EXCHANGE_SOAP: com.andtek.andphone.msews.ExchangeSoapProxy@32490970: send xml: 
<soapenv:Envelope xmlns:soapenv="http://schemas.xmlsoap.org/soap/envelope/" xmlns:typ="http://schemas.microsoft.com/exchange/services/2006/types" xmlns:mes="http://schemas.microsoft.com/exchange/services/2006/messages">
<soapenv:Header>
<typ:RequestServerVersion Version="Exchange2013_SP1"/>
</soapenv:Header>
<soapenv:Body>
<mes:FindItem Traversal="Shallow">
<mes:ItemShape>
<typ:BaseShape>AllProperties</typ:BaseShape>
</mes:ItemShape>
<mes:IndexedPageItemView MaxEntriesReturned="99" Offset="0" BasePoint="Beginning"/>
<mes:SortOrder>
<typ:FieldOrder Order="Ascending">
<typ:FieldURI FieldURI="contacts:DisplayName" />
</typ:FieldOrder>
</mes:SortOrder>
<mes:ParentFolderIds>
<typ:FolderId Id="AQEuAAADGkRzkKpmEc2byACqAC/EWgMAv760XHAwGk2hy4rGDUq87gAAAyYAAAA=" />
</mes:ParentFolderIds>
</mes:FindItem>
</soapenv:Body>
</soapenv:Envelope>


[2020-04-24 15:04:41,608] [DEBUG] [http-nio-8080-exec-8] [ExchangeSoapProxy.java:287] - EXCHANGE_SOAP: com.andtek.andphone.msews.ExchangeSoapProxy@32490970: encoded=utf-8
[2020-04-24 15:04:41,608] [DEBUG] [http-nio-8080-exec-8] [ExchangeSoapProxy.java:288] - EXCHANGE_SOAP: com.andtek.andphone.msews.ExchangeSoapProxy@32490970: HTTP response code: 200, response message: OK
[2020-04-24 15:04:41,609] [DEBUG] [http-nio-8080-exec-8] [ExchangeSoapProxy.java:330] - EXCHANGE_SOAP: com.andtek.andphone.msews.ExchangeSoapProxy@32490970: response XML message: 
<?xml version="1.0" encoding="utf-8"?><s:Envelope xmlns:s="http://schemas.xmlsoap.org/soap/envelope/"><s:Header><h:ServerVersionInfo MajorVersion="15" MinorVersion="2" MajorBuildNumber="595" MinorBuildNumber="3" Version="V2017_07_11" xmlns:h="http://schemas.microsoft.com/exchange/services/2006/types" xmlns="http://schemas.microsoft.com/exchange/services/2006/types" xmlns:xsd="http://www.w3.org/2001/XMLSchema" xmlns:xsi="http://www.w3.org/2001/XMLSchema-instance"/></s:Header>
<s:Body xmlns:xsi="http://www.w3.org/2001/XMLSchema-instance" xmlns:xsd="http://www.w3.org/2001/XMLSchema"><m:FindItemResponse xmlns:m="http://schemas.microsoft.com/exchange/services/2006/messages" xmlns:t="http://schemas.microsoft.com/exchange/services/2006/types"><m:ResponseMessages><m:FindItemResponseMessage ResponseClass="Success"><m:ResponseCode>NoError</m:ResponseCode>
<m:RootFolder IndexedPagingOffset="1" TotalItemsInView="1" IncludesLastItemInRange="true"><t:Items><t:Contact><t:ItemId Id="AQIARgAAAxpEc5CqZhHNm8gAqgAvxFoJAL++tFxwMBpNocuKxg1KvO4AAAMmAAAAv760XHAwGk2hy4rGDUq87gAAAghGAAAALgAAAxpEc5CqZhHNm8gAqgAvxFoDAL++tFxwMBpNocuKxg1KvO4AAAMmAAAA" ChangeKey="EQAAABYAAAC/vrRccDAaTaHLisYNSrzuAAAAAAj4"/><t:ParentFolderId Id="AQEuAAADGkRzkKpmEc2byACqAC/EWgMAv760XHAwGk2hy4rGDUq87gAAAyYAAAA=" ChangeKey="AQAAAA=="/><t:ItemClass>IPM.Contact</t:ItemClass>
<t:Subject>Ásó Kapa Nagyharang - Abc</t:Subject>
<t:Sensitivity>Normal</t:Sensitivity>
<t:DateTimeReceived>2020-04-16T13:24:20Z</t:DateTimeReceived>
<t:Size>6920</t:Size>
<t:Importance>Normal</t:Importance>
<t:IsSubmitted>false</t:IsSubmitted>
<t:IsDraft>false</t:IsDraft>
<t:IsFromMe>false</t:IsFromMe>
<t:IsResend>false</t:IsResend>
<t:IsUnmodified>false</t:IsUnmodified>
<t:DateTimeSent>2020-04-16T13:24:20Z</t:DateTimeSent>
<t:DateTimeCreated>2020-04-16T13:23:25Z</t:DateTimeCreated>
<t:ReminderIsSet>false</t:ReminderIsSet>
<t:ReminderMinutesBeforeStart>0</t:ReminderMinutesBeforeStart>
<t:DisplayCc/><t:DisplayTo/><t:HasAttachments>false</t:HasAttachments>
<t:Culture>en-US</t:Culture>
<t:EffectiveRights><t:CreateAssociated>false</t:CreateAssociated>
<t:CreateContents>false</t:CreateContents>
<t:CreateHierarchy>false</t:CreateHierarchy>
<t:Delete>true</t:Delete>
<t:Modify>true</t:Modify>
<t:Read>true</t:Read>
</t:EffectiveRights>
<t:LastModifiedName>Apas Admin</t:LastModifiedName>
<t:LastModifiedTime>2020-04-24T13:03:57Z</t:LastModifiedTime>
<t:IsAssociated>false</t:IsAssociated>
<t:WebClientReadFormQueryString>?ItemID=AQIARgAAAxpEc5CqZhHNm8gAqgAvxFoJAL%2B%2BtFxwMBpNocuKxg1KvO4AAAMmAAAAv760XHAwGk2hy4rGDUq87gAAAghGAAAALgAAAxpEc5CqZhHNm8gAqgAvxFoDAL%2B%2BtFxwMBpNocuKxg1KvO4AAAMmAAAA&amp;exvsurl=1&amp;viewmodel=PersonaCardViewModelFactory</t:WebClientReadFormQueryString>
<t:ConversationId Id="AAQkAGJlODhlOTMxLWUyNGQtNDZmMi04Y2UzLTYzYjkyMDQ3YWU4NAAQAJfFwC7EPEGOuaFNmKAHogQ="/><t:Flag><t:FlagStatus>NotFlagged</t:FlagStatus>
</t:Flag>
<t:InstanceKey>AQAAAAAAACYBAAAAAAAIRgAAAAA=</t:InstanceKey>
<t:FileAs>Nagyharang, Ásó Kapa</t:FileAs>
<t:FileAsMapping>LastCommaFirst</t:FileAsMapping>
<t:DisplayName>Ásó Kapa Nagyharang</t:DisplayName>
<t:GivenName>Ásó</t:GivenName>
<t:Initials>Á.K.N.</t:Initials>
<t:MiddleName>Kapa</t:MiddleName>
<t:CompleteName><t:Title/><t:FirstName>Ásó</t:FirstName>
<t:MiddleName>Kapa</t:MiddleName>
<t:LastName>Nagyharang</t:LastName>
<t:Suffix/><t:Initials>Á.K.N.</t:Initials>
<t:FullName>Ásó Kapa Nagyharang</t:FullName>
</t:CompleteName>
<t:CompanyName>Abc</t:CompanyName>
<t:EmailAddresses><t:Entry Key="EmailAddress1">akn@abc.com1</t:Entry>
<t:Entry Key="EmailAddress2">akn@abc.com2</t:Entry>
<t:Entry Key="EmailAddress3">akn@abc.com3</t:Entry>
</t:EmailAddresses>
<t:PhysicalAddresses><t:Entry Key="Home"><t:Street>Cicege u. 14.</t:Street>
<t:City>Budapest</t:City>
<t:CountryOrRegion>Hungary</t:CountryOrRegion>
<t:PostalCode>1210</t:PostalCode>
</t:Entry>
</t:PhysicalAddresses>
<t:PhoneNumbers><t:Entry Key="BusinessPhone">+36111 </t:Entry>
<t:Entry Key="HomePhone">+36333 </t:Entry>
<t:Entry Key="MobilePhone">+36222 </t:Entry>
</t:PhoneNumbers>
<t:Department>Test department</t:Department>
<t:Generation/><t:ImAddresses><t:Entry Key="ImAddress1"/></t:ImAddresses>
<t:JobTitle>Leader Digger</t:JobTitle>
<t:PostalAddressIndex>Home</t:PostalAddressIndex>
<t:Surname>Nagyharang</t:Surname>
<t:DisplayNamePrefix/></t:Contact>
</t:Items>
</m:RootFolder>
</m:FindItemResponseMessage>
</m:ResponseMessages>
</m:FindItemResponse>
</s:Body>
</s:Envelope>

