Performance Statistics   2020-02-28 07:46:00 - 2020-02-28 07:46:30
Tag                                                  Avg(ms)         Min         Max     Std Dev       Count
api.non-authenticated.licenses.andguard.andguardredirect.sync.ok        44.0          44          44         0.0           1
api.non-authenticated.licenses.andguard.andguardwhitelist.sync.ok        12.0          12          12         0.0           1
api.non-authenticated.licenses.ok                      323.0         323         323         0.0           1
axl.SOAPRequest.read.ok                                138.3          18         282       120.9           4
axl.initialization.ok                                  289.0         289         289         0.0           1
global.bg.ok                                            39.5           2         397       108.2          12
global.event_dispatch.ok                                 0.4           0           2         0.8           5
global.prov_ev.andmobile.ok                              0.0           0           0         0.0           1
global.prov_ev.android.ok                                0.0           0           0         0.0           1
global.prov_ev.apps.ok                                   0.0           0           0         0.0           1
global.prov_ev.blacklist.ok                              0.0           0           0         0.0           1
global.prov_ev.calllist.ok                               0.0           0           0         0.0           1
global.prov_ev.callrouting.ok                            0.0           0           0         0.0           1
global.prov_ev.communicator.ok                           0.0           0           0         0.0           1
global.prov_ev.dect.ok                                   0.0           0           0         0.0           1
global.prov_ev.desktop.ok                                0.0           0           0         0.0           1
global.prov_ev.groupacd.ok                               0.0           0           0         0.0           1
global.prov_ev.inout.ok                                  0.0           0           0         0.0           1
global.prov_ev.ldap.ok                                   0.0           0           0         0.0           1
global.prov_ev.lockout.ok                                0.0           0           0         0.0           1
global.prov_ev.mcast.ok                                  0.0           0           0         0.0           1
global.prov_ev.monitoring.ok                             0.0           0           0         0.0           1
global.prov_ev.partner.ok                                0.0           0           0         0.0           1
global.prov_ev.phonemenu.ok                              0.0           0           0         0.0           1
global.prov_ev.provisioning.ok                           0.0           0           0         0.0           1
global.prov_ev.recorder.ok                               0.0           0           0         0.0           1
global.prov_ev.recordermgmt.ok                           0.0           0           0         0.0           1
global.prov_ev.webattendant.ok                           0.0           0           0         0.0           1
global.prov_ev.webclient.ok                              0.0           0           0         0.0           1
partner.initialization.ok                               47.0          47          47         0.0           1
webuser.providerEvent.OK                                 0.0           0           0         0.0           1

Performance Statistics   2020-02-28 07:46:00 - 2020-02-28 07:46:30
Tag                                                  Avg(ms)         Min         Max     Std Dev       Count
callrouting.cache_emailnotify_gc#                        0.0           0           0         0.0           1
global.disk_util#                                        0.0           0           0         0.0           1
global.events.add#                                       0.0           0           0         0.0          12
global.events.dropped#                                   0.0           0           0         0.0           7
global.events.enqueue#                                   0.0           0           0         0.0           5
global.events.queues.APAS-defaultWorker-1~               1.0           1           1         0.0           1
global.events.queues.APAS-defaultWorker-2~               1.0           1           1         0.0           1
global.events.queues.APAS-defaultWorker-3~               1.0           1           1         0.0           1
global.events.queues.APAS-defaultWorker-4~               1.0           1           1         0.0           1
global.events.queues.APAS-defaultWorker-5~               1.0           1           1         0.0           1
global.jtapi.provInServiceEvt#                           0.0           0           0         0.0           1

Performance Statistics   2020-02-28 07:46:30 - 2020-02-28 07:47:00
Tag                                                  Avg(ms)         Min         Max     Std Dev       Count
axl.SOAPRequest.read.ok                                203.8          14         764       225.8          11
communicator.obs.TermInService.ok                        0.0           0           0         0.0           2
global.bg.ok                                             2.0           1           7         1.8          30
global.event_dispatch.ok                               534.3           0        1592       732.9          15
global.jtapi.init.andmobile.error                        0.0           0           0         0.0           1
global.jtapi.init.andmobile.ok                           0.0           0           0         0.0           1
global.jtapi.init.android.ok                             0.0           0           0         0.0           1
global.jtapi.init.apps.ok                                0.0           0           0         0.0           1
global.jtapi.init.blacklist.ok                          14.0          14          14         0.0           1
global.jtapi.init.calllist.ok                            0.0           0           0         0.0           1
global.jtapi.init.callrouting.error                      7.0           7           7         0.0           1
global.jtapi.init.callrouting.ok                         7.0           7           7         0.0           1
global.jtapi.init.communicator.error                     4.0           4           4         0.0           1
global.jtapi.init.communicator.ok                        4.0           4           4         0.0           1
global.jtapi.init.dect.ok                                0.0           0           0         0.0           1
global.jtapi.init.desktop.ok                             0.0           0           0         0.0           1
global.jtapi.init.groupacd.ok                            0.0           0           0         0.0           1
global.jtapi.init.inout.ok                               0.0           0           0         0.0           1
global.jtapi.init.ldap.ok                                6.0           6           6         0.0           1
global.jtapi.init.lockout.ok                             0.0           0           0         0.0           1
global.jtapi.init.mcast.ok                               2.0           2           2         0.0           1
global.jtapi.init.monitoring.ok                          0.0           0           0         0.0           1
global.jtapi.init.partner.ok                           160.0         160         160         0.0           1
global.jtapi.init.phonemenu.error                        0.0           0           0         0.0           1
global.jtapi.init.phonemenu.ok                           0.0           0           0         0.0           1
global.jtapi.init.provisioning.ok                        0.0           0           0         0.0           1
global.jtapi.init.recorder.ok                           12.0          12          12         0.0           1
global.jtapi.init.recordermgmt.ok                        0.0           0           0         0.0           1
global.jtapi.init.webattendant.ok                        0.0           0           0         0.0           1
global.jtapi.init.webclient.ok                           0.0           0           0         0.0           1
global.jtapi.initialization.ok                       11161.0       11161       11161         0.0           1
global.jtapi.push.ok                                   123.5         113         134        10.5           2
global.prov_ev.andmobile.ok                              0.0           0           0         0.0           1
global.prov_ev.android.ok                                0.0           0           0         0.0           1
global.prov_ev.apps.ok                                   1.0           1           1         0.0           1
global.prov_ev.blacklist.ok                              0.0           0           0         0.0           1
global.prov_ev.calllist.ok                               0.0           0           0         0.0           1
global.prov_ev.callrouting.ok                            0.0           0           0         0.0           1
global.prov_ev.communicator.ok                           0.0           0           0         0.0           1
global.prov_ev.dect.ok                                   0.0           0           0         0.0           1
global.prov_ev.desktop.ok                                0.0           0           0         0.0           1
global.prov_ev.groupacd.ok                               0.0           0           0         0.0           1
global.prov_ev.inout.ok                                  0.0           0           0         0.0           1
global.prov_ev.ldap.ok                                   0.0           0           0         0.0           1
global.prov_ev.lockout.ok                                0.0           0           0         0.0           1
global.prov_ev.mcast.ok                                  0.0           0           0         0.0           1
global.prov_ev.monitoring.ok                             0.0           0           0         0.0           1
global.prov_ev.partner.ok                                0.0           0           0         0.0           1
global.prov_ev.phonemenu.ok                              0.0           0           0         0.0           1
global.prov_ev.provisioning.ok                           0.0           0           0         0.0           1
global.prov_ev.recorder.ok                               0.0           0           0         0.0           1
global.prov_ev.recordermgmt.ok                           0.0           0           0         0.0           1
global.prov_ev.webattendant.ok                           0.0           0           0         0.0           1
global.prov_ev.webclient.ok                              0.0           0           0         0.0           1
global.servletRequest.ok                               563.5         533         594        30.5           2
global.servletRequest.svc_security.ok                    0.0           0           0         0.0           2
partner.PGroupDisplay.getDisplayPNG.ok                 288.5           0         577       288.5           2
partner.PGroupDisplay.updateCache.ok                    58.8           0         526       165.2           9
partner.PGroupMember.PhoneDisplay.ok                     3.2           1          16         4.7          13
partner.PGroupMember.notifySubscrbrs.ok                  0.0           0           0         0.0          21
partner.PGroupMember.observe.ok                         47.3           2          81        33.3           3
partner.PGroupMember.uSAG.getGroupTerminals.ok           5.7           0          34        11.6           7
partner.PGroupMember.uSAG.notifySubscribers.1            0.4           0           2         0.7           7
partner.PGroupMember.uSAG.notifySubscribers.ok           0.0           0           0         0.0           7
partner.PGroupMember.uSAG.ok                            13.9           3          54        17.1           7
partner.PGroupMember.uSAG.prepPushData.ok                6.4           2          17         5.9           7
partner.PGroupMember.uSAG.push2Terms.ok                  0.3           0           2         0.7           7
partner.pdevice.checkPDeviceValidity.ok                  3.6           0          19         5.9           9
partner.servletRequest.ok                              557.5         531         584        26.5           2
startup.ccmphone.loadAttr.loadExt.ok                  1226.5        1183        1270        43.5           2
startup.ccmphone.loadAttr.loadPhone.ok                 281.0         222         340        59.0           2
startup.comm.modu.CTE.1                                  0.0           0           0         0.0           1
startup.comm.modu.CTE.2                                  0.0           0           0         0.0           1
startup.comm.modu.CTE.6                                  0.0           0           0         0.0           1
startup.comm.modu.CTE.7                                  0.0           0           0         0.0           1
startup.comm.modu.CTE.ok                                 0.0           0           0         0.0           1
webuser.providerEvent.OK                                 0.0           0           0         0.0           1

Performance Statistics   2020-02-28 07:46:30 - 2020-02-28 07:47:00
Tag                                                  Avg(ms)         Min         Max     Std Dev       Count
callrouting.cache_emailnotify_gc#                        0.0           0           0         0.0           2
global.events.add#                                       0.0           0           0         0.0          15
global.events.enqueue#                                   0.0           0           0         0.0          15
global.events.queues.APAS-PGMAXLWorker-1~                5.0           5           5         0.0           1
global.events.queues.APAS-PGMWorker-10~                  1.0           1           1         0.0           1
global.events.queues.APAS-PGMWorker-1~                   1.0           1           1         0.0           1
global.events.queues.APAS-PGMWorker-2~                   1.0           1           1         0.0           1
global.events.queues.APAS-PGMWorker-3~                   1.0           1           1         0.0           1
global.events.queues.APAS-PGMWorker-4~                   1.0           1           1         0.0           1
global.events.queues.APAS-PGMWorker-5~                   1.0           1           1         0.0           1
global.events.queues.APAS-PGMWorker-6~                   1.0           1           1         0.0           1
global.events.queues.APAS-PGMWorker-7~                   1.0           1           1         0.0           1
global.events.queues.APAS-PGMWorker-8~                   1.0           1           1         0.0           1
global.events.queues.APAS-PGMWorker-9~                   1.0           1           1         0.0           1
global.jtapi.TermRegisteredEvt#                          0.0           0           0         0.0           1
global.jtapi.addrInSvcEvt#                               0.0           0           0         0.0           2
global.jtapi.addrOutSvcEvt#                              0.0           0           0         0.0           2
global.jtapi.push.add#                                   0.0           0           0         0.0           7
global.jtapi.push.duplicate#                             0.0           0           0         0.0           5
global.jtapi.push.queues.Queue 11~                       1.5           1           2         0.5           2
global.jtapi.push.queues.Queue 9~                        3.0           1           5         2.0           2
global.threads~                                        267.0         267         267         0.0           1

Performance Statistics   2020-02-28 07:47:00 - 2020-02-28 07:47:30
Tag                                                  Avg(ms)         Min         Max     Std Dev       Count
axl.SOAPRequest.read.ok                                 31.0          31          31         0.0           1
global.bg.ok                                             3.2           1          35         6.2          30
global.event_dispatch.ok                                23.4           0         201        55.2          15
global.jtapi.push.ok                                   107.1           0         335        97.4           7
global.servletRequest.ok                                10.0           2          23         7.9           6
global.servletRequest.svc_security.ok                    0.0           0           0         0.0           6
partner.PGroupDisplay.getDisplayPNG.ok                   6.8           0          21         7.8           6
partner.PGroupDisplay.updateCache.ok                     0.0           0           0         0.0           9
partner.PGroupMember.PhoneDisplay.ok                     4.5           1          16         5.3           6
partner.PGroupMember.notifySubscrbrs.ok                  0.0           0           0         0.0           9
partner.PGroupMember.uSAG.getGroupTerminals.ok           4.7           1           9         3.3           3
partner.PGroupMember.uSAG.notifySubscribers.1            0.3           0           1         0.5           3
partner.PGroupMember.uSAG.notifySubscribers.ok           0.0           0           0         0.0           3
partner.PGroupMember.uSAG.ok                            16.0          14          20         2.8           3
partner.PGroupMember.uSAG.prepPushData.ok               10.0           4          18         5.9           3
partner.PGroupMember.uSAG.push2Terms.ok                  0.0           0           0         0.0           3
partner.servletRequest.ok                                8.5           1          22         7.7           6
presence.UsersGC.ok                                      0.0           0           0         0.0           1

Performance Statistics   2020-02-28 07:47:00 - 2020-02-28 07:47:30
Tag                                                  Avg(ms)         Min         Max     Std Dev       Count
callrouting.cache_emailnotify_gc#                        0.0           0           0         0.0           3
communicator.presence_gc~                              600.0         600         600         0.0           1
global.events.add#                                       0.0           0           0         0.0          13
global.events.dropped#                                   0.0           0           0         0.0           4
global.events.enqueue#                                   0.0           0           0         0.0          15
global.events.queues.APAS-DesktopPhoneEventQueueWorker-1~         1.0           1           1         0.0           1
global.events.queues.APAS-DesktopPhoneEventQueueWorker-2~         1.0           1           1         0.0           1
global.events.queues.APAS-DesktopPhoneEventQueueWorker-3~         1.0           1           1         0.0           1
global.events.queues.APAS-defaultWorker-10~              1.0           1           1         0.0           1
global.events.queues.APAS-defaultWorker-11~              1.0           1           1         0.0           1
global.events.queues.APAS-defaultWorker-12~              1.0           1           1         0.0           1
global.events.queues.APAS-defaultWorker-13~              1.0           1           1         0.0           1
global.events.queues.APAS-defaultWorker-14~              1.0           1           1         0.0           1
global.events.queues.APAS-defaultWorker-15~              1.0           1           1         0.0           1
global.events.queues.APAS-defaultWorker-16~              1.0           1           1         0.0           1
global.events.queues.APAS-defaultWorker-17~              1.0           1           1         0.0           1
global.events.queues.APAS-defaultWorker-6~               1.0           1           1         0.0           1
global.events.queues.APAS-defaultWorker-7~               1.0           1           1         0.0           1
global.events.queues.APAS-defaultWorker-8~               1.0           1           1         0.0           1
global.events.queues.APAS-defaultWorker-9~               1.0           1           1         0.0           1
global.jtapi.push.add#                                   0.0           0           0         0.0           7
global.jtapi.push.queues.Queue 11~                       1.0           1           1         0.0           4
global.jtapi.push.queues.Queue 9~                        1.0           1           1         0.0           3

Performance Statistics   2020-02-28 07:47:30 - 2020-02-28 07:48:00
Tag                                                  Avg(ms)         Min         Max     Std Dev       Count
axl.SOAPRequest.read.ok                                 26.0          26          26         0.0           1
global.bg.ok                                             1.8           1           5         1.2          30

Performance Statistics   2020-02-28 07:47:30 - 2020-02-28 07:48:00
Tag                                                  Avg(ms)         Min         Max     Std Dev       Count
callrouting.cache_emailnotify_gc#                        0.0           0           0         0.0           3

Performance Statistics   2020-02-28 07:48:00 - 2020-02-28 07:48:30
Tag                                                  Avg(ms)         Min         Max     Std Dev       Count
callrouting.cache_emailnotify_gc#                        0.0           0           0         0.0           2
communicator.presence_gc~                              600.0         600         600         0.0           1

Performance Statistics   2020-02-28 07:48:00 - 2020-02-28 07:48:30
Tag                                                  Avg(ms)         Min         Max     Std Dev       Count
global.bg.ok                                             2.7           1          16         3.7          29
presence.UsersGC.ok                                      0.0           0           0         0.0           1

Performance Statistics   2020-02-28 07:48:30 - 2020-02-28 07:49:00
Tag                                                  Avg(ms)         Min         Max     Std Dev       Count
axl.SOAPRequest.read.ok                                 19.0          19          19         0.0           1
global.bg.ok                                             1.8           1           5         1.2          30

Performance Statistics   2020-02-28 07:48:30 - 2020-02-28 07:49:00
Tag                                                  Avg(ms)         Min         Max     Std Dev       Count
callrouting.cache_emailnotify_gc#                        0.0           0           0         0.0           3

