[2020-02-28 07:46:12,546] [DEBUG] [rememberMeScheduler-1] [JtapiEventProcessorExecutor.java:53] - Provider event executor initialized.
[2020-02-28 07:46:18,278] [DEBUG] [APAS-TimerDaemon] [BroadcasterServiceImpl.java:66] - com.andtek.andphone.mcast2.services.impl.BroadcasterServiceImpl@2e7fa0b9 : Register SMS broadcaster CISCO_PHONE class com.andtek.andphone.mcast2.cisco.CiscoPhoneSMSBroadcaster
[2020-02-28 07:46:18,278] [DEBUG] [APAS-TimerDaemon] [BroadcasterServiceImpl.java:66] - com.andtek.andphone.mcast2.services.impl.BroadcasterServiceImpl@2e7fa0b9 : Register SMS broadcaster USER_EMAIL class com.andtek.andphone.mcast2.sms.impl.UserSMSBroadcaster
[2020-02-28 07:46:18,279] [DEBUG] [APAS-TimerDaemon] [BroadcasterServiceImpl.java:66] - com.andtek.andphone.mcast2.services.impl.BroadcasterServiceImpl@2e7fa0b9 : Register SMS broadcaster TetrapolAddr class com.andtek.andphone.mcast2.tetrapol.sms.TetrapolAddressesSMSBroadcaster
[2020-02-28 07:46:18,279] [DEBUG] [APAS-TimerDaemon] [BroadcasterServiceImpl.java:66] - com.andtek.andphone.mcast2.services.impl.BroadcasterServiceImpl@2e7fa0b9 : Register SMS broadcaster TTS class com.andtek.andphone.mcast2.tts.TTSSMSBroadcaster
[2020-02-28 07:46:18,315] [INFO] [APAS-bg-thread-directory] [BackgroundThread.java:37] - Directory background process started...
[2020-02-28 07:46:18,318] [DEBUG] [APAS-bg-thread-recorder] [BackgroundThrd.java:58] - Jtapi Thread not yet initialized, no recorder background processing
[2020-02-28 07:46:18,428] [INFO] [APAS-TimerDaemon] [EventQueue.java:81] - EventQueue-DesktopPhoneEventQueue: created
[2020-02-28 07:46:18,570] [DEBUG] [APAS-TimerDaemon] [Module.java:45] - ANDMOBILE: Module constructor called.
[2020-02-28 07:46:18,576] [DEBUG] [APAS-TimerDaemon] [Module.java:35] - Module midlet instance has been created with JTAPI.
[2020-02-28 07:46:18,576] [DEBUG] [APAS-TimerDaemon] [Module.java:39] - Module presence instance has been created with JTAPI.
[2020-02-28 07:46:18,578] [DEBUG] [APAS-TimerDaemon] [Module.java:28] - ANDROID: Module constructor called.
[2020-02-28 07:46:24,808] [DEBUG] [APAS-ServerGroupVerifier] [ServerGroup.java:600] - ServerGroupVerifier for ServerGroup[4,Andguard local,false] started. Check interval: 60
[2020-02-28 07:46:24,809] [DEBUG] [APAS-ServerGroupVerifier] [ServerGroup.java:685] - ServerGroup[4,Andguard local,false]: checkServerAvailability() checking prio 10
[2020-02-28 07:46:24,809] [DEBUG] [APAS-ServerGroupVerifier] [ANDGuardConnector.java:56] - verify connection
[2020-02-28 07:46:24,815] [DEBUG] [APAS-ServerGroupVerifier] [ServerGroup.java:600] - ServerGroupVerifier for ServerGroup[2,Default JTAPI ServerGroup,false] started. Check interval: 0
[2020-02-28 07:46:24,815] [DEBUG] [APAS-ServerGroupVerifier] [ServerGroup.java:618] - ServerGroupVerifier for ServerGroup[2,Default JTAPI ServerGroup,false] said: availability verification is disabled for this server group.
[2020-02-28 07:46:24,815] [DEBUG] [APAS-ServerGroupVerifier] [ServerGroup.java:600] - ServerGroupVerifier for ServerGroup[1,Default AXL ServerGroup,false] started. Check interval: 60
[2020-02-28 07:46:24,815] [DEBUG] [APAS-ServerGroupVerifier] [ServerGroup.java:685] - ServerGroup[1,Default AXL ServerGroup,false]: checkServerAvailability() checking prio 10
[2020-02-28 07:46:24,815] [DEBUG] [APAS-ServerGroupVerifier] [ServerGroup.java:727] - ServerGroup[1,Default AXL ServerGroup,true]: checkServerAvailability() completed, found 1/1
[2020-02-28 07:46:24,817] [DEBUG] [APAS-ServerGroupVerifier] [RestCall.java:51] - REST CALL to http://127.0.0.1:8081/andguard/rest/server/available
[2020-02-28 07:46:24,830] [DEBUG] [APAS-ServerGroupVerifier] [ServerGroup.java:600] - ServerGroupVerifier for ServerGroup[3,Recorder SIP Trunk,false] started. Check interval: 60
[2020-02-28 07:46:24,831] [DEBUG] [APAS-ServerGroupVerifier] [ServerGroup.java:685] - ServerGroup[3,Recorder SIP Trunk,false]: checkServerAvailability() checking prio 10
[2020-02-28 07:46:25,066] [DEBUG] [APAS-ServerGroupVerifier] [SIPServer.java:1537] - Sending keepalive
[2020-02-28 07:46:25,066] [DEBUG] [APAS-ServerGroupVerifier] [SIPServer.java:565] - getResponseWaiter(z9hG4bK14684d1bc1e8e4623c6485d820b49364323036)
[2020-02-28 07:46:25,066] [DEBUG] [APAS-ServerGroupVerifier] [SIPServer.java:572] - getResponseWaiter(z9hG4bK14684d1bc1e8e4623c6485d820b49364323036): added new waiter
[2020-02-28 07:46:25,171] [DEBUG] [APAS-ServerGroupVerifier] [RestCall.java:57] - GET on [http://127.0.0.1:8081/andguard/rest/server/available], status code [200]
[2020-02-28 07:46:25,172] [DEBUG] [APAS-ServerGroupVerifier] [RestCall.java:80] - REST Call to http://127.0.0.1:8081/andguard/rest/server/available, duration: 354 ms
[2020-02-28 07:46:25,172] [DEBUG] [APAS-ServerGroupVerifier] [RestCall.java:82] - got: true
[2020-02-28 07:46:25,172] [DEBUG] [APAS-ServerGroupVerifier] [ServerGroup.java:727] - ServerGroup[4,Andguard local,true]: checkServerAvailability() completed, found 1/1
[2020-02-28 07:46:27,629] [DEBUG] [APAS-TimerDaemon] [Admin.java:507] - initializing InMaintenance debug values
[2020-02-28 07:46:27,629] [DEBUG] [APAS-TimerDaemon] [Admin.java:542] - Resetting InMaintenance
[2020-02-28 07:46:28,341] [DEBUG] [APAS-bg-thread-recorder] [ModuleDBUtils.java:267] - Table rec_storage_profiles exists
[2020-02-28 07:46:28,355] [DEBUG] [APAS-bg-thread-recorder] [XMLSocket.java:426] - XML_SOCKET:sending XML [<getStatus seq="1" />]
[2020-02-28 07:46:28,361] [DEBUG] [APAS-bg-thread-recorder] [XMLSocket.java:426] - XML_SOCKET:got response [getStatusResponse: null]
[2020-02-28 07:46:28,362] [DEBUG] [APAS-bg-thread-recorder] [RecorderRealtimeStatus.java:41] - getStatus called, status now: OK, last status: DISCONNECTED
[2020-02-28 07:46:28,362] [INFO] [APAS-bg-thread-recorder] [EventLog.java:302] - RECORDER: Sniffer process went back to service.
[2020-02-28 07:46:37,431] [INFO] [APAS-ScanForNewDevicesThread-1] [ScanForNewDevices.java:118] - No SuperProvider capability, cannot scan for new devices.
[2020-02-28 07:46:37,432] [DEBUG] [APAS-ScanForNewDevicesThread-1] [ScanForNewDevices.java:75] - doScanDevices() finished successfully! executionCounter=0
[2020-02-28 07:46:37,702] [WARN] [APAS-TimerDaemon] [Admin.java:514] - InMaintenance changed from 2 to 0
[2020-02-28 07:46:47,737] [DEBUG] [APAS-TimerDaemon] [Module.java:677] - Checking sniffer connection
[2020-02-28 07:46:48,739] [DEBUG] [APAS-TimerDaemon] [TableBaseDao.java:347] - SQL: SELECT * FROM lockout_profiles ORDER BY name -- PARAM: 
[2020-02-28 07:46:55,720] [DEBUG] [APAS-BackgroundThread] [BackgroundThread.java:37] - running backgroundjob for app leoni
[2020-02-28 07:46:55,722] [DEBUG] [APAS-BackgroundThread] [HttpServletRequestWrapper.java:299] - setAttribute(app,com.andtek.andphone.provisioning.project.Project@716ce512)
[2020-02-28 07:46:55,722] [DEBUG] [APAS-BackgroundThread] [HttpServletRequestWrapper.java:299] - setAttribute(pageURL,http://10.51.51.122:8080/andphone/provisioning/leoni/background.jsp)
[2020-02-28 07:46:55,723] [DEBUG] [APAS-BackgroundThread] [HttpServletRequestWrapper.java:299] - setAttribute(RealPath,/var/lib/tomcat/webapps/andphone/provisioning/leoni/)
[2020-02-28 07:46:55,726] [DEBUG] [APAS-BackgroundThread] [HttpServletRequestWrapper.java:191] - getAttribute(javax.servlet.include.context_path)
[2020-02-28 07:46:55,727] [DEBUG] [APAS-BackgroundThread] [HttpServletRequestWrapper.java:101] - getContextPath
[2020-02-28 07:46:55,727] [DEBUG] [APAS-BackgroundThread] [HttpServletRequestWrapper.java:191] - getAttribute(org.apache.catalina.core.DISPATCHER_TYPE)
[2020-02-28 07:46:55,727] [DEBUG] [APAS-BackgroundThread] [HttpServletRequestWrapper.java:191] - getAttribute(org.apache.catalina.core.DISPATCHER_REQUEST_PATH)
[2020-02-28 07:46:55,727] [DEBUG] [APAS-BackgroundThread] [HttpServletRequestWrapper.java:101] - getContextPath
[2020-02-28 07:46:55,727] [DEBUG] [APAS-BackgroundThread] [HttpServletRequestWrapper.java:89] - getPathInfo
[2020-02-28 07:46:55,727] [DEBUG] [APAS-BackgroundThread] [HttpServletRequestWrapper.java:107] - getQueryString
[2020-02-28 07:46:55,727] [DEBUG] [APAS-BackgroundThread] [HttpServletRequestWrapper.java:137] - getRequestURI
[2020-02-28 07:46:55,727] [DEBUG] [APAS-BackgroundThread] [HttpServletRequestWrapper.java:149] - getServletPath
[2020-02-28 07:46:55,727] [DEBUG] [APAS-BackgroundThread] [HttpServletRequestWrapper.java:191] - getAttribute(org.apache.catalina.jsp_file)
[2020-02-28 07:46:55,748] [DEBUG] [APAS-BackgroundThread] [HttpServletRequestWrapper.java:83] - getMethod
[2020-02-28 07:46:55,748] [DEBUG] [APAS-BackgroundThread] [HttpServletRequestWrapper.java:155] - getSession(false)
[2020-02-28 07:46:55,748] [DEBUG] [APAS-BackgroundThread] [HttpSessionWrapper.java:24] - getId
[2020-02-28 07:46:55,748] [DEBUG] [APAS-BackgroundThread] [HttpSessionWrapper.java:24] - getId
[2020-02-28 07:46:55,748] [DEBUG] [APAS-BackgroundThread] [background_jsp.java:399] - BACKGROUND JOB: started
[2020-02-28 07:46:55,748] [DEBUG] [APAS-BackgroundThread] [HttpServletRequestWrapper.java:191] - getAttribute(app)
[2020-02-28 07:46:55,748] [DEBUG] [APAS-BackgroundThread] [HttpServletRequestWrapper.java:191] - getAttribute(RealPath)
[2020-02-28 07:46:55,749] [DEBUG] [APAS-BackgroundThread] [background_jsp.java:425] - BACKGROUND JOB: starting phone number synchronization process...
[2020-02-28 07:46:55,751] [DEBUG] [APAS-BackgroundThread] [background_jsp.java:472] - BACKGROUND JOB: dueTime=Fri Feb 28 00:30:00 CET 2020 [1582846200000]
[2020-02-28 07:46:55,751] [DEBUG] [APAS-BackgroundThread] [background_jsp.java:606] - BACKGROUND JOB: ended
[2020-02-28 07:46:56,752] [DEBUG] [APAS-BackgroundThread] [BackgroundThread.java:37] - running backgroundjob for app wacker
[2020-02-28 07:46:56,752] [DEBUG] [APAS-BackgroundThread] [HttpServletRequestWrapper.java:299] - setAttribute(app,com.andtek.andphone.provisioning.project.Project@5af7da23)
[2020-02-28 07:46:56,752] [DEBUG] [APAS-BackgroundThread] [HttpServletRequestWrapper.java:299] - setAttribute(pageURL,http://10.51.51.122:8080/andphone/provisioning/wacker/background.jsp)
[2020-02-28 07:46:56,752] [DEBUG] [APAS-BackgroundThread] [HttpServletRequestWrapper.java:299] - setAttribute(RealPath,/var/lib/tomcat/webapps/andphone/provisioning/wacker/)
[2020-02-28 07:46:56,752] [DEBUG] [APAS-BackgroundThread] [HttpServletRequestWrapper.java:191] - getAttribute(javax.servlet.include.context_path)
[2020-02-28 07:46:56,752] [DEBUG] [APAS-BackgroundThread] [HttpServletRequestWrapper.java:101] - getContextPath
[2020-02-28 07:46:56,753] [DEBUG] [APAS-BackgroundThread] [HttpServletRequestWrapper.java:191] - getAttribute(org.apache.catalina.core.DISPATCHER_TYPE)
[2020-02-28 07:46:56,753] [DEBUG] [APAS-BackgroundThread] [HttpServletRequestWrapper.java:191] - getAttribute(org.apache.catalina.core.DISPATCHER_REQUEST_PATH)
[2020-02-28 07:46:56,753] [DEBUG] [APAS-BackgroundThread] [HttpServletRequestWrapper.java:101] - getContextPath
[2020-02-28 07:46:56,753] [DEBUG] [APAS-BackgroundThread] [HttpServletRequestWrapper.java:89] - getPathInfo
[2020-02-28 07:46:56,753] [DEBUG] [APAS-BackgroundThread] [HttpServletRequestWrapper.java:107] - getQueryString
[2020-02-28 07:46:56,753] [DEBUG] [APAS-BackgroundThread] [HttpServletRequestWrapper.java:137] - getRequestURI
[2020-02-28 07:46:56,753] [DEBUG] [APAS-BackgroundThread] [HttpServletRequestWrapper.java:149] - getServletPath
[2020-02-28 07:46:56,753] [DEBUG] [APAS-BackgroundThread] [HttpServletRequestWrapper.java:191] - getAttribute(org.apache.catalina.jsp_file)
[2020-02-28 07:46:56,786] [DEBUG] [APAS-BackgroundThread] [HttpServletRequestWrapper.java:83] - getMethod
[2020-02-28 07:46:56,787] [DEBUG] [APAS-BackgroundThread] [HttpServletRequestWrapper.java:155] - getSession(false)
[2020-02-28 07:46:56,787] [DEBUG] [APAS-BackgroundThread] [HttpSessionWrapper.java:24] - getId
[2020-02-28 07:46:56,787] [DEBUG] [APAS-BackgroundThread] [background_jsp.java:272] - BACKGROUND JOB: started
[2020-02-28 07:46:56,787] [DEBUG] [APAS-BackgroundThread] [HttpServletRequestWrapper.java:191] - getAttribute(app)
[2020-02-28 07:46:56,787] [DEBUG] [APAS-BackgroundThread] [HttpServletRequestWrapper.java:191] - getAttribute(RealPath)
[2020-02-28 07:46:56,787] [DEBUG] [APAS-BackgroundThread] [background_jsp.java:528] - BACKGROUND JOB: ended
[2020-02-28 07:46:56,787] [DEBUG] [APAS-BackgroundThread] [BackgroundThread.java:37] - running backgroundjob for app verlag
[2020-02-28 07:46:56,788] [DEBUG] [APAS-BackgroundThread] [HttpServletRequestWrapper.java:299] - setAttribute(app,com.andtek.andphone.provisioning.project.Project@3994968a)
[2020-02-28 07:46:56,788] [DEBUG] [APAS-BackgroundThread] [HttpServletRequestWrapper.java:299] - setAttribute(pageURL,http://10.51.51.122:8080/andphone/provisioning/verlag/background.jsp)
[2020-02-28 07:46:56,788] [DEBUG] [APAS-BackgroundThread] [HttpServletRequestWrapper.java:299] - setAttribute(RealPath,/var/lib/tomcat/webapps/andphone/provisioning/verlag/)
[2020-02-28 07:46:56,788] [DEBUG] [APAS-BackgroundThread] [HttpServletRequestWrapper.java:191] - getAttribute(javax.servlet.include.context_path)
[2020-02-28 07:46:56,788] [DEBUG] [APAS-BackgroundThread] [HttpServletRequestWrapper.java:101] - getContextPath
[2020-02-28 07:46:56,788] [DEBUG] [APAS-BackgroundThread] [HttpServletRequestWrapper.java:191] - getAttribute(org.apache.catalina.core.DISPATCHER_TYPE)
[2020-02-28 07:46:56,788] [DEBUG] [APAS-BackgroundThread] [HttpServletRequestWrapper.java:191] - getAttribute(org.apache.catalina.core.DISPATCHER_REQUEST_PATH)
[2020-02-28 07:46:56,788] [DEBUG] [APAS-BackgroundThread] [HttpServletRequestWrapper.java:101] - getContextPath
[2020-02-28 07:46:56,788] [DEBUG] [APAS-BackgroundThread] [HttpServletRequestWrapper.java:89] - getPathInfo
[2020-02-28 07:46:56,788] [DEBUG] [APAS-BackgroundThread] [HttpServletRequestWrapper.java:107] - getQueryString
[2020-02-28 07:46:56,788] [DEBUG] [APAS-BackgroundThread] [HttpServletRequestWrapper.java:137] - getRequestURI
[2020-02-28 07:46:56,788] [DEBUG] [APAS-BackgroundThread] [HttpServletRequestWrapper.java:149] - getServletPath
[2020-02-28 07:46:56,788] [DEBUG] [APAS-BackgroundThread] [HttpServletRequestWrapper.java:191] - getAttribute(org.apache.catalina.jsp_file)
[2020-02-28 07:46:56,850] [DEBUG] [APAS-BackgroundThread] [HttpServletRequestWrapper.java:83] - getMethod
[2020-02-28 07:46:56,851] [DEBUG] [APAS-BackgroundThread] [HttpServletRequestWrapper.java:155] - getSession(false)
[2020-02-28 07:46:56,851] [DEBUG] [APAS-BackgroundThread] [HttpSessionWrapper.java:24] - getId
[2020-02-28 07:46:56,851] [DEBUG] [APAS-BackgroundThread] [background_jsp.java:1037] - BACKGROUND JOB: started
[2020-02-28 07:46:56,851] [DEBUG] [APAS-BackgroundThread] [HttpServletRequestWrapper.java:191] - getAttribute(app)
[2020-02-28 07:46:56,851] [DEBUG] [APAS-BackgroundThread] [HttpServletRequestWrapper.java:191] - getAttribute(RealPath)
[2020-02-28 07:46:56,851] [DEBUG] [APAS-BackgroundThread] [background_jsp.java:1063] - BACKGROUND JOB: starting phone number synchronization process...
[2020-02-28 07:46:56,852] [DEBUG] [APAS-BackgroundThread] [background_jsp.java:1110] - BACKGROUND JOB: dueTime=Fri Feb 28 00:30:00 CET 2020 [1582846200000]
[2020-02-28 07:46:56,852] [DEBUG] [APAS-BackgroundThread] [background_jsp.java:1244] - BACKGROUND JOB: ended
[2020-02-28 07:47:07,432] [INFO] [APAS-ScanForNewDevicesThread-1] [ScanForNewDevices.java:118] - No SuperProvider capability, cannot scan for new devices.
[2020-02-28 07:47:07,432] [DEBUG] [APAS-ScanForNewDevicesThread-1] [ScanForNewDevices.java:75] - doScanDevices() finished successfully! executionCounter=0
[2020-02-28 07:47:12,567] [INFO] [rememberMeScheduler-1] [ProvisioningSyncTask.java:71] - ProvSyncTask: Starting sync process for provisioning projects.
[2020-02-28 07:47:12,567] [DEBUG] [rememberMeScheduler-1] [WackerPhoneNumberMgmtServiceImpl.java:54] - Log PhoneNumberMgmt - sync() method called.
[2020-02-28 07:47:12,567] [DEBUG] [rememberMeScheduler-1] [WackerLdapPhoneNumberCacheServiceImpl.java:39] - Log PhoneNumberMgmt - Run sync for LDAP user-phone numbers...
[2020-02-28 07:47:12,568] [ERROR] [rememberMeScheduler-1] [WackerPhoneNumberMgmtServiceImpl.java:59] - Log PhoneNumberMgmt - LDAP sync faild! Project : com.andtek.andphone.provisioning.project.Project@5af7da23
java.lang.NullPointerException
	at com.andtek.andphone.provisioning.project.utils.wacker.cacheimpl.WackerLdapPhoneNumberCacheServiceImpl.runSync(WackerLdapPhoneNumberCacheServiceImpl.java:109) ~[classes/:?]
	at com.andtek.andphone.provisioning.project.utils.wacker.cacheimpl.WackerPhoneNumberMgmtServiceImpl.sync(WackerPhoneNumberMgmtServiceImpl.java:57) [classes/:?]
	at com.andtek.andphone.provisioning.project.task.ProvisioningSyncTask.executeTask(ProvisioningSyncTask.java:82) [classes/:?]
	at sun.reflect.NativeMethodAccessorImpl.invoke0(Native Method) ~[?:1.8.0_144]
	at sun.reflect.NativeMethodAccessorImpl.invoke(NativeMethodAccessorImpl.java:62) ~[?:1.8.0_144]
	at sun.reflect.DelegatingMethodAccessorImpl.invoke(DelegatingMethodAccessorImpl.java:43) ~[?:1.8.0_144]
	at java.lang.reflect.Method.invoke(Method.java:498) ~[?:1.8.0_144]
	at org.springframework.scheduling.support.ScheduledMethodRunnable.run(ScheduledMethodRunnable.java:65) [spring-context-4.2.0.RELEASE.jar:4.2.0.RELEASE]
	at org.springframework.scheduling.support.DelegatingErrorHandlingRunnable.run(DelegatingErrorHandlingRunnable.java:54) [spring-context-4.2.0.RELEASE.jar:4.2.0.RELEASE]
	at java.util.concurrent.Executors$RunnableAdapter.call(Executors.java:511) [?:1.8.0_144]
	at java.util.concurrent.FutureTask.runAndReset(FutureTask.java:308) [?:1.8.0_144]
	at java.util.concurrent.ScheduledThreadPoolExecutor$ScheduledFutureTask.access$301(ScheduledThreadPoolExecutor.java:180) [?:1.8.0_144]
	at java.util.concurrent.ScheduledThreadPoolExecutor$ScheduledFutureTask.run(ScheduledThreadPoolExecutor.java:294) [?:1.8.0_144]
	at java.util.concurrent.ThreadPoolExecutor.runWorker(ThreadPoolExecutor.java:1149) [?:1.8.0_144]
	at java.util.concurrent.ThreadPoolExecutor$Worker.run(ThreadPoolExecutor.java:624) [?:1.8.0_144]
	at java.lang.Thread.run(Thread.java:748) [?:1.8.0_144]
[2020-02-28 07:47:12,568] [WARN] [rememberMeScheduler-1] [WackerCucmPhoneNumberCacheServiceImpl.java:63] - Log PhoneNumberMgmt - Run sync failed for CUCM phone numbers - input location list is null or empty!
[2020-02-28 07:47:12,569] [INFO] [rememberMeScheduler-1] [ProvisioningSyncTask.java:111] - ProvSyncTask: Finished sync process for provisioning projects.
[2020-02-28 07:47:17,860] [DEBUG] [APAS-TimerDaemon] [DirectoryXmlService.java:2514] - runLdapInternalCacheGC(): starting garbage collector for directory search cache...
[2020-02-28 07:47:17,861] [DEBUG] [APAS-TimerDaemon] [Module.java:956] - Starting refreshAllDynamicMembers()... canRunRefreshDynamicMembers: true
[2020-02-28 07:47:17,861] [DEBUG] [APAS-TimerDaemon] [Module.java:1004] - refreshAllDynamicMembers()
[2020-02-28 07:47:17,862] [DEBUG] [APAS-TimerDaemon] [Module.java:677] - Checking sniffer connection
[2020-02-28 07:47:19,871] [DEBUG] [APAS-TimerDaemon] [TableBaseDao.java:347] - SQL: SELECT * FROM lockout_profiles ORDER BY name -- PARAM: 
[2020-02-28 07:47:24,815] [DEBUG] [APAS-ServerGroupVerifier] [ServerGroup.java:618] - ServerGroupVerifier for ServerGroup[2,Default JTAPI ServerGroup,false] said: availability verification is disabled for this server group.
[2020-02-28 07:47:24,816] [DEBUG] [APAS-ServerGroupVerifier] [ServerGroup.java:685] - ServerGroup[1,Default AXL ServerGroup,true]: checkServerAvailability() checking prio 10
[2020-02-28 07:47:24,816] [DEBUG] [APAS-ServerGroupVerifier] [ServerGroup.java:727] - ServerGroup[1,Default AXL ServerGroup,true]: checkServerAvailability() completed, found 1/1
[2020-02-28 07:47:25,173] [DEBUG] [APAS-ServerGroupVerifier] [ServerGroup.java:685] - ServerGroup[4,Andguard local,true]: checkServerAvailability() checking prio 10
[2020-02-28 07:47:25,173] [DEBUG] [APAS-ServerGroupVerifier] [ANDGuardConnector.java:56] - verify connection
[2020-02-28 07:47:25,173] [DEBUG] [APAS-ServerGroupVerifier] [RestCall.java:51] - REST CALL to http://127.0.0.1:8081/andguard/rest/server/available
[2020-02-28 07:47:25,207] [DEBUG] [APAS-ServerGroupVerifier] [RestCall.java:57] - GET on [http://127.0.0.1:8081/andguard/rest/server/available], status code [200]
[2020-02-28 07:47:25,208] [DEBUG] [APAS-ServerGroupVerifier] [RestCall.java:80] - REST Call to http://127.0.0.1:8081/andguard/rest/server/available, duration: 34 ms
[2020-02-28 07:47:25,208] [DEBUG] [APAS-ServerGroupVerifier] [RestCall.java:82] - got: true
[2020-02-28 07:47:25,208] [DEBUG] [APAS-ServerGroupVerifier] [ServerGroup.java:727] - ServerGroup[4,Andguard local,true]: checkServerAvailability() completed, found 1/1
[2020-02-28 07:47:26,872] [DEBUG] [APAS-BackgroundThread] [BackgroundThread.java:37] - running backgroundjob for app leoni
[2020-02-28 07:47:26,873] [DEBUG] [APAS-BackgroundThread] [HttpServletRequestWrapper.java:299] - setAttribute(app,com.andtek.andphone.provisioning.project.Project@716ce512)
[2020-02-28 07:47:26,873] [DEBUG] [APAS-BackgroundThread] [HttpServletRequestWrapper.java:299] - setAttribute(pageURL,http://10.51.51.122:8080/andphone/provisioning/leoni/background.jsp)
[2020-02-28 07:47:26,873] [DEBUG] [APAS-BackgroundThread] [HttpServletRequestWrapper.java:299] - setAttribute(RealPath,/var/lib/tomcat/webapps/andphone/provisioning/leoni/)
[2020-02-28 07:47:26,873] [DEBUG] [APAS-BackgroundThread] [HttpServletRequestWrapper.java:191] - getAttribute(javax.servlet.include.context_path)
[2020-02-28 07:47:26,873] [DEBUG] [APAS-BackgroundThread] [HttpServletRequestWrapper.java:101] - getContextPath
[2020-02-28 07:47:26,873] [DEBUG] [APAS-BackgroundThread] [HttpServletRequestWrapper.java:191] - getAttribute(org.apache.catalina.core.DISPATCHER_TYPE)
[2020-02-28 07:47:26,873] [DEBUG] [APAS-BackgroundThread] [HttpServletRequestWrapper.java:191] - getAttribute(org.apache.catalina.core.DISPATCHER_REQUEST_PATH)
[2020-02-28 07:47:26,873] [DEBUG] [APAS-BackgroundThread] [HttpServletRequestWrapper.java:101] - getContextPath
[2020-02-28 07:47:26,873] [DEBUG] [APAS-BackgroundThread] [HttpServletRequestWrapper.java:89] - getPathInfo
[2020-02-28 07:47:26,873] [DEBUG] [APAS-BackgroundThread] [HttpServletRequestWrapper.java:107] - getQueryString
[2020-02-28 07:47:26,873] [DEBUG] [APAS-BackgroundThread] [HttpServletRequestWrapper.java:137] - getRequestURI
[2020-02-28 07:47:26,873] [DEBUG] [APAS-BackgroundThread] [HttpServletRequestWrapper.java:149] - getServletPath
[2020-02-28 07:47:26,874] [DEBUG] [APAS-BackgroundThread] [HttpServletRequestWrapper.java:191] - getAttribute(org.apache.catalina.jsp_file)
[2020-02-28 07:47:26,874] [DEBUG] [APAS-BackgroundThread] [HttpServletRequestWrapper.java:83] - getMethod
[2020-02-28 07:47:26,875] [DEBUG] [APAS-BackgroundThread] [HttpServletRequestWrapper.java:155] - getSession(false)
[2020-02-28 07:47:26,875] [DEBUG] [APAS-BackgroundThread] [HttpSessionWrapper.java:24] - getId
[2020-02-28 07:47:26,875] [DEBUG] [APAS-BackgroundThread] [background_jsp.java:399] - BACKGROUND JOB: started
[2020-02-28 07:47:26,875] [DEBUG] [APAS-BackgroundThread] [HttpServletRequestWrapper.java:191] - getAttribute(app)
[2020-02-28 07:47:26,875] [DEBUG] [APAS-BackgroundThread] [HttpServletRequestWrapper.java:191] - getAttribute(RealPath)
[2020-02-28 07:47:26,875] [DEBUG] [APAS-BackgroundThread] [background_jsp.java:425] - BACKGROUND JOB: starting phone number synchronization process...
[2020-02-28 07:47:26,875] [DEBUG] [APAS-BackgroundThread] [background_jsp.java:472] - BACKGROUND JOB: dueTime=Fri Feb 28 00:30:00 CET 2020 [1582846200000]
[2020-02-28 07:47:26,875] [DEBUG] [APAS-BackgroundThread] [background_jsp.java:606] - BACKGROUND JOB: ended
[2020-02-28 07:47:27,876] [DEBUG] [APAS-BackgroundThread] [BackgroundThread.java:37] - running backgroundjob for app wacker
[2020-02-28 07:47:27,876] [DEBUG] [APAS-BackgroundThread] [HttpServletRequestWrapper.java:299] - setAttribute(app,com.andtek.andphone.provisioning.project.Project@5af7da23)
[2020-02-28 07:47:27,876] [DEBUG] [APAS-BackgroundThread] [HttpServletRequestWrapper.java:299] - setAttribute(pageURL,http://10.51.51.122:8080/andphone/provisioning/wacker/background.jsp)
[2020-02-28 07:47:27,876] [DEBUG] [APAS-BackgroundThread] [HttpServletRequestWrapper.java:299] - setAttribute(RealPath,/var/lib/tomcat/webapps/andphone/provisioning/wacker/)
[2020-02-28 07:47:27,877] [DEBUG] [APAS-BackgroundThread] [HttpServletRequestWrapper.java:191] - getAttribute(javax.servlet.include.context_path)
[2020-02-28 07:47:27,877] [DEBUG] [APAS-BackgroundThread] [HttpServletRequestWrapper.java:101] - getContextPath
[2020-02-28 07:47:27,877] [DEBUG] [APAS-BackgroundThread] [HttpServletRequestWrapper.java:191] - getAttribute(org.apache.catalina.core.DISPATCHER_TYPE)
[2020-02-28 07:47:27,877] [DEBUG] [APAS-BackgroundThread] [HttpServletRequestWrapper.java:191] - getAttribute(org.apache.catalina.core.DISPATCHER_REQUEST_PATH)
[2020-02-28 07:47:27,877] [DEBUG] [APAS-BackgroundThread] [HttpServletRequestWrapper.java:101] - getContextPath
[2020-02-28 07:47:27,877] [DEBUG] [APAS-BackgroundThread] [HttpServletRequestWrapper.java:89] - getPathInfo
[2020-02-28 07:47:27,877] [DEBUG] [APAS-BackgroundThread] [HttpServletRequestWrapper.java:107] - getQueryString
[2020-02-28 07:47:27,877] [DEBUG] [APAS-BackgroundThread] [HttpServletRequestWrapper.java:137] - getRequestURI
[2020-02-28 07:47:27,877] [DEBUG] [APAS-BackgroundThread] [HttpServletRequestWrapper.java:149] - getServletPath
[2020-02-28 07:47:27,877] [DEBUG] [APAS-BackgroundThread] [HttpServletRequestWrapper.java:191] - getAttribute(org.apache.catalina.jsp_file)
[2020-02-28 07:47:27,877] [DEBUG] [APAS-BackgroundThread] [HttpServletRequestWrapper.java:83] - getMethod
[2020-02-28 07:47:27,877] [DEBUG] [APAS-BackgroundThread] [HttpServletRequestWrapper.java:155] - getSession(false)
[2020-02-28 07:47:27,877] [DEBUG] [APAS-BackgroundThread] [HttpSessionWrapper.java:24] - getId
[2020-02-28 07:47:27,878] [DEBUG] [APAS-BackgroundThread] [background_jsp.java:272] - BACKGROUND JOB: started
[2020-02-28 07:47:27,878] [DEBUG] [APAS-BackgroundThread] [HttpServletRequestWrapper.java:191] - getAttribute(app)
[2020-02-28 07:47:27,878] [DEBUG] [APAS-BackgroundThread] [HttpServletRequestWrapper.java:191] - getAttribute(RealPath)
[2020-02-28 07:47:27,878] [DEBUG] [APAS-BackgroundThread] [background_jsp.java:528] - BACKGROUND JOB: ended
[2020-02-28 07:47:27,878] [DEBUG] [APAS-BackgroundThread] [BackgroundThread.java:37] - running backgroundjob for app verlag
[2020-02-28 07:47:27,878] [DEBUG] [APAS-BackgroundThread] [HttpServletRequestWrapper.java:299] - setAttribute(app,com.andtek.andphone.provisioning.project.Project@3994968a)
[2020-02-28 07:47:27,878] [DEBUG] [APAS-BackgroundThread] [HttpServletRequestWrapper.java:299] - setAttribute(pageURL,http://10.51.51.122:8080/andphone/provisioning/verlag/background.jsp)
[2020-02-28 07:47:27,878] [DEBUG] [APAS-BackgroundThread] [HttpServletRequestWrapper.java:299] - setAttribute(RealPath,/var/lib/tomcat/webapps/andphone/provisioning/verlag/)
[2020-02-28 07:47:27,878] [DEBUG] [APAS-BackgroundThread] [HttpServletRequestWrapper.java:191] - getAttribute(javax.servlet.include.context_path)
[2020-02-28 07:47:27,878] [DEBUG] [APAS-BackgroundThread] [HttpServletRequestWrapper.java:101] - getContextPath
[2020-02-28 07:47:27,878] [DEBUG] [APAS-BackgroundThread] [HttpServletRequestWrapper.java:191] - getAttribute(org.apache.catalina.core.DISPATCHER_TYPE)
[2020-02-28 07:47:27,878] [DEBUG] [APAS-BackgroundThread] [HttpServletRequestWrapper.java:191] - getAttribute(org.apache.catalina.core.DISPATCHER_REQUEST_PATH)
[2020-02-28 07:47:27,878] [DEBUG] [APAS-BackgroundThread] [HttpServletRequestWrapper.java:101] - getContextPath
[2020-02-28 07:47:27,878] [DEBUG] [APAS-BackgroundThread] [HttpServletRequestWrapper.java:89] - getPathInfo
[2020-02-28 07:47:27,878] [DEBUG] [APAS-BackgroundThread] [HttpServletRequestWrapper.java:107] - getQueryString
[2020-02-28 07:47:27,878] [DEBUG] [APAS-BackgroundThread] [HttpServletRequestWrapper.java:137] - getRequestURI
[2020-02-28 07:47:27,878] [DEBUG] [APAS-BackgroundThread] [HttpServletRequestWrapper.java:149] - getServletPath
[2020-02-28 07:47:27,878] [DEBUG] [APAS-BackgroundThread] [HttpServletRequestWrapper.java:191] - getAttribute(org.apache.catalina.jsp_file)
[2020-02-28 07:47:27,879] [DEBUG] [APAS-BackgroundThread] [HttpServletRequestWrapper.java:83] - getMethod
[2020-02-28 07:47:27,879] [DEBUG] [APAS-BackgroundThread] [HttpServletRequestWrapper.java:155] - getSession(false)
[2020-02-28 07:47:27,879] [DEBUG] [APAS-BackgroundThread] [HttpSessionWrapper.java:24] - getId
[2020-02-28 07:47:27,879] [DEBUG] [APAS-BackgroundThread] [background_jsp.java:1037] - BACKGROUND JOB: started
[2020-02-28 07:47:27,879] [DEBUG] [APAS-BackgroundThread] [HttpServletRequestWrapper.java:191] - getAttribute(app)
[2020-02-28 07:47:27,879] [DEBUG] [APAS-BackgroundThread] [HttpServletRequestWrapper.java:191] - getAttribute(RealPath)
[2020-02-28 07:47:27,879] [DEBUG] [APAS-BackgroundThread] [background_jsp.java:1063] - BACKGROUND JOB: starting phone number synchronization process...
[2020-02-28 07:47:27,879] [DEBUG] [APAS-BackgroundThread] [background_jsp.java:1110] - BACKGROUND JOB: dueTime=Fri Feb 28 00:30:00 CET 2020 [1582846200000]
[2020-02-28 07:47:27,879] [DEBUG] [APAS-BackgroundThread] [background_jsp.java:1244] - BACKGROUND JOB: ended
[2020-02-28 07:47:28,491] [DEBUG] [APAS-bg-thread-recorder] [Admin.java:1222] - PRocessing recording[104]
[2020-02-28 07:47:28,544] [DEBUG] [APAS-bg-thread-recorder] [RuleSet.java:349] - Checking recording rules 
   given: (oid = 104 CGPN = +36110009100 CDPN = +36110009020 OCGPN = +36110009100 OCDPN = +36110009020 LASTREDIR = )
   rules [1]: 
     1. *MATCH* (action = [ RECORD], storage = 10) <- (unknown[3] == '+36110009020')   '9020                                           ...'
      ! evaluation stopped on rule match 
   result: 
     (action = [ RECORD], storage = 10)
[2020-02-28 07:47:28,546] [DEBUG] [APAS-bg-thread-recorder] [Admin.java:1239] - Storage profile 10, updating header
[2020-02-28 07:47:28,547] [INFO] [APAS-bg-thread-recorder] [Recording.java:761] - Converting file 104
[2020-02-28 07:47:28,547] [DEBUG] [APAS-bg-thread-recorder] [Recording.java:774] - using encryption key size 128
[2020-02-28 07:47:28,552] [DEBUG] [APAS-bg-thread-recorder] [Recording.java:801] - merging recordings to stereo wav file: /usr/bin/mergewav /var/lib/andphone_record/plugins /var/lib/andphone/tmp/104_in.wav /var/lib/andphone/tmp/104_out.wav /var/lib/andphone/tmp/104.wav
[2020-02-28 07:47:28,566] [DEBUG] [APAS-bg-thread-recorder] [Recording.java:839] - encoding recording to speex file: /usr/bin/speexenc -n --quality 8 --comp 3 --nframes 1 --comment type=ANDPhoneRecording /var/lib/andphone/tmp/104.wav /var/lib/andphone/tmp/104.spx
[2020-02-28 07:47:28,616] [DEBUG] [APAS-bg-thread-recorder] [Recording.java:887] - saving recording /var/lib/andphone/archive/2020/02/28/104.rec
[2020-02-28 07:47:28,618] [DEBUG] [APAS-bg-thread-recorder] [Recording.java:934] - encrypting recording to /var/lib/andphone/archive/2020/02/28/104.rec
[2020-02-28 07:47:28,618] [DEBUG] [APAS-bg-thread-recorder] [Recording.java:278] - using encryption key size 128
[2020-02-28 07:47:28,619] [DEBUG] [APAS-bg-thread-recorder] [Recording.java:950] - deleting temporary file /var/lib/andphone/tmp/104.spx
[2020-02-28 07:47:28,636] [DEBUG] [APAS-bg-thread-recorder] [AndPhoneCA.java:175] - getInstance
[2020-02-28 07:47:28,636] [DEBUG] [APAS-bg-thread-recorder] [AndPhoneCA.java:82] - Constructor AndPhoneCA
[2020-02-28 07:47:28,660] [DEBUG] [APAS-bg-thread-recorder] [DBHandler.java:91] - Number of updates done: 1
[2020-02-28 07:47:28,660] [DEBUG] [APAS-bg-thread-recorder] [AndPhoneCA.java:106] - Opened keystore
[2020-02-28 07:47:28,660] [DEBUG] [APAS-bg-thread-recorder] [AndPhoneCA.java:125] - Retrieving key and certificate from KeyStore
[2020-02-28 07:47:28,929] [DEBUG] [APAS-bg-thread-recorder] [KeyTools.java:544] - Load Keystore from file '/var/lib/andphone/certificate.store'
[2020-02-28 07:47:28,957] [DEBUG] [APAS-bg-thread-recorder] [KeyTools.java:554] - Keystore loaded successfully
[2020-02-28 07:47:28,966] [DEBUG] [APAS-bg-thread-recorder] [SignTool.java:77] - Writing signature of length 128
[2020-02-28 07:47:28,973] [DEBUG] [APAS-bg-thread-recorder] [XMLSocket.java:426] - XML_SOCKET:sending XML [<getStatus seq="22" />]
[2020-02-28 07:47:28,974] [DEBUG] [APAS-bg-thread-recorder] [XMLSocket.java:426] - XML_SOCKET:got response [getStatusResponse: null]
[2020-02-28 07:47:28,975] [DEBUG] [APAS-bg-thread-recorder] [RecorderRealtimeStatus.java:41] - getStatus called, status now: OK, last status: OK
[2020-02-28 07:47:37,433] [INFO] [APAS-ScanForNewDevicesThread-1] [ScanForNewDevices.java:118] - No SuperProvider capability, cannot scan for new devices.
[2020-02-28 07:47:37,433] [DEBUG] [APAS-ScanForNewDevicesThread-1] [ScanForNewDevices.java:75] - doScanDevices() finished successfully! executionCounter=0
[2020-02-28 07:47:47,957] [DEBUG] [APAS-TimerDaemon] [Module.java:677] - Checking sniffer connection
[2020-02-28 07:47:50,968] [DEBUG] [APAS-TimerDaemon] [TableBaseDao.java:347] - SQL: SELECT * FROM lockout_profiles ORDER BY name -- PARAM: 
[2020-02-28 07:47:57,897] [DEBUG] [APAS-BackgroundThread] [BackgroundThread.java:37] - running backgroundjob for app leoni
[2020-02-28 07:47:57,897] [DEBUG] [APAS-BackgroundThread] [HttpServletRequestWrapper.java:299] - setAttribute(app,com.andtek.andphone.provisioning.project.Project@716ce512)
[2020-02-28 07:47:57,897] [DEBUG] [APAS-BackgroundThread] [HttpServletRequestWrapper.java:299] - setAttribute(pageURL,http://10.51.51.122:8080/andphone/provisioning/leoni/background.jsp)
[2020-02-28 07:47:57,897] [DEBUG] [APAS-BackgroundThread] [HttpServletRequestWrapper.java:299] - setAttribute(RealPath,/var/lib/tomcat/webapps/andphone/provisioning/leoni/)
[2020-02-28 07:47:57,897] [DEBUG] [APAS-BackgroundThread] [HttpServletRequestWrapper.java:191] - getAttribute(javax.servlet.include.context_path)
[2020-02-28 07:47:57,897] [DEBUG] [APAS-BackgroundThread] [HttpServletRequestWrapper.java:101] - getContextPath
[2020-02-28 07:47:57,897] [DEBUG] [APAS-BackgroundThread] [HttpServletRequestWrapper.java:191] - getAttribute(org.apache.catalina.core.DISPATCHER_TYPE)
[2020-02-28 07:47:57,897] [DEBUG] [APAS-BackgroundThread] [HttpServletRequestWrapper.java:191] - getAttribute(org.apache.catalina.core.DISPATCHER_REQUEST_PATH)
[2020-02-28 07:47:57,897] [DEBUG] [APAS-BackgroundThread] [HttpServletRequestWrapper.java:101] - getContextPath
[2020-02-28 07:47:57,897] [DEBUG] [APAS-BackgroundThread] [HttpServletRequestWrapper.java:89] - getPathInfo
[2020-02-28 07:47:57,897] [DEBUG] [APAS-BackgroundThread] [HttpServletRequestWrapper.java:107] - getQueryString
[2020-02-28 07:47:57,897] [DEBUG] [APAS-BackgroundThread] [HttpServletRequestWrapper.java:137] - getRequestURI
[2020-02-28 07:47:57,898] [DEBUG] [APAS-BackgroundThread] [HttpServletRequestWrapper.java:149] - getServletPath
[2020-02-28 07:47:57,898] [DEBUG] [APAS-BackgroundThread] [HttpServletRequestWrapper.java:191] - getAttribute(org.apache.catalina.jsp_file)
[2020-02-28 07:47:57,898] [DEBUG] [APAS-BackgroundThread] [HttpServletRequestWrapper.java:83] - getMethod
[2020-02-28 07:47:57,898] [DEBUG] [APAS-BackgroundThread] [HttpServletRequestWrapper.java:155] - getSession(false)
[2020-02-28 07:47:57,898] [DEBUG] [APAS-BackgroundThread] [HttpSessionWrapper.java:24] - getId
[2020-02-28 07:47:57,898] [DEBUG] [APAS-BackgroundThread] [background_jsp.java:399] - BACKGROUND JOB: started
[2020-02-28 07:47:57,898] [DEBUG] [APAS-BackgroundThread] [HttpServletRequestWrapper.java:191] - getAttribute(app)
[2020-02-28 07:47:57,898] [DEBUG] [APAS-BackgroundThread] [HttpServletRequestWrapper.java:191] - getAttribute(RealPath)
[2020-02-28 07:47:57,898] [DEBUG] [APAS-BackgroundThread] [background_jsp.java:425] - BACKGROUND JOB: starting phone number synchronization process...
[2020-02-28 07:47:57,899] [DEBUG] [APAS-BackgroundThread] [background_jsp.java:472] - BACKGROUND JOB: dueTime=Fri Feb 28 00:30:00 CET 2020 [1582846200000]
[2020-02-28 07:47:57,899] [DEBUG] [APAS-BackgroundThread] [background_jsp.java:606] - BACKGROUND JOB: ended
[2020-02-28 07:47:58,899] [DEBUG] [APAS-BackgroundThread] [BackgroundThread.java:37] - running backgroundjob for app wacker
[2020-02-28 07:47:58,900] [DEBUG] [APAS-BackgroundThread] [HttpServletRequestWrapper.java:299] - setAttribute(app,com.andtek.andphone.provisioning.project.Project@5af7da23)
[2020-02-28 07:47:58,900] [DEBUG] [APAS-BackgroundThread] [HttpServletRequestWrapper.java:299] - setAttribute(pageURL,http://10.51.51.122:8080/andphone/provisioning/wacker/background.jsp)
[2020-02-28 07:47:58,900] [DEBUG] [APAS-BackgroundThread] [HttpServletRequestWrapper.java:299] - setAttribute(RealPath,/var/lib/tomcat/webapps/andphone/provisioning/wacker/)
[2020-02-28 07:47:58,900] [DEBUG] [APAS-BackgroundThread] [HttpServletRequestWrapper.java:191] - getAttribute(javax.servlet.include.context_path)
[2020-02-28 07:47:58,900] [DEBUG] [APAS-BackgroundThread] [HttpServletRequestWrapper.java:101] - getContextPath
[2020-02-28 07:47:58,900] [DEBUG] [APAS-BackgroundThread] [HttpServletRequestWrapper.java:191] - getAttribute(org.apache.catalina.core.DISPATCHER_TYPE)
[2020-02-28 07:47:58,900] [DEBUG] [APAS-BackgroundThread] [HttpServletRequestWrapper.java:191] - getAttribute(org.apache.catalina.core.DISPATCHER_REQUEST_PATH)
[2020-02-28 07:47:58,900] [DEBUG] [APAS-BackgroundThread] [HttpServletRequestWrapper.java:101] - getContextPath
[2020-02-28 07:47:58,900] [DEBUG] [APAS-BackgroundThread] [HttpServletRequestWrapper.java:89] - getPathInfo
[2020-02-28 07:47:58,900] [DEBUG] [APAS-BackgroundThread] [HttpServletRequestWrapper.java:107] - getQueryString
[2020-02-28 07:47:58,900] [DEBUG] [APAS-BackgroundThread] [HttpServletRequestWrapper.java:137] - getRequestURI
[2020-02-28 07:47:58,900] [DEBUG] [APAS-BackgroundThread] [HttpServletRequestWrapper.java:149] - getServletPath
[2020-02-28 07:47:58,900] [DEBUG] [APAS-BackgroundThread] [HttpServletRequestWrapper.java:191] - getAttribute(org.apache.catalina.jsp_file)
[2020-02-28 07:47:58,901] [DEBUG] [APAS-BackgroundThread] [HttpServletRequestWrapper.java:83] - getMethod
[2020-02-28 07:47:58,901] [DEBUG] [APAS-BackgroundThread] [HttpServletRequestWrapper.java:155] - getSession(false)
[2020-02-28 07:47:58,901] [DEBUG] [APAS-BackgroundThread] [HttpSessionWrapper.java:24] - getId
[2020-02-28 07:47:58,901] [DEBUG] [APAS-BackgroundThread] [background_jsp.java:272] - BACKGROUND JOB: started
[2020-02-28 07:47:58,901] [DEBUG] [APAS-BackgroundThread] [HttpServletRequestWrapper.java:191] - getAttribute(app)
[2020-02-28 07:47:58,901] [DEBUG] [APAS-BackgroundThread] [HttpServletRequestWrapper.java:191] - getAttribute(RealPath)
[2020-02-28 07:47:58,901] [DEBUG] [APAS-BackgroundThread] [background_jsp.java:528] - BACKGROUND JOB: ended
[2020-02-28 07:47:58,901] [DEBUG] [APAS-BackgroundThread] [BackgroundThread.java:37] - running backgroundjob for app verlag
[2020-02-28 07:47:58,901] [DEBUG] [APAS-BackgroundThread] [HttpServletRequestWrapper.java:299] - setAttribute(app,com.andtek.andphone.provisioning.project.Project@3994968a)
[2020-02-28 07:47:58,901] [DEBUG] [APAS-BackgroundThread] [HttpServletRequestWrapper.java:299] - setAttribute(pageURL,http://10.51.51.122:8080/andphone/provisioning/verlag/background.jsp)
[2020-02-28 07:47:58,901] [DEBUG] [APAS-BackgroundThread] [HttpServletRequestWrapper.java:299] - setAttribute(RealPath,/var/lib/tomcat/webapps/andphone/provisioning/verlag/)
[2020-02-28 07:47:58,901] [DEBUG] [APAS-BackgroundThread] [HttpServletRequestWrapper.java:191] - getAttribute(javax.servlet.include.context_path)
[2020-02-28 07:47:58,901] [DEBUG] [APAS-BackgroundThread] [HttpServletRequestWrapper.java:101] - getContextPath
[2020-02-28 07:47:58,901] [DEBUG] [APAS-BackgroundThread] [HttpServletRequestWrapper.java:191] - getAttribute(org.apache.catalina.core.DISPATCHER_TYPE)
[2020-02-28 07:47:58,901] [DEBUG] [APAS-BackgroundThread] [HttpServletRequestWrapper.java:191] - getAttribute(org.apache.catalina.core.DISPATCHER_REQUEST_PATH)
[2020-02-28 07:47:58,901] [DEBUG] [APAS-BackgroundThread] [HttpServletRequestWrapper.java:101] - getContextPath
[2020-02-28 07:47:58,901] [DEBUG] [APAS-BackgroundThread] [HttpServletRequestWrapper.java:89] - getPathInfo
[2020-02-28 07:47:58,901] [DEBUG] [APAS-BackgroundThread] [HttpServletRequestWrapper.java:107] - getQueryString
[2020-02-28 07:47:58,901] [DEBUG] [APAS-BackgroundThread] [HttpServletRequestWrapper.java:137] - getRequestURI
[2020-02-28 07:47:58,901] [DEBUG] [APAS-BackgroundThread] [HttpServletRequestWrapper.java:149] - getServletPath
[2020-02-28 07:47:58,902] [DEBUG] [APAS-BackgroundThread] [HttpServletRequestWrapper.java:191] - getAttribute(org.apache.catalina.jsp_file)
[2020-02-28 07:47:58,902] [DEBUG] [APAS-BackgroundThread] [HttpServletRequestWrapper.java:83] - getMethod
[2020-02-28 07:47:58,902] [DEBUG] [APAS-BackgroundThread] [HttpServletRequestWrapper.java:155] - getSession(false)
[2020-02-28 07:47:58,902] [DEBUG] [APAS-BackgroundThread] [HttpSessionWrapper.java:24] - getId
[2020-02-28 07:47:58,902] [DEBUG] [APAS-BackgroundThread] [background_jsp.java:1037] - BACKGROUND JOB: started
[2020-02-28 07:47:58,902] [DEBUG] [APAS-BackgroundThread] [HttpServletRequestWrapper.java:191] - getAttribute(app)
[2020-02-28 07:47:58,902] [DEBUG] [APAS-BackgroundThread] [HttpServletRequestWrapper.java:191] - getAttribute(RealPath)
[2020-02-28 07:47:58,902] [DEBUG] [APAS-BackgroundThread] [background_jsp.java:1063] - BACKGROUND JOB: starting phone number synchronization process...
[2020-02-28 07:47:58,902] [DEBUG] [APAS-BackgroundThread] [background_jsp.java:1110] - BACKGROUND JOB: dueTime=Fri Feb 28 00:30:00 CET 2020 [1582846200000]
[2020-02-28 07:47:58,902] [DEBUG] [APAS-BackgroundThread] [background_jsp.java:1244] - BACKGROUND JOB: ended
[2020-02-28 07:48:07,433] [INFO] [APAS-ScanForNewDevicesThread-1] [ScanForNewDevices.java:118] - No SuperProvider capability, cannot scan for new devices.
[2020-02-28 07:48:07,434] [DEBUG] [APAS-ScanForNewDevicesThread-1] [ScanForNewDevices.java:75] - doScanDevices() finished successfully! executionCounter=0
[2020-02-28 07:48:12,569] [INFO] [rememberMeScheduler-1] [ProvisioningSyncTask.java:113] - ProvSyncTask: Do NOT sync now, next SYNC_PERIOD is not passed yet. 
[2020-02-28 07:48:12,570] [INFO] [rememberMeScheduler-1] [ProvisioningSyncTask.java:115] - Current cache is valid until : Sat Feb 29 01:00:00 CET 2020
[2020-02-28 07:48:18,062] [DEBUG] [APAS-TimerDaemon] [DirectoryXmlService.java:2514] - runLdapInternalCacheGC(): starting garbage collector for directory search cache...
[2020-02-28 07:48:18,063] [DEBUG] [APAS-TimerDaemon] [Module.java:677] - Checking sniffer connection
[2020-02-28 07:48:22,075] [DEBUG] [APAS-TimerDaemon] [TableBaseDao.java:347] - SQL: SELECT * FROM lockout_profiles ORDER BY name -- PARAM: 
[2020-02-28 07:48:24,816] [DEBUG] [APAS-ServerGroupVerifier] [ServerGroup.java:618] - ServerGroupVerifier for ServerGroup[2,Default JTAPI ServerGroup,false] said: availability verification is disabled for this server group.
[2020-02-28 07:48:24,816] [DEBUG] [APAS-ServerGroupVerifier] [ServerGroup.java:685] - ServerGroup[1,Default AXL ServerGroup,true]: checkServerAvailability() checking prio 10
[2020-02-28 07:48:24,816] [DEBUG] [APAS-ServerGroupVerifier] [ServerGroup.java:727] - ServerGroup[1,Default AXL ServerGroup,true]: checkServerAvailability() completed, found 1/1
[2020-02-28 07:48:25,208] [DEBUG] [APAS-ServerGroupVerifier] [ServerGroup.java:685] - ServerGroup[4,Andguard local,true]: checkServerAvailability() checking prio 10
[2020-02-28 07:48:25,209] [DEBUG] [APAS-ServerGroupVerifier] [ServerGroup.java:727] - ServerGroup[4,Andguard local,true]: checkServerAvailability() completed, found 1/1
[2020-02-28 07:48:28,919] [DEBUG] [APAS-BackgroundThread] [BackgroundThread.java:37] - running backgroundjob for app leoni
[2020-02-28 07:48:28,919] [DEBUG] [APAS-BackgroundThread] [HttpServletRequestWrapper.java:299] - setAttribute(app,com.andtek.andphone.provisioning.project.Project@716ce512)
[2020-02-28 07:48:28,919] [DEBUG] [APAS-BackgroundThread] [HttpServletRequestWrapper.java:299] - setAttribute(pageURL,http://10.51.51.122:8080/andphone/provisioning/leoni/background.jsp)
[2020-02-28 07:48:28,919] [DEBUG] [APAS-BackgroundThread] [HttpServletRequestWrapper.java:299] - setAttribute(RealPath,/var/lib/tomcat/webapps/andphone/provisioning/leoni/)
[2020-02-28 07:48:28,919] [DEBUG] [APAS-BackgroundThread] [HttpServletRequestWrapper.java:191] - getAttribute(javax.servlet.include.context_path)
[2020-02-28 07:48:28,919] [DEBUG] [APAS-BackgroundThread] [HttpServletRequestWrapper.java:101] - getContextPath
[2020-02-28 07:48:28,919] [DEBUG] [APAS-BackgroundThread] [HttpServletRequestWrapper.java:191] - getAttribute(org.apache.catalina.core.DISPATCHER_TYPE)
[2020-02-28 07:48:28,919] [DEBUG] [APAS-BackgroundThread] [HttpServletRequestWrapper.java:191] - getAttribute(org.apache.catalina.core.DISPATCHER_REQUEST_PATH)
[2020-02-28 07:48:28,919] [DEBUG] [APAS-BackgroundThread] [HttpServletRequestWrapper.java:101] - getContextPath
[2020-02-28 07:48:28,919] [DEBUG] [APAS-BackgroundThread] [HttpServletRequestWrapper.java:89] - getPathInfo
[2020-02-28 07:48:28,919] [DEBUG] [APAS-BackgroundThread] [HttpServletRequestWrapper.java:107] - getQueryString
[2020-02-28 07:48:28,920] [DEBUG] [APAS-BackgroundThread] [HttpServletRequestWrapper.java:137] - getRequestURI
[2020-02-28 07:48:28,920] [DEBUG] [APAS-BackgroundThread] [HttpServletRequestWrapper.java:149] - getServletPath
[2020-02-28 07:48:28,920] [DEBUG] [APAS-BackgroundThread] [HttpServletRequestWrapper.java:191] - getAttribute(org.apache.catalina.jsp_file)
[2020-02-28 07:48:28,920] [DEBUG] [APAS-BackgroundThread] [HttpServletRequestWrapper.java:83] - getMethod
[2020-02-28 07:48:28,920] [DEBUG] [APAS-BackgroundThread] [HttpServletRequestWrapper.java:155] - getSession(false)
[2020-02-28 07:48:28,920] [DEBUG] [APAS-BackgroundThread] [HttpSessionWrapper.java:24] - getId
[2020-02-28 07:48:28,920] [DEBUG] [APAS-BackgroundThread] [background_jsp.java:399] - BACKGROUND JOB: started
[2020-02-28 07:48:28,920] [DEBUG] [APAS-BackgroundThread] [HttpServletRequestWrapper.java:191] - getAttribute(app)
[2020-02-28 07:48:28,920] [DEBUG] [APAS-BackgroundThread] [HttpServletRequestWrapper.java:191] - getAttribute(RealPath)
[2020-02-28 07:48:28,920] [DEBUG] [APAS-BackgroundThread] [background_jsp.java:425] - BACKGROUND JOB: starting phone number synchronization process...
[2020-02-28 07:48:28,921] [DEBUG] [APAS-BackgroundThread] [background_jsp.java:472] - BACKGROUND JOB: dueTime=Fri Feb 28 00:30:00 CET 2020 [1582846200000]
[2020-02-28 07:48:28,921] [DEBUG] [APAS-BackgroundThread] [background_jsp.java:606] - BACKGROUND JOB: ended
[2020-02-28 07:48:29,023] [DEBUG] [APAS-bg-thread-recorder] [XMLSocket.java:426] - XML_SOCKET:sending XML [<getStatus seq="55" />]
[2020-02-28 07:48:29,027] [DEBUG] [APAS-bg-thread-recorder] [XMLSocket.java:426] - XML_SOCKET:got response [getStatusResponse: null]
[2020-02-28 07:48:29,027] [DEBUG] [APAS-bg-thread-recorder] [RecorderRealtimeStatus.java:41] - getStatus called, status now: OK, last status: OK
[2020-02-28 07:48:29,921] [DEBUG] [APAS-BackgroundThread] [BackgroundThread.java:37] - running backgroundjob for app wacker
[2020-02-28 07:48:29,922] [DEBUG] [APAS-BackgroundThread] [HttpServletRequestWrapper.java:299] - setAttribute(app,com.andtek.andphone.provisioning.project.Project@5af7da23)
[2020-02-28 07:48:29,922] [DEBUG] [APAS-BackgroundThread] [HttpServletRequestWrapper.java:299] - setAttribute(pageURL,http://10.51.51.122:8080/andphone/provisioning/wacker/background.jsp)
[2020-02-28 07:48:29,922] [DEBUG] [APAS-BackgroundThread] [HttpServletRequestWrapper.java:299] - setAttribute(RealPath,/var/lib/tomcat/webapps/andphone/provisioning/wacker/)
[2020-02-28 07:48:29,922] [DEBUG] [APAS-BackgroundThread] [HttpServletRequestWrapper.java:191] - getAttribute(javax.servlet.include.context_path)
[2020-02-28 07:48:29,922] [DEBUG] [APAS-BackgroundThread] [HttpServletRequestWrapper.java:101] - getContextPath
[2020-02-28 07:48:29,922] [DEBUG] [APAS-BackgroundThread] [HttpServletRequestWrapper.java:191] - getAttribute(org.apache.catalina.core.DISPATCHER_TYPE)
[2020-02-28 07:48:29,922] [DEBUG] [APAS-BackgroundThread] [HttpServletRequestWrapper.java:191] - getAttribute(org.apache.catalina.core.DISPATCHER_REQUEST_PATH)
[2020-02-28 07:48:29,922] [DEBUG] [APAS-BackgroundThread] [HttpServletRequestWrapper.java:101] - getContextPath
[2020-02-28 07:48:29,922] [DEBUG] [APAS-BackgroundThread] [HttpServletRequestWrapper.java:89] - getPathInfo
[2020-02-28 07:48:29,922] [DEBUG] [APAS-BackgroundThread] [HttpServletRequestWrapper.java:107] - getQueryString
[2020-02-28 07:48:29,922] [DEBUG] [APAS-BackgroundThread] [HttpServletRequestWrapper.java:137] - getRequestURI
[2020-02-28 07:48:29,922] [DEBUG] [APAS-BackgroundThread] [HttpServletRequestWrapper.java:149] - getServletPath
[2020-02-28 07:48:29,922] [DEBUG] [APAS-BackgroundThread] [HttpServletRequestWrapper.java:191] - getAttribute(org.apache.catalina.jsp_file)
[2020-02-28 07:48:29,923] [DEBUG] [APAS-BackgroundThread] [HttpServletRequestWrapper.java:83] - getMethod
[2020-02-28 07:48:29,923] [DEBUG] [APAS-BackgroundThread] [HttpServletRequestWrapper.java:155] - getSession(false)
[2020-02-28 07:48:29,923] [DEBUG] [APAS-BackgroundThread] [HttpSessionWrapper.java:24] - getId
[2020-02-28 07:48:29,923] [DEBUG] [APAS-BackgroundThread] [background_jsp.java:272] - BACKGROUND JOB: started
[2020-02-28 07:48:29,923] [DEBUG] [APAS-BackgroundThread] [HttpServletRequestWrapper.java:191] - getAttribute(app)
[2020-02-28 07:48:29,923] [DEBUG] [APAS-BackgroundThread] [HttpServletRequestWrapper.java:191] - getAttribute(RealPath)
[2020-02-28 07:48:29,923] [DEBUG] [APAS-BackgroundThread] [background_jsp.java:528] - BACKGROUND JOB: ended
[2020-02-28 07:48:29,923] [DEBUG] [APAS-BackgroundThread] [BackgroundThread.java:37] - running backgroundjob for app verlag
[2020-02-28 07:48:29,923] [DEBUG] [APAS-BackgroundThread] [HttpServletRequestWrapper.java:299] - setAttribute(app,com.andtek.andphone.provisioning.project.Project@3994968a)
[2020-02-28 07:48:29,923] [DEBUG] [APAS-BackgroundThread] [HttpServletRequestWrapper.java:299] - setAttribute(pageURL,http://10.51.51.122:8080/andphone/provisioning/verlag/background.jsp)
[2020-02-28 07:48:29,923] [DEBUG] [APAS-BackgroundThread] [HttpServletRequestWrapper.java:299] - setAttribute(RealPath,/var/lib/tomcat/webapps/andphone/provisioning/verlag/)
[2020-02-28 07:48:29,923] [DEBUG] [APAS-BackgroundThread] [HttpServletRequestWrapper.java:191] - getAttribute(javax.servlet.include.context_path)
[2020-02-28 07:48:29,923] [DEBUG] [APAS-BackgroundThread] [HttpServletRequestWrapper.java:101] - getContextPath
[2020-02-28 07:48:29,923] [DEBUG] [APAS-BackgroundThread] [HttpServletRequestWrapper.java:191] - getAttribute(org.apache.catalina.core.DISPATCHER_TYPE)
[2020-02-28 07:48:29,923] [DEBUG] [APAS-BackgroundThread] [HttpServletRequestWrapper.java:191] - getAttribute(org.apache.catalina.core.DISPATCHER_REQUEST_PATH)
[2020-02-28 07:48:29,923] [DEBUG] [APAS-BackgroundThread] [HttpServletRequestWrapper.java:101] - getContextPath
[2020-02-28 07:48:29,924] [DEBUG] [APAS-BackgroundThread] [HttpServletRequestWrapper.java:89] - getPathInfo
[2020-02-28 07:48:29,924] [DEBUG] [APAS-BackgroundThread] [HttpServletRequestWrapper.java:107] - getQueryString
[2020-02-28 07:48:29,924] [DEBUG] [APAS-BackgroundThread] [HttpServletRequestWrapper.java:137] - getRequestURI
[2020-02-28 07:48:29,924] [DEBUG] [APAS-BackgroundThread] [HttpServletRequestWrapper.java:149] - getServletPath
[2020-02-28 07:48:29,924] [DEBUG] [APAS-BackgroundThread] [HttpServletRequestWrapper.java:191] - getAttribute(org.apache.catalina.jsp_file)
[2020-02-28 07:48:29,924] [DEBUG] [APAS-BackgroundThread] [HttpServletRequestWrapper.java:83] - getMethod
[2020-02-28 07:48:29,924] [DEBUG] [APAS-BackgroundThread] [HttpServletRequestWrapper.java:155] - getSession(false)
[2020-02-28 07:48:29,924] [DEBUG] [APAS-BackgroundThread] [HttpSessionWrapper.java:24] - getId
[2020-02-28 07:48:29,924] [DEBUG] [APAS-BackgroundThread] [background_jsp.java:1037] - BACKGROUND JOB: started
[2020-02-28 07:48:29,924] [DEBUG] [APAS-BackgroundThread] [HttpServletRequestWrapper.java:191] - getAttribute(app)
[2020-02-28 07:48:29,924] [DEBUG] [APAS-BackgroundThread] [HttpServletRequestWrapper.java:191] - getAttribute(RealPath)
[2020-02-28 07:48:29,924] [DEBUG] [APAS-BackgroundThread] [background_jsp.java:1063] - BACKGROUND JOB: starting phone number synchronization process...
[2020-02-28 07:48:29,924] [DEBUG] [APAS-BackgroundThread] [background_jsp.java:1110] - BACKGROUND JOB: dueTime=Fri Feb 28 00:30:00 CET 2020 [1582846200000]
[2020-02-28 07:48:29,924] [DEBUG] [APAS-BackgroundThread] [background_jsp.java:1244] - BACKGROUND JOB: ended
[2020-02-28 07:48:37,434] [INFO] [APAS-ScanForNewDevicesThread-1] [ScanForNewDevices.java:118] - No SuperProvider capability, cannot scan for new devices.
[2020-02-28 07:48:37,434] [DEBUG] [APAS-ScanForNewDevicesThread-1] [ScanForNewDevices.java:75] - doScanDevices() finished successfully! executionCounter=0
[2020-02-28 07:48:48,142] [DEBUG] [APAS-TimerDaemon] [Module.java:677] - Checking sniffer connection
[2020-02-28 07:48:53,156] [DEBUG] [APAS-TimerDaemon] [TableBaseDao.java:347] - SQL: SELECT * FROM lockout_profiles ORDER BY name -- PARAM: 
[2020-02-28 07:48:59,940] [DEBUG] [APAS-BackgroundThread] [BackgroundThread.java:37] - running backgroundjob for app leoni
[2020-02-28 07:48:59,940] [DEBUG] [APAS-BackgroundThread] [HttpServletRequestWrapper.java:299] - setAttribute(app,com.andtek.andphone.provisioning.project.Project@716ce512)
[2020-02-28 07:48:59,940] [DEBUG] [APAS-BackgroundThread] [HttpServletRequestWrapper.java:299] - setAttribute(pageURL,http://10.51.51.122:8080/andphone/provisioning/leoni/background.jsp)
[2020-02-28 07:48:59,941] [DEBUG] [APAS-BackgroundThread] [HttpServletRequestWrapper.java:299] - setAttribute(RealPath,/var/lib/tomcat/webapps/andphone/provisioning/leoni/)
[2020-02-28 07:48:59,941] [DEBUG] [APAS-BackgroundThread] [HttpServletRequestWrapper.java:191] - getAttribute(javax.servlet.include.context_path)
[2020-02-28 07:48:59,941] [DEBUG] [APAS-BackgroundThread] [HttpServletRequestWrapper.java:101] - getContextPath
[2020-02-28 07:48:59,941] [DEBUG] [APAS-BackgroundThread] [HttpServletRequestWrapper.java:191] - getAttribute(org.apache.catalina.core.DISPATCHER_TYPE)
[2020-02-28 07:48:59,941] [DEBUG] [APAS-BackgroundThread] [HttpServletRequestWrapper.java:191] - getAttribute(org.apache.catalina.core.DISPATCHER_REQUEST_PATH)
[2020-02-28 07:48:59,941] [DEBUG] [APAS-BackgroundThread] [HttpServletRequestWrapper.java:101] - getContextPath
[2020-02-28 07:48:59,941] [DEBUG] [APAS-BackgroundThread] [HttpServletRequestWrapper.java:89] - getPathInfo
[2020-02-28 07:48:59,941] [DEBUG] [APAS-BackgroundThread] [HttpServletRequestWrapper.java:107] - getQueryString
[2020-02-28 07:48:59,941] [DEBUG] [APAS-BackgroundThread] [HttpServletRequestWrapper.java:137] - getRequestURI
[2020-02-28 07:48:59,941] [DEBUG] [APAS-BackgroundThread] [HttpServletRequestWrapper.java:149] - getServletPath
[2020-02-28 07:48:59,941] [DEBUG] [APAS-BackgroundThread] [HttpServletRequestWrapper.java:191] - getAttribute(org.apache.catalina.jsp_file)
[2020-02-28 07:48:59,942] [DEBUG] [APAS-BackgroundThread] [HttpServletRequestWrapper.java:83] - getMethod
[2020-02-28 07:48:59,942] [DEBUG] [APAS-BackgroundThread] [HttpServletRequestWrapper.java:155] - getSession(false)
[2020-02-28 07:48:59,942] [DEBUG] [APAS-BackgroundThread] [HttpSessionWrapper.java:24] - getId
[2020-02-28 07:48:59,942] [DEBUG] [APAS-BackgroundThread] [background_jsp.java:399] - BACKGROUND JOB: started
[2020-02-28 07:48:59,942] [DEBUG] [APAS-BackgroundThread] [HttpServletRequestWrapper.java:191] - getAttribute(app)
[2020-02-28 07:48:59,943] [DEBUG] [APAS-BackgroundThread] [HttpServletRequestWrapper.java:191] - getAttribute(RealPath)
[2020-02-28 07:48:59,943] [DEBUG] [APAS-BackgroundThread] [background_jsp.java:425] - BACKGROUND JOB: starting phone number synchronization process...
[2020-02-28 07:48:59,943] [DEBUG] [APAS-BackgroundThread] [background_jsp.java:472] - BACKGROUND JOB: dueTime=Fri Feb 28 00:30:00 CET 2020 [1582846200000]
[2020-02-28 07:48:59,943] [DEBUG] [APAS-BackgroundThread] [background_jsp.java:606] - BACKGROUND JOB: ended
[2020-02-28 07:49:00,943] [DEBUG] [APAS-BackgroundThread] [BackgroundThread.java:37] - running backgroundjob for app wacker
[2020-02-28 07:49:00,944] [DEBUG] [APAS-BackgroundThread] [HttpServletRequestWrapper.java:299] - setAttribute(app,com.andtek.andphone.provisioning.project.Project@5af7da23)
[2020-02-28 07:49:00,944] [DEBUG] [APAS-BackgroundThread] [HttpServletRequestWrapper.java:299] - setAttribute(pageURL,http://10.51.51.122:8080/andphone/provisioning/wacker/background.jsp)
[2020-02-28 07:49:00,944] [DEBUG] [APAS-BackgroundThread] [HttpServletRequestWrapper.java:299] - setAttribute(RealPath,/var/lib/tomcat/webapps/andphone/provisioning/wacker/)
[2020-02-28 07:49:00,944] [DEBUG] [APAS-BackgroundThread] [HttpServletRequestWrapper.java:191] - getAttribute(javax.servlet.include.context_path)
[2020-02-28 07:49:00,944] [DEBUG] [APAS-BackgroundThread] [HttpServletRequestWrapper.java:101] - getContextPath
[2020-02-28 07:49:00,944] [DEBUG] [APAS-BackgroundThread] [HttpServletRequestWrapper.java:191] - getAttribute(org.apache.catalina.core.DISPATCHER_TYPE)
[2020-02-28 07:49:00,944] [DEBUG] [APAS-BackgroundThread] [HttpServletRequestWrapper.java:191] - getAttribute(org.apache.catalina.core.DISPATCHER_REQUEST_PATH)
[2020-02-28 07:49:00,944] [DEBUG] [APAS-BackgroundThread] [HttpServletRequestWrapper.java:101] - getContextPath
[2020-02-28 07:49:00,944] [DEBUG] [APAS-BackgroundThread] [HttpServletRequestWrapper.java:89] - getPathInfo
[2020-02-28 07:49:00,944] [DEBUG] [APAS-BackgroundThread] [HttpServletRequestWrapper.java:107] - getQueryString
[2020-02-28 07:49:00,944] [DEBUG] [APAS-BackgroundThread] [HttpServletRequestWrapper.java:137] - getRequestURI
[2020-02-28 07:49:00,944] [DEBUG] [APAS-BackgroundThread] [HttpServletRequestWrapper.java:149] - getServletPath
[2020-02-28 07:49:00,944] [DEBUG] [APAS-BackgroundThread] [HttpServletRequestWrapper.java:191] - getAttribute(org.apache.catalina.jsp_file)
[2020-02-28 07:49:00,945] [DEBUG] [APAS-BackgroundThread] [HttpServletRequestWrapper.java:83] - getMethod
[2020-02-28 07:49:00,945] [DEBUG] [APAS-BackgroundThread] [HttpServletRequestWrapper.java:155] - getSession(false)
[2020-02-28 07:49:00,945] [DEBUG] [APAS-BackgroundThread] [HttpSessionWrapper.java:24] - getId
[2020-02-28 07:49:00,945] [DEBUG] [APAS-BackgroundThread] [background_jsp.java:272] - BACKGROUND JOB: started
[2020-02-28 07:49:00,945] [DEBUG] [APAS-BackgroundThread] [HttpServletRequestWrapper.java:191] - getAttribute(app)
[2020-02-28 07:49:00,945] [DEBUG] [APAS-BackgroundThread] [HttpServletRequestWrapper.java:191] - getAttribute(RealPath)
[2020-02-28 07:49:00,945] [DEBUG] [APAS-BackgroundThread] [background_jsp.java:528] - BACKGROUND JOB: ended
[2020-02-28 07:49:00,945] [DEBUG] [APAS-BackgroundThread] [BackgroundThread.java:37] - running backgroundjob for app verlag
[2020-02-28 07:49:00,945] [DEBUG] [APAS-BackgroundThread] [HttpServletRequestWrapper.java:299] - setAttribute(app,com.andtek.andphone.provisioning.project.Project@3994968a)
[2020-02-28 07:49:00,945] [DEBUG] [APAS-BackgroundThread] [HttpServletRequestWrapper.java:299] - setAttribute(pageURL,http://10.51.51.122:8080/andphone/provisioning/verlag/background.jsp)
[2020-02-28 07:49:00,945] [DEBUG] [APAS-BackgroundThread] [HttpServletRequestWrapper.java:299] - setAttribute(RealPath,/var/lib/tomcat/webapps/andphone/provisioning/verlag/)
[2020-02-28 07:49:00,945] [DEBUG] [APAS-BackgroundThread] [HttpServletRequestWrapper.java:191] - getAttribute(javax.servlet.include.context_path)
[2020-02-28 07:49:00,945] [DEBUG] [APAS-BackgroundThread] [HttpServletRequestWrapper.java:101] - getContextPath
[2020-02-28 07:49:00,945] [DEBUG] [APAS-BackgroundThread] [HttpServletRequestWrapper.java:191] - getAttribute(org.apache.catalina.core.DISPATCHER_TYPE)
[2020-02-28 07:49:00,945] [DEBUG] [APAS-BackgroundThread] [HttpServletRequestWrapper.java:191] - getAttribute(org.apache.catalina.core.DISPATCHER_REQUEST_PATH)
[2020-02-28 07:49:00,945] [DEBUG] [APAS-BackgroundThread] [HttpServletRequestWrapper.java:101] - getContextPath
[2020-02-28 07:49:00,945] [DEBUG] [APAS-BackgroundThread] [HttpServletRequestWrapper.java:89] - getPathInfo
[2020-02-28 07:49:00,945] [DEBUG] [APAS-BackgroundThread] [HttpServletRequestWrapper.java:107] - getQueryString
[2020-02-28 07:49:00,946] [DEBUG] [APAS-BackgroundThread] [HttpServletRequestWrapper.java:137] - getRequestURI
[2020-02-28 07:49:00,946] [DEBUG] [APAS-BackgroundThread] [HttpServletRequestWrapper.java:149] - getServletPath
[2020-02-28 07:49:00,946] [DEBUG] [APAS-BackgroundThread] [HttpServletRequestWrapper.java:191] - getAttribute(org.apache.catalina.jsp_file)
[2020-02-28 07:49:00,946] [DEBUG] [APAS-BackgroundThread] [HttpServletRequestWrapper.java:83] - getMethod
[2020-02-28 07:49:00,946] [DEBUG] [APAS-BackgroundThread] [HttpServletRequestWrapper.java:155] - getSession(false)
[2020-02-28 07:49:00,946] [DEBUG] [APAS-BackgroundThread] [HttpSessionWrapper.java:24] - getId
[2020-02-28 07:49:00,946] [DEBUG] [APAS-BackgroundThread] [background_jsp.java:1037] - BACKGROUND JOB: started
[2020-02-28 07:49:00,946] [DEBUG] [APAS-BackgroundThread] [HttpServletRequestWrapper.java:191] - getAttribute(app)
[2020-02-28 07:49:00,946] [DEBUG] [APAS-BackgroundThread] [HttpServletRequestWrapper.java:191] - getAttribute(RealPath)
[2020-02-28 07:49:00,946] [DEBUG] [APAS-BackgroundThread] [background_jsp.java:1063] - BACKGROUND JOB: starting phone number synchronization process...
[2020-02-28 07:49:00,946] [DEBUG] [APAS-BackgroundThread] [background_jsp.java:1110] - BACKGROUND JOB: dueTime=Fri Feb 28 00:30:00 CET 2020 [1582846200000]
[2020-02-28 07:49:00,946] [DEBUG] [APAS-BackgroundThread] [background_jsp.java:1244] - BACKGROUND JOB: ended
[2020-02-28 07:49:07,435] [INFO] [APAS-ScanForNewDevicesThread-1] [ScanForNewDevices.java:118] - No SuperProvider capability, cannot scan for new devices.
[2020-02-28 07:49:07,435] [DEBUG] [APAS-ScanForNewDevicesThread-1] [ScanForNewDevices.java:75] - doScanDevices() finished successfully! executionCounter=0
[2020-02-28 07:49:12,571] [INFO] [rememberMeScheduler-1] [ProvisioningSyncTask.java:113] - ProvSyncTask: Do NOT sync now, next SYNC_PERIOD is not passed yet. 
[2020-02-28 07:49:12,571] [INFO] [rememberMeScheduler-1] [ProvisioningSyncTask.java:115] - Current cache is valid until : Sat Feb 29 01:00:00 CET 2020
[2020-02-28 07:49:18,232] [DEBUG] [APAS-TimerDaemon] [DirectoryXmlService.java:2514] - runLdapInternalCacheGC(): starting garbage collector for directory search cache...
[2020-02-28 07:49:18,233] [DEBUG] [APAS-TimerDaemon] [Module.java:677] - Checking sniffer connection
[2020-02-28 07:49:24,247] [DEBUG] [APAS-TimerDaemon] [TableBaseDao.java:347] - SQL: SELECT * FROM lockout_profiles ORDER BY name -- PARAM: 
[2020-02-28 07:49:24,816] [DEBUG] [APAS-ServerGroupVerifier] [ServerGroup.java:618] - ServerGroupVerifier for ServerGroup[2,Default JTAPI ServerGroup,false] said: availability verification is disabled for this server group.
[2020-02-28 07:49:24,816] [DEBUG] [APAS-ServerGroupVerifier] [ServerGroup.java:685] - ServerGroup[1,Default AXL ServerGroup,true]: checkServerAvailability() checking prio 10
[2020-02-28 07:49:24,816] [DEBUG] [APAS-ServerGroupVerifier] [ServerGroup.java:727] - ServerGroup[1,Default AXL ServerGroup,true]: checkServerAvailability() completed, found 1/1
[2020-02-28 07:49:25,209] [DEBUG] [APAS-ServerGroupVerifier] [ServerGroup.java:685] - ServerGroup[4,Andguard local,true]: checkServerAvailability() checking prio 10
[2020-02-28 07:49:25,210] [DEBUG] [APAS-ServerGroupVerifier] [ANDGuardConnector.java:56] - verify connection
[2020-02-28 07:49:25,210] [DEBUG] [APAS-ServerGroupVerifier] [RestCall.java:51] - REST CALL to http://127.0.0.1:8081/andguard/rest/server/available
[2020-02-28 07:49:25,228] [DEBUG] [APAS-ServerGroupVerifier] [RestCall.java:57] - GET on [http://127.0.0.1:8081/andguard/rest/server/available], status code [200]
[2020-02-28 07:49:25,229] [DEBUG] [APAS-ServerGroupVerifier] [RestCall.java:80] - REST Call to http://127.0.0.1:8081/andguard/rest/server/available, duration: 18 ms
[2020-02-28 07:49:25,229] [DEBUG] [APAS-ServerGroupVerifier] [RestCall.java:82] - got: true
[2020-02-28 07:49:25,229] [DEBUG] [APAS-ServerGroupVerifier] [ServerGroup.java:727] - ServerGroup[4,Andguard local,true]: checkServerAvailability() completed, found 1/1
[2020-02-28 07:49:29,066] [DEBUG] [APAS-bg-thread-recorder] [XMLSocket.java:426] - XML_SOCKET:sending XML [<getStatus seq="88" />]
[2020-02-28 07:49:29,071] [DEBUG] [APAS-bg-thread-recorder] [XMLSocket.java:426] - XML_SOCKET:got response [getStatusResponse: null]
[2020-02-28 07:49:29,072] [DEBUG] [APAS-bg-thread-recorder] [RecorderRealtimeStatus.java:41] - getStatus called, status now: OK, last status: OK
