2019-12-19 12:38:46,482 INFO [main] org.apache.catalina.startup.VersionLoggerListener.log Server version:        Apache Tomcat/8.0.35
2019-12-19 12:38:46,484 INFO [main] org.apache.catalina.startup.VersionLoggerListener.log Server built:          2016-05-11 21:57:46,484 UTC
2019-12-19 12:38:46,484 INFO [main] org.apache.catalina.startup.VersionLoggerListener.log Server number:         8.0.35.0
2019-12-19 12:38:46,484 INFO [main] org.apache.catalina.startup.VersionLoggerListener.log OS Name:               Linux
2019-12-19 12:38:46,484 INFO [main] org.apache.catalina.startup.VersionLoggerListener.log OS Version:            3.10.0-514.21.1.el7.x86_64
2019-12-19 12:38:46,484 INFO [main] org.apache.catalina.startup.VersionLoggerListener.log Architecture:          amd64
2019-12-19 12:38:46,484 INFO [main] org.apache.catalina.startup.VersionLoggerListener.log Java Home:             /usr/java/jdk1.8.0_144/jre
2019-12-19 12:38:46,484 INFO [main] org.apache.catalina.startup.VersionLoggerListener.log JVM Version:           1.8.0_144-b01
2019-12-19 12:38:46,484 INFO [main] org.apache.catalina.startup.VersionLoggerListener.log JVM Vendor:            Oracle Corporation
2019-12-19 12:38:46,484 INFO [main] org.apache.catalina.startup.VersionLoggerListener.log CATALINA_BASE:         /usr/share/tomcat
2019-12-19 12:38:46,484 INFO [main] org.apache.catalina.startup.VersionLoggerListener.log CATALINA_HOME:         /usr/share/tomcat
2019-12-19 12:38:46,485 INFO [main] org.apache.catalina.startup.VersionLoggerListener.log Command line argument: -Xmx1895M
2019-12-19 12:38:46,485 INFO [main] org.apache.catalina.startup.VersionLoggerListener.log Command line argument: -XX:NewSize=256m
2019-12-19 12:38:46,485 INFO [main] org.apache.catalina.startup.VersionLoggerListener.log Command line argument: -XX:MaxNewSize=256m
2019-12-19 12:38:46,485 INFO [main] org.apache.catalina.startup.VersionLoggerListener.log Command line argument: -XX:PermSize=256m
2019-12-19 12:38:46,485 INFO [main] org.apache.catalina.startup.VersionLoggerListener.log Command line argument: -XX:MaxPermSize=256m
2019-12-19 12:38:46,485 INFO [main] org.apache.catalina.startup.VersionLoggerListener.log Command line argument: -XX:+DisableExplicitGC
2019-12-19 12:38:46,486 INFO [main] org.apache.catalina.startup.VersionLoggerListener.log Command line argument: -Dname=tomcat
2019-12-19 12:38:46,486 INFO [main] org.apache.catalina.startup.VersionLoggerListener.log Command line argument: -Dcom.sun.management.jmxremote
2019-12-19 12:38:46,486 INFO [main] org.apache.catalina.startup.VersionLoggerListener.log Command line argument: -Dcom.sun.management.jmxremote.port=9004
2019-12-19 12:38:46,486 INFO [main] org.apache.catalina.startup.VersionLoggerListener.log Command line argument: -Dcom.sun.management.jmxremote.ssl=false
2019-12-19 12:38:46,486 INFO [main] org.apache.catalina.startup.VersionLoggerListener.log Command line argument: -Dcom.sun.management.jmxremote.authenticate=true
2019-12-19 12:38:46,486 INFO [main] org.apache.catalina.startup.VersionLoggerListener.log Command line argument: -Dcom.sun.management.jmxremote.password.file=/usr/share/tomcat/conf/jmxremote.password
2019-12-19 12:38:46,487 INFO [main] org.apache.catalina.startup.VersionLoggerListener.log Command line argument: -Dcom.sun.management.jmxremote.access.file=/usr/share/tomcat/conf/jmxremote.access
2019-12-19 12:38:46,487 INFO [main] org.apache.catalina.startup.VersionLoggerListener.log Command line argument: -Dcatalina.base=/usr/share/tomcat
2019-12-19 12:38:46,487 INFO [main] org.apache.catalina.startup.VersionLoggerListener.log Command line argument: -Dcatalina.home=/usr/share/tomcat
2019-12-19 12:38:46,487 INFO [main] org.apache.catalina.startup.VersionLoggerListener.log Command line argument: -Djava.endorsed.dirs=
2019-12-19 12:38:46,487 INFO [main] org.apache.catalina.startup.VersionLoggerListener.log Command line argument: -Djava.io.tmpdir=/var/cache/tomcat/temp
2019-12-19 12:38:46,487 INFO [main] org.apache.catalina.startup.VersionLoggerListener.log Command line argument: -Djava.util.logging.config.file=/usr/share/tomcat/conf/logging.properties
2019-12-19 12:38:46,487 INFO [main] org.apache.catalina.startup.VersionLoggerListener.log Command line argument: -Djava.util.logging.manager=org.apache.juli.ClassLoaderLogManager
2019-12-19 12:38:46,487 INFO [main] org.apache.catalina.core.AprLifecycleListener.lifecycleEvent The APR based Apache Tomcat Native library which allows optimal performance in production environments was not found on the java.library.path: /usr/java/packages/lib/amd64:/usr/lib64:/lib64:/lib:/usr/lib
2019-12-19 12:38:46,658 INFO [main] org.apache.coyote.AbstractProtocol.init Initializing ProtocolHandler ["http-nio-8080"]
2019-12-19 12:38:46,668 INFO [main] org.apache.tomcat.util.net.NioSelectorPool.getSharedSelector Using a shared selector for servlet write/read
2019-12-19 12:38:46,670 INFO [main] org.apache.coyote.AbstractProtocol.init Initializing ProtocolHandler ["http-nio-8443"]
2019-12-19 12:38:46,814 INFO [main] org.apache.tomcat.util.net.NioSelectorPool.getSharedSelector Using a shared selector for servlet write/read
2019-12-19 12:38:46,814 INFO [main] org.apache.coyote.AbstractProtocol.init Initializing ProtocolHandler ["ajp-nio-8009"]
2019-12-19 12:38:46,816 INFO [main] org.apache.tomcat.util.net.NioSelectorPool.getSharedSelector Using a shared selector for servlet write/read
2019-12-19 12:38:46,816 INFO [main] org.apache.catalina.startup.Catalina.load Initialization processed in 623 ms
2019-12-19 12:38:46,836 INFO [main] org.apache.catalina.core.StandardService.startInternal Starting service Catalina
2019-12-19 12:38:46,836 INFO [main] org.apache.catalina.core.StandardEngine.startInternal Starting Servlet Engine: Apache Tomcat/8.0.35
2019-12-19 12:38:46,844 INFO [localhost-startStop-1] org.apache.catalina.startup.HostConfig.deployDirectory Deploying web application directory /var/lib/tomcat/webapps/ROOT
2019-12-19 12:38:48,059 INFO [localhost-startStop-1] org.apache.jasper.servlet.TldScanner.scanJars At least one JAR was scanned for TLDs yet contained no TLDs. Enable debug logging for this logger for a complete list of JARs that were scanned but no TLDs were found in them. Skipping unneeded JARs during scanning can improve startup time and JSP compilation time.
2019-12-19 12:39:43,280 INFO [localhost-startStop-1] org.apache.catalina.util.SessionIdGeneratorBase.createSecureRandom Creation of SecureRandom instance for session ID generation using [SHA1PRNG] took [55,190] milliseconds.
2019-12-19 12:39:43,294 INFO [localhost-startStop-1] org.apache.catalina.startup.HostConfig.deployDirectory Deployment of web application directory /var/lib/tomcat/webapps/ROOT has finished in 56,451 ms
2019-12-19 12:39:43,295 INFO [localhost-startStop-1] org.apache.catalina.startup.HostConfig.deployDirectory Deploying web application directory /var/lib/tomcat/webapps/andguard
2019-12-19 12:39:43,939 INFO [localhost-startStop-1] org.apache.jasper.servlet.TldScanner.scanJars At least one JAR was scanned for TLDs yet contained no TLDs. Enable debug logging for this logger for a complete list of JARs that were scanned but no TLDs were found in them. Skipping unneeded JARs during scanning can improve startup time and JSP compilation time.
2019-12-19 12:39:43,940 INFO [localhost-startStop-1] org.apache.catalina.startup.HostConfig.deployDirectory Deployment of web application directory /var/lib/tomcat/webapps/andguard has finished in 645 ms
2019-12-19 12:39:43,941 INFO [localhost-startStop-1] org.apache.catalina.startup.HostConfig.deployDirectory Deploying web application directory /var/lib/tomcat/webapps/andphone
2019-12-19 12:39:55,350 INFO [localhost-startStop-1] org.apache.jasper.servlet.TldScanner.scanJars At least one JAR was scanned for TLDs yet contained no TLDs. Enable debug logging for this logger for a complete list of JARs that were scanned but no TLDs were found in them. Skipping unneeded JARs during scanning can improve startup time and JSP compilation time.
2019-12-19 12:40:00,465 SEVERE [localhost-startStop-1] com.avaje.ebean.config.PropertyMapLoader.load ebean.properties not found
2019-12-19 12:40:00,503 WARNING [localhost-startStop-1] com.avaje.ebeaninternal.server.core.DefaultServerFactory.checkDataSource DataSource [apas_db] has autoCommit defaulting to true!
2019-12-19 12:40:00,513 INFO [localhost-startStop-1] com.avaje.ebeaninternal.server.core.DefaultServerFactory.setDatabasePlatform DatabasePlatform name:apas_db platform:postgres
2019-12-19 12:40:00,531 INFO [localhost-startStop-1] com.avaje.ebeaninternal.server.subclass.SubClassManager$1.run SubClassFactory parent ClassLoader [org.apache.catalina.loader.WebappClassLoader]
2019-12-19 12:40:00,574 INFO [localhost-startStop-1] com.avaje.ebeaninternal.server.resource.ResourceManagerFactory.createFileSource ResourceManager initialised: type[file] [/usr/share/tomcat/webapps/ROOT/WEB-INF]
2019-12-19 12:40:00,778 WARNING [localhost-startStop-1] com.avaje.ebeaninternal.server.deploy.BeanDescriptorManager.setIdGeneration Bean [com.andtek.andphone.mcast2.impl.BroadcastParameter] has no unique id set
2019-12-19 12:40:00,816 INFO [localhost-startStop-1] com.avaje.ebeaninternal.server.deploy.BeanDescriptorManager.logStatus Entities enhanced[0] subclassed[7]
2019-12-19 12:40:04,209 WARNING [localhost-startStop-1] com.avaje.ebeaninternal.server.core.DefaultServerFactory.checkDataSource DataSource [db_apas] has autoCommit defaulting to true!
2019-12-19 12:40:04,210 INFO [localhost-startStop-1] com.avaje.ebeaninternal.server.core.DefaultServerFactory.setDatabasePlatform DatabasePlatform name:db_apas platform:postgres
2019-12-19 12:40:04,210 INFO [localhost-startStop-1] com.avaje.ebeaninternal.server.subclass.SubClassManager$1.run SubClassFactory parent ClassLoader [org.apache.catalina.loader.WebappClassLoader]
2019-12-19 12:40:04,212 INFO [localhost-startStop-1] com.avaje.ebeaninternal.server.resource.ResourceManagerFactory.createFileSource ResourceManager initialised: type[file] [/usr/share/tomcat/webapps/ROOT/WEB-INF]
2019-12-19 12:40:04,220 INFO [localhost-startStop-1] com.avaje.ebeaninternal.server.deploy.BeanDescriptorManager.logStatus Entities enhanced[0] subclassed[1]
2019-12-19 12:40:10,364 INFO [localhost-startStop-1] org.apache.catalina.startup.HostConfig.deployDirectory Deployment of web application directory /var/lib/tomcat/webapps/andphone has finished in 26,423 ms
2019-12-19 12:40:10,383 INFO [main] org.apache.coyote.AbstractProtocol.start Starting ProtocolHandler ["http-nio-8080"]
2019-12-19 12:40:10,444 INFO [main] org.apache.coyote.AbstractProtocol.start Starting ProtocolHandler ["http-nio-8443"]
2019-12-19 12:40:10,457 INFO [main] org.apache.coyote.AbstractProtocol.start Starting ProtocolHandler ["ajp-nio-8009"]
2019-12-19 12:40:10,458 INFO [main] org.apache.catalina.startup.Catalina.start Server startup in 83642 ms
