[2019-10-11 09:50:19,902] [INFO] [READ>] [https://10.51.51.34:8443/axl/]
<SOAP-ENV:Envelope xmlns:SOAP-ENV="http://schemas.xmlsoap.org/soap/envelope/" xmlns:xsi="http://www.w3.org/2001/XMLSchema-instance" xmlns:xsd="http://www.w3.org/2001/XMLSchema">
	<SOAP-ENV:Body>
		<axl:executeSQLQuery xmlns:axl="http://www.cisco.com/AXL/API/10.0" sequence="1">
			<sql>SELECT c.paramvalue FROM ProcessConfig c INNER JOIN typeservice s ON s.enum=c.tkservice WHERE s.name='Cisco Extension Mobility' AND c.paramname='clearCallLogs'</sql>
		</axl:executeSQLQuery>
	</SOAP-ENV:Body>
</SOAP-ENV:Envelope>


[2019-10-11 09:50:20,252] [INFO] [>RESPONSE] [200]
<?xml version='1.0' encoding='UTF-8'?><soapenv:Envelope xmlns:soapenv="http://schemas.xmlsoap.org/soap/envelope/"><soapenv:Body><ns:executeSQLQueryResponse xmlns:ns="http://www.cisco.com/AXL/API/10.0"><return><row><paramvalue>F</paramvalue>
</row>
</return>
</ns:executeSQLQueryResponse>
</soapenv:Body>
</soapenv:Envelope>


[2019-10-11 09:50:23,880] [INFO] [READ>] [https://10.51.51.34:8443/axl/]
<SOAP-ENV:Envelope xmlns:SOAP-ENV="http://schemas.xmlsoap.org/soap/envelope/" xmlns:xsi="http://www.w3.org/2001/XMLSchema-instance" xmlns:xsd="http://www.w3.org/2001/XMLSchema">
	<SOAP-ENV:Body>
		<axl:executeSQLQuery xmlns:axl="http://www.cisco.com/AXL/API/10.0" sequence="1">
			<sql>SELECT d.Name AS devicename FROM Device d, TypeClass tc WHERE d.tkClass = tc.Enum AND tc.Name = 'Phone'</sql>
		</axl:executeSQLQuery>
	</SOAP-ENV:Body>
</SOAP-ENV:Envelope>


[2019-10-11 09:50:23,906] [INFO] [>RESPONSE] [200]
<?xml version='1.0' encoding='UTF-8'?><soapenv:Envelope xmlns:soapenv="http://schemas.xmlsoap.org/soap/envelope/"><soapenv:Body><ns:executeSQLQueryResponse xmlns:ns="http://www.cisco.com/AXL/API/10.0"><return><row><devicename>Sample Device Template with TAG usage examples</devicename>
</row>
<row><devicename>Auto-registration Template</devicename>
</row>
<row><devicename>AQjaber</devicename>
</row>
<row><devicename>SEP006440B57729</devicename>
</row>
<row><devicename>SEP00155D12862A</devicename>
</row>
<row><devicename>SEP100000009099</devicename>
</row>
<row><devicename>SEP100000009098</devicename>
</row>
<row><devicename>SEP64A0E714F271</devicename>
</row>
<row><devicename>CSFFTOTH9032</devicename>
</row>
<row><devicename>SEPAC7E8AB6AF37</devicename>
</row>
<row><devicename>SEPA45630BB1748</devicename>
</row>
<row><devicename>SEPA45630401BDA</devicename>
</row>
<row><devicename>CSFFTOTH9033</devicename>
</row>
<row><devicename>SEPD4BED9682094</devicename>
</row>
<row><devicename>SEP00155D1250B2</devicename>
</row>
<row><devicename>SEP00155D121296</devicename>
</row>
<row><devicename>SEP00155D124FF8</devicename>
</row>
<row><devicename>SEP00155D124703</devicename>
</row>
<row><devicename>SEPDCCEC1155AAD</devicename>
</row>
<row><devicename>SEP0021A02BB2DD</devicename>
</row>
<row><devicename>SEPFCFBFBCA04B8</devicename>
</row>
<row><devicename>SEP00155D1268B2</devicename>
</row>
<row><devicename>SEP100000009031</devicename>
</row>
<row><devicename>SEP001EF7C345BB</devicename>
</row>
<row><devicename>SEPEC44761F83FC</devicename>
</row>
<row><devicename>SEP34BDC8C7FD96</devicename>
</row>
</return>
</ns:executeSQLQueryResponse>
</soapenv:Body>
</soapenv:Envelope>


[2019-10-11 09:50:33,962] [INFO] [READ>] [https://10.51.51.34:8443/axl/]
<SOAP-ENV:Envelope xmlns:SOAP-ENV="http://schemas.xmlsoap.org/soap/envelope/" xmlns:xsi="http://www.w3.org/2001/XMLSchema-instance" xmlns:xsd="http://www.w3.org/2001/XMLSchema">
	<SOAP-ENV:Body>
		<axl:executeSQLQuery xmlns:axl="http://www.cisco.com/AXL/API/10.0" sequence="1">
			<sql>SELECT np.pkid,np.fkcallingsearchspace_sharedlineappear,cf.cfadestination,cf.cfavoicemailenabled,cf.datetimestamp from numplan np JOIN routepartition rp ON np.fkroutepartition=rp.pkid LEFT JOIN callforwarddynamic cf ON np.pkid=cf.fknumplan WHERE np.dnorpattern='\+36110009020' AND rp.name='FTOTH_Phones'</sql>
		</axl:executeSQLQuery>
	</SOAP-ENV:Body>
</SOAP-ENV:Envelope>


[2019-10-11 09:50:33,992] [INFO] [>RESPONSE] [200]
<?xml version='1.0' encoding='UTF-8'?><soapenv:Envelope xmlns:soapenv="http://schemas.xmlsoap.org/soap/envelope/"><soapenv:Body><ns:executeSQLQueryResponse xmlns:ns="http://www.cisco.com/AXL/API/10.0"><return><row><pkid>40d16e4d-5a9a-dfbc-b1b9-b3eeed778e5f</pkid>
<fkcallingsearchspace_sharedlineappear>fc388259-31fb-1909-9d57-7bc177d475e5</fkcallingsearchspace_sharedlineappear>
<cfadestination/><cfavoicemailenabled>f</cfavoicemailenabled>
<datetimestamp>1542642641</datetimestamp>
</row>
</return>
</ns:executeSQLQueryResponse>
</soapenv:Body>
</soapenv:Envelope>


[2019-10-11 09:50:34,063] [INFO] [READ>] [https://10.51.51.34:8443/axl/]
<SOAP-ENV:Envelope xmlns:SOAP-ENV="http://schemas.xmlsoap.org/soap/envelope/" xmlns:xsi="http://www.w3.org/2001/XMLSchema-instance" xmlns:xsd="http://www.w3.org/2001/XMLSchema">
	<SOAP-ENV:Body>
		<axl:executeSQLQuery xmlns:axl="http://www.cisco.com/AXL/API/10.0" sequence="1">
			<sql>SELECT np.pkid,np.fkcallingsearchspace_sharedlineappear,cf.cfadestination,cf.cfavoicemailenabled,cf.datetimestamp from numplan np JOIN routepartition rp ON np.fkroutepartition=rp.pkid LEFT JOIN callforwarddynamic cf ON np.pkid=cf.fknumplan WHERE np.dnorpattern='\+36110009021' AND rp.name='FTOTH_Phones'</sql>
		</axl:executeSQLQuery>
	</SOAP-ENV:Body>
</SOAP-ENV:Envelope>


[2019-10-11 09:50:34,076] [INFO] [>RESPONSE] [200]
<?xml version='1.0' encoding='UTF-8'?><soapenv:Envelope xmlns:soapenv="http://schemas.xmlsoap.org/soap/envelope/"><soapenv:Body><ns:executeSQLQueryResponse xmlns:ns="http://www.cisco.com/AXL/API/10.0"><return><row><pkid>c3027c61-42e3-bb0f-256d-a6992abd9210</pkid>
<fkcallingsearchspace_sharedlineappear>fc388259-31fb-1909-9d57-7bc177d475e5</fkcallingsearchspace_sharedlineappear>
<cfadestination/><cfavoicemailenabled>f</cfavoicemailenabled>
<datetimestamp>1542642693</datetimestamp>
</row>
</return>
</ns:executeSQLQueryResponse>
</soapenv:Body>
</soapenv:Envelope>


[2019-10-11 09:50:34,247] [INFO] [READ>] [https://10.51.51.34:8443/axl/]
<SOAP-ENV:Envelope xmlns:SOAP-ENV="http://schemas.xmlsoap.org/soap/envelope/" xmlns:xsi="http://www.w3.org/2001/XMLSchema-instance" xmlns:xsd="http://www.w3.org/2001/XMLSchema">
	<SOAP-ENV:Body>
		<axl:getPhone xmlns:axl="http://www.cisco.com/AXL/API/10.0" sequence="1">
			<name>SEPA45630BB1748</name>
		</axl:getPhone>
	</SOAP-ENV:Body>
</SOAP-ENV:Envelope>


[2019-10-11 09:50:34,320] [INFO] [>RESPONSE] [200]
<?xml version='1.0' encoding='UTF-8'?><soapenv:Envelope xmlns:soapenv="http://schemas.xmlsoap.org/soap/envelope/"><soapenv:Body><ns:getPhoneResponse xmlns:ns="http://www.cisco.com/AXL/API/10.0"><return><phone ctiid="18" uuid="{F6B78649-C8D2-4948-8D4D-36C13BE76F47}"><name>SEPA45630BB1748</name>
<description>9020</description>
<product>Cisco 9971</product>
<model>Cisco 9971</model>
<class>Phone</class>
<protocol>SIP</protocol>
<protocolSide>User</protocolSide>
<callingSearchSpaceName/><devicePoolName uuid="{1B1B9EB6-7803-11D3-BDF0-00108302EAD1}">Default</devicePoolName>
<commonDeviceConfigName/><commonPhoneConfigName uuid="{AC243D17-98B4-4118-8FEB-5FF2E1B781AC}">Standard Common Phone Profile</commonPhoneConfigName>
<networkLocation>Use System Default</networkLocation>
<locationName uuid="{29C5C1C4-8871-4D1E-8394-0B9181E8C54D}">Hub_None</locationName>
<mediaResourceListName/><networkHoldMohAudioSourceId /><userHoldMohAudioSourceId /><automatedAlternateRoutingCssName/><aarNeighborhoodName/><loadInformation special="false">sip9971.9-4-2SR2-2</loadInformation>
<vendorConfig><disableSpeaker>false</disableSpeaker>
<disableSpeakerAndHeadset>false</disableSpeakerAndHeadset>
<pcPort>0</pcPort>
<garp>1</garp>
<voiceVlanAccess>0</voiceVlanAccess>
<allCallsOnPrimary>0</allCallsOnPrimary>
<spanToPCPort>1</spanToPCPort>
<loggingDisplay>0</loggingDisplay>
<recordingTone>0</recordingTone>
<recordingToneLocalVolume>100</recordingToneLocalVolume>
<recordingToneRemoteVolume>50</recordingToneRemoteVolume>
<g722CodecSupport>0</g722CodecSupport>
<headsetWidebandUIControl>0</headsetWidebandUIControl>
<headsetWidebandEnable>0</headsetWidebandEnable>
<powerPriority>0</powerPriority>
<restrictDataRates>0</restrictDataRates>
<showRemotePrivacyCalls>0</showRemotePrivacyCalls>
<logCallForRemotePrivateCalls>1</logCallForRemotePrivateCalls>
</vendorConfig>
<versionStamp>{1566814769-71436537-8D69-4153-8BD8-36A3206E428A}</versionStamp>
<traceFlag>false</traceFlag>
<mlppDomainId /><mlppIndicationStatus>Default</mlppIndicationStatus>
<preemption>Default</preemption>
<useTrustedRelayPoint>Default</useTrustedRelayPoint>
<retryVideoCallAsAudio>true</retryVideoCallAsAudio>
<securityProfileName uuid="{1CD2CB25-C9F6-4786-A38F-1CF02DE290EE}">Universal Device Template - Model-independent Security Profile</securityProfileName>
<sipProfileName uuid="{FCBC7581-4D8D-48F3-917E-00B09FB39213}">Standard SIP Profile</sipProfileName>
<cgpnTransformationCssName/><useDevicePoolCgpnTransformCss>true</useDevicePoolCgpnTransformCss>
<geoLocationName/><geoLocationFilterName/><sendGeoLocation>false</sendGeoLocation>
<lines><line uuid="{11DDBBEF-D8B8-4194-8D7D-42E9F2282F5E}"><index>1</index>
<label/><display/><dirn uuid="{40D16E4D-5A9A-DFBC-B1B9-B3EEED778E5F}"><pattern>\+36110009020</pattern>
<routePartitionName uuid="{ACDF7B40-B405-D6EF-DD65-6E8B11EC835C}">FTOTH_Phones</routePartitionName>
</dirn>
<ringSetting>Ring</ringSetting>
<consecutiveRingSetting>Use System Default</consecutiveRingSetting>
<ringSettingIdlePickupAlert>Use System Default</ringSettingIdlePickupAlert>
<ringSettingActivePickupAlert>Use System Default</ringSettingActivePickupAlert>
<displayAscii/><e164Mask/><dialPlanWizardId /><mwlPolicy>Use System Policy</mwlPolicy>
<maxNumCalls>4</maxNumCalls>
<busyTrigger>2</busyTrigger>
<callInfoDisplay><callerName>true</callerName>
<callerNumber>false</callerNumber>
<redirectedNumber>false</redirectedNumber>
<dialedNumber>true</dialedNumber>
</callInfoDisplay>
<recordingProfileName uuid="6417f156-2283-94e4-3863-050842cc7c71">FTOTH_REC_PROF</recordingProfileName>
<monitoringCssName/><recordingFlag>Automatic Call Recording Enabled</recordingFlag>
<audibleMwi>Default</audibleMwi>
<speedDial /><partitionUsage>General</partitionUsage>
<associatedEndusers/><missedCallLogging>true</missedCallLogging>
<recordingMediaSource>Gateway Preferred</recordingMediaSource>
</line>
</lines>
<numberOfButtons>114</numberOfButtons>
<phoneTemplateName uuid="{B18A11B6-B86C-4E7A-9EAE-FDD020B5301D}">SEPA45630BB1748-SIP-Individual Template</phoneTemplateName>
<speeddials/><busyLampFields/><primaryPhoneName/><ringSettingIdleBlfAudibleAlert>Default</ringSettingIdleBlfAudibleAlert>
<ringSettingBusyBlfAudibleAlert>Default</ringSettingBusyBlfAudibleAlert>
<blfDirectedCallParks/><addOnModules/><userLocale /><networkLocale /><idleTimeout>1</idleTimeout>
<authenticationUrl/><directoryUrl/><idleUrl/><informationUrl/><messagesUrl/><proxyServerUrl/><servicesUrl/><services><service><telecasterServiceName uuid="{77445ED3-D5FD-576A-7FCD-F92A2F7DF5A4}">FTOTH2_RecStartStop</telecasterServiceName>
<name>FTOTH2_RecStartStop</name>
<url>http://10.51.51.122:8080/andphone/Recorder?page=ondemand&amp;dev=#DEVICENAME#</url>
<urlButtonIndex>1</urlButtonIndex>
<urlLabel>Rec</urlLabel>
<serviceNameAscii/><phoneService>Standard IP Phone Service</phoneService>
<phoneServiceCategory>XML Service</phoneServiceCategory>
<vendor/><version/><priority>50</priority>
</service>
</services>
<softkeyTemplateName/><loginUserId /><defaultProfileName/><enableExtensionMobility>false</enableExtensionMobility>
<currentProfileName/><loginTime /><loginDuration /><currentConfig><userHoldMohAudioSourceId /><phoneTemplateName uuid="{B18A11B6-B86C-4E7A-9EAE-FDD020B5301D}">SEPA45630BB1748-SIP-Individual Template</phoneTemplateName>
<mlppDomainId /><mlppIndicationStatus>Default</mlppIndicationStatus>
<preemption>Default</preemption>
<softkeyTemplateName/><ignorePresentationIndicators>false</ignorePresentationIndicators>
<singleButtonBarge>Off</singleButtonBarge>
<joinAcrossLines>Off</joinAcrossLines>
<callInfoPrivacyStatus>Default</callInfoPrivacyStatus>
<dndStatus /><dndRingSetting /><dndOption>Use Common Phone Profile Setting</dndOption>
<alwaysUsePrimeLine>Default</alwaysUsePrimeLine>
<alwaysUsePrimeLineForVoiceMessage>Default</alwaysUsePrimeLineForVoiceMessage>
<emccCallingSearchSpaceName xsi:nil="true" uuid="" xmlns:xsi="http://www.w3.org/2001/XMLSchema-instance"/><deviceName/><model/><product/><deviceProtocol/><class/><addressMode/><allowAutoConfig/><remoteSrstOption/><remoteSrstIp/><remoteSrstPort/><remoteSipSrstIp/><remoteSipSrstPort/><geolocationInfo/><remoteLocationName/></currentConfig>
<singleButtonBarge>Off</singleButtonBarge>
<joinAcrossLines>Off</joinAcrossLines>
<builtInBridgeStatus>On</builtInBridgeStatus>
<callInfoPrivacyStatus>Default</callInfoPrivacyStatus>
<hlogStatus>On</hlogStatus>
<ownerUserName/><ignorePresentationIndicators>false</ignorePresentationIndicators>
<packetCaptureMode>None</packetCaptureMode>
<packetCaptureDuration>0</packetCaptureDuration>
<subscribeCallingSearchSpaceName/><rerouteCallingSearchSpaceName/><allowCtiControlFlag>true</allowCtiControlFlag>
<presenceGroupName uuid="{AD243D17-98B4-4118-8FEB-5FF2E1B781AC}">Standard Presence group</presenceGroupName>
<unattendedPort>false</unattendedPort>
<requireDtmfReception>false</requireDtmfReception>
<rfc2833Disabled>false</rfc2833Disabled>
<certificateOperation>No Pending Operation</certificateOperation>
<certificateStatus>None</certificateStatus>
<upgradeFinishTime /><deviceMobilityMode>Default</deviceMobilityMode>
<remoteDevice>false</remoteDevice>
<dndOption>Use Common Phone Profile Setting</dndOption>
<dndRingSetting /><dndStatus>false</dndStatus>
<isActive>true</isActive>
<isDualMode>false</isDualMode>
<mobilityUserIdName/><phoneSuite>Default</phoneSuite>
<phoneServiceDisplay>Default</phoneServiceDisplay>
<isProtected>false</isProtected>
<mtpRequired>false</mtpRequired>
<mtpPreferedCodec>711ulaw</mtpPreferedCodec>
<dialRulesName/><sshUserId>admin</sshUserId>
<digestUser/><outboundCallRollover>No Rollover</outboundCallRollover>
<hotlineDevice>false</hotlineDevice>
<secureInformationUrl/><secureDirectoryUrl/><secureMessageUrl/><secureServicesUrl/><secureAuthenticationUrl/><secureIdleUrl/><alwaysUsePrimeLine>Default</alwaysUsePrimeLine>
<alwaysUsePrimeLineForVoiceMessage>Default</alwaysUsePrimeLineForVoiceMessage>
<featureControlPolicy/><deviceTrustMode>Not Trusted</deviceTrustMode>
<confidentialAccess><confidentialAccessMode /><confidentialAccessLevel>-1</confidentialAccessLevel>
</confidentialAccess>
<requireOffPremiseLocation>false</requireOffPremiseLocation>
<cgpnIngressDN/><useDevicePoolCgpnIngressDN>true</useDevicePoolCgpnIngressDN>
<msisdn /><enableCallRoutingToRdWhenNoneIsActive>false</enableCallRoutingToRdWhenNoneIsActive>
<wifiHotspotProfile/><wirelessLanProfileGroup/></phone>
</return>
</ns:getPhoneResponse>
</soapenv:Body>
</soapenv:Envelope>


[2019-10-11 09:50:34,348] [INFO] [READ>] [https://10.51.51.34:8443/axl/]
<SOAP-ENV:Envelope xmlns:SOAP-ENV="http://schemas.xmlsoap.org/soap/envelope/" xmlns:xsi="http://www.w3.org/2001/XMLSchema-instance" xmlns:xsd="http://www.w3.org/2001/XMLSchema">
	<SOAP-ENV:Body>
		<axl:getPhone xmlns:axl="http://www.cisco.com/AXL/API/10.0" sequence="1">
			<name>SEPA45630401BDA</name>
		</axl:getPhone>
	</SOAP-ENV:Body>
</SOAP-ENV:Envelope>


[2019-10-11 09:50:34,398] [INFO] [>RESPONSE] [200]
<?xml version='1.0' encoding='UTF-8'?><soapenv:Envelope xmlns:soapenv="http://schemas.xmlsoap.org/soap/envelope/"><soapenv:Body><ns:getPhoneResponse xmlns:ns="http://www.cisco.com/AXL/API/10.0"><return><phone ctiid="19" uuid="{A305FE5E-1373-4FF7-B445-3B753861CEE7}"><name>SEPA45630401BDA</name>
<description>9021</description>
<product>Cisco 8961</product>
<model>Cisco 8961</model>
<class>Phone</class>
<protocol>SIP</protocol>
<protocolSide>User</protocolSide>
<callingSearchSpaceName/><devicePoolName uuid="{1B1B9EB6-7803-11D3-BDF0-00108302EAD1}">Default</devicePoolName>
<commonDeviceConfigName/><commonPhoneConfigName uuid="{AC243D17-98B4-4118-8FEB-5FF2E1B781AC}">Standard Common Phone Profile</commonPhoneConfigName>
<networkLocation>Use System Default</networkLocation>
<locationName uuid="{29C5C1C4-8871-4D1E-8394-0B9181E8C54D}">Hub_None</locationName>
<mediaResourceListName/><networkHoldMohAudioSourceId /><userHoldMohAudioSourceId /><automatedAlternateRoutingCssName/><aarNeighborhoodName/><loadInformation special="false">sip8961.9-4-2SR2-2</loadInformation>
<vendorConfig><disableSpeaker>false</disableSpeaker>
<disableSpeakerAndHeadset>false</disableSpeakerAndHeadset>
<pcPort>0</pcPort>
<garp>1</garp>
<voiceVlanAccess>0</voiceVlanAccess>
<allCallsOnPrimary>0</allCallsOnPrimary>
<spanToPCPort>1</spanToPCPort>
<loggingDisplay>0</loggingDisplay>
<recordingTone>0</recordingTone>
<recordingToneLocalVolume>100</recordingToneLocalVolume>
<recordingToneRemoteVolume>50</recordingToneRemoteVolume>
<g722CodecSupport>0</g722CodecSupport>
<headsetWidebandUIControl>0</headsetWidebandUIControl>
<headsetWidebandEnable>0</headsetWidebandEnable>
<powerPriority>0</powerPriority>
<showRemotePrivacyCalls>0</showRemotePrivacyCalls>
<logCallForRemotePrivateCalls>1</logCallForRemotePrivateCalls>
</vendorConfig>
<versionStamp>{1566814785-BB26B2F8-BA60-4A65-837A-AC0F49263EA5}</versionStamp>
<traceFlag>false</traceFlag>
<mlppDomainId /><mlppIndicationStatus>Default</mlppIndicationStatus>
<preemption>Default</preemption>
<useTrustedRelayPoint>Default</useTrustedRelayPoint>
<retryVideoCallAsAudio>true</retryVideoCallAsAudio>
<securityProfileName uuid="{1CD2CB25-C9F6-4786-A38F-1CF02DE290EE}">Universal Device Template - Model-independent Security Profile</securityProfileName>
<sipProfileName uuid="{FCBC7581-4D8D-48F3-917E-00B09FB39213}">Standard SIP Profile</sipProfileName>
<cgpnTransformationCssName/><useDevicePoolCgpnTransformCss>true</useDevicePoolCgpnTransformCss>
<geoLocationName/><geoLocationFilterName/><sendGeoLocation>false</sendGeoLocation>
<lines><line uuid="{C2216326-A73D-4263-BF7A-1C7A0161956F}"><index>1</index>
<label/><display/><dirn uuid="{C3027C61-42E3-BB0F-256D-A6992ABD9210}"><pattern>\+36110009021</pattern>
<routePartitionName uuid="{ACDF7B40-B405-D6EF-DD65-6E8B11EC835C}">FTOTH_Phones</routePartitionName>
</dirn>
<ringSetting>Ring</ringSetting>
<consecutiveRingSetting>Use System Default</consecutiveRingSetting>
<ringSettingIdlePickupAlert>Use System Default</ringSettingIdlePickupAlert>
<ringSettingActivePickupAlert>Use System Default</ringSettingActivePickupAlert>
<displayAscii/><e164Mask/><dialPlanWizardId /><mwlPolicy>Use System Policy</mwlPolicy>
<maxNumCalls>4</maxNumCalls>
<busyTrigger>2</busyTrigger>
<callInfoDisplay><callerName>true</callerName>
<callerNumber>false</callerNumber>
<redirectedNumber>false</redirectedNumber>
<dialedNumber>true</dialedNumber>
</callInfoDisplay>
<recordingProfileName uuid="6417f156-2283-94e4-3863-050842cc7c71">FTOTH_REC_PROF</recordingProfileName>
<monitoringCssName/><recordingFlag>Automatic Call Recording Enabled</recordingFlag>
<audibleMwi>Default</audibleMwi>
<speedDial /><partitionUsage>General</partitionUsage>
<associatedEndusers/><missedCallLogging>true</missedCallLogging>
<recordingMediaSource>Gateway Preferred</recordingMediaSource>
</line>
</lines>
<numberOfButtons>41</numberOfButtons>
<phoneTemplateName uuid="{281DC86E-2B65-4872-882F-6D74E433646B}">SEPA45630401BDA-SIP-Individual Template</phoneTemplateName>
<speeddials/><busyLampFields/><primaryPhoneName/><ringSettingIdleBlfAudibleAlert>Default</ringSettingIdleBlfAudibleAlert>
<ringSettingBusyBlfAudibleAlert>Default</ringSettingBusyBlfAudibleAlert>
<blfDirectedCallParks/><addOnModules/><userLocale /><networkLocale /><idleTimeout>1</idleTimeout>
<authenticationUrl/><directoryUrl/><idleUrl/><informationUrl/><messagesUrl/><proxyServerUrl/><servicesUrl/><services/><softkeyTemplateName/><loginUserId /><defaultProfileName/><enableExtensionMobility>false</enableExtensionMobility>
<currentProfileName/><loginTime /><loginDuration /><currentConfig><userHoldMohAudioSourceId /><phoneTemplateName uuid="{281DC86E-2B65-4872-882F-6D74E433646B}">SEPA45630401BDA-SIP-Individual Template</phoneTemplateName>
<mlppDomainId /><mlppIndicationStatus>Default</mlppIndicationStatus>
<preemption>Default</preemption>
<softkeyTemplateName/><ignorePresentationIndicators>false</ignorePresentationIndicators>
<singleButtonBarge>Off</singleButtonBarge>
<joinAcrossLines>Off</joinAcrossLines>
<callInfoPrivacyStatus>Default</callInfoPrivacyStatus>
<dndStatus /><dndRingSetting /><dndOption>Use Common Phone Profile Setting</dndOption>
<alwaysUsePrimeLine>Default</alwaysUsePrimeLine>
<alwaysUsePrimeLineForVoiceMessage>Default</alwaysUsePrimeLineForVoiceMessage>
<emccCallingSearchSpaceName xsi:nil="true" uuid="" xmlns:xsi="http://www.w3.org/2001/XMLSchema-instance"/><deviceName/><model/><product/><deviceProtocol/><class/><addressMode/><allowAutoConfig/><remoteSrstOption/><remoteSrstIp/><remoteSrstPort/><remoteSipSrstIp/><remoteSipSrstPort/><geolocationInfo/><remoteLocationName/></currentConfig>
<singleButtonBarge>Off</singleButtonBarge>
<joinAcrossLines>Off</joinAcrossLines>
<builtInBridgeStatus>On</builtInBridgeStatus>
<callInfoPrivacyStatus>Default</callInfoPrivacyStatus>
<hlogStatus>On</hlogStatus>
<ownerUserName/><ignorePresentationIndicators>false</ignorePresentationIndicators>
<packetCaptureMode>None</packetCaptureMode>
<packetCaptureDuration>0</packetCaptureDuration>
<subscribeCallingSearchSpaceName/><rerouteCallingSearchSpaceName/><allowCtiControlFlag>true</allowCtiControlFlag>
<presenceGroupName uuid="{AD243D17-98B4-4118-8FEB-5FF2E1B781AC}">Standard Presence group</presenceGroupName>
<unattendedPort>false</unattendedPort>
<requireDtmfReception>false</requireDtmfReception>
<rfc2833Disabled>false</rfc2833Disabled>
<certificateOperation>No Pending Operation</certificateOperation>
<certificateStatus>None</certificateStatus>
<upgradeFinishTime /><deviceMobilityMode>Default</deviceMobilityMode>
<remoteDevice>false</remoteDevice>
<dndOption>Use Common Phone Profile Setting</dndOption>
<dndRingSetting /><dndStatus>false</dndStatus>
<isActive>true</isActive>
<isDualMode>false</isDualMode>
<mobilityUserIdName/><phoneSuite>Default</phoneSuite>
<phoneServiceDisplay>Default</phoneServiceDisplay>
<isProtected>false</isProtected>
<mtpRequired>false</mtpRequired>
<mtpPreferedCodec>711ulaw</mtpPreferedCodec>
<dialRulesName/><sshUserId>admin</sshUserId>
<digestUser/><outboundCallRollover>No Rollover</outboundCallRollover>
<hotlineDevice>false</hotlineDevice>
<secureInformationUrl/><secureDirectoryUrl/><secureMessageUrl/><secureServicesUrl/><secureAuthenticationUrl/><secureIdleUrl/><alwaysUsePrimeLine>Default</alwaysUsePrimeLine>
<alwaysUsePrimeLineForVoiceMessage>Default</alwaysUsePrimeLineForVoiceMessage>
<featureControlPolicy/><deviceTrustMode>Not Trusted</deviceTrustMode>
<confidentialAccess><confidentialAccessMode /><confidentialAccessLevel>-1</confidentialAccessLevel>
</confidentialAccess>
<requireOffPremiseLocation>false</requireOffPremiseLocation>
<cgpnIngressDN/><useDevicePoolCgpnIngressDN>true</useDevicePoolCgpnIngressDN>
<msisdn /><enableCallRoutingToRdWhenNoneIsActive>false</enableCallRoutingToRdWhenNoneIsActive>
<wifiHotspotProfile/><wirelessLanProfileGroup/></phone>
</return>
</ns:getPhoneResponse>
</soapenv:Body>
</soapenv:Envelope>


[2019-10-11 09:50:34,472] [INFO] [READ>] [https://10.51.51.34:8443/axl/]
<SOAP-ENV:Envelope xmlns:SOAP-ENV="http://schemas.xmlsoap.org/soap/envelope/" xmlns:xsi="http://www.w3.org/2001/XMLSchema-instance" xmlns:xsd="http://www.w3.org/2001/XMLSchema">
	<SOAP-ENV:Body>
		<axl:executeSQLQuery xmlns:axl="http://www.cisco.com/AXL/API/10.0" sequence="1">
			<sql>SELECT u.userid FROM Device d INNER JOIN enduserdevicemap e ON d.pkid=e.fkdevice INNER JOIN enduser u ON u.pkid=e.fkenduser INNER JOIN endusernumplanmap p ON u.pkid=p.fkenduser INNER JOIN devicenumplanmap n ON p.fknumplan=n.fknumplan AND d.pkid=n.fkdevice WHERE NOT e.defaultprofile AND e.tkuserassociation=1 AND p.tkdnusage=1 AND d.name='SEPA45630BB1748'</sql>
		</axl:executeSQLQuery>
	</SOAP-ENV:Body>
</SOAP-ENV:Envelope>


[2019-10-11 09:50:34,492] [INFO] [>RESPONSE] [200]
<?xml version='1.0' encoding='UTF-8'?><soapenv:Envelope xmlns:soapenv="http://schemas.xmlsoap.org/soap/envelope/"><soapenv:Body><ns:executeSQLQueryResponse xmlns:ns="http://www.cisco.com/AXL/API/10.0"><return/></ns:executeSQLQueryResponse>
</soapenv:Body>
</soapenv:Envelope>


[2019-10-11 09:50:34,578] [INFO] [READ>] [https://10.51.51.34:8443/axl/]
<SOAP-ENV:Envelope xmlns:SOAP-ENV="http://schemas.xmlsoap.org/soap/envelope/" xmlns:xsi="http://www.w3.org/2001/XMLSchema-instance" xmlns:xsd="http://www.w3.org/2001/XMLSchema">
	<SOAP-ENV:Body>
		<axl:executeSQLQuery xmlns:axl="http://www.cisco.com/AXL/API/10.0" sequence="1">
			<sql>SELECT u.userid FROM Device d INNER JOIN enduserdevicemap e ON d.pkid=e.fkdevice INNER JOIN enduser u ON u.pkid=e.fkenduser WHERE NOT e.defaultprofile AND e.tkuserassociation=1 AND d.name='SEPA45630BB1748'</sql>
		</axl:executeSQLQuery>
	</SOAP-ENV:Body>
</SOAP-ENV:Envelope>


[2019-10-11 09:50:34,587] [INFO] [>RESPONSE] [200]
<?xml version='1.0' encoding='UTF-8'?><soapenv:Envelope xmlns:soapenv="http://schemas.xmlsoap.org/soap/envelope/"><soapenv:Body><ns:executeSQLQueryResponse xmlns:ns="http://www.cisco.com/AXL/API/10.0"><return><row><userid>ssotest1</userid>
</row>
</return>
</ns:executeSQLQueryResponse>
</soapenv:Body>
</soapenv:Envelope>


[2019-10-11 09:50:34,677] [INFO] [READ>] [https://10.51.51.34:8443/axl/]
<SOAP-ENV:Envelope xmlns:SOAP-ENV="http://schemas.xmlsoap.org/soap/envelope/" xmlns:xsi="http://www.w3.org/2001/XMLSchema-instance" xmlns:xsd="http://www.w3.org/2001/XMLSchema">
	<SOAP-ENV:Body>
		<axl:executeSQLQuery xmlns:axl="http://www.cisco.com/AXL/API/10.0" sequence="1">
			<sql>SELECT u.userid FROM Device d INNER JOIN enduserdevicemap e ON d.pkid=e.fkdevice INNER JOIN enduser u ON u.pkid=e.fkenduser INNER JOIN endusernumplanmap p ON u.pkid=p.fkenduser INNER JOIN devicenumplanmap n ON p.fknumplan=n.fknumplan AND d.pkid=n.fkdevice WHERE NOT e.defaultprofile AND e.tkuserassociation=1 AND p.tkdnusage=1 AND d.name='SEPA45630401BDA'</sql>
		</axl:executeSQLQuery>
	</SOAP-ENV:Body>
</SOAP-ENV:Envelope>


[2019-10-11 09:50:34,709] [INFO] [>RESPONSE] [200]
<?xml version='1.0' encoding='UTF-8'?><soapenv:Envelope xmlns:soapenv="http://schemas.xmlsoap.org/soap/envelope/"><soapenv:Body><ns:executeSQLQueryResponse xmlns:ns="http://www.cisco.com/AXL/API/10.0"><return/></ns:executeSQLQueryResponse>
</soapenv:Body>
</soapenv:Envelope>


[2019-10-11 09:50:34,779] [INFO] [READ>] [https://10.51.51.34:8443/axl/]
<SOAP-ENV:Envelope xmlns:SOAP-ENV="http://schemas.xmlsoap.org/soap/envelope/" xmlns:xsi="http://www.w3.org/2001/XMLSchema-instance" xmlns:xsd="http://www.w3.org/2001/XMLSchema">
	<SOAP-ENV:Body>
		<axl:getLine xmlns:axl="http://www.cisco.com/AXL/API/10.0" sequence="1">
			<uuid>{40D16E4D-5A9A-DFBC-B1B9-B3EEED778E5F}</uuid>
		</axl:getLine>
	</SOAP-ENV:Body>
</SOAP-ENV:Envelope>


[2019-10-11 09:50:34,816] [INFO] [>RESPONSE] [200]
<?xml version='1.0' encoding='UTF-8'?><soapenv:Envelope xmlns:soapenv="http://schemas.xmlsoap.org/soap/envelope/"><soapenv:Body><ns:getLineResponse xmlns:ns="http://www.cisco.com/AXL/API/10.0"><return><line uuid="{40D16E4D-5A9A-DFBC-B1B9-B3EEED778E5F}"><pattern>\+36110009020</pattern>
<description/><usage>Device</usage>
<routePartitionName uuid="{ACDF7B40-B405-D6EF-DD65-6E8B11EC835C}">FTOTH_Phones</routePartitionName>
<aarNeighborhoodName/><aarDestinationMask/><aarKeepCallHistory>true</aarKeepCallHistory>
<aarVoiceMailEnabled>false</aarVoiceMailEnabled>
<callForwardAll><forwardToVoiceMail>false</forwardToVoiceMail>
<callingSearchSpaceName xsi:nil="true" uuid="" xmlns:xsi="http://www.w3.org/2001/XMLSchema-instance"/><secondaryCallingSearchSpaceName xsi:nil="true" uuid="" xmlns:xsi="http://www.w3.org/2001/XMLSchema-instance"/><destination/></callForwardAll>
<callForwardBusy><forwardToVoiceMail>false</forwardToVoiceMail>
<callingSearchSpaceName xsi:nil="true" uuid="" xmlns:xsi="http://www.w3.org/2001/XMLSchema-instance"/><destination/></callForwardBusy>
<callForwardBusyInt><forwardToVoiceMail>false</forwardToVoiceMail>
<callingSearchSpaceName xsi:nil="true" uuid="" xmlns:xsi="http://www.w3.org/2001/XMLSchema-instance"/><destination/></callForwardBusyInt>
<callForwardNoAnswer><forwardToVoiceMail>false</forwardToVoiceMail>
<callingSearchSpaceName xsi:nil="true" uuid="" xmlns:xsi="http://www.w3.org/2001/XMLSchema-instance"/><destination/><duration /></callForwardNoAnswer>
<callForwardNoAnswerInt><forwardToVoiceMail>false</forwardToVoiceMail>
<callingSearchSpaceName xsi:nil="true" uuid="" xmlns:xsi="http://www.w3.org/2001/XMLSchema-instance"/><destination/><duration /></callForwardNoAnswerInt>
<callForwardNoCoverage><forwardToVoiceMail>false</forwardToVoiceMail>
<callingSearchSpaceName xsi:nil="true" uuid="" xmlns:xsi="http://www.w3.org/2001/XMLSchema-instance"/><destination/></callForwardNoCoverage>
<callForwardNoCoverageInt><forwardToVoiceMail>false</forwardToVoiceMail>
<callingSearchSpaceName xsi:nil="true" uuid="" xmlns:xsi="http://www.w3.org/2001/XMLSchema-instance"/><destination/></callForwardNoCoverageInt>
<callForwardOnFailure><forwardToVoiceMail>false</forwardToVoiceMail>
<callingSearchSpaceName xsi:nil="true" uuid="" xmlns:xsi="http://www.w3.org/2001/XMLSchema-instance"/><destination/></callForwardOnFailure>
<callForwardAlternateParty><callingSearchSpaceName xsi:nil="true" uuid="" xmlns:xsi="http://www.w3.org/2001/XMLSchema-instance"/><destination/><duration /></callForwardAlternateParty>
<callForwardNotRegistered><forwardToVoiceMail>false</forwardToVoiceMail>
<callingSearchSpaceName xsi:nil="true" uuid="" xmlns:xsi="http://www.w3.org/2001/XMLSchema-instance"/><destination/></callForwardNotRegistered>
<callForwardNotRegisteredInt><forwardToVoiceMail>false</forwardToVoiceMail>
<callingSearchSpaceName xsi:nil="true" uuid="" xmlns:xsi="http://www.w3.org/2001/XMLSchema-instance"/><destination/></callForwardNotRegisteredInt>
<callPickupGroupName xsi:nil="true" uuid="" xmlns:xsi="http://www.w3.org/2001/XMLSchema-instance"/><autoAnswer>Auto Answer Off</autoAnswer>
<networkHoldMohAudioSourceId /><userHoldMohAudioSourceId /><alertingName/><asciiAlertingName/><presenceGroupName uuid="{AD243D17-98B4-4118-8FEB-5FF2E1B781AC}">Standard Presence group</presenceGroupName>
<shareLineAppearanceCssName uuid="{FC388259-31FB-1909-9D57-7BC177D475E5}">FTOTH_CSS_Phones</shareLineAppearanceCssName>
<voiceMailProfileName/><patternPrecedence>Default</patternPrecedence>
<releaseClause>No Error</releaseClause>
<hrDuration /><hrInterval /><cfaCssPolicy>Use System Default</cfaCssPolicy>
<defaultActivatedDeviceName/><parkMonForwardNoRetrieveDn/><parkMonForwardNoRetrieveIntDn/><parkMonForwardNoRetrieveVmEnabled>false</parkMonForwardNoRetrieveVmEnabled>
<parkMonForwardNoRetrieveIntVmEnabled>false</parkMonForwardNoRetrieveIntVmEnabled>
<parkMonForwardNoRetrieveCssName/><parkMonForwardNoRetrieveIntCssName/><parkMonReversionTimer /><partyEntranceTone>Default</partyEntranceTone>
<directoryURIs/><allowCtiControlFlag>true</allowCtiControlFlag>
<rejectAnonymousCall>false</rejectAnonymousCall>
<patternUrgency>false</patternUrgency>
<confidentialAccess><confidentialAccessMode /><confidentialAccessLevel>-1</confidentialAccessLevel>
</confidentialAccess>
<externalCallControlProfile/><enterpriseAltNum><numMask /><isUrgent>f</isUrgent>
<addLocalRoutePartition>f</addLocalRoutePartition>
<routePartition/><advertiseGloballyIls>f</advertiseGloballyIls>
</enterpriseAltNum>
<e164AltNum><numMask /><isUrgent>f</isUrgent>
<addLocalRoutePartition>f</addLocalRoutePartition>
<routePartition/><advertiseGloballyIls>f</advertiseGloballyIls>
</e164AltNum>
<pstnFailover /><callControlAgentProfile /><associatedDevices><device>SEPA45630BB1748</device>
</associatedDevices>
<useEnterpriseAltNum>false</useEnterpriseAltNum>
<useE164AltNum>false</useE164AltNum>
<active>true</active>
</line>
</return>
</ns:getLineResponse>
</soapenv:Body>
</soapenv:Envelope>


[2019-10-11 09:50:34,887] [INFO] [READ>] [https://10.51.51.34:8443/axl/]
<SOAP-ENV:Envelope xmlns:SOAP-ENV="http://schemas.xmlsoap.org/soap/envelope/" xmlns:xsi="http://www.w3.org/2001/XMLSchema-instance" xmlns:xsd="http://www.w3.org/2001/XMLSchema">
	<SOAP-ENV:Body>
		<axl:executeSQLQuery xmlns:axl="http://www.cisco.com/AXL/API/10.0" sequence="1">
			<sql>SELECT u.userid FROM Device d INNER JOIN enduserdevicemap e ON d.pkid=e.fkdevice INNER JOIN enduser u ON u.pkid=e.fkenduser WHERE NOT e.defaultprofile AND e.tkuserassociation=1 AND d.name='SEPA45630401BDA'</sql>
		</axl:executeSQLQuery>
	</SOAP-ENV:Body>
</SOAP-ENV:Envelope>


[2019-10-11 09:50:34,899] [INFO] [>RESPONSE] [200]
<?xml version='1.0' encoding='UTF-8'?><soapenv:Envelope xmlns:soapenv="http://schemas.xmlsoap.org/soap/envelope/"><soapenv:Body><ns:executeSQLQueryResponse xmlns:ns="http://www.cisco.com/AXL/API/10.0"><return/></ns:executeSQLQueryResponse>
</soapenv:Body>
</soapenv:Envelope>


[2019-10-11 09:50:34,992] [INFO] [READ>] [https://10.51.51.34:8443/axl/]
<SOAP-ENV:Envelope xmlns:SOAP-ENV="http://schemas.xmlsoap.org/soap/envelope/" xmlns:xsi="http://www.w3.org/2001/XMLSchema-instance" xmlns:xsd="http://www.w3.org/2001/XMLSchema">
	<SOAP-ENV:Body>
		<axl:getRoutePartition xmlns:axl="http://www.cisco.com/AXL/API/10.0" sequence="1">
			<uuid>{ACDF7B40-B405-D6EF-DD65-6E8B11EC835C}</uuid>
		</axl:getRoutePartition>
	</SOAP-ENV:Body>
</SOAP-ENV:Envelope>


[2019-10-11 09:50:35,004] [INFO] [>RESPONSE] [200]
<?xml version='1.0' encoding='UTF-8'?><soapenv:Envelope xmlns:soapenv="http://schemas.xmlsoap.org/soap/envelope/"><soapenv:Body><ns:getRoutePartitionResponse xmlns:ns="http://www.cisco.com/AXL/API/10.0"><return><routePartition uuid="{ACDF7B40-B405-D6EF-DD65-6E8B11EC835C}"><name>FTOTH_Phones</name>
<description>FTOTH_Phones</description>
<dialPlanWizardGenId /><timeScheduleIdName/><useOriginatingDeviceTimeZone>true</useOriginatingDeviceTimeZone>
<timeZone>Etc/GMT</timeZone>
<partitionUsage>General</partitionUsage>
</routePartition>
</return>
</ns:getRoutePartitionResponse>
</soapenv:Body>
</soapenv:Envelope>


[2019-10-11 09:50:35,098] [INFO] [READ>] [https://10.51.51.34:8443/axl/]
<SOAP-ENV:Envelope xmlns:SOAP-ENV="http://schemas.xmlsoap.org/soap/envelope/" xmlns:xsi="http://www.w3.org/2001/XMLSchema-instance" xmlns:xsd="http://www.w3.org/2001/XMLSchema">
	<SOAP-ENV:Body>
		<axl:getLine xmlns:axl="http://www.cisco.com/AXL/API/10.0" sequence="1">
			<uuid>{C3027C61-42E3-BB0F-256D-A6992ABD9210}</uuid>
		</axl:getLine>
	</SOAP-ENV:Body>
</SOAP-ENV:Envelope>


[2019-10-11 09:50:35,159] [INFO] [>RESPONSE] [200]
<?xml version='1.0' encoding='UTF-8'?><soapenv:Envelope xmlns:soapenv="http://schemas.xmlsoap.org/soap/envelope/"><soapenv:Body><ns:getLineResponse xmlns:ns="http://www.cisco.com/AXL/API/10.0"><return><line uuid="{C3027C61-42E3-BB0F-256D-A6992ABD9210}"><pattern>\+36110009021</pattern>
<description/><usage>Device</usage>
<routePartitionName uuid="{ACDF7B40-B405-D6EF-DD65-6E8B11EC835C}">FTOTH_Phones</routePartitionName>
<aarNeighborhoodName/><aarDestinationMask/><aarKeepCallHistory>true</aarKeepCallHistory>
<aarVoiceMailEnabled>false</aarVoiceMailEnabled>
<callForwardAll><forwardToVoiceMail>false</forwardToVoiceMail>
<callingSearchSpaceName xsi:nil="true" uuid="" xmlns:xsi="http://www.w3.org/2001/XMLSchema-instance"/><secondaryCallingSearchSpaceName xsi:nil="true" uuid="" xmlns:xsi="http://www.w3.org/2001/XMLSchema-instance"/><destination/></callForwardAll>
<callForwardBusy><forwardToVoiceMail>false</forwardToVoiceMail>
<callingSearchSpaceName xsi:nil="true" uuid="" xmlns:xsi="http://www.w3.org/2001/XMLSchema-instance"/><destination/></callForwardBusy>
<callForwardBusyInt><forwardToVoiceMail>false</forwardToVoiceMail>
<callingSearchSpaceName xsi:nil="true" uuid="" xmlns:xsi="http://www.w3.org/2001/XMLSchema-instance"/><destination/></callForwardBusyInt>
<callForwardNoAnswer><forwardToVoiceMail>false</forwardToVoiceMail>
<callingSearchSpaceName xsi:nil="true" uuid="" xmlns:xsi="http://www.w3.org/2001/XMLSchema-instance"/><destination/><duration /></callForwardNoAnswer>
<callForwardNoAnswerInt><forwardToVoiceMail>false</forwardToVoiceMail>
<callingSearchSpaceName xsi:nil="true" uuid="" xmlns:xsi="http://www.w3.org/2001/XMLSchema-instance"/><destination/><duration /></callForwardNoAnswerInt>
<callForwardNoCoverage><forwardToVoiceMail>false</forwardToVoiceMail>
<callingSearchSpaceName xsi:nil="true" uuid="" xmlns:xsi="http://www.w3.org/2001/XMLSchema-instance"/><destination/></callForwardNoCoverage>
<callForwardNoCoverageInt><forwardToVoiceMail>false</forwardToVoiceMail>
<callingSearchSpaceName xsi:nil="true" uuid="" xmlns:xsi="http://www.w3.org/2001/XMLSchema-instance"/><destination/></callForwardNoCoverageInt>
<callForwardOnFailure><forwardToVoiceMail>false</forwardToVoiceMail>
<callingSearchSpaceName xsi:nil="true" uuid="" xmlns:xsi="http://www.w3.org/2001/XMLSchema-instance"/><destination/></callForwardOnFailure>
<callForwardAlternateParty><callingSearchSpaceName xsi:nil="true" uuid="" xmlns:xsi="http://www.w3.org/2001/XMLSchema-instance"/><destination/><duration /></callForwardAlternateParty>
<callForwardNotRegistered><forwardToVoiceMail>false</forwardToVoiceMail>
<callingSearchSpaceName xsi:nil="true" uuid="" xmlns:xsi="http://www.w3.org/2001/XMLSchema-instance"/><destination/></callForwardNotRegistered>
<callForwardNotRegisteredInt><forwardToVoiceMail>false</forwardToVoiceMail>
<callingSearchSpaceName xsi:nil="true" uuid="" xmlns:xsi="http://www.w3.org/2001/XMLSchema-instance"/><destination/></callForwardNotRegisteredInt>
<callPickupGroupName xsi:nil="true" uuid="" xmlns:xsi="http://www.w3.org/2001/XMLSchema-instance"/><autoAnswer>Auto Answer Off</autoAnswer>
<networkHoldMohAudioSourceId /><userHoldMohAudioSourceId /><alertingName/><asciiAlertingName/><presenceGroupName uuid="{AD243D17-98B4-4118-8FEB-5FF2E1B781AC}">Standard Presence group</presenceGroupName>
<shareLineAppearanceCssName uuid="{FC388259-31FB-1909-9D57-7BC177D475E5}">FTOTH_CSS_Phones</shareLineAppearanceCssName>
<voiceMailProfileName/><patternPrecedence>Default</patternPrecedence>
<releaseClause>No Error</releaseClause>
<hrDuration /><hrInterval /><cfaCssPolicy>Use System Default</cfaCssPolicy>
<defaultActivatedDeviceName/><parkMonForwardNoRetrieveDn/><parkMonForwardNoRetrieveIntDn/><parkMonForwardNoRetrieveVmEnabled>false</parkMonForwardNoRetrieveVmEnabled>
<parkMonForwardNoRetrieveIntVmEnabled>false</parkMonForwardNoRetrieveIntVmEnabled>
<parkMonForwardNoRetrieveCssName/><parkMonForwardNoRetrieveIntCssName/><parkMonReversionTimer /><partyEntranceTone>Default</partyEntranceTone>
<directoryURIs/><allowCtiControlFlag>true</allowCtiControlFlag>
<rejectAnonymousCall>false</rejectAnonymousCall>
<patternUrgency>false</patternUrgency>
<confidentialAccess><confidentialAccessMode /><confidentialAccessLevel>-1</confidentialAccessLevel>
</confidentialAccess>
<externalCallControlProfile/><enterpriseAltNum><numMask /><isUrgent>f</isUrgent>
<addLocalRoutePartition>f</addLocalRoutePartition>
<routePartition/><advertiseGloballyIls>f</advertiseGloballyIls>
</enterpriseAltNum>
<e164AltNum><numMask /><isUrgent>f</isUrgent>
<addLocalRoutePartition>f</addLocalRoutePartition>
<routePartition/><advertiseGloballyIls>f</advertiseGloballyIls>
</e164AltNum>
<pstnFailover /><callControlAgentProfile /><associatedDevices><device>SEPA45630401BDA</device>
</associatedDevices>
<useEnterpriseAltNum>false</useEnterpriseAltNum>
<useE164AltNum>false</useE164AltNum>
<active>true</active>
</line>
</return>
</ns:getLineResponse>
</soapenv:Body>
</soapenv:Envelope>


[2019-10-11 09:50:37,499] [INFO] [READ>] [https://10.51.51.34:8443/axl/]
<SOAP-ENV:Envelope xmlns:SOAP-ENV="http://schemas.xmlsoap.org/soap/envelope/" xmlns:xsi="http://www.w3.org/2001/XMLSchema-instance" xmlns:xsd="http://www.w3.org/2001/XMLSchema">
	<SOAP-ENV:Body>
		<axl:getLine xmlns:axl="http://www.cisco.com/AXL/API/10.0" sequence="1">
			<uuid>{C3027C61-42E3-BB0F-256D-A6992ABD9210}</uuid>
		</axl:getLine>
	</SOAP-ENV:Body>
</SOAP-ENV:Envelope>


[2019-10-11 09:50:37,547] [INFO] [>RESPONSE] [200]
<?xml version='1.0' encoding='UTF-8'?><soapenv:Envelope xmlns:soapenv="http://schemas.xmlsoap.org/soap/envelope/"><soapenv:Body><ns:getLineResponse xmlns:ns="http://www.cisco.com/AXL/API/10.0"><return><line uuid="{C3027C61-42E3-BB0F-256D-A6992ABD9210}"><pattern>\+36110009021</pattern>
<description/><usage>Device</usage>
<routePartitionName uuid="{ACDF7B40-B405-D6EF-DD65-6E8B11EC835C}">FTOTH_Phones</routePartitionName>
<aarNeighborhoodName/><aarDestinationMask/><aarKeepCallHistory>true</aarKeepCallHistory>
<aarVoiceMailEnabled>false</aarVoiceMailEnabled>
<callForwardAll><forwardToVoiceMail>false</forwardToVoiceMail>
<callingSearchSpaceName xsi:nil="true" uuid="" xmlns:xsi="http://www.w3.org/2001/XMLSchema-instance"/><secondaryCallingSearchSpaceName xsi:nil="true" uuid="" xmlns:xsi="http://www.w3.org/2001/XMLSchema-instance"/><destination/></callForwardAll>
<callForwardBusy><forwardToVoiceMail>false</forwardToVoiceMail>
<callingSearchSpaceName xsi:nil="true" uuid="" xmlns:xsi="http://www.w3.org/2001/XMLSchema-instance"/><destination/></callForwardBusy>
<callForwardBusyInt><forwardToVoiceMail>false</forwardToVoiceMail>
<callingSearchSpaceName xsi:nil="true" uuid="" xmlns:xsi="http://www.w3.org/2001/XMLSchema-instance"/><destination/></callForwardBusyInt>
<callForwardNoAnswer><forwardToVoiceMail>false</forwardToVoiceMail>
<callingSearchSpaceName xsi:nil="true" uuid="" xmlns:xsi="http://www.w3.org/2001/XMLSchema-instance"/><destination/><duration /></callForwardNoAnswer>
<callForwardNoAnswerInt><forwardToVoiceMail>false</forwardToVoiceMail>
<callingSearchSpaceName xsi:nil="true" uuid="" xmlns:xsi="http://www.w3.org/2001/XMLSchema-instance"/><destination/><duration /></callForwardNoAnswerInt>
<callForwardNoCoverage><forwardToVoiceMail>false</forwardToVoiceMail>
<callingSearchSpaceName xsi:nil="true" uuid="" xmlns:xsi="http://www.w3.org/2001/XMLSchema-instance"/><destination/></callForwardNoCoverage>
<callForwardNoCoverageInt><forwardToVoiceMail>false</forwardToVoiceMail>
<callingSearchSpaceName xsi:nil="true" uuid="" xmlns:xsi="http://www.w3.org/2001/XMLSchema-instance"/><destination/></callForwardNoCoverageInt>
<callForwardOnFailure><forwardToVoiceMail>false</forwardToVoiceMail>
<callingSearchSpaceName xsi:nil="true" uuid="" xmlns:xsi="http://www.w3.org/2001/XMLSchema-instance"/><destination/></callForwardOnFailure>
<callForwardAlternateParty><callingSearchSpaceName xsi:nil="true" uuid="" xmlns:xsi="http://www.w3.org/2001/XMLSchema-instance"/><destination/><duration /></callForwardAlternateParty>
<callForwardNotRegistered><forwardToVoiceMail>false</forwardToVoiceMail>
<callingSearchSpaceName xsi:nil="true" uuid="" xmlns:xsi="http://www.w3.org/2001/XMLSchema-instance"/><destination/></callForwardNotRegistered>
<callForwardNotRegisteredInt><forwardToVoiceMail>false</forwardToVoiceMail>
<callingSearchSpaceName xsi:nil="true" uuid="" xmlns:xsi="http://www.w3.org/2001/XMLSchema-instance"/><destination/></callForwardNotRegisteredInt>
<callPickupGroupName xsi:nil="true" uuid="" xmlns:xsi="http://www.w3.org/2001/XMLSchema-instance"/><autoAnswer>Auto Answer Off</autoAnswer>
<networkHoldMohAudioSourceId /><userHoldMohAudioSourceId /><alertingName/><asciiAlertingName/><presenceGroupName uuid="{AD243D17-98B4-4118-8FEB-5FF2E1B781AC}">Standard Presence group</presenceGroupName>
<shareLineAppearanceCssName uuid="{FC388259-31FB-1909-9D57-7BC177D475E5}">FTOTH_CSS_Phones</shareLineAppearanceCssName>
<voiceMailProfileName/><patternPrecedence>Default</patternPrecedence>
<releaseClause>No Error</releaseClause>
<hrDuration /><hrInterval /><cfaCssPolicy>Use System Default</cfaCssPolicy>
<defaultActivatedDeviceName/><parkMonForwardNoRetrieveDn/><parkMonForwardNoRetrieveIntDn/><parkMonForwardNoRetrieveVmEnabled>false</parkMonForwardNoRetrieveVmEnabled>
<parkMonForwardNoRetrieveIntVmEnabled>false</parkMonForwardNoRetrieveIntVmEnabled>
<parkMonForwardNoRetrieveCssName/><parkMonForwardNoRetrieveIntCssName/><parkMonReversionTimer /><partyEntranceTone>Default</partyEntranceTone>
<directoryURIs/><allowCtiControlFlag>true</allowCtiControlFlag>
<rejectAnonymousCall>false</rejectAnonymousCall>
<patternUrgency>false</patternUrgency>
<confidentialAccess><confidentialAccessMode /><confidentialAccessLevel>-1</confidentialAccessLevel>
</confidentialAccess>
<externalCallControlProfile/><enterpriseAltNum><numMask /><isUrgent>f</isUrgent>
<addLocalRoutePartition>f</addLocalRoutePartition>
<routePartition/><advertiseGloballyIls>f</advertiseGloballyIls>
</enterpriseAltNum>
<e164AltNum><numMask /><isUrgent>f</isUrgent>
<addLocalRoutePartition>f</addLocalRoutePartition>
<routePartition/><advertiseGloballyIls>f</advertiseGloballyIls>
</e164AltNum>
<pstnFailover /><callControlAgentProfile /><associatedDevices><device>SEPA45630401BDA</device>
</associatedDevices>
<useEnterpriseAltNum>false</useEnterpriseAltNum>
<useE164AltNum>false</useE164AltNum>
<active>true</active>
</line>
</return>
</ns:getLineResponse>
</soapenv:Body>
</soapenv:Envelope>


[2019-10-11 09:50:37,601] [INFO] [READ>] [https://10.51.51.34:8443/axl/]
<SOAP-ENV:Envelope xmlns:SOAP-ENV="http://schemas.xmlsoap.org/soap/envelope/" xmlns:xsi="http://www.w3.org/2001/XMLSchema-instance" xmlns:xsd="http://www.w3.org/2001/XMLSchema">
	<SOAP-ENV:Body>
		<axl:getLine xmlns:axl="http://www.cisco.com/AXL/API/10.0" sequence="1">
			<uuid>{40D16E4D-5A9A-DFBC-B1B9-B3EEED778E5F}</uuid>
		</axl:getLine>
	</SOAP-ENV:Body>
</SOAP-ENV:Envelope>


[2019-10-11 09:50:37,637] [INFO] [>RESPONSE] [200]
<?xml version='1.0' encoding='UTF-8'?><soapenv:Envelope xmlns:soapenv="http://schemas.xmlsoap.org/soap/envelope/"><soapenv:Body><ns:getLineResponse xmlns:ns="http://www.cisco.com/AXL/API/10.0"><return><line uuid="{40D16E4D-5A9A-DFBC-B1B9-B3EEED778E5F}"><pattern>\+36110009020</pattern>
<description/><usage>Device</usage>
<routePartitionName uuid="{ACDF7B40-B405-D6EF-DD65-6E8B11EC835C}">FTOTH_Phones</routePartitionName>
<aarNeighborhoodName/><aarDestinationMask/><aarKeepCallHistory>true</aarKeepCallHistory>
<aarVoiceMailEnabled>false</aarVoiceMailEnabled>
<callForwardAll><forwardToVoiceMail>false</forwardToVoiceMail>
<callingSearchSpaceName xsi:nil="true" uuid="" xmlns:xsi="http://www.w3.org/2001/XMLSchema-instance"/><secondaryCallingSearchSpaceName xsi:nil="true" uuid="" xmlns:xsi="http://www.w3.org/2001/XMLSchema-instance"/><destination/></callForwardAll>
<callForwardBusy><forwardToVoiceMail>false</forwardToVoiceMail>
<callingSearchSpaceName xsi:nil="true" uuid="" xmlns:xsi="http://www.w3.org/2001/XMLSchema-instance"/><destination/></callForwardBusy>
<callForwardBusyInt><forwardToVoiceMail>false</forwardToVoiceMail>
<callingSearchSpaceName xsi:nil="true" uuid="" xmlns:xsi="http://www.w3.org/2001/XMLSchema-instance"/><destination/></callForwardBusyInt>
<callForwardNoAnswer><forwardToVoiceMail>false</forwardToVoiceMail>
<callingSearchSpaceName xsi:nil="true" uuid="" xmlns:xsi="http://www.w3.org/2001/XMLSchema-instance"/><destination/><duration /></callForwardNoAnswer>
<callForwardNoAnswerInt><forwardToVoiceMail>false</forwardToVoiceMail>
<callingSearchSpaceName xsi:nil="true" uuid="" xmlns:xsi="http://www.w3.org/2001/XMLSchema-instance"/><destination/><duration /></callForwardNoAnswerInt>
<callForwardNoCoverage><forwardToVoiceMail>false</forwardToVoiceMail>
<callingSearchSpaceName xsi:nil="true" uuid="" xmlns:xsi="http://www.w3.org/2001/XMLSchema-instance"/><destination/></callForwardNoCoverage>
<callForwardNoCoverageInt><forwardToVoiceMail>false</forwardToVoiceMail>
<callingSearchSpaceName xsi:nil="true" uuid="" xmlns:xsi="http://www.w3.org/2001/XMLSchema-instance"/><destination/></callForwardNoCoverageInt>
<callForwardOnFailure><forwardToVoiceMail>false</forwardToVoiceMail>
<callingSearchSpaceName xsi:nil="true" uuid="" xmlns:xsi="http://www.w3.org/2001/XMLSchema-instance"/><destination/></callForwardOnFailure>
<callForwardAlternateParty><callingSearchSpaceName xsi:nil="true" uuid="" xmlns:xsi="http://www.w3.org/2001/XMLSchema-instance"/><destination/><duration /></callForwardAlternateParty>
<callForwardNotRegistered><forwardToVoiceMail>false</forwardToVoiceMail>
<callingSearchSpaceName xsi:nil="true" uuid="" xmlns:xsi="http://www.w3.org/2001/XMLSchema-instance"/><destination/></callForwardNotRegistered>
<callForwardNotRegisteredInt><forwardToVoiceMail>false</forwardToVoiceMail>
<callingSearchSpaceName xsi:nil="true" uuid="" xmlns:xsi="http://www.w3.org/2001/XMLSchema-instance"/><destination/></callForwardNotRegisteredInt>
<callPickupGroupName xsi:nil="true" uuid="" xmlns:xsi="http://www.w3.org/2001/XMLSchema-instance"/><autoAnswer>Auto Answer Off</autoAnswer>
<networkHoldMohAudioSourceId /><userHoldMohAudioSourceId /><alertingName/><asciiAlertingName/><presenceGroupName uuid="{AD243D17-98B4-4118-8FEB-5FF2E1B781AC}">Standard Presence group</presenceGroupName>
<shareLineAppearanceCssName uuid="{FC388259-31FB-1909-9D57-7BC177D475E5}">FTOTH_CSS_Phones</shareLineAppearanceCssName>
<voiceMailProfileName/><patternPrecedence>Default</patternPrecedence>
<releaseClause>No Error</releaseClause>
<hrDuration /><hrInterval /><cfaCssPolicy>Use System Default</cfaCssPolicy>
<defaultActivatedDeviceName/><parkMonForwardNoRetrieveDn/><parkMonForwardNoRetrieveIntDn/><parkMonForwardNoRetrieveVmEnabled>false</parkMonForwardNoRetrieveVmEnabled>
<parkMonForwardNoRetrieveIntVmEnabled>false</parkMonForwardNoRetrieveIntVmEnabled>
<parkMonForwardNoRetrieveCssName/><parkMonForwardNoRetrieveIntCssName/><parkMonReversionTimer /><partyEntranceTone>Default</partyEntranceTone>
<directoryURIs/><allowCtiControlFlag>true</allowCtiControlFlag>
<rejectAnonymousCall>false</rejectAnonymousCall>
<patternUrgency>false</patternUrgency>
<confidentialAccess><confidentialAccessMode /><confidentialAccessLevel>-1</confidentialAccessLevel>
</confidentialAccess>
<externalCallControlProfile/><enterpriseAltNum><numMask /><isUrgent>f</isUrgent>
<addLocalRoutePartition>f</addLocalRoutePartition>
<routePartition/><advertiseGloballyIls>f</advertiseGloballyIls>
</enterpriseAltNum>
<e164AltNum><numMask /><isUrgent>f</isUrgent>
<addLocalRoutePartition>f</addLocalRoutePartition>
<routePartition/><advertiseGloballyIls>f</advertiseGloballyIls>
</e164AltNum>
<pstnFailover /><callControlAgentProfile /><associatedDevices><device>SEPA45630BB1748</device>
</associatedDevices>
<useEnterpriseAltNum>false</useEnterpriseAltNum>
<useE164AltNum>false</useE164AltNum>
<active>true</active>
</line>
</return>
</ns:getLineResponse>
</soapenv:Body>
</soapenv:Envelope>


[2019-10-11 09:51:07,358] [INFO] [READ>] [https://10.51.51.34:8443/axl/]
<SOAP-ENV:Envelope xmlns:SOAP-ENV="http://schemas.xmlsoap.org/soap/envelope/" xmlns:xsi="http://www.w3.org/2001/XMLSchema-instance" xmlns:xsd="http://www.w3.org/2001/XMLSchema">
	<SOAP-ENV:Body>
		<axl:doAuthenticateUser xmlns:axl="http://www.cisco.com/AXL/API/10.0" sequence="1">
			<userid>admin</userid><password>andphone</password>
		</axl:doAuthenticateUser>
	</SOAP-ENV:Body>
</SOAP-ENV:Envelope>


[2019-10-11 09:51:07,506] [INFO] [>RESPONSE] [200]
<?xml version='1.0' encoding='UTF-8'?><soapenv:Envelope xmlns:soapenv="http://schemas.xmlsoap.org/soap/envelope/"><soapenv:Body><ns:doAuthenticateUserResponse xmlns:ns="http://www.cisco.com/AXL/API/10.0"><return><userAuthenticated>false</userAuthenticated>
<code>1</code>
<daysToExpiry>0</daysToExpiry>
</return>
</ns:doAuthenticateUserResponse>
</soapenv:Body>
</soapenv:Envelope>


[2019-10-11 09:51:09,181] [INFO] [READ>] [https://10.51.51.34:8443/axl/]
<SOAP-ENV:Envelope xmlns:SOAP-ENV="http://schemas.xmlsoap.org/soap/envelope/" xmlns:xsi="http://www.w3.org/2001/XMLSchema-instance" xmlns:xsd="http://www.w3.org/2001/XMLSchema">
	<SOAP-ENV:Body>
		<axl:getCCMVersion xmlns:axl="http://www.cisco.com/AXL/API/10.0" sequence="1">
			
		</axl:getCCMVersion>
	</SOAP-ENV:Body>
</SOAP-ENV:Envelope>


[2019-10-11 09:51:09,195] [INFO] [>RESPONSE] [200]
<?xml version='1.0' encoding='UTF-8'?><soapenv:Envelope xmlns:soapenv="http://schemas.xmlsoap.org/soap/envelope/"><soapenv:Body><ns:getCCMVersionResponse xmlns:ns="http://www.cisco.com/AXL/API/10.0"><return><componentVersion><version>11.5.1.11900(27)</version>
</componentVersion>
</return>
</ns:getCCMVersionResponse>
</soapenv:Body>
</soapenv:Envelope>


[2019-10-11 09:51:38,851] [INFO] [READ>] [https://10.51.51.34:8443/axl/]
<SOAP-ENV:Envelope xmlns:SOAP-ENV="http://schemas.xmlsoap.org/soap/envelope/" xmlns:xsi="http://www.w3.org/2001/XMLSchema-instance" xmlns:xsd="http://www.w3.org/2001/XMLSchema">
	<SOAP-ENV:Body>
		<axl:getCCMVersion xmlns:axl="http://www.cisco.com/AXL/API/10.0" sequence="1">
			
		</axl:getCCMVersion>
	</SOAP-ENV:Body>
</SOAP-ENV:Envelope>


[2019-10-11 09:51:38,873] [INFO] [>RESPONSE] [200]
<?xml version='1.0' encoding='UTF-8'?><soapenv:Envelope xmlns:soapenv="http://schemas.xmlsoap.org/soap/envelope/"><soapenv:Body><ns:getCCMVersionResponse xmlns:ns="http://www.cisco.com/AXL/API/10.0"><return><componentVersion><version>11.5.1.11900(27)</version>
</componentVersion>
</return>
</ns:getCCMVersionResponse>
</soapenv:Body>
</soapenv:Envelope>


[2019-10-11 09:52:09,038] [INFO] [READ>] [https://10.51.51.34:8443/axl/]
<SOAP-ENV:Envelope xmlns:SOAP-ENV="http://schemas.xmlsoap.org/soap/envelope/" xmlns:xsi="http://www.w3.org/2001/XMLSchema-instance" xmlns:xsd="http://www.w3.org/2001/XMLSchema">
	<SOAP-ENV:Body>
		<axl:getCCMVersion xmlns:axl="http://www.cisco.com/AXL/API/10.0" sequence="1">
			
		</axl:getCCMVersion>
	</SOAP-ENV:Body>
</SOAP-ENV:Envelope>


[2019-10-11 09:52:09,060] [INFO] [>RESPONSE] [200]
<?xml version='1.0' encoding='UTF-8'?><soapenv:Envelope xmlns:soapenv="http://schemas.xmlsoap.org/soap/envelope/"><soapenv:Body><ns:getCCMVersionResponse xmlns:ns="http://www.cisco.com/AXL/API/10.0"><return><componentVersion><version>11.5.1.11900(27)</version>
</componentVersion>
</return>
</ns:getCCMVersionResponse>
</soapenv:Body>
</soapenv:Envelope>


[2019-10-11 09:52:39,237] [INFO] [READ>] [https://10.51.51.34:8443/axl/]
<SOAP-ENV:Envelope xmlns:SOAP-ENV="http://schemas.xmlsoap.org/soap/envelope/" xmlns:xsi="http://www.w3.org/2001/XMLSchema-instance" xmlns:xsd="http://www.w3.org/2001/XMLSchema">
	<SOAP-ENV:Body>
		<axl:getCCMVersion xmlns:axl="http://www.cisco.com/AXL/API/10.0" sequence="1">
			
		</axl:getCCMVersion>
	</SOAP-ENV:Body>
</SOAP-ENV:Envelope>


[2019-10-11 09:52:39,254] [INFO] [>RESPONSE] [200]
<?xml version='1.0' encoding='UTF-8'?><soapenv:Envelope xmlns:soapenv="http://schemas.xmlsoap.org/soap/envelope/"><soapenv:Body><ns:getCCMVersionResponse xmlns:ns="http://www.cisco.com/AXL/API/10.0"><return><componentVersion><version>11.5.1.11900(27)</version>
</componentVersion>
</return>
</ns:getCCMVersionResponse>
</soapenv:Body>
</soapenv:Envelope>


[2019-10-11 09:53:09,439] [INFO] [READ>] [https://10.51.51.34:8443/axl/]
<SOAP-ENV:Envelope xmlns:SOAP-ENV="http://schemas.xmlsoap.org/soap/envelope/" xmlns:xsi="http://www.w3.org/2001/XMLSchema-instance" xmlns:xsd="http://www.w3.org/2001/XMLSchema">
	<SOAP-ENV:Body>
		<axl:getCCMVersion xmlns:axl="http://www.cisco.com/AXL/API/10.0" sequence="1">
			
		</axl:getCCMVersion>
	</SOAP-ENV:Body>
</SOAP-ENV:Envelope>


[2019-10-11 09:53:09,467] [INFO] [>RESPONSE] [200]
<?xml version='1.0' encoding='UTF-8'?><soapenv:Envelope xmlns:soapenv="http://schemas.xmlsoap.org/soap/envelope/"><soapenv:Body><ns:getCCMVersionResponse xmlns:ns="http://www.cisco.com/AXL/API/10.0"><return><componentVersion><version>11.5.1.11900(27)</version>
</componentVersion>
</return>
</ns:getCCMVersionResponse>
</soapenv:Body>
</soapenv:Envelope>


[2019-10-11 09:53:39,629] [INFO] [READ>] [https://10.51.51.34:8443/axl/]
<SOAP-ENV:Envelope xmlns:SOAP-ENV="http://schemas.xmlsoap.org/soap/envelope/" xmlns:xsi="http://www.w3.org/2001/XMLSchema-instance" xmlns:xsd="http://www.w3.org/2001/XMLSchema">
	<SOAP-ENV:Body>
		<axl:getCCMVersion xmlns:axl="http://www.cisco.com/AXL/API/10.0" sequence="1">
			
		</axl:getCCMVersion>
	</SOAP-ENV:Body>
</SOAP-ENV:Envelope>


[2019-10-11 09:53:39,647] [INFO] [>RESPONSE] [200]
<?xml version='1.0' encoding='UTF-8'?><soapenv:Envelope xmlns:soapenv="http://schemas.xmlsoap.org/soap/envelope/"><soapenv:Body><ns:getCCMVersionResponse xmlns:ns="http://www.cisco.com/AXL/API/10.0"><return><componentVersion><version>11.5.1.11900(27)</version>
</componentVersion>
</return>
</ns:getCCMVersionResponse>
</soapenv:Body>
</soapenv:Envelope>


[2019-10-11 09:54:09,833] [INFO] [READ>] [https://10.51.51.34:8443/axl/]
<SOAP-ENV:Envelope xmlns:SOAP-ENV="http://schemas.xmlsoap.org/soap/envelope/" xmlns:xsi="http://www.w3.org/2001/XMLSchema-instance" xmlns:xsd="http://www.w3.org/2001/XMLSchema">
	<SOAP-ENV:Body>
		<axl:getCCMVersion xmlns:axl="http://www.cisco.com/AXL/API/10.0" sequence="1">
			
		</axl:getCCMVersion>
	</SOAP-ENV:Body>
</SOAP-ENV:Envelope>


[2019-10-11 09:54:09,860] [INFO] [>RESPONSE] [200]
<?xml version='1.0' encoding='UTF-8'?><soapenv:Envelope xmlns:soapenv="http://schemas.xmlsoap.org/soap/envelope/"><soapenv:Body><ns:getCCMVersionResponse xmlns:ns="http://www.cisco.com/AXL/API/10.0"><return><componentVersion><version>11.5.1.11900(27)</version>
</componentVersion>
</return>
</ns:getCCMVersionResponse>
</soapenv:Body>
</soapenv:Envelope>


[2019-10-11 09:54:40,034] [INFO] [READ>] [https://10.51.51.34:8443/axl/]
<SOAP-ENV:Envelope xmlns:SOAP-ENV="http://schemas.xmlsoap.org/soap/envelope/" xmlns:xsi="http://www.w3.org/2001/XMLSchema-instance" xmlns:xsd="http://www.w3.org/2001/XMLSchema">
	<SOAP-ENV:Body>
		<axl:getCCMVersion xmlns:axl="http://www.cisco.com/AXL/API/10.0" sequence="1">
			
		</axl:getCCMVersion>
	</SOAP-ENV:Body>
</SOAP-ENV:Envelope>


[2019-10-11 09:54:40,054] [INFO] [>RESPONSE] [200]
<?xml version='1.0' encoding='UTF-8'?><soapenv:Envelope xmlns:soapenv="http://schemas.xmlsoap.org/soap/envelope/"><soapenv:Body><ns:getCCMVersionResponse xmlns:ns="http://www.cisco.com/AXL/API/10.0"><return><componentVersion><version>11.5.1.11900(27)</version>
</componentVersion>
</return>
</ns:getCCMVersionResponse>
</soapenv:Body>
</soapenv:Envelope>


[2019-10-11 09:55:22,637] [INFO] [READ>] [https://10.51.51.34:8443/axl/]
<SOAP-ENV:Envelope xmlns:SOAP-ENV="http://schemas.xmlsoap.org/soap/envelope/" xmlns:xsi="http://www.w3.org/2001/XMLSchema-instance" xmlns:xsd="http://www.w3.org/2001/XMLSchema">
	<SOAP-ENV:Body>
		<axl:getCCMVersion xmlns:axl="http://www.cisco.com/AXL/API/10.0" sequence="1">
			
		</axl:getCCMVersion>
	</SOAP-ENV:Body>
</SOAP-ENV:Envelope>


[2019-10-11 09:55:22,649] [INFO] [>RESPONSE] [200]
<?xml version='1.0' encoding='UTF-8'?><soapenv:Envelope xmlns:soapenv="http://schemas.xmlsoap.org/soap/envelope/"><soapenv:Body><ns:getCCMVersionResponse xmlns:ns="http://www.cisco.com/AXL/API/10.0"><return><componentVersion><version>11.5.1.11900(27)</version>
</componentVersion>
</return>
</ns:getCCMVersionResponse>
</soapenv:Body>
</soapenv:Envelope>


[2019-10-11 09:55:52,831] [INFO] [READ>] [https://10.51.51.34:8443/axl/]
<SOAP-ENV:Envelope xmlns:SOAP-ENV="http://schemas.xmlsoap.org/soap/envelope/" xmlns:xsi="http://www.w3.org/2001/XMLSchema-instance" xmlns:xsd="http://www.w3.org/2001/XMLSchema">
	<SOAP-ENV:Body>
		<axl:getCCMVersion xmlns:axl="http://www.cisco.com/AXL/API/10.0" sequence="1">
			
		</axl:getCCMVersion>
	</SOAP-ENV:Body>
</SOAP-ENV:Envelope>


[2019-10-11 09:55:52,847] [INFO] [>RESPONSE] [200]
<?xml version='1.0' encoding='UTF-8'?><soapenv:Envelope xmlns:soapenv="http://schemas.xmlsoap.org/soap/envelope/"><soapenv:Body><ns:getCCMVersionResponse xmlns:ns="http://www.cisco.com/AXL/API/10.0"><return><componentVersion><version>11.5.1.11900(27)</version>
</componentVersion>
</return>
</ns:getCCMVersionResponse>
</soapenv:Body>
</soapenv:Envelope>


[2019-10-11 09:56:23,794] [INFO] [READ>] [https://10.51.51.34:8443/axl/]
<SOAP-ENV:Envelope xmlns:SOAP-ENV="http://schemas.xmlsoap.org/soap/envelope/" xmlns:xsi="http://www.w3.org/2001/XMLSchema-instance" xmlns:xsd="http://www.w3.org/2001/XMLSchema">
	<SOAP-ENV:Body>
		<axl:getCCMVersion xmlns:axl="http://www.cisco.com/AXL/API/10.0" sequence="1">
			
		</axl:getCCMVersion>
	</SOAP-ENV:Body>
</SOAP-ENV:Envelope>


[2019-10-11 09:56:23,807] [INFO] [>RESPONSE] [200]
<?xml version='1.0' encoding='UTF-8'?><soapenv:Envelope xmlns:soapenv="http://schemas.xmlsoap.org/soap/envelope/"><soapenv:Body><ns:getCCMVersionResponse xmlns:ns="http://www.cisco.com/AXL/API/10.0"><return><componentVersion><version>11.5.1.11900(27)</version>
</componentVersion>
</return>
</ns:getCCMVersionResponse>
</soapenv:Body>
</soapenv:Envelope>


[2019-10-11 09:56:54,791] [INFO] [READ>] [https://10.51.51.34:8443/axl/]
<SOAP-ENV:Envelope xmlns:SOAP-ENV="http://schemas.xmlsoap.org/soap/envelope/" xmlns:xsi="http://www.w3.org/2001/XMLSchema-instance" xmlns:xsd="http://www.w3.org/2001/XMLSchema">
	<SOAP-ENV:Body>
		<axl:getCCMVersion xmlns:axl="http://www.cisco.com/AXL/API/10.0" sequence="1">
			
		</axl:getCCMVersion>
	</SOAP-ENV:Body>
</SOAP-ENV:Envelope>


[2019-10-11 09:56:54,805] [INFO] [>RESPONSE] [200]
<?xml version='1.0' encoding='UTF-8'?><soapenv:Envelope xmlns:soapenv="http://schemas.xmlsoap.org/soap/envelope/"><soapenv:Body><ns:getCCMVersionResponse xmlns:ns="http://www.cisco.com/AXL/API/10.0"><return><componentVersion><version>11.5.1.11900(27)</version>
</componentVersion>
</return>
</ns:getCCMVersionResponse>
</soapenv:Body>
</soapenv:Envelope>


[2019-10-11 09:57:25,797] [INFO] [READ>] [https://10.51.51.34:8443/axl/]
<SOAP-ENV:Envelope xmlns:SOAP-ENV="http://schemas.xmlsoap.org/soap/envelope/" xmlns:xsi="http://www.w3.org/2001/XMLSchema-instance" xmlns:xsd="http://www.w3.org/2001/XMLSchema">
	<SOAP-ENV:Body>
		<axl:getCCMVersion xmlns:axl="http://www.cisco.com/AXL/API/10.0" sequence="1">
			
		</axl:getCCMVersion>
	</SOAP-ENV:Body>
</SOAP-ENV:Envelope>


[2019-10-11 09:57:25,823] [INFO] [>RESPONSE] [200]
<?xml version='1.0' encoding='UTF-8'?><soapenv:Envelope xmlns:soapenv="http://schemas.xmlsoap.org/soap/envelope/"><soapenv:Body><ns:getCCMVersionResponse xmlns:ns="http://www.cisco.com/AXL/API/10.0"><return><componentVersion><version>11.5.1.11900(27)</version>
</componentVersion>
</return>
</ns:getCCMVersionResponse>
</soapenv:Body>
</soapenv:Envelope>


[2019-10-11 09:58:17,243] [INFO] [READ>] [https://10.51.51.34:8443/axl/]
<SOAP-ENV:Envelope xmlns:SOAP-ENV="http://schemas.xmlsoap.org/soap/envelope/" xmlns:xsi="http://www.w3.org/2001/XMLSchema-instance" xmlns:xsd="http://www.w3.org/2001/XMLSchema">
	<SOAP-ENV:Body>
		<axl:getCCMVersion xmlns:axl="http://www.cisco.com/AXL/API/10.0" sequence="1">
			
		</axl:getCCMVersion>
	</SOAP-ENV:Body>
</SOAP-ENV:Envelope>


[2019-10-11 09:58:17,261] [INFO] [>RESPONSE] [200]
<?xml version='1.0' encoding='UTF-8'?><soapenv:Envelope xmlns:soapenv="http://schemas.xmlsoap.org/soap/envelope/"><soapenv:Body><ns:getCCMVersionResponse xmlns:ns="http://www.cisco.com/AXL/API/10.0"><return><componentVersion><version>11.5.1.11900(27)</version>
</componentVersion>
</return>
</ns:getCCMVersionResponse>
</soapenv:Body>
</soapenv:Envelope>


[2019-10-11 09:58:47,793] [INFO] [READ>] [https://10.51.51.34:8443/axl/]
<SOAP-ENV:Envelope xmlns:SOAP-ENV="http://schemas.xmlsoap.org/soap/envelope/" xmlns:xsi="http://www.w3.org/2001/XMLSchema-instance" xmlns:xsd="http://www.w3.org/2001/XMLSchema">
	<SOAP-ENV:Body>
		<axl:getCCMVersion xmlns:axl="http://www.cisco.com/AXL/API/10.0" sequence="1">
			
		</axl:getCCMVersion>
	</SOAP-ENV:Body>
</SOAP-ENV:Envelope>


[2019-10-11 09:58:47,811] [INFO] [>RESPONSE] [200]
<?xml version='1.0' encoding='UTF-8'?><soapenv:Envelope xmlns:soapenv="http://schemas.xmlsoap.org/soap/envelope/"><soapenv:Body><ns:getCCMVersionResponse xmlns:ns="http://www.cisco.com/AXL/API/10.0"><return><componentVersion><version>11.5.1.11900(27)</version>
</componentVersion>
</return>
</ns:getCCMVersionResponse>
</soapenv:Body>
</soapenv:Envelope>


[2019-10-11 09:59:18,791] [INFO] [READ>] [https://10.51.51.34:8443/axl/]
<SOAP-ENV:Envelope xmlns:SOAP-ENV="http://schemas.xmlsoap.org/soap/envelope/" xmlns:xsi="http://www.w3.org/2001/XMLSchema-instance" xmlns:xsd="http://www.w3.org/2001/XMLSchema">
	<SOAP-ENV:Body>
		<axl:getCCMVersion xmlns:axl="http://www.cisco.com/AXL/API/10.0" sequence="1">
			
		</axl:getCCMVersion>
	</SOAP-ENV:Body>
</SOAP-ENV:Envelope>


[2019-10-11 09:59:18,812] [INFO] [>RESPONSE] [200]
<?xml version='1.0' encoding='UTF-8'?><soapenv:Envelope xmlns:soapenv="http://schemas.xmlsoap.org/soap/envelope/"><soapenv:Body><ns:getCCMVersionResponse xmlns:ns="http://www.cisco.com/AXL/API/10.0"><return><componentVersion><version>11.5.1.11900(27)</version>
</componentVersion>
</return>
</ns:getCCMVersionResponse>
</soapenv:Body>
</soapenv:Envelope>


[2019-10-11 10:00:14,235] [INFO] [READ>] [https://10.51.51.34:8443/axl/]
<SOAP-ENV:Envelope xmlns:SOAP-ENV="http://schemas.xmlsoap.org/soap/envelope/" xmlns:xsi="http://www.w3.org/2001/XMLSchema-instance" xmlns:xsd="http://www.w3.org/2001/XMLSchema">
	<SOAP-ENV:Body>
		<axl:getCCMVersion xmlns:axl="http://www.cisco.com/AXL/API/10.0" sequence="1">
			
		</axl:getCCMVersion>
	</SOAP-ENV:Body>
</SOAP-ENV:Envelope>


[2019-10-11 10:00:14,263] [INFO] [>RESPONSE] [200]
<?xml version='1.0' encoding='UTF-8'?><soapenv:Envelope xmlns:soapenv="http://schemas.xmlsoap.org/soap/envelope/"><soapenv:Body><ns:getCCMVersionResponse xmlns:ns="http://www.cisco.com/AXL/API/10.0"><return><componentVersion><version>11.5.1.11900(27)</version>
</componentVersion>
</return>
</ns:getCCMVersionResponse>
</soapenv:Body>
</soapenv:Envelope>


[2019-10-11 10:00:44,434] [INFO] [READ>] [https://10.51.51.34:8443/axl/]
<SOAP-ENV:Envelope xmlns:SOAP-ENV="http://schemas.xmlsoap.org/soap/envelope/" xmlns:xsi="http://www.w3.org/2001/XMLSchema-instance" xmlns:xsd="http://www.w3.org/2001/XMLSchema">
	<SOAP-ENV:Body>
		<axl:getCCMVersion xmlns:axl="http://www.cisco.com/AXL/API/10.0" sequence="1">
			
		</axl:getCCMVersion>
	</SOAP-ENV:Body>
</SOAP-ENV:Envelope>


[2019-10-11 10:00:44,454] [INFO] [>RESPONSE] [200]
<?xml version='1.0' encoding='UTF-8'?><soapenv:Envelope xmlns:soapenv="http://schemas.xmlsoap.org/soap/envelope/"><soapenv:Body><ns:getCCMVersionResponse xmlns:ns="http://www.cisco.com/AXL/API/10.0"><return><componentVersion><version>11.5.1.11900(27)</version>
</componentVersion>
</return>
</ns:getCCMVersionResponse>
</soapenv:Body>
</soapenv:Envelope>


[2019-10-11 10:01:14,633] [INFO] [READ>] [https://10.51.51.34:8443/axl/]
<SOAP-ENV:Envelope xmlns:SOAP-ENV="http://schemas.xmlsoap.org/soap/envelope/" xmlns:xsi="http://www.w3.org/2001/XMLSchema-instance" xmlns:xsd="http://www.w3.org/2001/XMLSchema">
	<SOAP-ENV:Body>
		<axl:getCCMVersion xmlns:axl="http://www.cisco.com/AXL/API/10.0" sequence="1">
			
		</axl:getCCMVersion>
	</SOAP-ENV:Body>
</SOAP-ENV:Envelope>


[2019-10-11 10:01:14,650] [INFO] [>RESPONSE] [200]
<?xml version='1.0' encoding='UTF-8'?><soapenv:Envelope xmlns:soapenv="http://schemas.xmlsoap.org/soap/envelope/"><soapenv:Body><ns:getCCMVersionResponse xmlns:ns="http://www.cisco.com/AXL/API/10.0"><return><componentVersion><version>11.5.1.11900(27)</version>
</componentVersion>
</return>
</ns:getCCMVersionResponse>
</soapenv:Body>
</soapenv:Envelope>


[2019-10-11 10:01:44,830] [INFO] [READ>] [https://10.51.51.34:8443/axl/]
<SOAP-ENV:Envelope xmlns:SOAP-ENV="http://schemas.xmlsoap.org/soap/envelope/" xmlns:xsi="http://www.w3.org/2001/XMLSchema-instance" xmlns:xsd="http://www.w3.org/2001/XMLSchema">
	<SOAP-ENV:Body>
		<axl:getCCMVersion xmlns:axl="http://www.cisco.com/AXL/API/10.0" sequence="1">
			
		</axl:getCCMVersion>
	</SOAP-ENV:Body>
</SOAP-ENV:Envelope>


[2019-10-11 10:01:44,847] [INFO] [>RESPONSE] [200]
<?xml version='1.0' encoding='UTF-8'?><soapenv:Envelope xmlns:soapenv="http://schemas.xmlsoap.org/soap/envelope/"><soapenv:Body><ns:getCCMVersionResponse xmlns:ns="http://www.cisco.com/AXL/API/10.0"><return><componentVersion><version>11.5.1.11900(27)</version>
</componentVersion>
</return>
</ns:getCCMVersionResponse>
</soapenv:Body>
</soapenv:Envelope>


[2019-10-11 10:02:15,046] [INFO] [READ>] [https://10.51.51.34:8443/axl/]
<SOAP-ENV:Envelope xmlns:SOAP-ENV="http://schemas.xmlsoap.org/soap/envelope/" xmlns:xsi="http://www.w3.org/2001/XMLSchema-instance" xmlns:xsd="http://www.w3.org/2001/XMLSchema">
	<SOAP-ENV:Body>
		<axl:getCCMVersion xmlns:axl="http://www.cisco.com/AXL/API/10.0" sequence="1">
			
		</axl:getCCMVersion>
	</SOAP-ENV:Body>
</SOAP-ENV:Envelope>


[2019-10-11 10:02:15,065] [INFO] [>RESPONSE] [200]
<?xml version='1.0' encoding='UTF-8'?><soapenv:Envelope xmlns:soapenv="http://schemas.xmlsoap.org/soap/envelope/"><soapenv:Body><ns:getCCMVersionResponse xmlns:ns="http://www.cisco.com/AXL/API/10.0"><return><componentVersion><version>11.5.1.11900(27)</version>
</componentVersion>
</return>
</ns:getCCMVersionResponse>
</soapenv:Body>
</soapenv:Envelope>


