Performance Statistics   2020-08-14 14:09:30 - 2020-08-14 14:10:00
Tag                                                  Avg(ms)         Min         Max     Std Dev       Count
api.non-authenticated.licenses.ok                      370.0         370         370         0.0           1
axl.SOAPRequest.read.ok                                165.3          42         258        90.8           3
axl.initialization.ok                                  264.0         264         264         0.0           1
global.bg.ok                                            85.4           2        1248       300.7          16
global.event_dispatch.ok                                 1.8           0           5         2.2           5
global.prov_ev.andmobile.ok                              0.0           0           0         0.0           2
global.prov_ev.android.ok                                0.0           0           0         0.0           2
global.prov_ev.apps.ok                                   0.0           0           0         0.0           2
global.prov_ev.blacklist.ok                              0.0           0           0         0.0           2
global.prov_ev.calllist.ok                               0.0           0           0         0.0           2
global.prov_ev.callrouting.ok                            0.0           0           0         0.0           2
global.prov_ev.communicator.ok                           0.0           0           0         0.0           2
global.prov_ev.dect.ok                                   0.0           0           0         0.0           2
global.prov_ev.desktop.ok                                0.0           0           0         0.0           2
global.prov_ev.groupacd.ok                               0.0           0           0         0.0           2
global.prov_ev.inout.ok                                  0.0           0           0         0.0           2
global.prov_ev.ldap.ok                                   0.0           0           0         0.0           2
global.prov_ev.lockout.ok                                0.0           0           0         0.0           2
global.prov_ev.mcast.ok                                  0.0           0           0         0.0           2
global.prov_ev.monitoring.ok                             0.0           0           0         0.0           2
global.prov_ev.partner.ok                                0.0           0           0         0.0           2
global.prov_ev.phonemenu.ok                              0.0           0           0         0.0           2
global.prov_ev.provisioning.ok                           0.0           0           0         0.0           2
global.prov_ev.recorder.ok                               0.0           0           0         0.0           2
global.prov_ev.recordermgmt.ok                           0.0           0           0         0.0           2
global.prov_ev.webattendant.ok                           0.0           0           0         0.0           2
global.prov_ev.webclient.ok                              0.0           0           0         0.0           2
partner.initialization.ok                               11.0          11          11         0.0           1
webuser.providerEvent.OK                                 0.0           0           0         0.0           2

Performance Statistics   2020-08-14 14:09:30 - 2020-08-14 14:10:00
Tag                                                  Avg(ms)         Min         Max     Std Dev       Count
callrouting.cache_emailnotify_gc#                        0.0           0           0         0.0           1
global.disk_util#                                        0.0           0           0         0.0           1
global.events.add#                                       0.0           0           0         0.0          12
global.events.dropped#                                   0.0           0           0         0.0           7
global.events.enqueue#                                   0.0           0           0         0.0           5
global.events.queues.APAS-defaultWorker-1~               1.0           1           1         0.0           1
global.events.queues.APAS-defaultWorker-2~               1.0           1           1         0.0           1
global.events.queues.APAS-defaultWorker-3~               1.0           1           1         0.0           1
global.events.queues.APAS-defaultWorker-4~               1.0           1           1         0.0           1
global.events.queues.APAS-defaultWorker-5~               1.0           1           1         0.0           1
global.jtapi.provInServiceEvt#                           0.0           0           0         0.0           1
global.jtapi.provOutServiceEvt#                          0.0           0           0         0.0           1

Performance Statistics   2020-08-14 14:10:00 - 2020-08-14 14:10:30
Tag                                                  Avg(ms)         Min         Max     Std Dev       Count
api.non-authenticated.licenses.ok                       82.0          82          82         0.0           1
api.non-authenticated.server.available.ok                1.0           1           1         0.0           1
global.bg.ok                                             3.0           2           8         1.7          30
global.jtapi.init.andmobile.error                        0.0           0           0         0.0           1
global.jtapi.init.andmobile.ok                           0.0           0           0         0.0           1
global.jtapi.init.android.ok                             0.0           0           0         0.0           1
global.jtapi.init.apps.ok                                0.0           0           0         0.0           1
global.jtapi.init.blacklist.ok                          34.0          34          34         0.0           1
global.jtapi.init.calllist.ok                            0.0           0           0         0.0           1
global.jtapi.init.callrouting.error                      8.0           8           8         0.0           1
global.jtapi.init.callrouting.ok                         8.0           8           8         0.0           1
global.jtapi.init.communicator.error                     1.0           1           1         0.0           1
global.jtapi.init.communicator.ok                        1.0           1           1         0.0           1
global.jtapi.init.dect.ok                                0.0           0           0         0.0           1
global.jtapi.init.desktop.ok                             0.0           0           0         0.0           1
global.jtapi.init.groupacd.ok                            3.0           3           3         0.0           1
global.jtapi.init.inout.ok                               0.0           0           0         0.0           1
global.jtapi.init.ldap.ok                               17.0          17          17         0.0           1
global.jtapi.init.lockout.ok                             0.0           0           0         0.0           1
global.jtapi.init.mcast.ok                               2.0           2           2         0.0           1
global.jtapi.init.monitoring.ok                          0.0           0           0         0.0           1
global.jtapi.init.partner.ok                             2.0           2           2         0.0           1
global.jtapi.init.phonemenu.error                        0.0           0           0         0.0           1
global.jtapi.init.phonemenu.ok                           0.0           0           0         0.0           1
global.jtapi.init.provisioning.ok                        0.0           0           0         0.0           1
global.jtapi.init.recorder.ok                           35.0          35          35         0.0           1
global.jtapi.init.recordermgmt.ok                        0.0           0           0         0.0           1
global.jtapi.init.webattendant.ok                        0.0           0           0         0.0           1
global.jtapi.init.webclient.ok                           0.0           0           0         0.0           1
global.jtapi.initialization.ok                       11231.0       11231       11231         0.0           1

Performance Statistics   2020-08-14 14:10:00 - 2020-08-14 14:10:30
Tag                                                  Avg(ms)         Min         Max     Std Dev       Count
callrouting.cache_emailnotify_gc#                        0.0           0           0         0.0           3
communicator.presence_gc~                              600.0         600         600         0.0           1
global.threads~                                        234.0         234         234         0.0           1

Performance Statistics   2020-08-14 14:10:30 - 2020-08-14 14:11:00
Tag                                                  Avg(ms)         Min         Max     Std Dev       Count
global.bg.ok                                             7.3           2          93        17.7          29
presence.UsersGC.ok                                      0.0           0           0         0.0           1

Performance Statistics   2020-08-14 14:10:30 - 2020-08-14 14:11:00
Tag                                                  Avg(ms)         Min         Max     Std Dev       Count
callrouting.cache_emailnotify_gc#                        0.0           0           0         0.0           2
communicator.presence_gc~                              600.0         600         600         0.0           1

Performance Statistics   2020-08-14 14:11:00 - 2020-08-14 14:11:30
Tag                                                  Avg(ms)         Min         Max     Std Dev       Count
axl.SOAPRequest.read.ok                                 85.5          19         152        66.5           2
global.bg.ok                                             2.7           2           6         1.2          30

Performance Statistics   2020-08-14 14:11:00 - 2020-08-14 14:11:30
Tag                                                  Avg(ms)         Min         Max     Std Dev       Count
callrouting.cache_emailnotify_gc#                        0.0           0           0         0.0           3
communicator.presence_gc~                              600.0         600         600         0.0           1

Performance Statistics   2020-08-14 14:11:30 - 2020-08-14 14:12:00
Tag                                                  Avg(ms)         Min         Max     Std Dev       Count
axl.SOAPRequest.read.ok                                 46.0          46          46         0.0           1
global.bg.ok                                             3.3           2          20         3.4          30
presence.UsersGC.ok                                      0.0           0           0         0.0           1

Performance Statistics   2020-08-14 14:11:30 - 2020-08-14 14:12:00
Tag                                                  Avg(ms)         Min         Max     Std Dev       Count
callrouting.cache_emailnotify_gc#                        0.0           0           0         0.0           3
communicator.presence_gc~                              600.0         600         600         0.0           1

Performance Statistics   2020-08-14 14:12:00 - 2020-08-14 14:12:30
Tag                                                  Avg(ms)         Min         Max     Std Dev       Count
api.non-authenticated.licenses.ok                      112.0         112         112         0.0           1
axl.SOAPRequest.read.ok                                 87.0          35         192        49.3          10
global.bg.ok                                             3.1           2          14         2.3          30
startup.ccmphone.loadAttr.loadExt.ok                   275.0         275         275         0.0           1
startup.ccmphone.loadAttr.loadPhone.ok                 232.0         232         232         0.0           1

Performance Statistics   2020-08-14 14:12:00 - 2020-08-14 14:12:30
Tag                                                  Avg(ms)         Min         Max     Std Dev       Count
callrouting.cache_emailnotify_gc#                        0.0           0           0         0.0           3
communicator.presence_gc~                              600.0         600         600         0.0           1

Performance Statistics   2020-08-14 14:12:30 - 2020-08-14 14:13:00
Tag                                                  Avg(ms)         Min         Max     Std Dev       Count
axl.SOAPRequest.read.ok                                 21.0          21          21         0.0           1
global.bg.ok                                             5.0           2          51         9.2          30
global.event_dispatch.ok                                 5.3           0          49        13.4          12
presence.UsersGC.ok                                      0.0           0           0         0.0           1
rest-api.event.broadcast_terminal.ok                     1.8           0           4         1.8           4

Performance Statistics   2020-08-14 14:12:30 - 2020-08-14 14:13:00
Tag                                                  Avg(ms)         Min         Max     Std Dev       Count
callrouting.cache_emailnotify_gc#                        0.0           0           0         0.0           2
communicator.presence_gc~                              600.0         600         600         0.0           1
global.events.add#                                       0.0           0           0         0.0           9
global.events.dropped#                                   0.0           0           0         0.0           3
global.events.enqueue#                                   0.0           0           0         0.0          12
global.events.queues.APAS-defaultWorker-10~              1.0           1           1         0.0           1
global.events.queues.APAS-defaultWorker-11~              1.0           1           1         0.0           1
global.events.queues.APAS-defaultWorker-12~              1.0           1           1         0.0           1
global.events.queues.APAS-defaultWorker-13~              1.0           1           1         0.0           1
global.events.queues.APAS-defaultWorker-14~              1.0           1           1         0.0           1
global.events.queues.APAS-defaultWorker-15~              1.0           1           1         0.0           1
global.events.queues.APAS-defaultWorker-16~              1.0           1           1         0.0           1
global.events.queues.APAS-defaultWorker-17~              1.0           1           1         0.0           1
global.events.queues.APAS-defaultWorker-6~               1.0           1           1         0.0           1
global.events.queues.APAS-defaultWorker-7~               1.0           1           1         0.0           1
global.events.queues.APAS-defaultWorker-8~               1.0           1           1         0.0           1
global.events.queues.APAS-defaultWorker-9~               1.0           1           1         0.0           1
global.threads~                                        239.0         239         239         0.0           1

Performance Statistics   2020-08-14 14:13:00 - 2020-08-14 14:13:30
Tag                                                  Avg(ms)         Min         Max     Std Dev       Count
axl.SOAPRequest.read.ok                                 21.0          21          21         0.0           1
global.bg.ok                                             2.7           1           5         1.1          30

Performance Statistics   2020-08-14 14:13:00 - 2020-08-14 14:13:30
Tag                                                  Avg(ms)         Min         Max     Std Dev       Count
callrouting.cache_emailnotify_gc#                        0.0           0           0         0.0           3
communicator.presence_gc~                              600.0         600         600         0.0           1
global.events.add#                                       0.0           0           0         0.0           1
global.events.dropped#                                   0.0           0           0         0.0           1

Performance Statistics   2020-08-14 14:13:30 - 2020-08-14 14:14:00
Tag                                                  Avg(ms)         Min         Max     Std Dev       Count
axl.SOAPRequest.read.ok                                 22.0          22          22         0.0           1
global.bg.ok                                             3.4           2          22         3.7          30
presence.UsersGC.ok                                      0.0           0           0         0.0           1

Performance Statistics   2020-08-14 14:13:30 - 2020-08-14 14:14:00
Tag                                                  Avg(ms)         Min         Max     Std Dev       Count
callrouting.cache_emailnotify_gc#                        0.0           0           0         0.0           3
communicator.presence_gc~                              600.0         600         600         0.0           1

Performance Statistics   2020-08-14 14:14:00 - 2020-08-14 14:14:30
Tag                                                  Avg(ms)         Min         Max     Std Dev       Count
callrouting.cache_emailnotify_gc#                        0.0           0           0         0.0           2
communicator.presence_gc~                              600.0         600         600         0.0           1

Performance Statistics   2020-08-14 14:14:00 - 2020-08-14 14:14:30
Tag                                                  Avg(ms)         Min         Max     Std Dev       Count
api.non-authenticated.licenses.ok                       79.0          79          79         0.0           1
axl.SOAPRequest.read.ok                                 59.0          59          59         0.0           1
global.bg.ok                                             2.6           2           5         0.9          30

