[2020-08-14 14:09:38,246] [DEBUG] [springTaskScheduler-1] [JtapiEventProcessorExecutor.java:53] - Provider event executor initialized.
[2020-08-14 14:09:43,468] [INFO] [APAS-bg-thread-directory] [BackgroundThread.java:41] - Directory background process started...
[2020-08-14 14:09:43,572] [DEBUG] [APAS-TimerDaemon] [BroadcasterServiceImpl.java:66] - com.andtek.andphone.mcast2.services.impl.BroadcasterServiceImpl@1fb8c261 : Register SMS broadcaster CISCO_PHONE class com.andtek.andphone.mcast2.cisco.CiscoPhoneSMSBroadcaster
[2020-08-14 14:09:43,572] [DEBUG] [APAS-TimerDaemon] [BroadcasterServiceImpl.java:66] - com.andtek.andphone.mcast2.services.impl.BroadcasterServiceImpl@1fb8c261 : Register SMS broadcaster USER_EMAIL class com.andtek.andphone.mcast2.sms.impl.UserSMSBroadcaster
[2020-08-14 14:09:43,572] [DEBUG] [APAS-TimerDaemon] [BroadcasterServiceImpl.java:66] - com.andtek.andphone.mcast2.services.impl.BroadcasterServiceImpl@1fb8c261 : Register SMS broadcaster TetrapolAddr class com.andtek.andphone.mcast2.tetrapol.sms.TetrapolAddressesSMSBroadcaster
[2020-08-14 14:09:43,572] [DEBUG] [APAS-TimerDaemon] [BroadcasterServiceImpl.java:66] - com.andtek.andphone.mcast2.services.impl.BroadcasterServiceImpl@1fb8c261 : Register SMS broadcaster TTS class com.andtek.andphone.mcast2.tts.TTSSMSBroadcaster
[2020-08-14 14:09:43,579] [DEBUG] [APAS-bg-thread-recorder] [BackgroundThrd.java:58] - Jtapi Thread not yet initialized, no recorder background processing
[2020-08-14 14:09:44,296] [INFO] [APAS-TimerDaemon] [EventQueue.java:81] - EventQueue-DesktopPhoneEventQueue: created
[2020-08-14 14:09:44,474] [DEBUG] [APAS-TimerDaemon] [Module.java:43] - ANDMOBILE: Module constructor called.
[2020-08-14 14:09:44,480] [DEBUG] [APAS-TimerDaemon] [Module.java:35] - Module midlet instance has been created with JTAPI.
[2020-08-14 14:09:44,481] [DEBUG] [APAS-TimerDaemon] [Module.java:38] - Module presence instance has been created with JTAPI.
[2020-08-14 14:09:44,660] [DEBUG] [APAS-TimerDaemon] [Module.java:28] - ANDROID: Module constructor called.
[2020-08-14 14:09:53,585] [DEBUG] [APAS-bg-thread-recorder] [BackgroundThrd.java:58] - Jtapi Thread not yet initialized, no recorder background processing
[2020-08-14 14:09:53,695] [DEBUG] [APAS-TimerDaemon] [Admin.java:507] - initializing InMaintenance debug values
[2020-08-14 14:09:53,696] [DEBUG] [APAS-TimerDaemon] [Admin.java:542] - Resetting InMaintenance
[2020-08-14 14:09:54,559] [DEBUG] [APAS-ServerGroupVerifier] [ServerGroup.java:600] - ServerGroupVerifier for ServerGroup[4,Andguard local,false] started. Check interval: 60
[2020-08-14 14:09:54,559] [DEBUG] [APAS-ServerGroupVerifier] [ServerGroup.java:685] - ServerGroup[4,Andguard local,false]: checkServerAvailability() checking prio 10
[2020-08-14 14:09:54,560] [DEBUG] [APAS-ServerGroupVerifier] [ANDGuardConnector.java:56] - verify connection
[2020-08-14 14:09:54,562] [DEBUG] [APAS-ServerGroupVerifier] [RestCall.java:51] - REST CALL to http://127.0.0.1:8081/andguard/rest/server/available
[2020-08-14 14:09:54,571] [DEBUG] [APAS-ServerGroupVerifier] [ServerGroup.java:600] - ServerGroupVerifier for ServerGroup[1,Default AXL ServerGroup,false] started. Check interval: 60
[2020-08-14 14:09:54,571] [DEBUG] [APAS-ServerGroupVerifier] [ServerGroup.java:685] - ServerGroup[1,Default AXL ServerGroup,false]: checkServerAvailability() checking prio 10
[2020-08-14 14:09:54,571] [DEBUG] [APAS-ServerGroupVerifier] [ServerGroup.java:727] - ServerGroup[1,Default AXL ServerGroup,true]: checkServerAvailability() completed, found 1/1
[2020-08-14 14:09:54,579] [DEBUG] [APAS-ServerGroupVerifier] [ServerGroup.java:600] - ServerGroupVerifier for ServerGroup[2,Default JTAPI ServerGroup,false] started. Check interval: 0
[2020-08-14 14:09:54,579] [DEBUG] [APAS-ServerGroupVerifier] [ServerGroup.java:618] - ServerGroupVerifier for ServerGroup[2,Default JTAPI ServerGroup,false] said: availability verification is disabled for this server group.
[2020-08-14 14:09:54,588] [DEBUG] [APAS-ServerGroupVerifier] [ServerGroup.java:600] - ServerGroupVerifier for ServerGroup[3,Recorder SIP Trunk,false] started. Check interval: 60
[2020-08-14 14:09:54,589] [DEBUG] [APAS-ServerGroupVerifier] [ServerGroup.java:685] - ServerGroup[3,Recorder SIP Trunk,false]: checkServerAvailability() checking prio 10
[2020-08-14 14:09:54,970] [DEBUG] [APAS-ServerGroupVerifier] [SIPServer.java:1537] - Sending keepalive
[2020-08-14 14:09:55,009] [DEBUG] [APAS-ServerGroupVerifier] [SIPServer.java:565] - getResponseWaiter(z9hG4bKcb395078313ce48159068608f8d928b0383832)
[2020-08-14 14:09:55,009] [DEBUG] [APAS-ServerGroupVerifier] [SIPServer.java:572] - getResponseWaiter(z9hG4bKcb395078313ce48159068608f8d928b0383832): added new waiter
[2020-08-14 14:09:55,275] [DEBUG] [APAS-ServerGroupVerifier] [RestCall.java:57] - GET on [http://127.0.0.1:8081/andguard/rest/server/available], status code [200 OK]
[2020-08-14 14:09:55,276] [DEBUG] [APAS-ServerGroupVerifier] [RestCall.java:80] - REST Call to http://127.0.0.1:8081/andguard/rest/server/available, duration: 713 ms
[2020-08-14 14:09:55,276] [DEBUG] [APAS-ServerGroupVerifier] [RestCall.java:82] - got: true
[2020-08-14 14:09:55,276] [DEBUG] [APAS-ServerGroupVerifier] [ServerGroup.java:727] - ServerGroup[4,Andguard local,true]: checkServerAvailability() completed, found 1/1
[2020-08-14 14:10:03,594] [DEBUG] [APAS-bg-thread-recorder] [ModuleDBUtils.java:267] - Table rec_storage_profiles exists
[2020-08-14 14:10:03,610] [DEBUG] [APAS-bg-thread-recorder] [XMLSocket.java:285] - XML_SOCKET::sending XML [<getStatus seq="1" />]
[2020-08-14 14:10:03,617] [DEBUG] [APAS-bg-thread-recorder] [XMLSocket.java:339] - XML_SOCKET::got response [getStatusResponse: null]
[2020-08-14 14:10:03,618] [DEBUG] [APAS-bg-thread-recorder] [RecorderRealtimeStatus.java:41] - getStatus called, status now: OK, last status: DISCONNECTED
[2020-08-14 14:10:03,618] [INFO] [APAS-bg-thread-recorder] [EventLog.java:302] - RECORDER: Sniffer process went back to service.
[2020-08-14 14:10:03,819] [WARN] [APAS-TimerDaemon] [Admin.java:514] - InMaintenance changed from 2 to 0
[2020-08-14 14:10:07,792] [INFO] [APAS-ScanForNewDevicesThread-1] [ScanForNewDevices.java:118] - No SuperProvider capability, cannot scan for new devices.
[2020-08-14 14:10:07,792] [DEBUG] [APAS-ScanForNewDevicesThread-1] [ScanForNewDevices.java:75] - doScanDevices() finished successfully! executionCounter=0
[2020-08-14 14:10:13,862] [DEBUG] [APAS-TimerDaemon] [Module.java:678] - Checking sniffer connection
[2020-08-14 14:10:14,865] [DEBUG] [APAS-TimerDaemon] [TableBaseDao.java:347] - SQL: SELECT * FROM lockout_profiles ORDER BY name -- PARAM: 
[2020-08-14 14:10:26,772] [DEBUG] [APAS-BackgroundThread] [BackgroundThread.java:37] - running backgroundjob for app leoni
[2020-08-14 14:10:26,774] [DEBUG] [APAS-BackgroundThread] [HttpServletRequestWrapper.java:299] - setAttribute(app,com.andtek.andphone.provisioning.project.Project@52cba8b7)
[2020-08-14 14:10:26,774] [DEBUG] [APAS-BackgroundThread] [HttpServletRequestWrapper.java:299] - setAttribute(pageURL,http://10.51.51.122:8080/andphone/provisioning/leoni/background.jsp)
[2020-08-14 14:10:26,774] [DEBUG] [APAS-BackgroundThread] [HttpServletRequestWrapper.java:299] - setAttribute(RealPath,/var/lib/tomcat/webapps/andphone/provisioning/leoni/)
[2020-08-14 14:10:26,796] [DEBUG] [APAS-BackgroundThread] [HttpServletRequestWrapper.java:191] - getAttribute(javax.servlet.include.context_path)
[2020-08-14 14:10:26,797] [DEBUG] [APAS-BackgroundThread] [HttpServletRequestWrapper.java:101] - getContextPath
[2020-08-14 14:10:26,797] [DEBUG] [APAS-BackgroundThread] [HttpServletRequestWrapper.java:191] - getAttribute(org.apache.catalina.core.DISPATCHER_TYPE)
[2020-08-14 14:10:26,797] [DEBUG] [APAS-BackgroundThread] [HttpServletRequestWrapper.java:191] - getAttribute(org.apache.catalina.core.DISPATCHER_REQUEST_PATH)
[2020-08-14 14:10:26,797] [DEBUG] [APAS-BackgroundThread] [HttpServletRequestWrapper.java:101] - getContextPath
[2020-08-14 14:10:26,797] [DEBUG] [APAS-BackgroundThread] [HttpServletRequestWrapper.java:89] - getPathInfo
[2020-08-14 14:10:26,797] [DEBUG] [APAS-BackgroundThread] [HttpServletRequestWrapper.java:107] - getQueryString
[2020-08-14 14:10:26,797] [DEBUG] [APAS-BackgroundThread] [HttpServletRequestWrapper.java:137] - getRequestURI
[2020-08-14 14:10:26,797] [DEBUG] [APAS-BackgroundThread] [HttpServletRequestWrapper.java:149] - getServletPath
[2020-08-14 14:10:26,797] [DEBUG] [APAS-BackgroundThread] [HttpServletRequestWrapper.java:191] - getAttribute(org.apache.catalina.jsp_file)
[2020-08-14 14:10:26,819] [DEBUG] [APAS-BackgroundThread] [HttpServletRequestWrapper.java:83] - getMethod
[2020-08-14 14:10:26,819] [DEBUG] [APAS-BackgroundThread] [HttpServletRequestWrapper.java:155] - getSession(false)
[2020-08-14 14:10:26,820] [DEBUG] [APAS-BackgroundThread] [HttpSessionWrapper.java:24] - getId
[2020-08-14 14:10:26,820] [DEBUG] [APAS-BackgroundThread] [HttpSessionWrapper.java:24] - getId
[2020-08-14 14:10:26,820] [DEBUG] [APAS-BackgroundThread] [background_jsp.java:399] - BACKGROUND JOB: started
[2020-08-14 14:10:26,820] [DEBUG] [APAS-BackgroundThread] [HttpServletRequestWrapper.java:191] - getAttribute(app)
[2020-08-14 14:10:26,820] [DEBUG] [APAS-BackgroundThread] [HttpServletRequestWrapper.java:191] - getAttribute(RealPath)
[2020-08-14 14:10:26,820] [DEBUG] [APAS-BackgroundThread] [background_jsp.java:425] - BACKGROUND JOB: starting phone number synchronization process...
[2020-08-14 14:10:26,824] [DEBUG] [APAS-BackgroundThread] [background_jsp.java:472] - BACKGROUND JOB: dueTime=Fri Aug 14 00:30:00 CEST 2020 [1597357800000]
[2020-08-14 14:10:26,824] [DEBUG] [APAS-BackgroundThread] [background_jsp.java:606] - BACKGROUND JOB: ended
[2020-08-14 14:10:26,824] [DEBUG] [APAS-BackgroundThread] [BackgroundThread.java:37] - running backgroundjob for app wacker
[2020-08-14 14:10:26,824] [DEBUG] [APAS-BackgroundThread] [HttpServletRequestWrapper.java:299] - setAttribute(app,com.andtek.andphone.provisioning.project.Project@7950b055)
[2020-08-14 14:10:26,825] [DEBUG] [APAS-BackgroundThread] [HttpServletRequestWrapper.java:299] - setAttribute(pageURL,http://10.51.51.122:8080/andphone/provisioning/wacker/background.jsp)
[2020-08-14 14:10:26,825] [DEBUG] [APAS-BackgroundThread] [HttpServletRequestWrapper.java:299] - setAttribute(RealPath,/var/lib/tomcat/webapps/andphone/provisioning/wacker/)
[2020-08-14 14:10:26,825] [DEBUG] [APAS-BackgroundThread] [HttpServletRequestWrapper.java:191] - getAttribute(javax.servlet.include.context_path)
[2020-08-14 14:10:26,825] [DEBUG] [APAS-BackgroundThread] [HttpServletRequestWrapper.java:101] - getContextPath
[2020-08-14 14:10:26,825] [DEBUG] [APAS-BackgroundThread] [HttpServletRequestWrapper.java:191] - getAttribute(org.apache.catalina.core.DISPATCHER_TYPE)
[2020-08-14 14:10:26,825] [DEBUG] [APAS-BackgroundThread] [HttpServletRequestWrapper.java:191] - getAttribute(org.apache.catalina.core.DISPATCHER_REQUEST_PATH)
[2020-08-14 14:10:26,825] [DEBUG] [APAS-BackgroundThread] [HttpServletRequestWrapper.java:101] - getContextPath
[2020-08-14 14:10:26,825] [DEBUG] [APAS-BackgroundThread] [HttpServletRequestWrapper.java:89] - getPathInfo
[2020-08-14 14:10:26,825] [DEBUG] [APAS-BackgroundThread] [HttpServletRequestWrapper.java:107] - getQueryString
[2020-08-14 14:10:26,825] [DEBUG] [APAS-BackgroundThread] [HttpServletRequestWrapper.java:137] - getRequestURI
[2020-08-14 14:10:26,825] [DEBUG] [APAS-BackgroundThread] [HttpServletRequestWrapper.java:149] - getServletPath
[2020-08-14 14:10:26,825] [DEBUG] [APAS-BackgroundThread] [HttpServletRequestWrapper.java:191] - getAttribute(org.apache.catalina.jsp_file)
[2020-08-14 14:10:26,861] [DEBUG] [APAS-BackgroundThread] [HttpServletRequestWrapper.java:83] - getMethod
[2020-08-14 14:10:26,861] [DEBUG] [APAS-BackgroundThread] [HttpServletRequestWrapper.java:155] - getSession(false)
[2020-08-14 14:10:26,861] [DEBUG] [APAS-BackgroundThread] [HttpSessionWrapper.java:24] - getId
[2020-08-14 14:10:26,861] [DEBUG] [APAS-BackgroundThread] [background_jsp.java:272] - BACKGROUND JOB: started
[2020-08-14 14:10:26,861] [DEBUG] [APAS-BackgroundThread] [HttpServletRequestWrapper.java:191] - getAttribute(app)
[2020-08-14 14:10:26,861] [DEBUG] [APAS-BackgroundThread] [HttpServletRequestWrapper.java:191] - getAttribute(RealPath)
[2020-08-14 14:10:26,862] [DEBUG] [APAS-BackgroundThread] [background_jsp.java:528] - BACKGROUND JOB: ended
[2020-08-14 14:10:26,862] [DEBUG] [APAS-BackgroundThread] [BackgroundThread.java:37] - running backgroundjob for app verlag
[2020-08-14 14:10:26,862] [DEBUG] [APAS-BackgroundThread] [HttpServletRequestWrapper.java:299] - setAttribute(app,com.andtek.andphone.provisioning.project.Project@5818f1d8)
[2020-08-14 14:10:26,862] [DEBUG] [APAS-BackgroundThread] [HttpServletRequestWrapper.java:299] - setAttribute(pageURL,http://10.51.51.122:8080/andphone/provisioning/verlag/background.jsp)
[2020-08-14 14:10:26,862] [DEBUG] [APAS-BackgroundThread] [HttpServletRequestWrapper.java:299] - setAttribute(RealPath,/var/lib/tomcat/webapps/andphone/provisioning/verlag/)
[2020-08-14 14:10:26,862] [DEBUG] [APAS-BackgroundThread] [HttpServletRequestWrapper.java:191] - getAttribute(javax.servlet.include.context_path)
[2020-08-14 14:10:26,862] [DEBUG] [APAS-BackgroundThread] [HttpServletRequestWrapper.java:101] - getContextPath
[2020-08-14 14:10:26,862] [DEBUG] [APAS-BackgroundThread] [HttpServletRequestWrapper.java:191] - getAttribute(org.apache.catalina.core.DISPATCHER_TYPE)
[2020-08-14 14:10:26,862] [DEBUG] [APAS-BackgroundThread] [HttpServletRequestWrapper.java:191] - getAttribute(org.apache.catalina.core.DISPATCHER_REQUEST_PATH)
[2020-08-14 14:10:26,862] [DEBUG] [APAS-BackgroundThread] [HttpServletRequestWrapper.java:101] - getContextPath
[2020-08-14 14:10:26,862] [DEBUG] [APAS-BackgroundThread] [HttpServletRequestWrapper.java:89] - getPathInfo
[2020-08-14 14:10:26,862] [DEBUG] [APAS-BackgroundThread] [HttpServletRequestWrapper.java:107] - getQueryString
[2020-08-14 14:10:26,862] [DEBUG] [APAS-BackgroundThread] [HttpServletRequestWrapper.java:137] - getRequestURI
[2020-08-14 14:10:26,863] [DEBUG] [APAS-BackgroundThread] [HttpServletRequestWrapper.java:149] - getServletPath
[2020-08-14 14:10:26,863] [DEBUG] [APAS-BackgroundThread] [HttpServletRequestWrapper.java:191] - getAttribute(org.apache.catalina.jsp_file)
[2020-08-14 14:10:26,909] [DEBUG] [APAS-BackgroundThread] [HttpServletRequestWrapper.java:83] - getMethod
[2020-08-14 14:10:26,910] [DEBUG] [APAS-BackgroundThread] [HttpServletRequestWrapper.java:155] - getSession(false)
[2020-08-14 14:10:26,910] [DEBUG] [APAS-BackgroundThread] [HttpSessionWrapper.java:24] - getId
[2020-08-14 14:10:26,910] [DEBUG] [APAS-BackgroundThread] [background_jsp.java:1037] - BACKGROUND JOB: started
[2020-08-14 14:10:26,910] [DEBUG] [APAS-BackgroundThread] [HttpServletRequestWrapper.java:191] - getAttribute(app)
[2020-08-14 14:10:26,910] [DEBUG] [APAS-BackgroundThread] [HttpServletRequestWrapper.java:191] - getAttribute(RealPath)
[2020-08-14 14:10:26,910] [DEBUG] [APAS-BackgroundThread] [background_jsp.java:1063] - BACKGROUND JOB: starting phone number synchronization process...
[2020-08-14 14:10:26,911] [DEBUG] [APAS-BackgroundThread] [background_jsp.java:1110] - BACKGROUND JOB: dueTime=Fri Aug 14 00:30:00 CEST 2020 [1597357800000]
[2020-08-14 14:10:26,911] [DEBUG] [APAS-BackgroundThread] [background_jsp.java:1244] - BACKGROUND JOB: ended
[2020-08-14 14:10:37,793] [INFO] [APAS-ScanForNewDevicesThread-1] [ScanForNewDevices.java:118] - No SuperProvider capability, cannot scan for new devices.
[2020-08-14 14:10:37,793] [DEBUG] [APAS-ScanForNewDevicesThread-1] [ScanForNewDevices.java:75] - doScanDevices() finished successfully! executionCounter=0
[2020-08-14 14:10:38,431] [INFO] [springTaskScheduler-1] [ProvisioningSyncTask.java:71] - ProvSyncTask: Starting sync process for provisioning projects.
[2020-08-14 14:10:38,431] [DEBUG] [springTaskScheduler-1] [WackerPhoneNumberMgmtServiceImpl.java:54] - Log PhoneNumberMgmt - sync() method called.
[2020-08-14 14:10:38,431] [DEBUG] [springTaskScheduler-1] [WackerLdapPhoneNumberCacheServiceImpl.java:39] - Log PhoneNumberMgmt - Run sync for LDAP user-phone numbers...
[2020-08-14 14:10:38,432] [ERROR] [springTaskScheduler-1] [WackerPhoneNumberMgmtServiceImpl.java:59] - Log PhoneNumberMgmt - LDAP sync faild! Project : com.andtek.andphone.provisioning.project.Project@7950b055
java.lang.NullPointerException
	at com.andtek.andphone.provisioning.project.utils.wacker.cacheimpl.WackerLdapPhoneNumberCacheServiceImpl.runSync(WackerLdapPhoneNumberCacheServiceImpl.java:109) ~[classes/:?]
	at com.andtek.andphone.provisioning.project.utils.wacker.cacheimpl.WackerPhoneNumberMgmtServiceImpl.sync(WackerPhoneNumberMgmtServiceImpl.java:57) [classes/:?]
	at com.andtek.andphone.provisioning.project.task.ProvisioningSyncTask.executeTask(ProvisioningSyncTask.java:82) [classes/:?]
	at sun.reflect.NativeMethodAccessorImpl.invoke0(Native Method) ~[?:1.8.0_144]
	at sun.reflect.NativeMethodAccessorImpl.invoke(NativeMethodAccessorImpl.java:62) ~[?:1.8.0_144]
	at sun.reflect.DelegatingMethodAccessorImpl.invoke(DelegatingMethodAccessorImpl.java:43) ~[?:1.8.0_144]
	at java.lang.reflect.Method.invoke(Method.java:498) ~[?:1.8.0_144]
	at org.springframework.scheduling.support.ScheduledMethodRunnable.run(ScheduledMethodRunnable.java:84) [spring-context-5.2.5.RELEASE.jar:5.2.5.RELEASE]
	at org.springframework.scheduling.support.DelegatingErrorHandlingRunnable.run(DelegatingErrorHandlingRunnable.java:54) [spring-context-5.2.5.RELEASE.jar:5.2.5.RELEASE]
	at java.util.concurrent.Executors$RunnableAdapter.call(Executors.java:511) [?:1.8.0_144]
	at java.util.concurrent.FutureTask.runAndReset(FutureTask.java:308) [?:1.8.0_144]
	at java.util.concurrent.ScheduledThreadPoolExecutor$ScheduledFutureTask.access$301(ScheduledThreadPoolExecutor.java:180) [?:1.8.0_144]
	at java.util.concurrent.ScheduledThreadPoolExecutor$ScheduledFutureTask.run(ScheduledThreadPoolExecutor.java:294) [?:1.8.0_144]
	at java.util.concurrent.ThreadPoolExecutor.runWorker(ThreadPoolExecutor.java:1149) [?:1.8.0_144]
	at java.util.concurrent.ThreadPoolExecutor$Worker.run(ThreadPoolExecutor.java:624) [?:1.8.0_144]
	at java.lang.Thread.run(Thread.java:748) [?:1.8.0_144]
[2020-08-14 14:10:38,432] [WARN] [springTaskScheduler-1] [WackerCucmPhoneNumberCacheServiceImpl.java:63] - Log PhoneNumberMgmt - Run sync failed for CUCM phone numbers - input location list is null or empty!
[2020-08-14 14:10:38,433] [INFO] [springTaskScheduler-1] [ProvisioningSyncTask.java:111] - ProvSyncTask: Finished sync process for provisioning projects.
[2020-08-14 14:10:44,099] [DEBUG] [APAS-TimerDaemon] [DirectoryXmlService.java:2514] - runLdapInternalCacheGC(): starting garbage collector for directory search cache...
[2020-08-14 14:10:44,100] [DEBUG] [APAS-TimerDaemon] [Module.java:956] - Starting refreshAllDynamicMembers()... canRunRefreshDynamicMembers: true
[2020-08-14 14:10:44,100] [DEBUG] [APAS-TimerDaemon] [Module.java:1004] - refreshAllDynamicMembers()
[2020-08-14 14:10:44,101] [DEBUG] [APAS-TimerDaemon] [Module.java:678] - Checking sniffer connection
[2020-08-14 14:10:46,112] [DEBUG] [APAS-TimerDaemon] [TableBaseDao.java:347] - SQL: SELECT * FROM lockout_profiles ORDER BY name -- PARAM: 
[2020-08-14 14:10:54,571] [DEBUG] [APAS-ServerGroupVerifier] [ServerGroup.java:685] - ServerGroup[1,Default AXL ServerGroup,true]: checkServerAvailability() checking prio 10
[2020-08-14 14:10:54,572] [DEBUG] [APAS-ServerGroupVerifier] [ServerGroup.java:727] - ServerGroup[1,Default AXL ServerGroup,true]: checkServerAvailability() completed, found 1/1
[2020-08-14 14:10:54,579] [DEBUG] [APAS-ServerGroupVerifier] [ServerGroup.java:618] - ServerGroupVerifier for ServerGroup[2,Default JTAPI ServerGroup,false] said: availability verification is disabled for this server group.
[2020-08-14 14:10:55,277] [DEBUG] [APAS-ServerGroupVerifier] [ServerGroup.java:685] - ServerGroup[4,Andguard local,true]: checkServerAvailability() checking prio 10
[2020-08-14 14:10:55,277] [DEBUG] [APAS-ServerGroupVerifier] [ServerGroup.java:727] - ServerGroup[4,Andguard local,true]: checkServerAvailability() completed, found 1/1
[2020-08-14 14:10:57,931] [DEBUG] [APAS-BackgroundThread] [BackgroundThread.java:37] - running backgroundjob for app leoni
[2020-08-14 14:10:57,932] [DEBUG] [APAS-BackgroundThread] [HttpServletRequestWrapper.java:299] - setAttribute(app,com.andtek.andphone.provisioning.project.Project@52cba8b7)
[2020-08-14 14:10:57,932] [DEBUG] [APAS-BackgroundThread] [HttpServletRequestWrapper.java:299] - setAttribute(pageURL,http://10.51.51.122:8080/andphone/provisioning/leoni/background.jsp)
[2020-08-14 14:10:57,932] [DEBUG] [APAS-BackgroundThread] [HttpServletRequestWrapper.java:299] - setAttribute(RealPath,/var/lib/tomcat/webapps/andphone/provisioning/leoni/)
[2020-08-14 14:10:57,932] [DEBUG] [APAS-BackgroundThread] [HttpServletRequestWrapper.java:191] - getAttribute(javax.servlet.include.context_path)
[2020-08-14 14:10:57,932] [DEBUG] [APAS-BackgroundThread] [HttpServletRequestWrapper.java:101] - getContextPath
[2020-08-14 14:10:57,932] [DEBUG] [APAS-BackgroundThread] [HttpServletRequestWrapper.java:191] - getAttribute(org.apache.catalina.core.DISPATCHER_TYPE)
[2020-08-14 14:10:57,932] [DEBUG] [APAS-BackgroundThread] [HttpServletRequestWrapper.java:191] - getAttribute(org.apache.catalina.core.DISPATCHER_REQUEST_PATH)
[2020-08-14 14:10:57,932] [DEBUG] [APAS-BackgroundThread] [HttpServletRequestWrapper.java:101] - getContextPath
[2020-08-14 14:10:57,933] [DEBUG] [APAS-BackgroundThread] [HttpServletRequestWrapper.java:89] - getPathInfo
[2020-08-14 14:10:57,933] [DEBUG] [APAS-BackgroundThread] [HttpServletRequestWrapper.java:107] - getQueryString
[2020-08-14 14:10:57,933] [DEBUG] [APAS-BackgroundThread] [HttpServletRequestWrapper.java:137] - getRequestURI
[2020-08-14 14:10:57,933] [DEBUG] [APAS-BackgroundThread] [HttpServletRequestWrapper.java:149] - getServletPath
[2020-08-14 14:10:57,933] [DEBUG] [APAS-BackgroundThread] [HttpServletRequestWrapper.java:191] - getAttribute(org.apache.catalina.jsp_file)
[2020-08-14 14:10:57,933] [DEBUG] [APAS-BackgroundThread] [HttpServletRequestWrapper.java:83] - getMethod
[2020-08-14 14:10:57,933] [DEBUG] [APAS-BackgroundThread] [HttpServletRequestWrapper.java:155] - getSession(false)
[2020-08-14 14:10:57,934] [DEBUG] [APAS-BackgroundThread] [HttpSessionWrapper.java:24] - getId
[2020-08-14 14:10:57,934] [DEBUG] [APAS-BackgroundThread] [background_jsp.java:399] - BACKGROUND JOB: started
[2020-08-14 14:10:57,934] [DEBUG] [APAS-BackgroundThread] [HttpServletRequestWrapper.java:191] - getAttribute(app)
[2020-08-14 14:10:57,934] [DEBUG] [APAS-BackgroundThread] [HttpServletRequestWrapper.java:191] - getAttribute(RealPath)
[2020-08-14 14:10:57,934] [DEBUG] [APAS-BackgroundThread] [background_jsp.java:425] - BACKGROUND JOB: starting phone number synchronization process...
[2020-08-14 14:10:57,934] [DEBUG] [APAS-BackgroundThread] [background_jsp.java:472] - BACKGROUND JOB: dueTime=Fri Aug 14 00:30:00 CEST 2020 [1597357800000]
[2020-08-14 14:10:57,934] [DEBUG] [APAS-BackgroundThread] [background_jsp.java:606] - BACKGROUND JOB: ended
[2020-08-14 14:10:57,934] [DEBUG] [APAS-BackgroundThread] [BackgroundThread.java:37] - running backgroundjob for app wacker
[2020-08-14 14:10:57,934] [DEBUG] [APAS-BackgroundThread] [HttpServletRequestWrapper.java:299] - setAttribute(app,com.andtek.andphone.provisioning.project.Project@7950b055)
[2020-08-14 14:10:57,934] [DEBUG] [APAS-BackgroundThread] [HttpServletRequestWrapper.java:299] - setAttribute(pageURL,http://10.51.51.122:8080/andphone/provisioning/wacker/background.jsp)
[2020-08-14 14:10:57,934] [DEBUG] [APAS-BackgroundThread] [HttpServletRequestWrapper.java:299] - setAttribute(RealPath,/var/lib/tomcat/webapps/andphone/provisioning/wacker/)
[2020-08-14 14:10:57,935] [DEBUG] [APAS-BackgroundThread] [HttpServletRequestWrapper.java:191] - getAttribute(javax.servlet.include.context_path)
[2020-08-14 14:10:57,935] [DEBUG] [APAS-BackgroundThread] [HttpServletRequestWrapper.java:101] - getContextPath
[2020-08-14 14:10:57,935] [DEBUG] [APAS-BackgroundThread] [HttpServletRequestWrapper.java:191] - getAttribute(org.apache.catalina.core.DISPATCHER_TYPE)
[2020-08-14 14:10:57,935] [DEBUG] [APAS-BackgroundThread] [HttpServletRequestWrapper.java:191] - getAttribute(org.apache.catalina.core.DISPATCHER_REQUEST_PATH)
[2020-08-14 14:10:57,935] [DEBUG] [APAS-BackgroundThread] [HttpServletRequestWrapper.java:101] - getContextPath
[2020-08-14 14:10:57,935] [DEBUG] [APAS-BackgroundThread] [HttpServletRequestWrapper.java:89] - getPathInfo
[2020-08-14 14:10:57,935] [DEBUG] [APAS-BackgroundThread] [HttpServletRequestWrapper.java:107] - getQueryString
[2020-08-14 14:10:57,935] [DEBUG] [APAS-BackgroundThread] [HttpServletRequestWrapper.java:137] - getRequestURI
[2020-08-14 14:10:57,935] [DEBUG] [APAS-BackgroundThread] [HttpServletRequestWrapper.java:149] - getServletPath
[2020-08-14 14:10:57,935] [DEBUG] [APAS-BackgroundThread] [HttpServletRequestWrapper.java:191] - getAttribute(org.apache.catalina.jsp_file)
[2020-08-14 14:10:57,935] [DEBUG] [APAS-BackgroundThread] [HttpServletRequestWrapper.java:83] - getMethod
[2020-08-14 14:10:57,935] [DEBUG] [APAS-BackgroundThread] [HttpServletRequestWrapper.java:155] - getSession(false)
[2020-08-14 14:10:57,935] [DEBUG] [APAS-BackgroundThread] [HttpSessionWrapper.java:24] - getId
[2020-08-14 14:10:57,936] [DEBUG] [APAS-BackgroundThread] [background_jsp.java:272] - BACKGROUND JOB: started
[2020-08-14 14:10:57,936] [DEBUG] [APAS-BackgroundThread] [HttpServletRequestWrapper.java:191] - getAttribute(app)
[2020-08-14 14:10:57,936] [DEBUG] [APAS-BackgroundThread] [HttpServletRequestWrapper.java:191] - getAttribute(RealPath)
[2020-08-14 14:10:57,936] [DEBUG] [APAS-BackgroundThread] [background_jsp.java:528] - BACKGROUND JOB: ended
[2020-08-14 14:10:57,936] [DEBUG] [APAS-BackgroundThread] [BackgroundThread.java:37] - running backgroundjob for app verlag
[2020-08-14 14:10:57,936] [DEBUG] [APAS-BackgroundThread] [HttpServletRequestWrapper.java:299] - setAttribute(app,com.andtek.andphone.provisioning.project.Project@5818f1d8)
[2020-08-14 14:10:57,936] [DEBUG] [APAS-BackgroundThread] [HttpServletRequestWrapper.java:299] - setAttribute(pageURL,http://10.51.51.122:8080/andphone/provisioning/verlag/background.jsp)
[2020-08-14 14:10:57,936] [DEBUG] [APAS-BackgroundThread] [HttpServletRequestWrapper.java:299] - setAttribute(RealPath,/var/lib/tomcat/webapps/andphone/provisioning/verlag/)
[2020-08-14 14:10:57,936] [DEBUG] [APAS-BackgroundThread] [HttpServletRequestWrapper.java:191] - getAttribute(javax.servlet.include.context_path)
[2020-08-14 14:10:57,936] [DEBUG] [APAS-BackgroundThread] [HttpServletRequestWrapper.java:101] - getContextPath
[2020-08-14 14:10:57,936] [DEBUG] [APAS-BackgroundThread] [HttpServletRequestWrapper.java:191] - getAttribute(org.apache.catalina.core.DISPATCHER_TYPE)
[2020-08-14 14:10:57,936] [DEBUG] [APAS-BackgroundThread] [HttpServletRequestWrapper.java:191] - getAttribute(org.apache.catalina.core.DISPATCHER_REQUEST_PATH)
[2020-08-14 14:10:57,936] [DEBUG] [APAS-BackgroundThread] [HttpServletRequestWrapper.java:101] - getContextPath
[2020-08-14 14:10:57,936] [DEBUG] [APAS-BackgroundThread] [HttpServletRequestWrapper.java:89] - getPathInfo
[2020-08-14 14:10:57,936] [DEBUG] [APAS-BackgroundThread] [HttpServletRequestWrapper.java:107] - getQueryString
[2020-08-14 14:10:57,937] [DEBUG] [APAS-BackgroundThread] [HttpServletRequestWrapper.java:137] - getRequestURI
[2020-08-14 14:10:57,937] [DEBUG] [APAS-BackgroundThread] [HttpServletRequestWrapper.java:149] - getServletPath
[2020-08-14 14:10:57,937] [DEBUG] [APAS-BackgroundThread] [HttpServletRequestWrapper.java:191] - getAttribute(org.apache.catalina.jsp_file)
[2020-08-14 14:10:57,937] [DEBUG] [APAS-BackgroundThread] [HttpServletRequestWrapper.java:83] - getMethod
[2020-08-14 14:10:57,937] [DEBUG] [APAS-BackgroundThread] [HttpServletRequestWrapper.java:155] - getSession(false)
[2020-08-14 14:10:57,937] [DEBUG] [APAS-BackgroundThread] [HttpSessionWrapper.java:24] - getId
[2020-08-14 14:10:57,937] [DEBUG] [APAS-BackgroundThread] [background_jsp.java:1037] - BACKGROUND JOB: started
[2020-08-14 14:10:57,937] [DEBUG] [APAS-BackgroundThread] [HttpServletRequestWrapper.java:191] - getAttribute(app)
[2020-08-14 14:10:57,937] [DEBUG] [APAS-BackgroundThread] [HttpServletRequestWrapper.java:191] - getAttribute(RealPath)
[2020-08-14 14:10:57,937] [DEBUG] [APAS-BackgroundThread] [background_jsp.java:1063] - BACKGROUND JOB: starting phone number synchronization process...
[2020-08-14 14:10:57,938] [DEBUG] [APAS-BackgroundThread] [background_jsp.java:1110] - BACKGROUND JOB: dueTime=Fri Aug 14 00:30:00 CEST 2020 [1597357800000]
[2020-08-14 14:10:57,938] [DEBUG] [APAS-BackgroundThread] [background_jsp.java:1244] - BACKGROUND JOB: ended
[2020-08-14 14:11:03,690] [DEBUG] [APAS-bg-thread-recorder] [XMLSocket.java:285] - XML_SOCKET::sending XML [<getStatus seq="4" />]
[2020-08-14 14:11:03,692] [DEBUG] [APAS-bg-thread-recorder] [XMLSocket.java:339] - XML_SOCKET::got response [getStatusResponse: null]
[2020-08-14 14:11:03,692] [DEBUG] [APAS-bg-thread-recorder] [RecorderRealtimeStatus.java:41] - getStatus called, status now: OK, last status: OK
[2020-08-14 14:11:07,793] [INFO] [APAS-ScanForNewDevicesThread-1] [ScanForNewDevices.java:118] - No SuperProvider capability, cannot scan for new devices.
[2020-08-14 14:11:07,793] [DEBUG] [APAS-ScanForNewDevicesThread-1] [ScanForNewDevices.java:75] - doScanDevices() finished successfully! executionCounter=0
[2020-08-14 14:11:14,201] [DEBUG] [APAS-TimerDaemon] [Module.java:678] - Checking sniffer connection
[2020-08-14 14:11:17,211] [DEBUG] [APAS-TimerDaemon] [TableBaseDao.java:347] - SQL: SELECT * FROM lockout_profiles ORDER BY name -- PARAM: 
[2020-08-14 14:11:28,958] [DEBUG] [APAS-BackgroundThread] [BackgroundThread.java:37] - running backgroundjob for app leoni
[2020-08-14 14:11:28,958] [DEBUG] [APAS-BackgroundThread] [HttpServletRequestWrapper.java:299] - setAttribute(app,com.andtek.andphone.provisioning.project.Project@52cba8b7)
[2020-08-14 14:11:28,958] [DEBUG] [APAS-BackgroundThread] [HttpServletRequestWrapper.java:299] - setAttribute(pageURL,http://10.51.51.122:8080/andphone/provisioning/leoni/background.jsp)
[2020-08-14 14:11:28,958] [DEBUG] [APAS-BackgroundThread] [HttpServletRequestWrapper.java:299] - setAttribute(RealPath,/var/lib/tomcat/webapps/andphone/provisioning/leoni/)
[2020-08-14 14:11:28,958] [DEBUG] [APAS-BackgroundThread] [HttpServletRequestWrapper.java:191] - getAttribute(javax.servlet.include.context_path)
[2020-08-14 14:11:28,959] [DEBUG] [APAS-BackgroundThread] [HttpServletRequestWrapper.java:101] - getContextPath
[2020-08-14 14:11:28,959] [DEBUG] [APAS-BackgroundThread] [HttpServletRequestWrapper.java:191] - getAttribute(org.apache.catalina.core.DISPATCHER_TYPE)
[2020-08-14 14:11:28,959] [DEBUG] [APAS-BackgroundThread] [HttpServletRequestWrapper.java:191] - getAttribute(org.apache.catalina.core.DISPATCHER_REQUEST_PATH)
[2020-08-14 14:11:28,959] [DEBUG] [APAS-BackgroundThread] [HttpServletRequestWrapper.java:101] - getContextPath
[2020-08-14 14:11:28,959] [DEBUG] [APAS-BackgroundThread] [HttpServletRequestWrapper.java:89] - getPathInfo
[2020-08-14 14:11:28,959] [DEBUG] [APAS-BackgroundThread] [HttpServletRequestWrapper.java:107] - getQueryString
[2020-08-14 14:11:28,959] [DEBUG] [APAS-BackgroundThread] [HttpServletRequestWrapper.java:137] - getRequestURI
[2020-08-14 14:11:28,959] [DEBUG] [APAS-BackgroundThread] [HttpServletRequestWrapper.java:149] - getServletPath
[2020-08-14 14:11:28,959] [DEBUG] [APAS-BackgroundThread] [HttpServletRequestWrapper.java:191] - getAttribute(org.apache.catalina.jsp_file)
[2020-08-14 14:11:28,959] [DEBUG] [APAS-BackgroundThread] [HttpServletRequestWrapper.java:83] - getMethod
[2020-08-14 14:11:28,960] [DEBUG] [APAS-BackgroundThread] [HttpServletRequestWrapper.java:155] - getSession(false)
[2020-08-14 14:11:28,960] [DEBUG] [APAS-BackgroundThread] [HttpSessionWrapper.java:24] - getId
[2020-08-14 14:11:28,960] [DEBUG] [APAS-BackgroundThread] [background_jsp.java:399] - BACKGROUND JOB: started
[2020-08-14 14:11:28,960] [DEBUG] [APAS-BackgroundThread] [HttpServletRequestWrapper.java:191] - getAttribute(app)
[2020-08-14 14:11:28,960] [DEBUG] [APAS-BackgroundThread] [HttpServletRequestWrapper.java:191] - getAttribute(RealPath)
[2020-08-14 14:11:28,960] [DEBUG] [APAS-BackgroundThread] [background_jsp.java:425] - BACKGROUND JOB: starting phone number synchronization process...
[2020-08-14 14:11:28,960] [DEBUG] [APAS-BackgroundThread] [background_jsp.java:472] - BACKGROUND JOB: dueTime=Fri Aug 14 00:30:00 CEST 2020 [1597357800000]
[2020-08-14 14:11:28,960] [DEBUG] [APAS-BackgroundThread] [background_jsp.java:606] - BACKGROUND JOB: ended
[2020-08-14 14:11:28,960] [DEBUG] [APAS-BackgroundThread] [BackgroundThread.java:37] - running backgroundjob for app wacker
[2020-08-14 14:11:28,960] [DEBUG] [APAS-BackgroundThread] [HttpServletRequestWrapper.java:299] - setAttribute(app,com.andtek.andphone.provisioning.project.Project@7950b055)
[2020-08-14 14:11:28,961] [DEBUG] [APAS-BackgroundThread] [HttpServletRequestWrapper.java:299] - setAttribute(pageURL,http://10.51.51.122:8080/andphone/provisioning/wacker/background.jsp)
[2020-08-14 14:11:28,961] [DEBUG] [APAS-BackgroundThread] [HttpServletRequestWrapper.java:299] - setAttribute(RealPath,/var/lib/tomcat/webapps/andphone/provisioning/wacker/)
[2020-08-14 14:11:28,961] [DEBUG] [APAS-BackgroundThread] [HttpServletRequestWrapper.java:191] - getAttribute(javax.servlet.include.context_path)
[2020-08-14 14:11:28,961] [DEBUG] [APAS-BackgroundThread] [HttpServletRequestWrapper.java:101] - getContextPath
[2020-08-14 14:11:28,961] [DEBUG] [APAS-BackgroundThread] [HttpServletRequestWrapper.java:191] - getAttribute(org.apache.catalina.core.DISPATCHER_TYPE)
[2020-08-14 14:11:28,961] [DEBUG] [APAS-BackgroundThread] [HttpServletRequestWrapper.java:191] - getAttribute(org.apache.catalina.core.DISPATCHER_REQUEST_PATH)
[2020-08-14 14:11:28,961] [DEBUG] [APAS-BackgroundThread] [HttpServletRequestWrapper.java:101] - getContextPath
[2020-08-14 14:11:28,961] [DEBUG] [APAS-BackgroundThread] [HttpServletRequestWrapper.java:89] - getPathInfo
[2020-08-14 14:11:28,961] [DEBUG] [APAS-BackgroundThread] [HttpServletRequestWrapper.java:107] - getQueryString
[2020-08-14 14:11:28,961] [DEBUG] [APAS-BackgroundThread] [HttpServletRequestWrapper.java:137] - getRequestURI
[2020-08-14 14:11:28,961] [DEBUG] [APAS-BackgroundThread] [HttpServletRequestWrapper.java:149] - getServletPath
[2020-08-14 14:11:28,961] [DEBUG] [APAS-BackgroundThread] [HttpServletRequestWrapper.java:191] - getAttribute(org.apache.catalina.jsp_file)
[2020-08-14 14:11:28,961] [DEBUG] [APAS-BackgroundThread] [HttpServletRequestWrapper.java:83] - getMethod
[2020-08-14 14:11:28,961] [DEBUG] [APAS-BackgroundThread] [HttpServletRequestWrapper.java:155] - getSession(false)
[2020-08-14 14:11:28,962] [DEBUG] [APAS-BackgroundThread] [HttpSessionWrapper.java:24] - getId
[2020-08-14 14:11:28,962] [DEBUG] [APAS-BackgroundThread] [background_jsp.java:272] - BACKGROUND JOB: started
[2020-08-14 14:11:28,962] [DEBUG] [APAS-BackgroundThread] [HttpServletRequestWrapper.java:191] - getAttribute(app)
[2020-08-14 14:11:28,962] [DEBUG] [APAS-BackgroundThread] [HttpServletRequestWrapper.java:191] - getAttribute(RealPath)
[2020-08-14 14:11:28,962] [DEBUG] [APAS-BackgroundThread] [background_jsp.java:528] - BACKGROUND JOB: ended
[2020-08-14 14:11:28,962] [DEBUG] [APAS-BackgroundThread] [BackgroundThread.java:37] - running backgroundjob for app verlag
[2020-08-14 14:11:28,962] [DEBUG] [APAS-BackgroundThread] [HttpServletRequestWrapper.java:299] - setAttribute(app,com.andtek.andphone.provisioning.project.Project@5818f1d8)
[2020-08-14 14:11:28,962] [DEBUG] [APAS-BackgroundThread] [HttpServletRequestWrapper.java:299] - setAttribute(pageURL,http://10.51.51.122:8080/andphone/provisioning/verlag/background.jsp)
[2020-08-14 14:11:28,962] [DEBUG] [APAS-BackgroundThread] [HttpServletRequestWrapper.java:299] - setAttribute(RealPath,/var/lib/tomcat/webapps/andphone/provisioning/verlag/)
[2020-08-14 14:11:28,962] [DEBUG] [APAS-BackgroundThread] [HttpServletRequestWrapper.java:191] - getAttribute(javax.servlet.include.context_path)
[2020-08-14 14:11:28,962] [DEBUG] [APAS-BackgroundThread] [HttpServletRequestWrapper.java:101] - getContextPath
[2020-08-14 14:11:28,962] [DEBUG] [APAS-BackgroundThread] [HttpServletRequestWrapper.java:191] - getAttribute(org.apache.catalina.core.DISPATCHER_TYPE)
[2020-08-14 14:11:28,962] [DEBUG] [APAS-BackgroundThread] [HttpServletRequestWrapper.java:191] - getAttribute(org.apache.catalina.core.DISPATCHER_REQUEST_PATH)
[2020-08-14 14:11:28,962] [DEBUG] [APAS-BackgroundThread] [HttpServletRequestWrapper.java:101] - getContextPath
[2020-08-14 14:11:28,963] [DEBUG] [APAS-BackgroundThread] [HttpServletRequestWrapper.java:89] - getPathInfo
[2020-08-14 14:11:28,963] [DEBUG] [APAS-BackgroundThread] [HttpServletRequestWrapper.java:107] - getQueryString
[2020-08-14 14:11:28,963] [DEBUG] [APAS-BackgroundThread] [HttpServletRequestWrapper.java:137] - getRequestURI
[2020-08-14 14:11:28,963] [DEBUG] [APAS-BackgroundThread] [HttpServletRequestWrapper.java:149] - getServletPath
[2020-08-14 14:11:28,963] [DEBUG] [APAS-BackgroundThread] [HttpServletRequestWrapper.java:191] - getAttribute(org.apache.catalina.jsp_file)
[2020-08-14 14:11:28,963] [DEBUG] [APAS-BackgroundThread] [HttpServletRequestWrapper.java:83] - getMethod
[2020-08-14 14:11:28,963] [DEBUG] [APAS-BackgroundThread] [HttpServletRequestWrapper.java:155] - getSession(false)
[2020-08-14 14:11:28,963] [DEBUG] [APAS-BackgroundThread] [HttpSessionWrapper.java:24] - getId
[2020-08-14 14:11:28,963] [DEBUG] [APAS-BackgroundThread] [background_jsp.java:1037] - BACKGROUND JOB: started
[2020-08-14 14:11:28,963] [DEBUG] [APAS-BackgroundThread] [HttpServletRequestWrapper.java:191] - getAttribute(app)
[2020-08-14 14:11:28,963] [DEBUG] [APAS-BackgroundThread] [HttpServletRequestWrapper.java:191] - getAttribute(RealPath)
[2020-08-14 14:11:28,964] [DEBUG] [APAS-BackgroundThread] [background_jsp.java:1063] - BACKGROUND JOB: starting phone number synchronization process...
[2020-08-14 14:11:28,964] [DEBUG] [APAS-BackgroundThread] [background_jsp.java:1110] - BACKGROUND JOB: dueTime=Fri Aug 14 00:30:00 CEST 2020 [1597357800000]
[2020-08-14 14:11:28,964] [DEBUG] [APAS-BackgroundThread] [background_jsp.java:1244] - BACKGROUND JOB: ended
[2020-08-14 14:11:37,794] [INFO] [APAS-ScanForNewDevicesThread-1] [ScanForNewDevices.java:118] - No SuperProvider capability, cannot scan for new devices.
[2020-08-14 14:11:37,794] [DEBUG] [APAS-ScanForNewDevicesThread-1] [ScanForNewDevices.java:75] - doScanDevices() finished successfully! executionCounter=0
[2020-08-14 14:11:38,433] [INFO] [springTaskScheduler-1] [ProvisioningSyncTask.java:113] - ProvSyncTask: Do NOT sync now, next SYNC_PERIOD is not passed yet. 
[2020-08-14 14:11:38,434] [INFO] [springTaskScheduler-1] [ProvisioningSyncTask.java:115] - Current cache is valid until : Sat Aug 15 01:00:00 CEST 2020
[2020-08-14 14:11:44,315] [DEBUG] [APAS-TimerDaemon] [DirectoryXmlService.java:2514] - runLdapInternalCacheGC(): starting garbage collector for directory search cache...
[2020-08-14 14:11:44,316] [DEBUG] [APAS-TimerDaemon] [Module.java:678] - Checking sniffer connection
[2020-08-14 14:11:48,333] [DEBUG] [APAS-TimerDaemon] [TableBaseDao.java:347] - SQL: SELECT * FROM lockout_profiles ORDER BY name -- PARAM: 
[2020-08-14 14:11:54,572] [DEBUG] [APAS-ServerGroupVerifier] [ServerGroup.java:685] - ServerGroup[1,Default AXL ServerGroup,true]: checkServerAvailability() checking prio 10
[2020-08-14 14:11:54,572] [DEBUG] [APAS-ServerGroupVerifier] [ServerGroup.java:727] - ServerGroup[1,Default AXL ServerGroup,true]: checkServerAvailability() completed, found 1/1
[2020-08-14 14:11:54,579] [DEBUG] [APAS-ServerGroupVerifier] [ServerGroup.java:618] - ServerGroupVerifier for ServerGroup[2,Default JTAPI ServerGroup,false] said: availability verification is disabled for this server group.
[2020-08-14 14:11:55,277] [DEBUG] [APAS-ServerGroupVerifier] [ServerGroup.java:685] - ServerGroup[4,Andguard local,true]: checkServerAvailability() checking prio 10
[2020-08-14 14:11:55,278] [DEBUG] [APAS-ServerGroupVerifier] [ANDGuardConnector.java:56] - verify connection
[2020-08-14 14:11:55,278] [DEBUG] [APAS-ServerGroupVerifier] [RestCall.java:51] - REST CALL to http://127.0.0.1:8081/andguard/rest/server/available
[2020-08-14 14:11:55,291] [DEBUG] [APAS-ServerGroupVerifier] [RestCall.java:57] - GET on [http://127.0.0.1:8081/andguard/rest/server/available], status code [200 OK]
[2020-08-14 14:11:55,291] [DEBUG] [APAS-ServerGroupVerifier] [RestCall.java:80] - REST Call to http://127.0.0.1:8081/andguard/rest/server/available, duration: 13 ms
[2020-08-14 14:11:55,291] [DEBUG] [APAS-ServerGroupVerifier] [RestCall.java:82] - got: true
[2020-08-14 14:11:55,291] [DEBUG] [APAS-ServerGroupVerifier] [ServerGroup.java:727] - ServerGroup[4,Andguard local,true]: checkServerAvailability() completed, found 1/1
[2020-08-14 14:11:59,986] [DEBUG] [APAS-BackgroundThread] [BackgroundThread.java:37] - running backgroundjob for app leoni
[2020-08-14 14:11:59,986] [DEBUG] [APAS-BackgroundThread] [HttpServletRequestWrapper.java:299] - setAttribute(app,com.andtek.andphone.provisioning.project.Project@52cba8b7)
[2020-08-14 14:11:59,986] [DEBUG] [APAS-BackgroundThread] [HttpServletRequestWrapper.java:299] - setAttribute(pageURL,http://10.51.51.122:8080/andphone/provisioning/leoni/background.jsp)
[2020-08-14 14:11:59,986] [DEBUG] [APAS-BackgroundThread] [HttpServletRequestWrapper.java:299] - setAttribute(RealPath,/var/lib/tomcat/webapps/andphone/provisioning/leoni/)
[2020-08-14 14:11:59,986] [DEBUG] [APAS-BackgroundThread] [HttpServletRequestWrapper.java:191] - getAttribute(javax.servlet.include.context_path)
[2020-08-14 14:11:59,986] [DEBUG] [APAS-BackgroundThread] [HttpServletRequestWrapper.java:101] - getContextPath
[2020-08-14 14:11:59,987] [DEBUG] [APAS-BackgroundThread] [HttpServletRequestWrapper.java:191] - getAttribute(org.apache.catalina.core.DISPATCHER_TYPE)
[2020-08-14 14:11:59,987] [DEBUG] [APAS-BackgroundThread] [HttpServletRequestWrapper.java:191] - getAttribute(org.apache.catalina.core.DISPATCHER_REQUEST_PATH)
[2020-08-14 14:11:59,987] [DEBUG] [APAS-BackgroundThread] [HttpServletRequestWrapper.java:101] - getContextPath
[2020-08-14 14:11:59,987] [DEBUG] [APAS-BackgroundThread] [HttpServletRequestWrapper.java:89] - getPathInfo
[2020-08-14 14:11:59,987] [DEBUG] [APAS-BackgroundThread] [HttpServletRequestWrapper.java:107] - getQueryString
[2020-08-14 14:11:59,987] [DEBUG] [APAS-BackgroundThread] [HttpServletRequestWrapper.java:137] - getRequestURI
[2020-08-14 14:11:59,987] [DEBUG] [APAS-BackgroundThread] [HttpServletRequestWrapper.java:149] - getServletPath
[2020-08-14 14:11:59,987] [DEBUG] [APAS-BackgroundThread] [HttpServletRequestWrapper.java:191] - getAttribute(org.apache.catalina.jsp_file)
[2020-08-14 14:11:59,987] [DEBUG] [APAS-BackgroundThread] [HttpServletRequestWrapper.java:83] - getMethod
[2020-08-14 14:11:59,987] [DEBUG] [APAS-BackgroundThread] [HttpServletRequestWrapper.java:155] - getSession(false)
[2020-08-14 14:11:59,988] [DEBUG] [APAS-BackgroundThread] [HttpSessionWrapper.java:24] - getId
[2020-08-14 14:11:59,988] [DEBUG] [APAS-BackgroundThread] [background_jsp.java:399] - BACKGROUND JOB: started
[2020-08-14 14:11:59,988] [DEBUG] [APAS-BackgroundThread] [HttpServletRequestWrapper.java:191] - getAttribute(app)
[2020-08-14 14:11:59,988] [DEBUG] [APAS-BackgroundThread] [HttpServletRequestWrapper.java:191] - getAttribute(RealPath)
[2020-08-14 14:11:59,988] [DEBUG] [APAS-BackgroundThread] [background_jsp.java:425] - BACKGROUND JOB: starting phone number synchronization process...
[2020-08-14 14:11:59,988] [DEBUG] [APAS-BackgroundThread] [background_jsp.java:472] - BACKGROUND JOB: dueTime=Fri Aug 14 00:30:00 CEST 2020 [1597357800000]
[2020-08-14 14:11:59,988] [DEBUG] [APAS-BackgroundThread] [background_jsp.java:606] - BACKGROUND JOB: ended
[2020-08-14 14:11:59,988] [DEBUG] [APAS-BackgroundThread] [BackgroundThread.java:37] - running backgroundjob for app wacker
[2020-08-14 14:11:59,988] [DEBUG] [APAS-BackgroundThread] [HttpServletRequestWrapper.java:299] - setAttribute(app,com.andtek.andphone.provisioning.project.Project@7950b055)
[2020-08-14 14:11:59,988] [DEBUG] [APAS-BackgroundThread] [HttpServletRequestWrapper.java:299] - setAttribute(pageURL,http://10.51.51.122:8080/andphone/provisioning/wacker/background.jsp)
[2020-08-14 14:11:59,989] [DEBUG] [APAS-BackgroundThread] [HttpServletRequestWrapper.java:299] - setAttribute(RealPath,/var/lib/tomcat/webapps/andphone/provisioning/wacker/)
[2020-08-14 14:11:59,989] [DEBUG] [APAS-BackgroundThread] [HttpServletRequestWrapper.java:191] - getAttribute(javax.servlet.include.context_path)
[2020-08-14 14:11:59,989] [DEBUG] [APAS-BackgroundThread] [HttpServletRequestWrapper.java:101] - getContextPath
[2020-08-14 14:11:59,989] [DEBUG] [APAS-BackgroundThread] [HttpServletRequestWrapper.java:191] - getAttribute(org.apache.catalina.core.DISPATCHER_TYPE)
[2020-08-14 14:11:59,989] [DEBUG] [APAS-BackgroundThread] [HttpServletRequestWrapper.java:191] - getAttribute(org.apache.catalina.core.DISPATCHER_REQUEST_PATH)
[2020-08-14 14:11:59,989] [DEBUG] [APAS-BackgroundThread] [HttpServletRequestWrapper.java:101] - getContextPath
[2020-08-14 14:11:59,989] [DEBUG] [APAS-BackgroundThread] [HttpServletRequestWrapper.java:89] - getPathInfo
[2020-08-14 14:11:59,989] [DEBUG] [APAS-BackgroundThread] [HttpServletRequestWrapper.java:107] - getQueryString
[2020-08-14 14:11:59,989] [DEBUG] [APAS-BackgroundThread] [HttpServletRequestWrapper.java:137] - getRequestURI
[2020-08-14 14:11:59,989] [DEBUG] [APAS-BackgroundThread] [HttpServletRequestWrapper.java:149] - getServletPath
[2020-08-14 14:11:59,989] [DEBUG] [APAS-BackgroundThread] [HttpServletRequestWrapper.java:191] - getAttribute(org.apache.catalina.jsp_file)
[2020-08-14 14:11:59,989] [DEBUG] [APAS-BackgroundThread] [HttpServletRequestWrapper.java:83] - getMethod
[2020-08-14 14:11:59,989] [DEBUG] [APAS-BackgroundThread] [HttpServletRequestWrapper.java:155] - getSession(false)
[2020-08-14 14:11:59,990] [DEBUG] [APAS-BackgroundThread] [HttpSessionWrapper.java:24] - getId
[2020-08-14 14:11:59,990] [DEBUG] [APAS-BackgroundThread] [background_jsp.java:272] - BACKGROUND JOB: started
[2020-08-14 14:11:59,990] [DEBUG] [APAS-BackgroundThread] [HttpServletRequestWrapper.java:191] - getAttribute(app)
[2020-08-14 14:11:59,990] [DEBUG] [APAS-BackgroundThread] [HttpServletRequestWrapper.java:191] - getAttribute(RealPath)
[2020-08-14 14:11:59,990] [DEBUG] [APAS-BackgroundThread] [background_jsp.java:528] - BACKGROUND JOB: ended
[2020-08-14 14:11:59,990] [DEBUG] [APAS-BackgroundThread] [BackgroundThread.java:37] - running backgroundjob for app verlag
[2020-08-14 14:11:59,990] [DEBUG] [APAS-BackgroundThread] [HttpServletRequestWrapper.java:299] - setAttribute(app,com.andtek.andphone.provisioning.project.Project@5818f1d8)
[2020-08-14 14:11:59,990] [DEBUG] [APAS-BackgroundThread] [HttpServletRequestWrapper.java:299] - setAttribute(pageURL,http://10.51.51.122:8080/andphone/provisioning/verlag/background.jsp)
[2020-08-14 14:11:59,990] [DEBUG] [APAS-BackgroundThread] [HttpServletRequestWrapper.java:299] - setAttribute(RealPath,/var/lib/tomcat/webapps/andphone/provisioning/verlag/)
[2020-08-14 14:11:59,990] [DEBUG] [APAS-BackgroundThread] [HttpServletRequestWrapper.java:191] - getAttribute(javax.servlet.include.context_path)
[2020-08-14 14:11:59,990] [DEBUG] [APAS-BackgroundThread] [HttpServletRequestWrapper.java:101] - getContextPath
[2020-08-14 14:11:59,990] [DEBUG] [APAS-BackgroundThread] [HttpServletRequestWrapper.java:191] - getAttribute(org.apache.catalina.core.DISPATCHER_TYPE)
[2020-08-14 14:11:59,990] [DEBUG] [APAS-BackgroundThread] [HttpServletRequestWrapper.java:191] - getAttribute(org.apache.catalina.core.DISPATCHER_REQUEST_PATH)
[2020-08-14 14:11:59,990] [DEBUG] [APAS-BackgroundThread] [HttpServletRequestWrapper.java:101] - getContextPath
[2020-08-14 14:11:59,990] [DEBUG] [APAS-BackgroundThread] [HttpServletRequestWrapper.java:89] - getPathInfo
[2020-08-14 14:11:59,991] [DEBUG] [APAS-BackgroundThread] [HttpServletRequestWrapper.java:107] - getQueryString
[2020-08-14 14:11:59,991] [DEBUG] [APAS-BackgroundThread] [HttpServletRequestWrapper.java:137] - getRequestURI
[2020-08-14 14:11:59,991] [DEBUG] [APAS-BackgroundThread] [HttpServletRequestWrapper.java:149] - getServletPath
[2020-08-14 14:11:59,991] [DEBUG] [APAS-BackgroundThread] [HttpServletRequestWrapper.java:191] - getAttribute(org.apache.catalina.jsp_file)
[2020-08-14 14:11:59,991] [DEBUG] [APAS-BackgroundThread] [HttpServletRequestWrapper.java:83] - getMethod
[2020-08-14 14:11:59,991] [DEBUG] [APAS-BackgroundThread] [HttpServletRequestWrapper.java:155] - getSession(false)
[2020-08-14 14:11:59,991] [DEBUG] [APAS-BackgroundThread] [HttpSessionWrapper.java:24] - getId
[2020-08-14 14:11:59,991] [DEBUG] [APAS-BackgroundThread] [background_jsp.java:1037] - BACKGROUND JOB: started
[2020-08-14 14:11:59,991] [DEBUG] [APAS-BackgroundThread] [HttpServletRequestWrapper.java:191] - getAttribute(app)
[2020-08-14 14:11:59,991] [DEBUG] [APAS-BackgroundThread] [HttpServletRequestWrapper.java:191] - getAttribute(RealPath)
[2020-08-14 14:11:59,992] [DEBUG] [APAS-BackgroundThread] [background_jsp.java:1063] - BACKGROUND JOB: starting phone number synchronization process...
[2020-08-14 14:11:59,992] [DEBUG] [APAS-BackgroundThread] [background_jsp.java:1110] - BACKGROUND JOB: dueTime=Fri Aug 14 00:30:00 CEST 2020 [1597357800000]
[2020-08-14 14:11:59,992] [DEBUG] [APAS-BackgroundThread] [background_jsp.java:1244] - BACKGROUND JOB: ended
[2020-08-14 14:12:03,739] [DEBUG] [APAS-bg-thread-recorder] [XMLSocket.java:285] - XML_SOCKET::sending XML [<getStatus seq="7" />]
[2020-08-14 14:12:03,742] [DEBUG] [APAS-bg-thread-recorder] [XMLSocket.java:339] - XML_SOCKET::got response [getStatusResponse: null]
[2020-08-14 14:12:03,742] [DEBUG] [APAS-bg-thread-recorder] [RecorderRealtimeStatus.java:41] - getStatus called, status now: OK, last status: OK
[2020-08-14 14:12:07,794] [INFO] [APAS-ScanForNewDevicesThread-1] [ScanForNewDevices.java:118] - No SuperProvider capability, cannot scan for new devices.
[2020-08-14 14:12:07,794] [DEBUG] [APAS-ScanForNewDevicesThread-1] [ScanForNewDevices.java:75] - doScanDevices() finished successfully! executionCounter=0
[2020-08-14 14:12:14,414] [DEBUG] [APAS-TimerDaemon] [Module.java:678] - Checking sniffer connection
[2020-08-14 14:12:19,440] [DEBUG] [APAS-TimerDaemon] [TableBaseDao.java:347] - SQL: SELECT * FROM lockout_profiles ORDER BY name -- PARAM: 
[2020-08-14 14:12:31,062] [DEBUG] [APAS-BackgroundThread] [BackgroundThread.java:37] - running backgroundjob for app leoni
[2020-08-14 14:12:31,062] [DEBUG] [APAS-BackgroundThread] [HttpServletRequestWrapper.java:299] - setAttribute(app,com.andtek.andphone.provisioning.project.Project@52cba8b7)
[2020-08-14 14:12:31,062] [DEBUG] [APAS-BackgroundThread] [HttpServletRequestWrapper.java:299] - setAttribute(pageURL,http://10.51.51.122:8080/andphone/provisioning/leoni/background.jsp)
[2020-08-14 14:12:31,063] [DEBUG] [APAS-BackgroundThread] [HttpServletRequestWrapper.java:299] - setAttribute(RealPath,/var/lib/tomcat/webapps/andphone/provisioning/leoni/)
[2020-08-14 14:12:31,063] [DEBUG] [APAS-BackgroundThread] [HttpServletRequestWrapper.java:191] - getAttribute(javax.servlet.include.context_path)
[2020-08-14 14:12:31,063] [DEBUG] [APAS-BackgroundThread] [HttpServletRequestWrapper.java:101] - getContextPath
[2020-08-14 14:12:31,063] [DEBUG] [APAS-BackgroundThread] [HttpServletRequestWrapper.java:191] - getAttribute(org.apache.catalina.core.DISPATCHER_TYPE)
[2020-08-14 14:12:31,063] [DEBUG] [APAS-BackgroundThread] [HttpServletRequestWrapper.java:191] - getAttribute(org.apache.catalina.core.DISPATCHER_REQUEST_PATH)
[2020-08-14 14:12:31,063] [DEBUG] [APAS-BackgroundThread] [HttpServletRequestWrapper.java:101] - getContextPath
[2020-08-14 14:12:31,063] [DEBUG] [APAS-BackgroundThread] [HttpServletRequestWrapper.java:89] - getPathInfo
[2020-08-14 14:12:31,063] [DEBUG] [APAS-BackgroundThread] [HttpServletRequestWrapper.java:107] - getQueryString
[2020-08-14 14:12:31,063] [DEBUG] [APAS-BackgroundThread] [HttpServletRequestWrapper.java:137] - getRequestURI
[2020-08-14 14:12:31,063] [DEBUG] [APAS-BackgroundThread] [HttpServletRequestWrapper.java:149] - getServletPath
[2020-08-14 14:12:31,063] [DEBUG] [APAS-BackgroundThread] [HttpServletRequestWrapper.java:191] - getAttribute(org.apache.catalina.jsp_file)
[2020-08-14 14:12:31,064] [DEBUG] [APAS-BackgroundThread] [HttpServletRequestWrapper.java:83] - getMethod
[2020-08-14 14:12:31,065] [DEBUG] [APAS-BackgroundThread] [HttpServletRequestWrapper.java:155] - getSession(false)
[2020-08-14 14:12:31,065] [DEBUG] [APAS-BackgroundThread] [HttpSessionWrapper.java:24] - getId
[2020-08-14 14:12:31,065] [DEBUG] [APAS-BackgroundThread] [background_jsp.java:399] - BACKGROUND JOB: started
[2020-08-14 14:12:31,065] [DEBUG] [APAS-BackgroundThread] [HttpServletRequestWrapper.java:191] - getAttribute(app)
[2020-08-14 14:12:31,065] [DEBUG] [APAS-BackgroundThread] [HttpServletRequestWrapper.java:191] - getAttribute(RealPath)
[2020-08-14 14:12:31,065] [DEBUG] [APAS-BackgroundThread] [background_jsp.java:425] - BACKGROUND JOB: starting phone number synchronization process...
[2020-08-14 14:12:31,065] [DEBUG] [APAS-BackgroundThread] [background_jsp.java:472] - BACKGROUND JOB: dueTime=Fri Aug 14 00:30:00 CEST 2020 [1597357800000]
[2020-08-14 14:12:31,065] [DEBUG] [APAS-BackgroundThread] [background_jsp.java:606] - BACKGROUND JOB: ended
[2020-08-14 14:12:31,065] [DEBUG] [APAS-BackgroundThread] [BackgroundThread.java:37] - running backgroundjob for app wacker
[2020-08-14 14:12:31,065] [DEBUG] [APAS-BackgroundThread] [HttpServletRequestWrapper.java:299] - setAttribute(app,com.andtek.andphone.provisioning.project.Project@7950b055)
[2020-08-14 14:12:31,066] [DEBUG] [APAS-BackgroundThread] [HttpServletRequestWrapper.java:299] - setAttribute(pageURL,http://10.51.51.122:8080/andphone/provisioning/wacker/background.jsp)
[2020-08-14 14:12:31,066] [DEBUG] [APAS-BackgroundThread] [HttpServletRequestWrapper.java:299] - setAttribute(RealPath,/var/lib/tomcat/webapps/andphone/provisioning/wacker/)
[2020-08-14 14:12:31,066] [DEBUG] [APAS-BackgroundThread] [HttpServletRequestWrapper.java:191] - getAttribute(javax.servlet.include.context_path)
[2020-08-14 14:12:31,066] [DEBUG] [APAS-BackgroundThread] [HttpServletRequestWrapper.java:101] - getContextPath
[2020-08-14 14:12:31,066] [DEBUG] [APAS-BackgroundThread] [HttpServletRequestWrapper.java:191] - getAttribute(org.apache.catalina.core.DISPATCHER_TYPE)
[2020-08-14 14:12:31,066] [DEBUG] [APAS-BackgroundThread] [HttpServletRequestWrapper.java:191] - getAttribute(org.apache.catalina.core.DISPATCHER_REQUEST_PATH)
[2020-08-14 14:12:31,066] [DEBUG] [APAS-BackgroundThread] [HttpServletRequestWrapper.java:101] - getContextPath
[2020-08-14 14:12:31,066] [DEBUG] [APAS-BackgroundThread] [HttpServletRequestWrapper.java:89] - getPathInfo
[2020-08-14 14:12:31,066] [DEBUG] [APAS-BackgroundThread] [HttpServletRequestWrapper.java:107] - getQueryString
[2020-08-14 14:12:31,066] [DEBUG] [APAS-BackgroundThread] [HttpServletRequestWrapper.java:137] - getRequestURI
[2020-08-14 14:12:31,066] [DEBUG] [APAS-BackgroundThread] [HttpServletRequestWrapper.java:149] - getServletPath
[2020-08-14 14:12:31,066] [DEBUG] [APAS-BackgroundThread] [HttpServletRequestWrapper.java:191] - getAttribute(org.apache.catalina.jsp_file)
[2020-08-14 14:12:31,066] [DEBUG] [APAS-BackgroundThread] [HttpServletRequestWrapper.java:83] - getMethod
[2020-08-14 14:12:31,066] [DEBUG] [APAS-BackgroundThread] [HttpServletRequestWrapper.java:155] - getSession(false)
[2020-08-14 14:12:31,066] [DEBUG] [APAS-BackgroundThread] [HttpSessionWrapper.java:24] - getId
[2020-08-14 14:12:31,067] [DEBUG] [APAS-BackgroundThread] [background_jsp.java:272] - BACKGROUND JOB: started
[2020-08-14 14:12:31,067] [DEBUG] [APAS-BackgroundThread] [HttpServletRequestWrapper.java:191] - getAttribute(app)
[2020-08-14 14:12:31,067] [DEBUG] [APAS-BackgroundThread] [HttpServletRequestWrapper.java:191] - getAttribute(RealPath)
[2020-08-14 14:12:31,067] [DEBUG] [APAS-BackgroundThread] [background_jsp.java:528] - BACKGROUND JOB: ended
[2020-08-14 14:12:31,067] [DEBUG] [APAS-BackgroundThread] [BackgroundThread.java:37] - running backgroundjob for app verlag
[2020-08-14 14:12:31,067] [DEBUG] [APAS-BackgroundThread] [HttpServletRequestWrapper.java:299] - setAttribute(app,com.andtek.andphone.provisioning.project.Project@5818f1d8)
[2020-08-14 14:12:31,067] [DEBUG] [APAS-BackgroundThread] [HttpServletRequestWrapper.java:299] - setAttribute(pageURL,http://10.51.51.122:8080/andphone/provisioning/verlag/background.jsp)
[2020-08-14 14:12:31,067] [DEBUG] [APAS-BackgroundThread] [HttpServletRequestWrapper.java:299] - setAttribute(RealPath,/var/lib/tomcat/webapps/andphone/provisioning/verlag/)
[2020-08-14 14:12:31,067] [DEBUG] [APAS-BackgroundThread] [HttpServletRequestWrapper.java:191] - getAttribute(javax.servlet.include.context_path)
[2020-08-14 14:12:31,067] [DEBUG] [APAS-BackgroundThread] [HttpServletRequestWrapper.java:101] - getContextPath
[2020-08-14 14:12:31,067] [DEBUG] [APAS-BackgroundThread] [HttpServletRequestWrapper.java:191] - getAttribute(org.apache.catalina.core.DISPATCHER_TYPE)
[2020-08-14 14:12:31,067] [DEBUG] [APAS-BackgroundThread] [HttpServletRequestWrapper.java:191] - getAttribute(org.apache.catalina.core.DISPATCHER_REQUEST_PATH)
[2020-08-14 14:12:31,067] [DEBUG] [APAS-BackgroundThread] [HttpServletRequestWrapper.java:101] - getContextPath
[2020-08-14 14:12:31,067] [DEBUG] [APAS-BackgroundThread] [HttpServletRequestWrapper.java:89] - getPathInfo
[2020-08-14 14:12:31,067] [DEBUG] [APAS-BackgroundThread] [HttpServletRequestWrapper.java:107] - getQueryString
[2020-08-14 14:12:31,067] [DEBUG] [APAS-BackgroundThread] [HttpServletRequestWrapper.java:137] - getRequestURI
[2020-08-14 14:12:31,067] [DEBUG] [APAS-BackgroundThread] [HttpServletRequestWrapper.java:149] - getServletPath
[2020-08-14 14:12:31,068] [DEBUG] [APAS-BackgroundThread] [HttpServletRequestWrapper.java:191] - getAttribute(org.apache.catalina.jsp_file)
[2020-08-14 14:12:31,068] [DEBUG] [APAS-BackgroundThread] [HttpServletRequestWrapper.java:83] - getMethod
[2020-08-14 14:12:31,068] [DEBUG] [APAS-BackgroundThread] [HttpServletRequestWrapper.java:155] - getSession(false)
[2020-08-14 14:12:31,068] [DEBUG] [APAS-BackgroundThread] [HttpSessionWrapper.java:24] - getId
[2020-08-14 14:12:31,068] [DEBUG] [APAS-BackgroundThread] [background_jsp.java:1037] - BACKGROUND JOB: started
[2020-08-14 14:12:31,068] [DEBUG] [APAS-BackgroundThread] [HttpServletRequestWrapper.java:191] - getAttribute(app)
[2020-08-14 14:12:31,068] [DEBUG] [APAS-BackgroundThread] [HttpServletRequestWrapper.java:191] - getAttribute(RealPath)
[2020-08-14 14:12:31,068] [DEBUG] [APAS-BackgroundThread] [background_jsp.java:1063] - BACKGROUND JOB: starting phone number synchronization process...
[2020-08-14 14:12:31,068] [DEBUG] [APAS-BackgroundThread] [background_jsp.java:1110] - BACKGROUND JOB: dueTime=Fri Aug 14 00:30:00 CEST 2020 [1597357800000]
[2020-08-14 14:12:31,068] [DEBUG] [APAS-BackgroundThread] [background_jsp.java:1244] - BACKGROUND JOB: ended
[2020-08-14 14:12:37,795] [INFO] [APAS-ScanForNewDevicesThread-1] [ScanForNewDevices.java:118] - No SuperProvider capability, cannot scan for new devices.
[2020-08-14 14:12:37,795] [DEBUG] [APAS-ScanForNewDevicesThread-1] [ScanForNewDevices.java:75] - doScanDevices() finished successfully! executionCounter=0
[2020-08-14 14:12:38,435] [INFO] [springTaskScheduler-1] [ProvisioningSyncTask.java:113] - ProvSyncTask: Do NOT sync now, next SYNC_PERIOD is not passed yet. 
[2020-08-14 14:12:38,436] [INFO] [springTaskScheduler-1] [ProvisioningSyncTask.java:115] - Current cache is valid until : Sat Aug 15 01:00:00 CEST 2020
[2020-08-14 14:12:44,598] [DEBUG] [APAS-TimerDaemon] [DirectoryXmlService.java:2514] - runLdapInternalCacheGC(): starting garbage collector for directory search cache...
[2020-08-14 14:12:44,599] [DEBUG] [APAS-TimerDaemon] [Module.java:678] - Checking sniffer connection
[2020-08-14 14:12:50,618] [DEBUG] [APAS-TimerDaemon] [TableBaseDao.java:347] - SQL: SELECT * FROM lockout_profiles ORDER BY name -- PARAM: 
[2020-08-14 14:12:54,572] [DEBUG] [APAS-ServerGroupVerifier] [ServerGroup.java:685] - ServerGroup[1,Default AXL ServerGroup,true]: checkServerAvailability() checking prio 10
[2020-08-14 14:12:54,573] [DEBUG] [APAS-ServerGroupVerifier] [ServerGroup.java:727] - ServerGroup[1,Default AXL ServerGroup,true]: checkServerAvailability() completed, found 1/1
[2020-08-14 14:12:54,579] [DEBUG] [APAS-ServerGroupVerifier] [ServerGroup.java:618] - ServerGroupVerifier for ServerGroup[2,Default JTAPI ServerGroup,false] said: availability verification is disabled for this server group.
[2020-08-14 14:12:55,292] [DEBUG] [APAS-ServerGroupVerifier] [ServerGroup.java:685] - ServerGroup[4,Andguard local,true]: checkServerAvailability() checking prio 10
[2020-08-14 14:12:55,293] [DEBUG] [APAS-ServerGroupVerifier] [ANDGuardConnector.java:56] - verify connection
[2020-08-14 14:12:55,293] [DEBUG] [APAS-ServerGroupVerifier] [RestCall.java:51] - REST CALL to http://127.0.0.1:8081/andguard/rest/server/available
[2020-08-14 14:12:55,306] [DEBUG] [APAS-ServerGroupVerifier] [RestCall.java:57] - GET on [http://127.0.0.1:8081/andguard/rest/server/available], status code [200 OK]
[2020-08-14 14:12:55,306] [DEBUG] [APAS-ServerGroupVerifier] [RestCall.java:80] - REST Call to http://127.0.0.1:8081/andguard/rest/server/available, duration: 13 ms
[2020-08-14 14:12:55,306] [DEBUG] [APAS-ServerGroupVerifier] [RestCall.java:82] - got: true
[2020-08-14 14:12:55,306] [DEBUG] [APAS-ServerGroupVerifier] [ServerGroup.java:727] - ServerGroup[4,Andguard local,true]: checkServerAvailability() completed, found 1/1
[2020-08-14 14:13:02,091] [DEBUG] [APAS-BackgroundThread] [BackgroundThread.java:37] - running backgroundjob for app leoni
[2020-08-14 14:13:02,092] [DEBUG] [APAS-BackgroundThread] [HttpServletRequestWrapper.java:299] - setAttribute(app,com.andtek.andphone.provisioning.project.Project@52cba8b7)
[2020-08-14 14:13:02,092] [DEBUG] [APAS-BackgroundThread] [HttpServletRequestWrapper.java:299] - setAttribute(pageURL,http://10.51.51.122:8080/andphone/provisioning/leoni/background.jsp)
[2020-08-14 14:13:02,092] [DEBUG] [APAS-BackgroundThread] [HttpServletRequestWrapper.java:299] - setAttribute(RealPath,/var/lib/tomcat/webapps/andphone/provisioning/leoni/)
[2020-08-14 14:13:02,092] [DEBUG] [APAS-BackgroundThread] [HttpServletRequestWrapper.java:191] - getAttribute(javax.servlet.include.context_path)
[2020-08-14 14:13:02,092] [DEBUG] [APAS-BackgroundThread] [HttpServletRequestWrapper.java:101] - getContextPath
[2020-08-14 14:13:02,092] [DEBUG] [APAS-BackgroundThread] [HttpServletRequestWrapper.java:191] - getAttribute(org.apache.catalina.core.DISPATCHER_TYPE)
[2020-08-14 14:13:02,092] [DEBUG] [APAS-BackgroundThread] [HttpServletRequestWrapper.java:191] - getAttribute(org.apache.catalina.core.DISPATCHER_REQUEST_PATH)
[2020-08-14 14:13:02,092] [DEBUG] [APAS-BackgroundThread] [HttpServletRequestWrapper.java:101] - getContextPath
[2020-08-14 14:13:02,092] [DEBUG] [APAS-BackgroundThread] [HttpServletRequestWrapper.java:89] - getPathInfo
[2020-08-14 14:13:02,093] [DEBUG] [APAS-BackgroundThread] [HttpServletRequestWrapper.java:107] - getQueryString
[2020-08-14 14:13:02,093] [DEBUG] [APAS-BackgroundThread] [HttpServletRequestWrapper.java:137] - getRequestURI
[2020-08-14 14:13:02,093] [DEBUG] [APAS-BackgroundThread] [HttpServletRequestWrapper.java:149] - getServletPath
[2020-08-14 14:13:02,093] [DEBUG] [APAS-BackgroundThread] [HttpServletRequestWrapper.java:191] - getAttribute(org.apache.catalina.jsp_file)
[2020-08-14 14:13:02,093] [DEBUG] [APAS-BackgroundThread] [HttpServletRequestWrapper.java:83] - getMethod
[2020-08-14 14:13:02,093] [DEBUG] [APAS-BackgroundThread] [HttpServletRequestWrapper.java:155] - getSession(false)
[2020-08-14 14:13:02,093] [DEBUG] [APAS-BackgroundThread] [HttpSessionWrapper.java:24] - getId
[2020-08-14 14:13:02,093] [DEBUG] [APAS-BackgroundThread] [background_jsp.java:399] - BACKGROUND JOB: started
[2020-08-14 14:13:02,094] [DEBUG] [APAS-BackgroundThread] [HttpServletRequestWrapper.java:191] - getAttribute(app)
[2020-08-14 14:13:02,094] [DEBUG] [APAS-BackgroundThread] [HttpServletRequestWrapper.java:191] - getAttribute(RealPath)
[2020-08-14 14:13:02,094] [DEBUG] [APAS-BackgroundThread] [background_jsp.java:425] - BACKGROUND JOB: starting phone number synchronization process...
[2020-08-14 14:13:02,094] [DEBUG] [APAS-BackgroundThread] [background_jsp.java:472] - BACKGROUND JOB: dueTime=Fri Aug 14 00:30:00 CEST 2020 [1597357800000]
[2020-08-14 14:13:02,094] [DEBUG] [APAS-BackgroundThread] [background_jsp.java:606] - BACKGROUND JOB: ended
[2020-08-14 14:13:02,094] [DEBUG] [APAS-BackgroundThread] [BackgroundThread.java:37] - running backgroundjob for app wacker
[2020-08-14 14:13:02,094] [DEBUG] [APAS-BackgroundThread] [HttpServletRequestWrapper.java:299] - setAttribute(app,com.andtek.andphone.provisioning.project.Project@7950b055)
[2020-08-14 14:13:02,094] [DEBUG] [APAS-BackgroundThread] [HttpServletRequestWrapper.java:299] - setAttribute(pageURL,http://10.51.51.122:8080/andphone/provisioning/wacker/background.jsp)
[2020-08-14 14:13:02,095] [DEBUG] [APAS-BackgroundThread] [HttpServletRequestWrapper.java:299] - setAttribute(RealPath,/var/lib/tomcat/webapps/andphone/provisioning/wacker/)
[2020-08-14 14:13:02,095] [DEBUG] [APAS-BackgroundThread] [HttpServletRequestWrapper.java:191] - getAttribute(javax.servlet.include.context_path)
[2020-08-14 14:13:02,095] [DEBUG] [APAS-BackgroundThread] [HttpServletRequestWrapper.java:101] - getContextPath
[2020-08-14 14:13:02,095] [DEBUG] [APAS-BackgroundThread] [HttpServletRequestWrapper.java:191] - getAttribute(org.apache.catalina.core.DISPATCHER_TYPE)
[2020-08-14 14:13:02,095] [DEBUG] [APAS-BackgroundThread] [HttpServletRequestWrapper.java:191] - getAttribute(org.apache.catalina.core.DISPATCHER_REQUEST_PATH)
[2020-08-14 14:13:02,095] [DEBUG] [APAS-BackgroundThread] [HttpServletRequestWrapper.java:101] - getContextPath
[2020-08-14 14:13:02,095] [DEBUG] [APAS-BackgroundThread] [HttpServletRequestWrapper.java:89] - getPathInfo
[2020-08-14 14:13:02,095] [DEBUG] [APAS-BackgroundThread] [HttpServletRequestWrapper.java:107] - getQueryString
[2020-08-14 14:13:02,095] [DEBUG] [APAS-BackgroundThread] [HttpServletRequestWrapper.java:137] - getRequestURI
[2020-08-14 14:13:02,095] [DEBUG] [APAS-BackgroundThread] [HttpServletRequestWrapper.java:149] - getServletPath
[2020-08-14 14:13:02,096] [DEBUG] [APAS-BackgroundThread] [HttpServletRequestWrapper.java:191] - getAttribute(org.apache.catalina.jsp_file)
[2020-08-14 14:13:02,096] [DEBUG] [APAS-BackgroundThread] [HttpServletRequestWrapper.java:83] - getMethod
[2020-08-14 14:13:02,096] [DEBUG] [APAS-BackgroundThread] [HttpServletRequestWrapper.java:155] - getSession(false)
[2020-08-14 14:13:02,096] [DEBUG] [APAS-BackgroundThread] [HttpSessionWrapper.java:24] - getId
[2020-08-14 14:13:02,096] [DEBUG] [APAS-BackgroundThread] [background_jsp.java:272] - BACKGROUND JOB: started
[2020-08-14 14:13:02,096] [DEBUG] [APAS-BackgroundThread] [HttpServletRequestWrapper.java:191] - getAttribute(app)
[2020-08-14 14:13:02,097] [DEBUG] [APAS-BackgroundThread] [HttpServletRequestWrapper.java:191] - getAttribute(RealPath)
[2020-08-14 14:13:02,097] [DEBUG] [APAS-BackgroundThread] [background_jsp.java:528] - BACKGROUND JOB: ended
[2020-08-14 14:13:02,097] [DEBUG] [APAS-BackgroundThread] [BackgroundThread.java:37] - running backgroundjob for app verlag
[2020-08-14 14:13:02,097] [DEBUG] [APAS-BackgroundThread] [HttpServletRequestWrapper.java:299] - setAttribute(app,com.andtek.andphone.provisioning.project.Project@5818f1d8)
[2020-08-14 14:13:02,097] [DEBUG] [APAS-BackgroundThread] [HttpServletRequestWrapper.java:299] - setAttribute(pageURL,http://10.51.51.122:8080/andphone/provisioning/verlag/background.jsp)
[2020-08-14 14:13:02,097] [DEBUG] [APAS-BackgroundThread] [HttpServletRequestWrapper.java:299] - setAttribute(RealPath,/var/lib/tomcat/webapps/andphone/provisioning/verlag/)
[2020-08-14 14:13:02,097] [DEBUG] [APAS-BackgroundThread] [HttpServletRequestWrapper.java:191] - getAttribute(javax.servlet.include.context_path)
[2020-08-14 14:13:02,097] [DEBUG] [APAS-BackgroundThread] [HttpServletRequestWrapper.java:101] - getContextPath
[2020-08-14 14:13:02,098] [DEBUG] [APAS-BackgroundThread] [HttpServletRequestWrapper.java:191] - getAttribute(org.apache.catalina.core.DISPATCHER_TYPE)
[2020-08-14 14:13:02,098] [DEBUG] [APAS-BackgroundThread] [HttpServletRequestWrapper.java:191] - getAttribute(org.apache.catalina.core.DISPATCHER_REQUEST_PATH)
[2020-08-14 14:13:02,098] [DEBUG] [APAS-BackgroundThread] [HttpServletRequestWrapper.java:101] - getContextPath
[2020-08-14 14:13:02,098] [DEBUG] [APAS-BackgroundThread] [HttpServletRequestWrapper.java:89] - getPathInfo
[2020-08-14 14:13:02,098] [DEBUG] [APAS-BackgroundThread] [HttpServletRequestWrapper.java:107] - getQueryString
[2020-08-14 14:13:02,098] [DEBUG] [APAS-BackgroundThread] [HttpServletRequestWrapper.java:137] - getRequestURI
[2020-08-14 14:13:02,098] [DEBUG] [APAS-BackgroundThread] [HttpServletRequestWrapper.java:149] - getServletPath
[2020-08-14 14:13:02,098] [DEBUG] [APAS-BackgroundThread] [HttpServletRequestWrapper.java:191] - getAttribute(org.apache.catalina.jsp_file)
[2020-08-14 14:13:02,099] [DEBUG] [APAS-BackgroundThread] [HttpServletRequestWrapper.java:83] - getMethod
[2020-08-14 14:13:02,099] [DEBUG] [APAS-BackgroundThread] [HttpServletRequestWrapper.java:155] - getSession(false)
[2020-08-14 14:13:02,099] [DEBUG] [APAS-BackgroundThread] [HttpSessionWrapper.java:24] - getId
[2020-08-14 14:13:02,099] [DEBUG] [APAS-BackgroundThread] [background_jsp.java:1037] - BACKGROUND JOB: started
[2020-08-14 14:13:02,099] [DEBUG] [APAS-BackgroundThread] [HttpServletRequestWrapper.java:191] - getAttribute(app)
[2020-08-14 14:13:02,099] [DEBUG] [APAS-BackgroundThread] [HttpServletRequestWrapper.java:191] - getAttribute(RealPath)
[2020-08-14 14:13:02,099] [DEBUG] [APAS-BackgroundThread] [background_jsp.java:1063] - BACKGROUND JOB: starting phone number synchronization process...
[2020-08-14 14:13:02,100] [DEBUG] [APAS-BackgroundThread] [background_jsp.java:1110] - BACKGROUND JOB: dueTime=Fri Aug 14 00:30:00 CEST 2020 [1597357800000]
[2020-08-14 14:13:02,100] [DEBUG] [APAS-BackgroundThread] [background_jsp.java:1244] - BACKGROUND JOB: ended
[2020-08-14 14:13:03,785] [DEBUG] [APAS-bg-thread-recorder] [Admin.java:1080] - Processing recording[200]
[2020-08-14 14:13:03,840] [DEBUG] [APAS-bg-thread-recorder] [RuleSet.java:366] - Checking recording rules 
   given: (oid = 200 CGPN = +36110009100 CDPN = +36110009020 OCGPN = +36110009100 OCDPN = +36110009020 LASTREDIR = )
   rules [3]: 
     1. (action = [ RECORD CONTINUE], storage = 10) <- (CDPN-or-CGPN ~= '.*9032')   '9032                                           ...'
     2. *MATCH* (action = [ RECORD CONTINUE], storage = 10) <- (CDPN-or-CGPN ~= '.*9020')   '9020                                           ...'
     3. (action = [ RECORD CONTINUE], storage = 10) <- (CDPN-or-CGPN ~= '.*9110')   '9110                                           ...'
   result: 
     (action = [ RECORD CONTINUE], storage = 10)
[2020-08-14 14:13:03,841] [DEBUG] [APAS-bg-thread-recorder] [Admin.java:1097] - Storage profile 10, updating header
[2020-08-14 14:13:03,842] [INFO] [APAS-bg-thread-recorder] [Recording.java:761] - Converting file 200
[2020-08-14 14:13:03,842] [DEBUG] [APAS-bg-thread-recorder] [Recording.java:771] - using encryption key size 256
[2020-08-14 14:13:03,843] [DEBUG] [APAS-bg-thread-recorder] [Recording.java:801] - merging recordings to stereo wav file: /usr/bin/mergewav /var/lib/andphone_record/plugins /var/lib/andphone/tmp/200_in.wav /var/lib/andphone/tmp/200_out.wav /var/lib/andphone/tmp/200.wav
[2020-08-14 14:13:03,874] [DEBUG] [APAS-bg-thread-recorder] [Recording.java:839] - encoding recording to speex file: /usr/bin/speexenc -n --quality 8 --comp 3 --nframes 1 --comment type=ANDPhoneRecording /var/lib/andphone/tmp/200.wav /var/lib/andphone/tmp/200.spx
[2020-08-14 14:13:03,984] [DEBUG] [APAS-bg-thread-recorder] [Recording.java:887] - saving recording /var/lib/andphone/archive/2020/08/14/200.rec
[2020-08-14 14:13:03,986] [DEBUG] [APAS-bg-thread-recorder] [Recording.java:934] - encrypting recording to /var/lib/andphone/archive/2020/08/14/200.rec
[2020-08-14 14:13:03,986] [DEBUG] [APAS-bg-thread-recorder] [Recording.java:275] - using encryption key size 256
[2020-08-14 14:13:03,989] [DEBUG] [APAS-bg-thread-recorder] [Recording.java:950] - deleting temporary file /var/lib/andphone/tmp/200.spx
[2020-08-14 14:13:04,005] [DEBUG] [APAS-bg-thread-recorder] [AndPhoneCA.java:175] - getInstance
[2020-08-14 14:13:04,005] [DEBUG] [APAS-bg-thread-recorder] [AndPhoneCA.java:82] - Constructor AndPhoneCA
[2020-08-14 14:13:04,032] [DEBUG] [APAS-bg-thread-recorder] [DBHandler.java:91] - Number of updates done: 1
[2020-08-14 14:13:04,032] [DEBUG] [APAS-bg-thread-recorder] [AndPhoneCA.java:106] - Opened keystore
[2020-08-14 14:13:04,032] [DEBUG] [APAS-bg-thread-recorder] [AndPhoneCA.java:125] - Retrieving key and certificate from KeyStore
[2020-08-14 14:13:04,278] [DEBUG] [APAS-bg-thread-recorder] [KeyTools.java:541] - Load Keystore from file '/var/lib/andphone/certificate.store'
[2020-08-14 14:13:04,324] [DEBUG] [APAS-bg-thread-recorder] [KeyTools.java:551] - Keystore loaded successfully
[2020-08-14 14:13:04,336] [DEBUG] [APAS-bg-thread-recorder] [SignTool.java:77] - Writing signature of length 128
[2020-08-14 14:13:04,348] [DEBUG] [APAS-bg-thread-recorder] [XMLSocket.java:285] - XML_SOCKET::sending XML [<getStatus seq="37" />]
[2020-08-14 14:13:04,350] [DEBUG] [APAS-bg-thread-recorder] [XMLSocket.java:339] - XML_SOCKET::got response [getStatusResponse: null]
[2020-08-14 14:13:04,350] [DEBUG] [APAS-bg-thread-recorder] [RecorderRealtimeStatus.java:41] - getStatus called, status now: OK, last status: OK
[2020-08-14 14:13:07,795] [INFO] [APAS-ScanForNewDevicesThread-1] [ScanForNewDevices.java:118] - No SuperProvider capability, cannot scan for new devices.
[2020-08-14 14:13:07,795] [DEBUG] [APAS-ScanForNewDevicesThread-1] [ScanForNewDevices.java:75] - doScanDevices() finished successfully! executionCounter=0
[2020-08-14 14:13:14,697] [DEBUG] [APAS-TimerDaemon] [Module.java:678] - Checking sniffer connection
[2020-08-14 14:13:21,717] [DEBUG] [APAS-TimerDaemon] [TableBaseDao.java:347] - SQL: SELECT * FROM lockout_profiles ORDER BY name -- PARAM: 
[2020-08-14 14:13:33,124] [DEBUG] [APAS-BackgroundThread] [BackgroundThread.java:37] - running backgroundjob for app leoni
[2020-08-14 14:13:33,125] [DEBUG] [APAS-BackgroundThread] [HttpServletRequestWrapper.java:299] - setAttribute(app,com.andtek.andphone.provisioning.project.Project@52cba8b7)
[2020-08-14 14:13:33,125] [DEBUG] [APAS-BackgroundThread] [HttpServletRequestWrapper.java:299] - setAttribute(pageURL,http://10.51.51.122:8080/andphone/provisioning/leoni/background.jsp)
[2020-08-14 14:13:33,125] [DEBUG] [APAS-BackgroundThread] [HttpServletRequestWrapper.java:299] - setAttribute(RealPath,/var/lib/tomcat/webapps/andphone/provisioning/leoni/)
[2020-08-14 14:13:33,125] [DEBUG] [APAS-BackgroundThread] [HttpServletRequestWrapper.java:191] - getAttribute(javax.servlet.include.context_path)
[2020-08-14 14:13:33,125] [DEBUG] [APAS-BackgroundThread] [HttpServletRequestWrapper.java:101] - getContextPath
[2020-08-14 14:13:33,125] [DEBUG] [APAS-BackgroundThread] [HttpServletRequestWrapper.java:191] - getAttribute(org.apache.catalina.core.DISPATCHER_TYPE)
[2020-08-14 14:13:33,125] [DEBUG] [APAS-BackgroundThread] [HttpServletRequestWrapper.java:191] - getAttribute(org.apache.catalina.core.DISPATCHER_REQUEST_PATH)
[2020-08-14 14:13:33,125] [DEBUG] [APAS-BackgroundThread] [HttpServletRequestWrapper.java:101] - getContextPath
[2020-08-14 14:13:33,125] [DEBUG] [APAS-BackgroundThread] [HttpServletRequestWrapper.java:89] - getPathInfo
[2020-08-14 14:13:33,125] [DEBUG] [APAS-BackgroundThread] [HttpServletRequestWrapper.java:107] - getQueryString
[2020-08-14 14:13:33,125] [DEBUG] [APAS-BackgroundThread] [HttpServletRequestWrapper.java:137] - getRequestURI
[2020-08-14 14:13:33,125] [DEBUG] [APAS-BackgroundThread] [HttpServletRequestWrapper.java:149] - getServletPath
[2020-08-14 14:13:33,125] [DEBUG] [APAS-BackgroundThread] [HttpServletRequestWrapper.java:191] - getAttribute(org.apache.catalina.jsp_file)
[2020-08-14 14:13:33,126] [DEBUG] [APAS-BackgroundThread] [HttpServletRequestWrapper.java:83] - getMethod
[2020-08-14 14:13:33,126] [DEBUG] [APAS-BackgroundThread] [HttpServletRequestWrapper.java:155] - getSession(false)
[2020-08-14 14:13:33,126] [DEBUG] [APAS-BackgroundThread] [HttpSessionWrapper.java:24] - getId
[2020-08-14 14:13:33,126] [DEBUG] [APAS-BackgroundThread] [background_jsp.java:399] - BACKGROUND JOB: started
[2020-08-14 14:13:33,126] [DEBUG] [APAS-BackgroundThread] [HttpServletRequestWrapper.java:191] - getAttribute(app)
[2020-08-14 14:13:33,126] [DEBUG] [APAS-BackgroundThread] [HttpServletRequestWrapper.java:191] - getAttribute(RealPath)
[2020-08-14 14:13:33,126] [DEBUG] [APAS-BackgroundThread] [background_jsp.java:425] - BACKGROUND JOB: starting phone number synchronization process...
[2020-08-14 14:13:33,127] [DEBUG] [APAS-BackgroundThread] [background_jsp.java:472] - BACKGROUND JOB: dueTime=Fri Aug 14 00:30:00 CEST 2020 [1597357800000]
[2020-08-14 14:13:33,127] [DEBUG] [APAS-BackgroundThread] [background_jsp.java:606] - BACKGROUND JOB: ended
[2020-08-14 14:13:33,127] [DEBUG] [APAS-BackgroundThread] [BackgroundThread.java:37] - running backgroundjob for app wacker
[2020-08-14 14:13:33,127] [DEBUG] [APAS-BackgroundThread] [HttpServletRequestWrapper.java:299] - setAttribute(app,com.andtek.andphone.provisioning.project.Project@7950b055)
[2020-08-14 14:13:33,127] [DEBUG] [APAS-BackgroundThread] [HttpServletRequestWrapper.java:299] - setAttribute(pageURL,http://10.51.51.122:8080/andphone/provisioning/wacker/background.jsp)
[2020-08-14 14:13:33,127] [DEBUG] [APAS-BackgroundThread] [HttpServletRequestWrapper.java:299] - setAttribute(RealPath,/var/lib/tomcat/webapps/andphone/provisioning/wacker/)
[2020-08-14 14:13:33,127] [DEBUG] [APAS-BackgroundThread] [HttpServletRequestWrapper.java:191] - getAttribute(javax.servlet.include.context_path)
[2020-08-14 14:13:33,127] [DEBUG] [APAS-BackgroundThread] [HttpServletRequestWrapper.java:101] - getContextPath
[2020-08-14 14:13:33,127] [DEBUG] [APAS-BackgroundThread] [HttpServletRequestWrapper.java:191] - getAttribute(org.apache.catalina.core.DISPATCHER_TYPE)
[2020-08-14 14:13:33,127] [DEBUG] [APAS-BackgroundThread] [HttpServletRequestWrapper.java:191] - getAttribute(org.apache.catalina.core.DISPATCHER_REQUEST_PATH)
[2020-08-14 14:13:33,127] [DEBUG] [APAS-BackgroundThread] [HttpServletRequestWrapper.java:101] - getContextPath
[2020-08-14 14:13:33,127] [DEBUG] [APAS-BackgroundThread] [HttpServletRequestWrapper.java:89] - getPathInfo
[2020-08-14 14:13:33,128] [DEBUG] [APAS-BackgroundThread] [HttpServletRequestWrapper.java:107] - getQueryString
[2020-08-14 14:13:33,128] [DEBUG] [APAS-BackgroundThread] [HttpServletRequestWrapper.java:137] - getRequestURI
[2020-08-14 14:13:33,128] [DEBUG] [APAS-BackgroundThread] [HttpServletRequestWrapper.java:149] - getServletPath
[2020-08-14 14:13:33,128] [DEBUG] [APAS-BackgroundThread] [HttpServletRequestWrapper.java:191] - getAttribute(org.apache.catalina.jsp_file)
[2020-08-14 14:13:33,128] [DEBUG] [APAS-BackgroundThread] [HttpServletRequestWrapper.java:83] - getMethod
[2020-08-14 14:13:33,128] [DEBUG] [APAS-BackgroundThread] [HttpServletRequestWrapper.java:155] - getSession(false)
[2020-08-14 14:13:33,128] [DEBUG] [APAS-BackgroundThread] [HttpSessionWrapper.java:24] - getId
[2020-08-14 14:13:33,128] [DEBUG] [APAS-BackgroundThread] [background_jsp.java:272] - BACKGROUND JOB: started
[2020-08-14 14:13:33,128] [DEBUG] [APAS-BackgroundThread] [HttpServletRequestWrapper.java:191] - getAttribute(app)
[2020-08-14 14:13:33,128] [DEBUG] [APAS-BackgroundThread] [HttpServletRequestWrapper.java:191] - getAttribute(RealPath)
[2020-08-14 14:13:33,128] [DEBUG] [APAS-BackgroundThread] [background_jsp.java:528] - BACKGROUND JOB: ended
[2020-08-14 14:13:33,128] [DEBUG] [APAS-BackgroundThread] [BackgroundThread.java:37] - running backgroundjob for app verlag
[2020-08-14 14:13:33,128] [DEBUG] [APAS-BackgroundThread] [HttpServletRequestWrapper.java:299] - setAttribute(app,com.andtek.andphone.provisioning.project.Project@5818f1d8)
[2020-08-14 14:13:33,129] [DEBUG] [APAS-BackgroundThread] [HttpServletRequestWrapper.java:299] - setAttribute(pageURL,http://10.51.51.122:8080/andphone/provisioning/verlag/background.jsp)
[2020-08-14 14:13:33,129] [DEBUG] [APAS-BackgroundThread] [HttpServletRequestWrapper.java:299] - setAttribute(RealPath,/var/lib/tomcat/webapps/andphone/provisioning/verlag/)
[2020-08-14 14:13:33,129] [DEBUG] [APAS-BackgroundThread] [HttpServletRequestWrapper.java:191] - getAttribute(javax.servlet.include.context_path)
[2020-08-14 14:13:33,129] [DEBUG] [APAS-BackgroundThread] [HttpServletRequestWrapper.java:101] - getContextPath
[2020-08-14 14:13:33,129] [DEBUG] [APAS-BackgroundThread] [HttpServletRequestWrapper.java:191] - getAttribute(org.apache.catalina.core.DISPATCHER_TYPE)
[2020-08-14 14:13:33,129] [DEBUG] [APAS-BackgroundThread] [HttpServletRequestWrapper.java:191] - getAttribute(org.apache.catalina.core.DISPATCHER_REQUEST_PATH)
[2020-08-14 14:13:33,129] [DEBUG] [APAS-BackgroundThread] [HttpServletRequestWrapper.java:101] - getContextPath
[2020-08-14 14:13:33,129] [DEBUG] [APAS-BackgroundThread] [HttpServletRequestWrapper.java:89] - getPathInfo
[2020-08-14 14:13:33,129] [DEBUG] [APAS-BackgroundThread] [HttpServletRequestWrapper.java:107] - getQueryString
[2020-08-14 14:13:33,129] [DEBUG] [APAS-BackgroundThread] [HttpServletRequestWrapper.java:137] - getRequestURI
[2020-08-14 14:13:33,129] [DEBUG] [APAS-BackgroundThread] [HttpServletRequestWrapper.java:149] - getServletPath
[2020-08-14 14:13:33,129] [DEBUG] [APAS-BackgroundThread] [HttpServletRequestWrapper.java:191] - getAttribute(org.apache.catalina.jsp_file)
[2020-08-14 14:13:33,129] [DEBUG] [APAS-BackgroundThread] [HttpServletRequestWrapper.java:83] - getMethod
[2020-08-14 14:13:33,130] [DEBUG] [APAS-BackgroundThread] [HttpServletRequestWrapper.java:155] - getSession(false)
[2020-08-14 14:13:33,130] [DEBUG] [APAS-BackgroundThread] [HttpSessionWrapper.java:24] - getId
[2020-08-14 14:13:33,130] [DEBUG] [APAS-BackgroundThread] [background_jsp.java:1037] - BACKGROUND JOB: started
[2020-08-14 14:13:33,130] [DEBUG] [APAS-BackgroundThread] [HttpServletRequestWrapper.java:191] - getAttribute(app)
[2020-08-14 14:13:33,130] [DEBUG] [APAS-BackgroundThread] [HttpServletRequestWrapper.java:191] - getAttribute(RealPath)
[2020-08-14 14:13:33,130] [DEBUG] [APAS-BackgroundThread] [background_jsp.java:1063] - BACKGROUND JOB: starting phone number synchronization process...
[2020-08-14 14:13:33,130] [DEBUG] [APAS-BackgroundThread] [background_jsp.java:1110] - BACKGROUND JOB: dueTime=Fri Aug 14 00:30:00 CEST 2020 [1597357800000]
[2020-08-14 14:13:33,130] [DEBUG] [APAS-BackgroundThread] [background_jsp.java:1244] - BACKGROUND JOB: ended
[2020-08-14 14:13:37,796] [INFO] [APAS-ScanForNewDevicesThread-1] [ScanForNewDevices.java:118] - No SuperProvider capability, cannot scan for new devices.
[2020-08-14 14:13:37,796] [DEBUG] [APAS-ScanForNewDevicesThread-1] [ScanForNewDevices.java:75] - doScanDevices() finished successfully! executionCounter=0
[2020-08-14 14:13:38,436] [INFO] [springTaskScheduler-1] [ProvisioningSyncTask.java:113] - ProvSyncTask: Do NOT sync now, next SYNC_PERIOD is not passed yet. 
[2020-08-14 14:13:38,437] [INFO] [springTaskScheduler-1] [ProvisioningSyncTask.java:115] - Current cache is valid until : Sat Aug 15 01:00:00 CEST 2020
[2020-08-14 14:13:44,809] [DEBUG] [APAS-TimerDaemon] [DirectoryXmlService.java:2514] - runLdapInternalCacheGC(): starting garbage collector for directory search cache...
[2020-08-14 14:13:44,810] [DEBUG] [APAS-TimerDaemon] [Module.java:678] - Checking sniffer connection
[2020-08-14 14:13:52,835] [DEBUG] [APAS-TimerDaemon] [TableBaseDao.java:347] - SQL: SELECT * FROM lockout_profiles ORDER BY name -- PARAM: 
[2020-08-14 14:13:54,573] [DEBUG] [APAS-ServerGroupVerifier] [ServerGroup.java:685] - ServerGroup[1,Default AXL ServerGroup,true]: checkServerAvailability() checking prio 10
[2020-08-14 14:13:54,573] [DEBUG] [APAS-ServerGroupVerifier] [ServerGroup.java:727] - ServerGroup[1,Default AXL ServerGroup,true]: checkServerAvailability() completed, found 1/1
[2020-08-14 14:13:54,579] [DEBUG] [APAS-ServerGroupVerifier] [ServerGroup.java:618] - ServerGroupVerifier for ServerGroup[2,Default JTAPI ServerGroup,false] said: availability verification is disabled for this server group.
[2020-08-14 14:13:55,307] [DEBUG] [APAS-ServerGroupVerifier] [ServerGroup.java:685] - ServerGroup[4,Andguard local,true]: checkServerAvailability() checking prio 10
[2020-08-14 14:13:55,308] [DEBUG] [APAS-ServerGroupVerifier] [ANDGuardConnector.java:56] - verify connection
[2020-08-14 14:13:55,308] [DEBUG] [APAS-ServerGroupVerifier] [RestCall.java:51] - REST CALL to http://127.0.0.1:8081/andguard/rest/server/available
[2020-08-14 14:13:55,319] [DEBUG] [APAS-ServerGroupVerifier] [RestCall.java:57] - GET on [http://127.0.0.1:8081/andguard/rest/server/available], status code [200 OK]
[2020-08-14 14:13:55,319] [DEBUG] [APAS-ServerGroupVerifier] [RestCall.java:80] - REST Call to http://127.0.0.1:8081/andguard/rest/server/available, duration: 11 ms
[2020-08-14 14:13:55,319] [DEBUG] [APAS-ServerGroupVerifier] [RestCall.java:82] - got: true
[2020-08-14 14:13:55,319] [DEBUG] [APAS-ServerGroupVerifier] [ServerGroup.java:727] - ServerGroup[4,Andguard local,true]: checkServerAvailability() completed, found 1/1
[2020-08-14 14:14:04,151] [DEBUG] [APAS-BackgroundThread] [BackgroundThread.java:37] - running backgroundjob for app leoni
[2020-08-14 14:14:04,151] [DEBUG] [APAS-BackgroundThread] [HttpServletRequestWrapper.java:299] - setAttribute(app,com.andtek.andphone.provisioning.project.Project@52cba8b7)
[2020-08-14 14:14:04,151] [DEBUG] [APAS-BackgroundThread] [HttpServletRequestWrapper.java:299] - setAttribute(pageURL,http://10.51.51.122:8080/andphone/provisioning/leoni/background.jsp)
[2020-08-14 14:14:04,151] [DEBUG] [APAS-BackgroundThread] [HttpServletRequestWrapper.java:299] - setAttribute(RealPath,/var/lib/tomcat/webapps/andphone/provisioning/leoni/)
[2020-08-14 14:14:04,152] [DEBUG] [APAS-BackgroundThread] [HttpServletRequestWrapper.java:191] - getAttribute(javax.servlet.include.context_path)
[2020-08-14 14:14:04,152] [DEBUG] [APAS-BackgroundThread] [HttpServletRequestWrapper.java:101] - getContextPath
[2020-08-14 14:14:04,152] [DEBUG] [APAS-BackgroundThread] [HttpServletRequestWrapper.java:191] - getAttribute(org.apache.catalina.core.DISPATCHER_TYPE)
[2020-08-14 14:14:04,152] [DEBUG] [APAS-BackgroundThread] [HttpServletRequestWrapper.java:191] - getAttribute(org.apache.catalina.core.DISPATCHER_REQUEST_PATH)
[2020-08-14 14:14:04,152] [DEBUG] [APAS-BackgroundThread] [HttpServletRequestWrapper.java:101] - getContextPath
[2020-08-14 14:14:04,152] [DEBUG] [APAS-BackgroundThread] [HttpServletRequestWrapper.java:89] - getPathInfo
[2020-08-14 14:14:04,152] [DEBUG] [APAS-BackgroundThread] [HttpServletRequestWrapper.java:107] - getQueryString
[2020-08-14 14:14:04,152] [DEBUG] [APAS-BackgroundThread] [HttpServletRequestWrapper.java:137] - getRequestURI
[2020-08-14 14:14:04,152] [DEBUG] [APAS-BackgroundThread] [HttpServletRequestWrapper.java:149] - getServletPath
[2020-08-14 14:14:04,152] [DEBUG] [APAS-BackgroundThread] [HttpServletRequestWrapper.java:191] - getAttribute(org.apache.catalina.jsp_file)
[2020-08-14 14:14:04,153] [DEBUG] [APAS-BackgroundThread] [HttpServletRequestWrapper.java:83] - getMethod
[2020-08-14 14:14:04,153] [DEBUG] [APAS-BackgroundThread] [HttpServletRequestWrapper.java:155] - getSession(false)
[2020-08-14 14:14:04,153] [DEBUG] [APAS-BackgroundThread] [HttpSessionWrapper.java:24] - getId
[2020-08-14 14:14:04,153] [DEBUG] [APAS-BackgroundThread] [background_jsp.java:399] - BACKGROUND JOB: started
[2020-08-14 14:14:04,153] [DEBUG] [APAS-BackgroundThread] [HttpServletRequestWrapper.java:191] - getAttribute(app)
[2020-08-14 14:14:04,154] [DEBUG] [APAS-BackgroundThread] [HttpServletRequestWrapper.java:191] - getAttribute(RealPath)
[2020-08-14 14:14:04,154] [DEBUG] [APAS-BackgroundThread] [background_jsp.java:425] - BACKGROUND JOB: starting phone number synchronization process...
[2020-08-14 14:14:04,154] [DEBUG] [APAS-BackgroundThread] [background_jsp.java:472] - BACKGROUND JOB: dueTime=Fri Aug 14 00:30:00 CEST 2020 [1597357800000]
[2020-08-14 14:14:04,154] [DEBUG] [APAS-BackgroundThread] [background_jsp.java:606] - BACKGROUND JOB: ended
[2020-08-14 14:14:04,154] [DEBUG] [APAS-BackgroundThread] [BackgroundThread.java:37] - running backgroundjob for app wacker
[2020-08-14 14:14:04,154] [DEBUG] [APAS-BackgroundThread] [HttpServletRequestWrapper.java:299] - setAttribute(app,com.andtek.andphone.provisioning.project.Project@7950b055)
[2020-08-14 14:14:04,154] [DEBUG] [APAS-BackgroundThread] [HttpServletRequestWrapper.java:299] - setAttribute(pageURL,http://10.51.51.122:8080/andphone/provisioning/wacker/background.jsp)
[2020-08-14 14:14:04,154] [DEBUG] [APAS-BackgroundThread] [HttpServletRequestWrapper.java:299] - setAttribute(RealPath,/var/lib/tomcat/webapps/andphone/provisioning/wacker/)
[2020-08-14 14:14:04,154] [DEBUG] [APAS-BackgroundThread] [HttpServletRequestWrapper.java:191] - getAttribute(javax.servlet.include.context_path)
[2020-08-14 14:14:04,154] [DEBUG] [APAS-BackgroundThread] [HttpServletRequestWrapper.java:101] - getContextPath
[2020-08-14 14:14:04,154] [DEBUG] [APAS-BackgroundThread] [HttpServletRequestWrapper.java:191] - getAttribute(org.apache.catalina.core.DISPATCHER_TYPE)
[2020-08-14 14:14:04,155] [DEBUG] [APAS-BackgroundThread] [HttpServletRequestWrapper.java:191] - getAttribute(org.apache.catalina.core.DISPATCHER_REQUEST_PATH)
[2020-08-14 14:14:04,155] [DEBUG] [APAS-BackgroundThread] [HttpServletRequestWrapper.java:101] - getContextPath
[2020-08-14 14:14:04,155] [DEBUG] [APAS-BackgroundThread] [HttpServletRequestWrapper.java:89] - getPathInfo
[2020-08-14 14:14:04,155] [DEBUG] [APAS-BackgroundThread] [HttpServletRequestWrapper.java:107] - getQueryString
[2020-08-14 14:14:04,155] [DEBUG] [APAS-BackgroundThread] [HttpServletRequestWrapper.java:137] - getRequestURI
[2020-08-14 14:14:04,155] [DEBUG] [APAS-BackgroundThread] [HttpServletRequestWrapper.java:149] - getServletPath
[2020-08-14 14:14:04,155] [DEBUG] [APAS-BackgroundThread] [HttpServletRequestWrapper.java:191] - getAttribute(org.apache.catalina.jsp_file)
[2020-08-14 14:14:04,155] [DEBUG] [APAS-BackgroundThread] [HttpServletRequestWrapper.java:83] - getMethod
[2020-08-14 14:14:04,155] [DEBUG] [APAS-BackgroundThread] [HttpServletRequestWrapper.java:155] - getSession(false)
[2020-08-14 14:14:04,155] [DEBUG] [APAS-BackgroundThread] [HttpSessionWrapper.java:24] - getId
[2020-08-14 14:14:04,155] [DEBUG] [APAS-BackgroundThread] [background_jsp.java:272] - BACKGROUND JOB: started
[2020-08-14 14:14:04,155] [DEBUG] [APAS-BackgroundThread] [HttpServletRequestWrapper.java:191] - getAttribute(app)
[2020-08-14 14:14:04,155] [DEBUG] [APAS-BackgroundThread] [HttpServletRequestWrapper.java:191] - getAttribute(RealPath)
[2020-08-14 14:14:04,155] [DEBUG] [APAS-BackgroundThread] [background_jsp.java:528] - BACKGROUND JOB: ended
[2020-08-14 14:14:04,155] [DEBUG] [APAS-BackgroundThread] [BackgroundThread.java:37] - running backgroundjob for app verlag
[2020-08-14 14:14:04,156] [DEBUG] [APAS-BackgroundThread] [HttpServletRequestWrapper.java:299] - setAttribute(app,com.andtek.andphone.provisioning.project.Project@5818f1d8)
[2020-08-14 14:14:04,156] [DEBUG] [APAS-BackgroundThread] [HttpServletRequestWrapper.java:299] - setAttribute(pageURL,http://10.51.51.122:8080/andphone/provisioning/verlag/background.jsp)
[2020-08-14 14:14:04,156] [DEBUG] [APAS-BackgroundThread] [HttpServletRequestWrapper.java:299] - setAttribute(RealPath,/var/lib/tomcat/webapps/andphone/provisioning/verlag/)
[2020-08-14 14:14:04,156] [DEBUG] [APAS-BackgroundThread] [HttpServletRequestWrapper.java:191] - getAttribute(javax.servlet.include.context_path)
[2020-08-14 14:14:04,156] [DEBUG] [APAS-BackgroundThread] [HttpServletRequestWrapper.java:101] - getContextPath
[2020-08-14 14:14:04,156] [DEBUG] [APAS-BackgroundThread] [HttpServletRequestWrapper.java:191] - getAttribute(org.apache.catalina.core.DISPATCHER_TYPE)
[2020-08-14 14:14:04,156] [DEBUG] [APAS-BackgroundThread] [HttpServletRequestWrapper.java:191] - getAttribute(org.apache.catalina.core.DISPATCHER_REQUEST_PATH)
[2020-08-14 14:14:04,156] [DEBUG] [APAS-BackgroundThread] [HttpServletRequestWrapper.java:101] - getContextPath
[2020-08-14 14:14:04,156] [DEBUG] [APAS-BackgroundThread] [HttpServletRequestWrapper.java:89] - getPathInfo
[2020-08-14 14:14:04,156] [DEBUG] [APAS-BackgroundThread] [HttpServletRequestWrapper.java:107] - getQueryString
[2020-08-14 14:14:04,156] [DEBUG] [APAS-BackgroundThread] [HttpServletRequestWrapper.java:137] - getRequestURI
[2020-08-14 14:14:04,156] [DEBUG] [APAS-BackgroundThread] [HttpServletRequestWrapper.java:149] - getServletPath
[2020-08-14 14:14:04,156] [DEBUG] [APAS-BackgroundThread] [HttpServletRequestWrapper.java:191] - getAttribute(org.apache.catalina.jsp_file)
[2020-08-14 14:14:04,156] [DEBUG] [APAS-BackgroundThread] [HttpServletRequestWrapper.java:83] - getMethod
[2020-08-14 14:14:04,157] [DEBUG] [APAS-BackgroundThread] [HttpServletRequestWrapper.java:155] - getSession(false)
[2020-08-14 14:14:04,157] [DEBUG] [APAS-BackgroundThread] [HttpSessionWrapper.java:24] - getId
[2020-08-14 14:14:04,157] [DEBUG] [APAS-BackgroundThread] [background_jsp.java:1037] - BACKGROUND JOB: started
[2020-08-14 14:14:04,157] [DEBUG] [APAS-BackgroundThread] [HttpServletRequestWrapper.java:191] - getAttribute(app)
[2020-08-14 14:14:04,157] [DEBUG] [APAS-BackgroundThread] [HttpServletRequestWrapper.java:191] - getAttribute(RealPath)
[2020-08-14 14:14:04,157] [DEBUG] [APAS-BackgroundThread] [background_jsp.java:1063] - BACKGROUND JOB: starting phone number synchronization process...
[2020-08-14 14:14:04,157] [DEBUG] [APAS-BackgroundThread] [background_jsp.java:1110] - BACKGROUND JOB: dueTime=Fri Aug 14 00:30:00 CEST 2020 [1597357800000]
[2020-08-14 14:14:04,157] [DEBUG] [APAS-BackgroundThread] [background_jsp.java:1244] - BACKGROUND JOB: ended
[2020-08-14 14:14:04,394] [DEBUG] [APAS-bg-thread-recorder] [XMLSocket.java:285] - XML_SOCKET::sending XML [<getStatus seq="76" />]
[2020-08-14 14:14:04,396] [DEBUG] [APAS-bg-thread-recorder] [XMLSocket.java:339] - XML_SOCKET::got response [getStatusResponse: null]
[2020-08-14 14:14:04,396] [DEBUG] [APAS-bg-thread-recorder] [RecorderRealtimeStatus.java:41] - getStatus called, status now: OK, last status: OK
[2020-08-14 14:14:07,796] [INFO] [APAS-ScanForNewDevicesThread-1] [ScanForNewDevices.java:118] - No SuperProvider capability, cannot scan for new devices.
[2020-08-14 14:14:07,796] [DEBUG] [APAS-ScanForNewDevicesThread-1] [ScanForNewDevices.java:75] - doScanDevices() finished successfully! executionCounter=0
[2020-08-14 14:14:14,903] [DEBUG] [APAS-TimerDaemon] [Module.java:678] - Checking sniffer connection
[2020-08-14 14:14:23,931] [DEBUG] [APAS-TimerDaemon] [TableBaseDao.java:347] - SQL: SELECT * FROM lockout_profiles ORDER BY name -- PARAM: 
