Java HotSpot(TM) 64-Bit Server VM warning: ignoring option PermSize=256m; support was removed in 8.0
Java HotSpot(TM) 64-Bit Server VM warning: ignoring option MaxPermSize=256m; support was removed in 8.0
Java HotSpot(TM) 64-Bit Server VM warning: ignoring option PermSize=256m; support was removed in 8.0
Java HotSpot(TM) 64-Bit Server VM warning: ignoring option MaxPermSize=256m; support was removed in 8.0
2020-08-14 14:08:16,733 WARNING [main] org.apache.catalina.startup.SetAllPropertiesRule.begin [SetAllPropertiesRule]{Server/Service/Connector} Setting property 'compressibleMimeType' to 'text/css,text/javascript,application/x-javascript,application/javascript,application/json' did not find a matching property.
2020-08-14 14:08:16,736 WARNING [main] org.apache.catalina.startup.SetAllPropertiesRule.begin [SetAllPropertiesRule]{Server/Service/Connector} Setting property 'compressibleMimeType' to 'text/css,text/javascript,application/x-javascript,application/javascript,application/json' did not find a matching property.
2020-08-14 14:08:16,770 INFO [main] org.apache.catalina.startup.VersionLoggerListener.log Server version:        Apache Tomcat/8.0.35
2020-08-14 14:08:16,770 INFO [main] org.apache.catalina.startup.VersionLoggerListener.log Server built:          2016-05-11 21:57:16,770 UTC
2020-08-14 14:08:16,770 INFO [main] org.apache.catalina.startup.VersionLoggerListener.log Server number:         8.0.35.0
2020-08-14 14:08:16,770 INFO [main] org.apache.catalina.startup.VersionLoggerListener.log OS Name:               Linux
2020-08-14 14:08:16,770 INFO [main] org.apache.catalina.startup.VersionLoggerListener.log OS Version:            3.10.0-514.21.1.el7.x86_64
2020-08-14 14:08:16,770 INFO [main] org.apache.catalina.startup.VersionLoggerListener.log Architecture:          amd64
2020-08-14 14:08:16,771 INFO [main] org.apache.catalina.startup.VersionLoggerListener.log Java Home:             /usr/java/jdk1.8.0_144/jre
2020-08-14 14:08:16,771 INFO [main] org.apache.catalina.startup.VersionLoggerListener.log JVM Version:           1.8.0_144-b01
2020-08-14 14:08:16,771 INFO [main] org.apache.catalina.startup.VersionLoggerListener.log JVM Vendor:            Oracle Corporation
2020-08-14 14:08:16,771 INFO [main] org.apache.catalina.startup.VersionLoggerListener.log CATALINA_BASE:         /usr/share/tomcat
2020-08-14 14:08:16,771 INFO [main] org.apache.catalina.startup.VersionLoggerListener.log CATALINA_HOME:         /usr/share/tomcat
2020-08-14 14:08:16,771 INFO [main] org.apache.catalina.startup.VersionLoggerListener.log Command line argument: -Xmx1895M
2020-08-14 14:08:16,771 INFO [main] org.apache.catalina.startup.VersionLoggerListener.log Command line argument: -XX:NewSize=256m
2020-08-14 14:08:16,771 INFO [main] org.apache.catalina.startup.VersionLoggerListener.log Command line argument: -XX:MaxNewSize=256m
2020-08-14 14:08:16,771 INFO [main] org.apache.catalina.startup.VersionLoggerListener.log Command line argument: -XX:PermSize=256m
2020-08-14 14:08:16,772 INFO [main] org.apache.catalina.startup.VersionLoggerListener.log Command line argument: -XX:MaxPermSize=256m
2020-08-14 14:08:16,772 INFO [main] org.apache.catalina.startup.VersionLoggerListener.log Command line argument: -XX:+DisableExplicitGC
2020-08-14 14:08:16,772 INFO [main] org.apache.catalina.startup.VersionLoggerListener.log Command line argument: -Dname=tomcat
2020-08-14 14:08:16,772 INFO [main] org.apache.catalina.startup.VersionLoggerListener.log Command line argument: -Dcom.sun.management.jmxremote
2020-08-14 14:08:16,772 INFO [main] org.apache.catalina.startup.VersionLoggerListener.log Command line argument: -Dcom.sun.management.jmxremote.port=9004
2020-08-14 14:08:16,772 INFO [main] org.apache.catalina.startup.VersionLoggerListener.log Command line argument: -Dcom.sun.management.jmxremote.ssl=false
2020-08-14 14:08:16,772 INFO [main] org.apache.catalina.startup.VersionLoggerListener.log Command line argument: -Dcom.sun.management.jmxremote.authenticate=true
2020-08-14 14:08:16,772 INFO [main] org.apache.catalina.startup.VersionLoggerListener.log Command line argument: -Dcom.sun.management.jmxremote.password.file=/usr/share/tomcat/conf/jmxremote.password
2020-08-14 14:08:16,772 INFO [main] org.apache.catalina.startup.VersionLoggerListener.log Command line argument: -Dcom.sun.management.jmxremote.access.file=/usr/share/tomcat/conf/jmxremote.access
2020-08-14 14:08:16,772 INFO [main] org.apache.catalina.startup.VersionLoggerListener.log Command line argument: -Dcatalina.base=/usr/share/tomcat
2020-08-14 14:08:16,772 INFO [main] org.apache.catalina.startup.VersionLoggerListener.log Command line argument: -Dcatalina.home=/usr/share/tomcat
2020-08-14 14:08:16,773 INFO [main] org.apache.catalina.startup.VersionLoggerListener.log Command line argument: -Djava.endorsed.dirs=
2020-08-14 14:08:16,773 INFO [main] org.apache.catalina.startup.VersionLoggerListener.log Command line argument: -Djava.io.tmpdir=/var/cache/tomcat/temp
2020-08-14 14:08:16,773 INFO [main] org.apache.catalina.startup.VersionLoggerListener.log Command line argument: -Djava.util.logging.config.file=/usr/share/tomcat/conf/logging.properties
2020-08-14 14:08:16,773 INFO [main] org.apache.catalina.startup.VersionLoggerListener.log Command line argument: -Djava.util.logging.manager=org.apache.juli.ClassLoaderLogManager
2020-08-14 14:08:16,773 INFO [main] org.apache.catalina.core.AprLifecycleListener.lifecycleEvent The APR based Apache Tomcat Native library which allows optimal performance in production environments was not found on the java.library.path: /usr/java/packages/lib/amd64:/usr/lib64:/lib64:/lib:/usr/lib
2020-08-14 14:08:17,070 INFO [main] org.apache.coyote.AbstractProtocol.init Initializing ProtocolHandler ["http-nio-8080"]
2020-08-14 14:08:17,089 INFO [main] org.apache.tomcat.util.net.NioSelectorPool.getSharedSelector Using a shared selector for servlet write/read
2020-08-14 14:08:17,092 INFO [main] org.apache.coyote.AbstractProtocol.init Initializing ProtocolHandler ["http-nio-8443"]
2020-08-14 14:08:17,309 INFO [main] org.apache.tomcat.util.net.NioSelectorPool.getSharedSelector Using a shared selector for servlet write/read
2020-08-14 14:08:17,310 INFO [main] org.apache.catalina.startup.Catalina.load Initialization processed in 890 ms
2020-08-14 14:08:17,336 INFO [main] org.apache.catalina.core.StandardService.startInternal Starting service Catalina
2020-08-14 14:08:17,336 INFO [main] org.apache.catalina.core.StandardEngine.startInternal Starting Servlet Engine: Apache Tomcat/8.0.35
2020-08-14 14:08:17,345 INFO [localhost-startStop-1] org.apache.catalina.startup.HostConfig.deployDirectory Deploying web application directory /var/lib/tomcat/webapps/ROOT
2020-08-14 14:08:19,079 INFO [localhost-startStop-1] org.apache.jasper.servlet.TldScanner.scanJars At least one JAR was scanned for TLDs yet contained no TLDs. Enable debug logging for this logger for a complete list of JARs that were scanned but no TLDs were found in them. Skipping unneeded JARs during scanning can improve startup time and JSP compilation time.
2020-08-14 14:09:03,244 INFO [localhost-startStop-1] org.apache.catalina.util.SessionIdGeneratorBase.createSecureRandom Creation of SecureRandom instance for session ID generation using [SHA1PRNG] took [44,140] milliseconds.
2020-08-14 14:09:03,294 INFO [localhost-startStop-1] org.apache.catalina.startup.HostConfig.deployDirectory Deployment of web application directory /var/lib/tomcat/webapps/ROOT has finished in 45,949 ms
2020-08-14 14:09:03,294 INFO [localhost-startStop-1] org.apache.catalina.startup.HostConfig.deployDirectory Deploying web application directory /var/lib/tomcat/webapps/andguard
2020-08-14 14:09:04,383 INFO [localhost-startStop-1] org.apache.jasper.servlet.TldScanner.scanJars At least one JAR was scanned for TLDs yet contained no TLDs. Enable debug logging for this logger for a complete list of JARs that were scanned but no TLDs were found in them. Skipping unneeded JARs during scanning can improve startup time and JSP compilation time.
2020-08-14 14:09:04,385 INFO [localhost-startStop-1] org.apache.catalina.startup.HostConfig.deployDirectory Deployment of web application directory /var/lib/tomcat/webapps/andguard has finished in 1,091 ms
2020-08-14 14:09:04,387 INFO [localhost-startStop-1] org.apache.catalina.startup.HostConfig.deployDirectory Deploying web application directory /var/lib/tomcat/webapps/andphone
2020-08-14 14:09:30,820 INFO [localhost-startStop-1] org.apache.jasper.servlet.TldScanner.scanJars At least one JAR was scanned for TLDs yet contained no TLDs. Enable debug logging for this logger for a complete list of JARs that were scanned but no TLDs were found in them. Skipping unneeded JARs during scanning can improve startup time and JSP compilation time.
Loading class `com.mysql.jdbc.Driver'. This is deprecated. The new driver class is `com.mysql.cj.jdbc.Driver'. The driver is automatically registered via the SPI and manual loading of the driver class is generally unnecessary.
2020-08-14 14:09:36,516 SEVERE [localhost-startStop-1] com.avaje.ebean.config.PropertyMapLoader.load ebean.properties not found
2020-08-14 14:09:36,554 WARNING [localhost-startStop-1] com.avaje.ebeaninternal.server.core.DefaultServerFactory.checkDataSource DataSource [apas_db] has autoCommit defaulting to true!
2020-08-14 14:09:36,567 INFO [localhost-startStop-1] com.avaje.ebeaninternal.server.core.DefaultServerFactory.setDatabasePlatform DatabasePlatform name:apas_db platform:postgres
2020-08-14 14:09:36,587 INFO [localhost-startStop-1] com.avaje.ebeaninternal.server.subclass.SubClassManager$1.run SubClassFactory parent ClassLoader [org.apache.catalina.loader.WebappClassLoader]
2020-08-14 14:09:36,667 INFO [localhost-startStop-1] com.avaje.ebeaninternal.server.resource.ResourceManagerFactory.createFileSource ResourceManager initialised: type[file] [/usr/share/tomcat/webapps/ROOT/WEB-INF]
2020-08-14 14:09:36,884 WARNING [localhost-startStop-1] com.avaje.ebeaninternal.server.deploy.BeanDescriptorManager.setIdGeneration Bean [com.andtek.andphone.mcast2.impl.BroadcastParameter] has no unique id set
2020-08-14 14:09:36,923 INFO [localhost-startStop-1] com.avaje.ebeaninternal.server.deploy.BeanDescriptorManager.logStatus Entities enhanced[0] subclassed[7]
2020-08-14 14:09:39,948 WARNING [localhost-startStop-1] com.avaje.ebeaninternal.server.core.DefaultServerFactory.checkDataSource DataSource [db_apas] has autoCommit defaulting to true!
2020-08-14 14:09:39,948 INFO [localhost-startStop-1] com.avaje.ebeaninternal.server.core.DefaultServerFactory.setDatabasePlatform DatabasePlatform name:db_apas platform:postgres
2020-08-14 14:09:39,949 INFO [localhost-startStop-1] com.avaje.ebeaninternal.server.subclass.SubClassManager$1.run SubClassFactory parent ClassLoader [org.apache.catalina.loader.WebappClassLoader]
2020-08-14 14:09:39,950 INFO [localhost-startStop-1] com.avaje.ebeaninternal.server.resource.ResourceManagerFactory.createFileSource ResourceManager initialised: type[file] [/usr/share/tomcat/webapps/ROOT/WEB-INF]
2020-08-14 14:09:39,958 INFO [localhost-startStop-1] com.avaje.ebeaninternal.server.deploy.BeanDescriptorManager.logStatus Entities enhanced[0] subclassed[1]
2020-08-14 14:09:45,420 INFO [localhost-startStop-1] org.apache.catalina.startup.HostConfig.deployDirectory Deployment of web application directory /var/lib/tomcat/webapps/andphone has finished in 41,033 ms
2020-08-14 14:09:45,426 INFO [main] org.apache.coyote.AbstractProtocol.start Starting ProtocolHandler ["http-nio-8080"]
2020-08-14 14:09:45,435 INFO [main] org.apache.coyote.AbstractProtocol.start Starting ProtocolHandler ["http-nio-8443"]
2020-08-14 14:09:45,441 INFO [main] org.apache.catalina.startup.Catalina.start Server startup in 88131 ms
SSL ON
2020-08-14T14:10:09,221|INFO |APAS-JTAPIThread|de.dfki.lt.tools.tokenizer.JTok|loading language resources for de from jtok/de
2020-08-14T14:10:09,790|INFO |APAS-JTAPIThread|de.dfki.lt.tools.tokenizer.JTok|loading language resources for en from jtok/en
2020-08-14T14:10:12,281|INFO |APAS-JTAPIThread|de.dfki.lt.tools.tokenizer.JTok|loading language resources for en from jtok/en
