Performance Statistics   2019-10-11 09:50:00 - 2019-10-11 09:50:30
Tag                                                  Avg(ms)         Min         Max     Std Dev       Count
api.non-authenticated.server.available.error           185.0         185         185         0.0           1
axl.SOAPRequest.read.ok                                249.0          47         451       202.0           2
axl.initialization.ok                                  460.0         460         460         0.0           1
global.bg.ok                                             1.4           0         324        16.5         750
global.event_dispatch.ok                                 2.2           0           6         2.7           5
global.prov_ev.andmobile.ok                              0.0           0           0         0.0           2
global.prov_ev.android.ok                                0.0           0           0         0.0           2
global.prov_ev.apps.ok                                   0.0           0           0         0.0           2
global.prov_ev.blacklist.ok                              0.0           0           0         0.0           2
global.prov_ev.calllist.ok                               0.0           0           0         0.0           2
global.prov_ev.callrouting.ok                            0.0           0           0         0.0           2
global.prov_ev.communicator.ok                           0.0           0           0         0.0           2
global.prov_ev.dect.ok                                   0.0           0           0         0.0           2
global.prov_ev.desktop.ok                                0.0           0           0         0.0           2
global.prov_ev.groupacd.ok                              12.5           1          24        11.5           2
global.prov_ev.inout.ok                                  0.0           0           0         0.0           2
global.prov_ev.ldap.ok                                   0.0           0           0         0.0           2
global.prov_ev.lockout.ok                                0.0           0           0         0.0           2
global.prov_ev.mcast.ok                                  0.0           0           0         0.0           2
global.prov_ev.monitoring.ok                             0.0           0           0         0.0           2
global.prov_ev.partner.ok                                1.0           1           1         0.0           2
global.prov_ev.phonemenu.ok                              0.0           0           0         0.0           2
global.prov_ev.provisioning.ok                           3.0           0           6         3.0           2
global.prov_ev.recorder.ok                               0.0           0           0         0.0           2
global.prov_ev.recordermgmt.ok                           0.0           0           0         0.0           2
global.prov_ev.webuser.ok                                0.0           0           0         0.0           2
partner.initialization.ok                               38.0          38          38         0.0           1
webuser.providerEvent.OK                                 0.0           0           0         0.0           2

Performance Statistics   2019-10-11 09:50:00 - 2019-10-11 09:50:30
Tag                                                  Avg(ms)         Min         Max     Std Dev       Count
callrouting.cache_emailnotify_gc#                        0.0           0           0         0.0           1
global.disk_util#                                        0.0           0           0         0.0           1
global.events.add#                                       0.0           0           0         0.0          12
global.events.dropped#                                   0.0           0           0         0.0           7
global.events.enqueue#                                   0.0           0           0         0.0           5
global.events.queues.APAS-defaultWorker-1~               1.0           1           1         0.0           1
global.events.queues.APAS-defaultWorker-2~               1.0           1           1         0.0           1
global.events.queues.APAS-defaultWorker-3~               1.0           1           1         0.0           1
global.events.queues.APAS-defaultWorker-4~               1.0           1           1         0.0           1
global.events.queues.APAS-defaultWorker-5~               1.0           1           1         0.0           1
global.jtapi.provInServiceEvt#                           0.0           0           0         0.0           1
global.jtapi.provOutServiceEvt#                          0.0           0           0         0.0           1

Performance Statistics   2019-10-11 09:50:30 - 2019-10-11 09:51:00
Tag                                                  Avg(ms)         Min         Max     Std Dev       Count
axl.SOAPRequest.read.ok                                138.8          28         273        77.3          13
communicator.obs.TermInService.ok                        0.0           0           0         0.0           2
global.bg.ok                                             0.1           0          86         2.3        1500
global.event_dispatch.ok                               340.0           0        1039       462.8          18
global.jtapi.init.andmobile.error                        2.0           2           2         0.0           1
global.jtapi.init.andmobile.ok                           2.0           2           2         0.0           1
global.jtapi.init.android.ok                             0.0           0           0         0.0           1
global.jtapi.init.apps.ok                                0.0           0           0         0.0           1
global.jtapi.init.blacklist.ok                           0.0           0           0         0.0           1
global.jtapi.init.calllist.ok                            0.0           0           0         0.0           1
global.jtapi.init.callrouting.error                     12.0          12          12         0.0           1
global.jtapi.init.callrouting.ok                        12.0          12          12         0.0           1
global.jtapi.init.communicator.error                     4.0           4           4         0.0           1
global.jtapi.init.communicator.ok                        4.0           4           4         0.0           1
global.jtapi.init.dect.ok                                0.0           0           0         0.0           1
global.jtapi.init.desktop.ok                             0.0           0           0         0.0           1
global.jtapi.init.groupacd.ok                            1.0           1           1         0.0           1
global.jtapi.init.inout.ok                               0.0           0           0         0.0           1
global.jtapi.init.ldap.ok                                4.0           4           4         0.0           1
global.jtapi.init.lockout.ok                             0.0           0           0         0.0           1
global.jtapi.init.mcast.ok                               3.0           3           3         0.0           1
global.jtapi.init.monitoring.ok                          0.0           0           0         0.0           1
global.jtapi.init.partner.ok                           218.0         218         218         0.0           1
global.jtapi.init.phonemenu.error                        0.0           0           0         0.0           1
global.jtapi.init.phonemenu.ok                           0.0           0           0         0.0           1
global.jtapi.init.provisioning.ok                        0.0           0           0         0.0           1
global.jtapi.init.recorder.ok                           18.0          18          18         0.0           1
global.jtapi.init.recordermgmt.ok                        0.0           0           0         0.0           1
global.jtapi.init.webuser.ok                             0.0           0           0         0.0           1
global.jtapi.initialization.ok                       11628.0       11628       11628         0.0           1
global.jtapi.push.ok                                    97.0          81         113        16.0           2
global.prov_ev.andmobile.ok                              0.0           0           0         0.0           1
global.prov_ev.android.ok                                0.0           0           0         0.0           1
global.prov_ev.apps.ok                                   0.0           0           0         0.0           1
global.prov_ev.blacklist.ok                              0.0           0           0         0.0           1
global.prov_ev.calllist.ok                               0.0           0           0         0.0           1
global.prov_ev.callrouting.ok                            0.0           0           0         0.0           1
global.prov_ev.communicator.ok                           0.0           0           0         0.0           1
global.prov_ev.dect.ok                                   0.0           0           0         0.0           1
global.prov_ev.desktop.ok                                0.0           0           0         0.0           1
global.prov_ev.groupacd.ok                               0.0           0           0         0.0           1
global.prov_ev.inout.ok                                  0.0           0           0         0.0           1
global.prov_ev.ldap.ok                                   0.0           0           0         0.0           1
global.prov_ev.lockout.ok                                0.0           0           0         0.0           1
global.prov_ev.mcast.ok                                  0.0           0           0         0.0           1
global.prov_ev.monitoring.ok                             0.0           0           0         0.0           1
global.prov_ev.partner.ok                                0.0           0           0         0.0           1
global.prov_ev.phonemenu.ok                              0.0           0           0         0.0           1
global.prov_ev.provisioning.ok                           0.0           0           0         0.0           1
global.prov_ev.recorder.ok                               0.0           0           0         0.0           1
global.prov_ev.recordermgmt.ok                           0.0           0           0         0.0           1
global.prov_ev.webuser.ok                                0.0           0           0         0.0           1
global.servletRequest.ok                               329.5         285         374        44.5           2
global.servletRequest.svc_security.ok                    0.0           0           0         0.0           2
partner.PGroupDisplay.getDisplayPNG.ok                 169.5           1         338       168.5           2
partner.PGroupDisplay.updateCache.ok                    26.2           0         257        76.9          10
partner.PGroupMember.PhoneDisplay.ok                     4.7           1          13         4.7          15
partner.PGroupMember.notifySubscrbrs.ok                  0.0           0           0         0.0          24
partner.PGroupMember.observe.ok                         62.0           3         100        42.3           3
partner.PGroupMember.uSAG.getGroupTerminals.ok           9.1           1          51        16.2           8
partner.PGroupMember.uSAG.notifySubscribers.1            0.8           0           3         1.3           8
partner.PGroupMember.uSAG.notifySubscribers.ok           3.8           0          30         9.9           8
partner.PGroupMember.uSAG.ok                            29.5           7          69        21.3           8
partner.PGroupMember.uSAG.prepPushData.ok                9.9           4          18         5.0           8
partner.PGroupMember.uSAG.push2Terms.ok                  0.8           0           6         2.0           8
partner.pdevice.checkPDeviceValidity.ok                  3.0           0          12         3.9          10
partner.servletRequest.ok                              312.0         273         351        39.0           2
startup.ccmphone.loadAttr.loadExt.ok                   370.5         261         480       109.5           2
startup.ccmphone.loadAttr.loadPhone.ok                 541.0         377         705       164.0           2
startup.comm.modu.CTE.1                                  0.0           0           0         0.0           1
startup.comm.modu.CTE.2                                  0.0           0           0         0.0           1
startup.comm.modu.CTE.6                                  0.0           0           0         0.0           1
startup.comm.modu.CTE.7                                  6.0           6           6         0.0           1
startup.comm.modu.CTE.ok                                 6.0           6           6         0.0           1
webuser.providerEvent.OK                                 0.0           0           0         0.0           1

Performance Statistics   2019-10-11 09:50:30 - 2019-10-11 09:51:00
Tag                                                  Avg(ms)         Min         Max     Std Dev       Count
callrouting.cache_emailnotify_gc#                        0.0           0           0         0.0           3
global.events.add#                                       0.0           0           0         0.0          18
global.events.enqueue#                                   0.0           0           0         0.0          18
global.events.queues.APAS-PGMAXLWorker-1~                6.0           6           6         0.0           1
global.events.queues.APAS-PGMWorker-10~                  1.0           1           1         0.0           1
global.events.queues.APAS-PGMWorker-11~                  1.0           1           1         0.0           1
global.events.queues.APAS-PGMWorker-12~                  1.0           1           1         0.0           1
global.events.queues.APAS-PGMWorker-1~                   1.0           1           1         0.0           1
global.events.queues.APAS-PGMWorker-2~                   1.0           1           1         0.0           1
global.events.queues.APAS-PGMWorker-3~                   1.0           1           1         0.0           1
global.events.queues.APAS-PGMWorker-4~                   1.0           1           1         0.0           1
global.events.queues.APAS-PGMWorker-5~                   1.0           1           1         0.0           1
global.events.queues.APAS-PGMWorker-6~                   1.0           1           1         0.0           1
global.events.queues.APAS-PGMWorker-7~                   1.0           1           1         0.0           1
global.events.queues.APAS-PGMWorker-8~                   1.0           1           1         0.0           1
global.events.queues.APAS-PGMWorker-9~                   1.0           1           1         0.0           1
global.jtapi.TermRegisteredEvt#                          0.0           0           0         0.0           1
global.jtapi.addrInSvcEvt#                               0.0           0           0         0.0           3
global.jtapi.addrOutSvcEvt#                              0.0           0           0         0.0           1
global.jtapi.push.add#                                   0.0           0           0         0.0           9
global.jtapi.push.duplicate#                             0.0           0           0         0.0           7
global.jtapi.push.queues.Queue 11~                       2.0           1           3         1.0           2
global.jtapi.push.queues.Queue 9~                        3.5           1           6         2.5           2
global.threads~                                        267.0         267         267         0.0           1

Performance Statistics   2019-10-11 09:51:00 - 2019-10-11 09:51:30
Tag                                                  Avg(ms)         Min         Max     Std Dev       Count
axl.SOAPRequest.read.ok                                106.5          57         156        49.5           2
global.bg.ok                                             0.1           0          33         1.1        1500
presence.UsersGC.ok                                      0.0           0           0         0.0           1

Performance Statistics   2019-10-11 09:51:00 - 2019-10-11 09:51:30
Tag                                                  Avg(ms)         Min         Max     Std Dev       Count
callrouting.cache_emailnotify_gc#                        0.0           0           0         0.0           2
communicator.presence_gc~                              600.0         600         600         0.0           1

Performance Statistics   2019-10-11 09:51:30 - 2019-10-11 09:52:00
Tag                                                  Avg(ms)         Min         Max     Std Dev       Count
axl.SOAPRequest.read.ok                                 28.0          28          28         0.0           1
global.bg.ok                                             0.0           0           6         0.3        1450

Performance Statistics   2019-10-11 09:51:30 - 2019-10-11 09:52:00
Tag                                                  Avg(ms)         Min         Max     Std Dev       Count
callrouting.cache_emailnotify_gc#                        0.0           0           0         0.0           3

Performance Statistics   2019-10-11 09:52:00 - 2019-10-11 09:52:30
Tag                                                  Avg(ms)         Min         Max     Std Dev       Count
axl.SOAPRequest.read.ok                                 51.0          51          51         0.0           1
global.bg.ok                                             0.1           0          53         1.4        1500
presence.UsersGC.ok                                      0.0           0           0         0.0           1

Performance Statistics   2019-10-11 09:52:00 - 2019-10-11 09:52:30
Tag                                                  Avg(ms)         Min         Max     Std Dev       Count
callrouting.cache_emailnotify_gc#                        0.0           0           0         0.0           3
communicator.presence_gc~                              600.0         600         600         0.0           1

Performance Statistics   2019-10-11 09:52:30 - 2019-10-11 09:53:00
Tag                                                  Avg(ms)         Min         Max     Std Dev       Count
axl.SOAPRequest.read.ok                                 28.0          28          28         0.0           1
global.bg.ok                                             0.0           0          38         1.0        1500

Performance Statistics   2019-10-11 09:52:30 - 2019-10-11 09:53:00
Tag                                                  Avg(ms)         Min         Max     Std Dev       Count
callrouting.cache_emailnotify_gc#                        0.0           0           0         0.0           2

Performance Statistics   2019-10-11 09:53:00 - 2019-10-11 09:53:30
Tag                                                  Avg(ms)         Min         Max     Std Dev       Count
axl.SOAPRequest.read.ok                                 60.0          60          60         0.0           1
global.bg.ok                                             0.0           0          20         0.6        1500
presence.UsersGC.ok                                      0.0           0           0         0.0           1

Performance Statistics   2019-10-11 09:53:00 - 2019-10-11 09:53:30
Tag                                                  Avg(ms)         Min         Max     Std Dev       Count
callrouting.cache_emailnotify_gc#                        0.0           0           0         0.0           3
communicator.presence_gc~                              600.0         600         600         0.0           1

Performance Statistics   2019-10-11 09:53:30 - 2019-10-11 09:54:00
Tag                                                  Avg(ms)         Min         Max     Std Dev       Count
axl.SOAPRequest.read.ok                                 24.0          24          24         0.0           1
global.bg.ok                                             0.0           0           3         0.2        1500

Performance Statistics   2019-10-11 09:53:30 - 2019-10-11 09:54:00
Tag                                                  Avg(ms)         Min         Max     Std Dev       Count
callrouting.cache_emailnotify_gc#                        0.0           0           0         0.0           3

Performance Statistics   2019-10-11 09:54:00 - 2019-10-11 09:54:30
Tag                                                  Avg(ms)         Min         Max     Std Dev       Count
axl.SOAPRequest.read.ok                                 33.0          33          33         0.0           1
global.bg.ok                                             0.0           0          17         0.5        1500
global.event_dispatch.ok                                 7.9           0          39        11.0          15
global.jtapi.push.ok                                   130.2           0         287        96.7           5
global.servletRequest.ok                                12.3           3          23         8.9           4
global.servletRequest.svc_security.ok                    0.0           0           0         0.0           4
partner.PGroupDisplay.getDisplayPNG.ok                   8.8           0          19         8.8           4
partner.PGroupDisplay.updateCache.ok                     0.1           0           1         0.3           7
partner.PGroupMember.PhoneDisplay.ok                     1.8           1           4         1.1           6
partner.PGroupMember.notifySubscrbrs.ok                  0.0           0           0         0.0           9
partner.PGroupMember.uSAG.getGroupTerminals.ok           7.7           4          15         5.2           3
partner.PGroupMember.uSAG.notifySubscribers.1            0.3           0           1         0.5           3
partner.PGroupMember.uSAG.notifySubscribers.ok           0.0           0           0         0.0           3
partner.PGroupMember.uSAG.ok                            14.7          11          21         4.5           3
partner.PGroupMember.uSAG.prepPushData.ok                4.7           3           7         1.7           3
partner.PGroupMember.uSAG.push2Terms.ok                  0.0           0           0         0.0           3
partner.servletRequest.ok                               10.8           2          21         8.8           4
presence.UsersGC.ok                                      0.0           0           0         0.0           1

Performance Statistics   2019-10-11 09:54:00 - 2019-10-11 09:54:30
Tag                                                  Avg(ms)         Min         Max     Std Dev       Count
callrouting.cache_emailnotify_gc#                        0.0           0           0         0.0           3
communicator.presence_gc~                              600.0         600         600         0.0           1
global.events.add#                                       0.0           0           0         0.0          12
global.events.dropped#                                   0.0           0           0         0.0           3
global.events.enqueue#                                   0.0           0           0         0.0          15
global.events.queues.APAS-DesktopPhoneEventQueueWorker-1~         1.0           1           1         0.0           1
global.events.queues.APAS-DesktopPhoneEventQueueWorker-2~         1.0           1           1         0.0           1
global.events.queues.APAS-DesktopPhoneEventQueueWorker-3~         1.0           1           1         0.0           1
global.events.queues.APAS-defaultWorker-10~              1.0           1           1         0.0           1
global.events.queues.APAS-defaultWorker-11~              1.0           1           1         0.0           1
global.events.queues.APAS-defaultWorker-12~              1.0           1           1         0.0           1
global.events.queues.APAS-defaultWorker-13~              1.0           1           1         0.0           1
global.events.queues.APAS-defaultWorker-14~              1.0           1           1         0.0           1
global.events.queues.APAS-defaultWorker-15~              1.0           1           1         0.0           1
global.events.queues.APAS-defaultWorker-16~              1.0           1           1         0.0           1
global.events.queues.APAS-defaultWorker-17~              1.0           1           1         0.0           1
global.events.queues.APAS-defaultWorker-6~               1.0           1           1         0.0           1
global.events.queues.APAS-defaultWorker-7~               1.0           1           1         0.0           1
global.events.queues.APAS-defaultWorker-8~               1.0           1           1         0.0           1
global.events.queues.APAS-defaultWorker-9~               1.0           1           1         0.0           1
global.jtapi.push.add#                                   0.0           0           0         0.0           7
global.jtapi.push.queues.Queue 11~                       1.0           1           1         0.0           4
global.jtapi.push.queues.Queue 9~                        1.0           1           1         0.0           3

Performance Statistics   2019-10-11 09:54:30 - 2019-10-11 09:55:00
Tag                                                  Avg(ms)         Min         Max     Std Dev       Count
axl.SOAPRequest.read.ok                                 26.0          26          26         0.0           1
global.bg.ok                                             0.0           0           3         0.2        1500
global.jtapi.push.ok                                    84.0          81          87         3.0           2
global.servletRequest.ok                                30.5          14          47        16.5           2
global.servletRequest.svc_security.ok                    0.0           0           0         0.0           2
partner.PGroupDisplay.getDisplayPNG.ok                   6.0           1          11         5.0           2
partner.PGroupDisplay.updateCache.ok                     0.0           0           0         0.0           2
partner.servletRequest.ok                               29.5          13          46        16.5           2

Performance Statistics   2019-10-11 09:54:30 - 2019-10-11 09:55:00
Tag                                                  Avg(ms)         Min         Max     Std Dev       Count
callrouting.cache_emailnotify_gc#                        0.0           0           0         0.0           2
global.events.add#                                       0.0           0           0         0.0           1
global.events.dropped#                                   0.0           0           0         0.0           1

Performance Statistics   2019-10-11 09:55:00 - 2019-10-11 09:55:30
Tag                                                  Avg(ms)         Min         Max     Std Dev       Count
api.non-authenticated.server.available.ok                1.0           1           1         0.0           1
axl.SOAPRequest.read.ok                                 18.0          18          18         0.0           1
global.bg.ok                                             0.1           0         111         2.9        1450
presence.UsersGC.ok                                      0.0           0           0         0.0           1

Performance Statistics   2019-10-11 09:55:00 - 2019-10-11 09:55:30
Tag                                                  Avg(ms)         Min         Max     Std Dev       Count
callrouting.cache_emailnotify_gc#                        0.0           0           0         0.0           3
communicator.presence_gc~                              600.0         600         600         0.0           1
global.disk_util#                                        0.0           0           0         0.0           1

Performance Statistics   2019-10-11 09:55:30 - 2019-10-11 09:56:00
Tag                                                  Avg(ms)         Min         Max     Std Dev       Count
axl.SOAPRequest.read.ok                                 23.0          23          23         0.0           1
global.bg.ok                                             0.0           0           3         0.2        1500

Performance Statistics   2019-10-11 09:55:30 - 2019-10-11 09:56:00
Tag                                                  Avg(ms)         Min         Max     Std Dev       Count
callrouting.cache_emailnotify_gc#                        0.0           0           0         0.0           3

Performance Statistics   2019-10-11 09:56:00 - 2019-10-11 09:56:30
Tag                                                  Avg(ms)         Min         Max     Std Dev       Count
axl.SOAPRequest.read.ok                                 19.0          19          19         0.0           1
global.bg.ok                                             0.0           0          17         0.5        1500
global.event_dispatch.ok                                 1.1           0           5         1.4          10
global.jtapi.push.ok                                    76.8           0         111        39.9           5
global.servletRequest.ok                                 8.8           3          15         5.8           4
global.servletRequest.svc_security.ok                    0.0           0           0         0.0           4
partner.PGroupDisplay.getDisplayPNG.ok                   6.0           0          12         6.0           4
partner.PGroupDisplay.updateCache.ok                     0.5           0           3         1.1           6
partner.PGroupMember.PhoneDisplay.ok                     1.0           1           1         0.0           4
partner.PGroupMember.notifySubscrbrs.ok                  0.0           0           0         0.0           6
partner.PGroupMember.uSAG.getGroupTerminals.ok           1.5           1           2         0.5           2
partner.PGroupMember.uSAG.notifySubscribers.1            1.5           0           3         1.5           2
partner.PGroupMember.uSAG.notifySubscribers.ok           0.0           0           0         0.0           2
partner.PGroupMember.uSAG.ok                             8.0           6          10         2.0           2
partner.PGroupMember.uSAG.prepPushData.ok                3.0           3           3         0.0           2
partner.PGroupMember.uSAG.push2Terms.ok                  0.0           0           0         0.0           2
partner.servletRequest.ok                                8.0           2          14         6.0           4
presence.UsersGC.ok                                      0.0           0           0         0.0           1

Performance Statistics   2019-10-11 09:56:00 - 2019-10-11 09:56:30
Tag                                                  Avg(ms)         Min         Max     Std Dev       Count
callrouting.cache_emailnotify_gc#                        0.0           0           0         0.0           2
communicator.presence_gc~                              600.0         600         600         0.0           1
global.events.add#                                       0.0           0           0         0.0           9
global.events.dropped#                                   0.0           0           0         0.0           3
global.events.enqueue#                                   0.0           0           0         0.0          10
global.events.queues.APAS-DesktopPhoneEventQueueWorker-4~         1.0           1           1         0.0           1
global.events.queues.APAS-DesktopPhoneEventQueueWorker-5~         1.0           1           1         0.0           1
global.events.queues.APAS-defaultWorker-18~              1.0           1           1         0.0           1
global.events.queues.APAS-defaultWorker-19~              1.0           1           1         0.0           1
global.events.queues.APAS-defaultWorker-20~              1.0           1           1         0.0           1
global.events.queues.APAS-defaultWorker-21~              1.0           1           1         0.0           1
global.events.queues.APAS-defaultWorker-22~              1.0           1           1         0.0           1
global.events.queues.APAS-defaultWorker-23~              1.0           1           1         0.0           1
global.events.queues.APAS-defaultWorker-24~              1.0           1           1         0.0           1
global.events.queues.APAS-defaultWorker-25~              1.0           1           1         0.0           1
global.jtapi.push.add#                                   0.0           0           0         0.0           5
global.jtapi.push.queues.Queue 11~                       1.0           1           1         0.0           3
global.jtapi.push.queues.Queue 9~                        1.0           1           1         0.0           2

Performance Statistics   2019-10-11 09:56:30 - 2019-10-11 09:57:00
Tag                                                  Avg(ms)         Min         Max     Std Dev       Count
axl.SOAPRequest.read.ok                                 19.0          19          19         0.0           1
global.bg.ok                                             0.0           0           7         0.3        1500

Performance Statistics   2019-10-11 09:56:30 - 2019-10-11 09:57:00
Tag                                                  Avg(ms)         Min         Max     Std Dev       Count
callrouting.cache_emailnotify_gc#                        0.0           0           0         0.0           3

Performance Statistics   2019-10-11 09:57:00 - 2019-10-11 09:57:30
Tag                                                  Avg(ms)         Min         Max     Std Dev       Count
axl.SOAPRequest.read.ok                                 31.0          31          31         0.0           1
global.andservices.servletRequest.ok                     0.0           0           0         0.0           1
global.bg.ok                                             0.0           0          20         0.5        1500
global.event_dispatch.ok                                 0.4           0           1         0.5           5
global.jtapi.push.ok                                    82.5          79          86         3.5           2
global.servletRequest.ok                                16.8           1          45        16.9           4
global.servletRequest.svc_security.ok                    0.0           0           0         0.0           4
partner.PGroupDisplay.getDisplayPNG.ok                   5.0           0          10         5.0           2
partner.PGroupDisplay.updateCache.ok                     1.7           0           5         2.4           3
partner.PGroupMember.PhoneDisplay.ok                     3.0           2           4         1.0           2
partner.PGroupMember.notifySubscrbrs.ok                  0.0           0           0         0.0           3
partner.PGroupMember.uSAG.getGroupTerminals.ok          10.0          10          10         0.0           1
partner.PGroupMember.uSAG.notifySubscribers.1            0.0           0           0         0.0           1
partner.PGroupMember.uSAG.notifySubscribers.ok           0.0           0           0         0.0           1
partner.PGroupMember.uSAG.ok                            19.0          19          19         0.0           1
partner.PGroupMember.uSAG.prepPushData.ok                7.0           7           7         0.0           1
partner.PGroupMember.uSAG.push2Terms.ok                  0.0           0           0         0.0           1
partner.servletRequest.ok                               10.0           8          12         2.0           2
presence.UsersGC.ok                                      0.0           0           0         0.0           1
recorder.servletRequest.ok                              43.0          43          43         0.0           1

Performance Statistics   2019-10-11 09:57:00 - 2019-10-11 09:57:30
Tag                                                  Avg(ms)         Min         Max     Std Dev       Count
callrouting.cache_emailnotify_gc#                        0.0           0           0         0.0           3
communicator.presence_gc~                              600.0         600         600         0.0           1
global.events.add#                                       0.0           0           0         0.0           5
global.events.dropped#                                   0.0           0           0         0.0           2
global.events.enqueue#                                   0.0           0           0         0.0           5
global.events.queues.APAS-DesktopPhoneEventQueueWorker-6~         1.0           1           1         0.0           1
global.events.queues.APAS-defaultWorker-26~              1.0           1           1         0.0           1
global.events.queues.APAS-defaultWorker-27~              1.0           1           1         0.0           1
global.events.queues.APAS-defaultWorker-28~              1.0           1           1         0.0           1
global.events.queues.APAS-defaultWorker-29~              1.0           1           1         0.0           1
global.jtapi.push.add#                                   0.0           0           0         0.0           2
global.jtapi.push.queues.Queue 11~                       1.0           1           1         0.0           1
global.jtapi.push.queues.Queue 9~                        1.0           1           1         0.0           1

Performance Statistics   2019-10-11 09:57:30 - 2019-10-11 09:58:00
Tag                                                  Avg(ms)         Min         Max     Std Dev       Count
global.bg.ok                                             0.0           0           3         0.2        1500

Performance Statistics   2019-10-11 09:57:30 - 2019-10-11 09:58:00
Tag                                                  Avg(ms)         Min         Max     Std Dev       Count
callrouting.cache_emailnotify_gc#                        0.0           0           0         0.0           3

Performance Statistics   2019-10-11 09:58:00 - 2019-10-11 09:58:30
Tag                                                  Avg(ms)         Min         Max     Std Dev       Count
axl.SOAPRequest.read.ok                                 23.0          23          23         0.0           1
global.bg.ok                                             0.0           0          19         0.5        1450
presence.UsersGC.ok                                      0.0           0           0         0.0           1

Performance Statistics   2019-10-11 09:58:00 - 2019-10-11 09:58:30
Tag                                                  Avg(ms)         Min         Max     Std Dev       Count
callrouting.cache_emailnotify_gc#                        0.0           0           0         0.0           2
communicator.presence_gc~                              600.0         600         600         0.0           1

Performance Statistics   2019-10-11 09:58:30 - 2019-10-11 09:59:00
Tag                                                  Avg(ms)         Min         Max     Std Dev       Count
axl.SOAPRequest.read.ok                                 50.0          50          50         0.0           1
global.bg.ok                                             0.0           0          10         0.3        1500

Performance Statistics   2019-10-11 09:58:30 - 2019-10-11 09:59:00
Tag                                                  Avg(ms)         Min         Max     Std Dev       Count
callrouting.cache_emailnotify_gc#                        0.0           0           0         0.0           3

Performance Statistics   2019-10-11 09:59:00 - 2019-10-11 09:59:30
Tag                                                  Avg(ms)         Min         Max     Std Dev       Count
axl.SOAPRequest.read.ok                                 50.0          50          50         0.0           1
global.bg.ok                                             0.0           0          16         0.5        1500
global.event_dispatch.ok                                 1.3           0           5         1.6          15
global.jtapi.push.ok                                    86.4           0         174        46.5           7
global.servletRequest.ok                                11.2           3          16         4.7           6
global.servletRequest.svc_security.ok                    0.0           0           0         0.0           6
partner.PGroupDisplay.getDisplayPNG.ok                   5.7           0          13         5.7           6
partner.PGroupDisplay.updateCache.ok                     1.6           0           9         3.1           9
partner.PGroupMember.PhoneDisplay.ok                     2.3           1           4         1.1           6
partner.PGroupMember.notifySubscrbrs.ok                  0.0           0           0         0.0           9
partner.PGroupMember.uSAG.getGroupTerminals.ok           2.3           1           3         0.9           3
partner.PGroupMember.uSAG.notifySubscribers.1            0.0           0           0         0.0           3
partner.PGroupMember.uSAG.notifySubscribers.ok           0.0           0           0         0.0           3
partner.PGroupMember.uSAG.ok                            10.0           6          12         2.8           3
partner.PGroupMember.uSAG.prepPushData.ok                5.0           3           6         1.4           3
partner.PGroupMember.uSAG.push2Terms.ok                  0.0           0           0         0.0           3
partner.servletRequest.ok                               10.5           2          15         4.6           6
presence.UsersGC.ok                                      0.0           0           0         0.0           1

Performance Statistics   2019-10-11 09:59:00 - 2019-10-11 09:59:30
Tag                                                  Avg(ms)         Min         Max     Std Dev       Count
callrouting.cache_emailnotify_gc#                        0.0           0           0         0.0           3
communicator.presence_gc~                              600.0         600         600         0.0           1
global.events.add#                                       0.0           0           0         0.0          12
global.events.dropped#                                   0.0           0           0         0.0           3
global.events.enqueue#                                   0.0           0           0         0.0          15
global.events.queues.APAS-DesktopPhoneEventQueueWorker-7~         1.0           1           1         0.0           1
global.events.queues.APAS-DesktopPhoneEventQueueWorker-8~         1.0           1           1         0.0           1
global.events.queues.APAS-DesktopPhoneEventQueueWorker-9~         1.0           1           1         0.0           1
global.events.queues.APAS-defaultWorker-1~               1.0           1           1         0.0           1
global.events.queues.APAS-defaultWorker-2~               1.0           1           1         0.0           1
global.events.queues.APAS-defaultWorker-30~              1.0           1           1         0.0           1
global.events.queues.APAS-defaultWorker-31~              1.0           1           1         0.0           1
global.events.queues.APAS-defaultWorker-32~              1.0           1           1         0.0           1
global.events.queues.APAS-defaultWorker-3~               1.0           1           1         0.0           1
global.events.queues.APAS-defaultWorker-4~               1.0           1           1         0.0           1
global.events.queues.APAS-defaultWorker-5~               1.0           1           1         0.0           1
global.events.queues.APAS-defaultWorker-6~               1.0           1           1         0.0           1
global.events.queues.APAS-defaultWorker-7~               1.0           1           1         0.0           1
global.events.queues.APAS-defaultWorker-8~               1.0           1           1         0.0           1
global.events.queues.APAS-defaultWorker-9~               1.0           1           1         0.0           1
global.jtapi.push.add#                                   0.0           0           0         0.0           7
global.jtapi.push.queues.Queue 11~                       1.0           1           1         0.0           4
global.jtapi.push.queues.Queue 9~                        1.0           1           1         0.0           3

Performance Statistics   2019-10-11 09:59:30 - 2019-10-11 10:00:00
Tag                                                  Avg(ms)         Min         Max     Std Dev       Count
global.bg.ok                                             0.0           0          11         0.3        1500

Performance Statistics   2019-10-11 09:59:30 - 2019-10-11 10:00:00
Tag                                                  Avg(ms)         Min         Max     Std Dev       Count
callrouting.cache_emailnotify_gc#                        0.0           0           0         0.0           2
global.events.add#                                       0.0           0           0         0.0           1
global.events.dropped#                                   0.0           0           0         0.0           1

Performance Statistics   2019-10-11 10:00:00 - 2019-10-11 10:00:30
Tag                                                  Avg(ms)         Min         Max     Std Dev       Count
api.non-authenticated.server.available.ok                1.0           1           1         0.0           1
axl.SOAPRequest.read.ok                                 34.0          34          34         0.0           1
global.bg.ok                                             0.1           0          61         1.6        1500
presence.UsersGC.ok                                      0.0           0           0         0.0           1

Performance Statistics   2019-10-11 10:00:00 - 2019-10-11 10:00:30
Tag                                                  Avg(ms)         Min         Max     Std Dev       Count
callrouting.cache_emailnotify_gc#                        0.0           0           0         0.0           3
communicator.presence_gc~                              600.0         600         600         0.0           1
global.disk_util#                                        0.0           0           0         0.0           1

Performance Statistics   2019-10-11 10:00:30 - 2019-10-11 10:01:00
Tag                                                  Avg(ms)         Min         Max     Std Dev       Count
axl.SOAPRequest.read.ok                                 25.0          25          25         0.0           1
global.bg.ok                                             0.0           0           3         0.2        1500

Performance Statistics   2019-10-11 10:00:30 - 2019-10-11 10:01:00
Tag                                                  Avg(ms)         Min         Max     Std Dev       Count
callrouting.cache_emailnotify_gc#                        0.0           0           0         0.0           3

Performance Statistics   2019-10-11 10:01:00 - 2019-10-11 10:01:30
Tag                                                  Avg(ms)         Min         Max     Std Dev       Count
axl.SOAPRequest.read.ok                                 22.0          22          22         0.0           1
global.bg.ok                                             0.0           0          28         0.8        1500
presence.UsersGC.ok                                      0.0           0           0         0.0           1

Performance Statistics   2019-10-11 10:01:00 - 2019-10-11 10:01:30
Tag                                                  Avg(ms)         Min         Max     Std Dev       Count
callrouting.cache_emailnotify_gc#                        0.0           0           0         0.0           3
communicator.presence_gc~                              600.0         600         600         0.0           1

Performance Statistics   2019-10-11 10:01:30 - 2019-10-11 10:02:00
Tag                                                  Avg(ms)         Min         Max     Std Dev       Count
axl.SOAPRequest.read.ok                                 23.0          23          23         0.0           1
global.bg.ok                                             0.0           0          11         0.3        1500
global.event_dispatch.ok                                 0.8           0           2         0.8           4

Performance Statistics   2019-10-11 10:01:30 - 2019-10-11 10:02:00
Tag                                                  Avg(ms)         Min         Max     Std Dev       Count
callrouting.cache_emailnotify_gc#                        0.0           0           0         0.0           2
global.events.add#                                       0.0           0           0         0.0           2
global.events.enqueue#                                   0.0           0           0         0.0           4
global.events.queues.APAS-defaultWorker-10~              1.0           1           1         0.0           1
global.events.queues.APAS-defaultWorker-11~              1.0           1           1         0.0           1
global.events.queues.APAS-defaultWorker-12~              1.0           1           1         0.0           1
global.events.queues.APAS-defaultWorker-13~              1.0           1           1         0.0           1

Performance Statistics   2019-10-11 10:02:00 - 2019-10-11 10:02:30
Tag                                                  Avg(ms)         Min         Max     Std Dev       Count
axl.SOAPRequest.read.ok                                 25.0          25          25         0.0           1
global.bg.ok                                             0.0           0          16         0.5        1450
presence.UsersGC.ok                                      0.0           0           0         0.0           1

Performance Statistics   2019-10-11 10:02:00 - 2019-10-11 10:02:30
Tag                                                  Avg(ms)         Min         Max     Std Dev       Count
callrouting.cache_emailnotify_gc#                        0.0           0           0         0.0           3
communicator.presence_gc~                              600.0         600         600         0.0           1

